<?xml version="1.0" encoding="UTF-8"?>
<!-- Generated by org.testng.reporters.JUnitXMLReporter -->
<testsuite hostname="Admin-PC" ignored="31" name="Default test" tests="5" failures="0" timestamp="16 Jan 2019 09:03:20 GMT" time="444.201" errors="0">
  <testcase name="@BeforeMethod ViewTicket" time="122.338" classname="com.uno.test.technician.Technician_EditIncidentTest">
    <failure type="org.openqa.selenium.TimeoutException" message="Expected condition failed: waiting for visibility of element located by By.xpath: //div[@id=&amp;apos;main&amp;apos;]/div[2]/div[2]/div/ul/li[2]/div/div/ul/li/a/span (tried for 120 second(s) with 500 milliseconds interval)
Build info: version: &amp;apos;3.141.59&amp;apos;, revision: &amp;apos;e82be7d358&amp;apos;, time: &amp;apos;2018-11-14T08:17:03&amp;apos;
System info: host: &amp;apos;ADMIN-PC&amp;apos;, ip: &amp;apos;192.168.1.16&amp;apos;, os.name: &amp;apos;Windows 7&amp;apos;, os.arch: &amp;apos;amd64&amp;apos;, os.version: &amp;apos;6.1&amp;apos;, java.version: &amp;apos;1.8.0_161&amp;apos;
Driver info: org.openqa.selenium.firefox.FirefoxDriver
Capabilities {acceptInsecureCerts: true, browserName: firefox, browserVersion: 64.0.2, capabilities: {desiredCapabilities: {acceptInsecureCerts: true, browserName: firefox}}, javascriptEnabled: true, moz:accessibilityChecks: false, moz:headless: false, moz:processID: 10608, moz:profile: C:\Users\Admin\AppData\Loca..., moz:shutdownTimeout: 60000, moz:useNonSpecCompliantPointerOrigin: false, moz:webdriverClick: true, pageLoadStrategy: normal, platform: WINDOWS, platformName: WINDOWS, platformVersion: 6.1, rotatable: false, setWindowRect: true, timeouts: {implicit: 0, pageLoad: 300000, script: 30000}, unhandledPromptBehavior: dismiss and notify}
Session ID: dbdb67d7-a0b7-40f3-887b-55916b75633a">
      <![CDATA[org.openqa.selenium.TimeoutException: Expected condition failed: waiting for visibility of element located by By.xpath: //div[@id='main']/div[2]/div[2]/div/ul/li[2]/div/div/ul/li/a/span (tried for 120 second(s) with 500 milliseconds interval)
Build info: version: '3.141.59', revision: 'e82be7d358', time: '2018-11-14T08:17:03'
System info: host: 'ADMIN-PC', ip: '192.168.1.16', os.name: 'Windows 7', os.arch: 'amd64', os.version: '6.1', java.version: '1.8.0_161'
Driver info: org.openqa.selenium.firefox.FirefoxDriver
Capabilities {acceptInsecureCerts: true, browserName: firefox, browserVersion: 64.0.2, capabilities: {desiredCapabilities: {acceptInsecureCerts: true, browserName: firefox}}, javascriptEnabled: true, moz:accessibilityChecks: false, moz:headless: false, moz:processID: 10608, moz:profile: C:\Users\Admin\AppData\Loca..., moz:shutdownTimeout: 60000, moz:useNonSpecCompliantPointerOrigin: false, moz:webdriverClick: true, pageLoadStrategy: normal, platform: WINDOWS, platformName: WINDOWS, platformVersion: 6.1, rotatable: false, setWindowRect: true, timeouts: {implicit: 0, pageLoad: 300000, script: 30000}, unhandledPromptBehavior: dismiss and notify}
Session ID: dbdb67d7-a0b7-40f3-887b-55916b75633a
at org.openqa.selenium.support.ui.WebDriverWait.timeoutException(WebDriverWait.java:95)
at org.openqa.selenium.support.ui.FluentWait.until(FluentWait.java:272)
at com.uno.pages.technician.Technician_IncidentPage.EditIncidentTab(Technician_IncidentPage.java:48)
at com.uno.test.technician.Technician_EditIncidentTest.ViewTicket(Technician_EditIncidentTest.java:92)
at sun.reflect.NativeMethodAccessorImpl.invoke0(Native Method)
at sun.reflect.NativeMethodAccessorImpl.invoke(Unknown Source)
at sun.reflect.DelegatingMethodAccessorImpl.invoke(Unknown Source)
at java.lang.reflect.Method.invoke(Unknown Source)
at org.testng.internal.MethodInvocationHelper.invokeMethod(MethodInvocationHelper.java:124)
at org.testng.internal.MethodInvocationHelper.invokeMethodConsideringTimeout(MethodInvocationHelper.java:59)
at org.testng.internal.Invoker.invokeConfigurationMethod(Invoker.java:458)
at org.testng.internal.Invoker.invokeConfigurations(Invoker.java:222)
at org.testng.internal.Invoker.invokeMethod(Invoker.java:523)
at org.testng.internal.Invoker.invokeTestMethod(Invoker.java:719)
at org.testng.internal.Invoker.invokeTestMethods(Invoker.java:989)
at org.testng.internal.TestMethodWorker.invokeTestMethods(TestMethodWorker.java:125)
at org.testng.internal.TestMethodWorker.run(TestMethodWorker.java:109)
at org.testng.TestRunner.privateRun(TestRunner.java:648)
at org.testng.TestRunner.run(TestRunner.java:505)
at org.testng.SuiteRunner.runTest(SuiteRunner.java:455)
at org.testng.SuiteRunner.runSequentially(SuiteRunner.java:450)
at org.testng.SuiteRunner.privateRun(SuiteRunner.java:415)
at org.testng.SuiteRunner.run(SuiteRunner.java:364)
at org.testng.SuiteRunnerWorker.runSuite(SuiteRunnerWorker.java:52)
at org.testng.SuiteRunnerWorker.run(SuiteRunnerWorker.java:84)
at org.testng.TestNG.runSuitesSequentially(TestNG.java:1208)
at org.testng.TestNG.runSuitesLocally(TestNG.java:1137)
at org.testng.TestNG.runSuites(TestNG.java:1049)
at org.testng.TestNG.run(TestNG.java:1017)
at org.testng.remote.AbstractRemoteTestNG.run(AbstractRemoteTestNG.java:114)
at org.testng.remote.RemoteTestNG.initAndRun(RemoteTestNG.java:251)
at org.testng.remote.RemoteTestNG.main(RemoteTestNG.java:77)
]]>
    </failure>
  </testcase> <!-- @BeforeMethod ViewTicket -->
  <testcase name="@AfterMethod writeResult" time="0.0" classname="com.uno.test.technician.Technician_EditIncidentTest">
    <skipped/>
  </testcase> <!-- @AfterMethod writeResult -->
  <testcase name="@BeforeMethod ViewTicket" time="122.383" classname="com.uno.test.technician.Technician_EditIncidentTest">
    <failure type="org.openqa.selenium.TimeoutException" message="Expected condition failed: waiting for visibility of element located by By.xpath: //div[@id=&amp;apos;main&amp;apos;]/div[2]/div[2]/div/ul/li[2]/div/div/ul/li/a/span (tried for 120 second(s) with 500 milliseconds interval)
Build info: version: &amp;apos;3.141.59&amp;apos;, revision: &amp;apos;e82be7d358&amp;apos;, time: &amp;apos;2018-11-14T08:17:03&amp;apos;
System info: host: &amp;apos;ADMIN-PC&amp;apos;, ip: &amp;apos;192.168.1.16&amp;apos;, os.name: &amp;apos;Windows 7&amp;apos;, os.arch: &amp;apos;amd64&amp;apos;, os.version: &amp;apos;6.1&amp;apos;, java.version: &amp;apos;1.8.0_161&amp;apos;
Driver info: org.openqa.selenium.firefox.FirefoxDriver
Capabilities {acceptInsecureCerts: true, browserName: firefox, browserVersion: 64.0.2, capabilities: {desiredCapabilities: {acceptInsecureCerts: true, browserName: firefox}}, javascriptEnabled: true, moz:accessibilityChecks: false, moz:headless: false, moz:processID: 10608, moz:profile: C:\Users\Admin\AppData\Loca..., moz:shutdownTimeout: 60000, moz:useNonSpecCompliantPointerOrigin: false, moz:webdriverClick: true, pageLoadStrategy: normal, platform: WINDOWS, platformName: WINDOWS, platformVersion: 6.1, rotatable: false, setWindowRect: true, timeouts: {implicit: 0, pageLoad: 300000, script: 30000}, unhandledPromptBehavior: dismiss and notify}
Session ID: dbdb67d7-a0b7-40f3-887b-55916b75633a">
      <![CDATA[org.openqa.selenium.TimeoutException: Expected condition failed: waiting for visibility of element located by By.xpath: //div[@id='main']/div[2]/div[2]/div/ul/li[2]/div/div/ul/li/a/span (tried for 120 second(s) with 500 milliseconds interval)
Build info: version: '3.141.59', revision: 'e82be7d358', time: '2018-11-14T08:17:03'
System info: host: 'ADMIN-PC', ip: '192.168.1.16', os.name: 'Windows 7', os.arch: 'amd64', os.version: '6.1', java.version: '1.8.0_161'
Driver info: org.openqa.selenium.firefox.FirefoxDriver
Capabilities {acceptInsecureCerts: true, browserName: firefox, browserVersion: 64.0.2, capabilities: {desiredCapabilities: {acceptInsecureCerts: true, browserName: firefox}}, javascriptEnabled: true, moz:accessibilityChecks: false, moz:headless: false, moz:processID: 10608, moz:profile: C:\Users\Admin\AppData\Loca..., moz:shutdownTimeout: 60000, moz:useNonSpecCompliantPointerOrigin: false, moz:webdriverClick: true, pageLoadStrategy: normal, platform: WINDOWS, platformName: WINDOWS, platformVersion: 6.1, rotatable: false, setWindowRect: true, timeouts: {implicit: 0, pageLoad: 300000, script: 30000}, unhandledPromptBehavior: dismiss and notify}
Session ID: dbdb67d7-a0b7-40f3-887b-55916b75633a
at org.openqa.selenium.support.ui.WebDriverWait.timeoutException(WebDriverWait.java:95)
at org.openqa.selenium.support.ui.FluentWait.until(FluentWait.java:272)
at com.uno.pages.technician.Technician_IncidentPage.EditIncidentTab(Technician_IncidentPage.java:48)
at com.uno.test.technician.Technician_EditIncidentTest.ViewTicket(Technician_EditIncidentTest.java:92)
at sun.reflect.NativeMethodAccessorImpl.invoke0(Native Method)
at sun.reflect.NativeMethodAccessorImpl.invoke(Unknown Source)
at sun.reflect.DelegatingMethodAccessorImpl.invoke(Unknown Source)
at java.lang.reflect.Method.invoke(Unknown Source)
at org.testng.internal.MethodInvocationHelper.invokeMethod(MethodInvocationHelper.java:124)
at org.testng.internal.MethodInvocationHelper.invokeMethodConsideringTimeout(MethodInvocationHelper.java:59)
at org.testng.internal.Invoker.invokeConfigurationMethod(Invoker.java:458)
at org.testng.internal.Invoker.invokeConfigurations(Invoker.java:222)
at org.testng.internal.Invoker.invokeMethod(Invoker.java:523)
at org.testng.internal.Invoker.invokeTestMethod(Invoker.java:719)
at org.testng.internal.Invoker.invokeTestMethods(Invoker.java:989)
at org.testng.internal.TestMethodWorker.invokeTestMethods(TestMethodWorker.java:125)
at org.testng.internal.TestMethodWorker.run(TestMethodWorker.java:109)
at org.testng.TestRunner.privateRun(TestRunner.java:648)
at org.testng.TestRunner.run(TestRunner.java:505)
at org.testng.SuiteRunner.runTest(SuiteRunner.java:455)
at org.testng.SuiteRunner.runSequentially(SuiteRunner.java:450)
at org.testng.SuiteRunner.privateRun(SuiteRunner.java:415)
at org.testng.SuiteRunner.run(SuiteRunner.java:364)
at org.testng.SuiteRunnerWorker.runSuite(SuiteRunnerWorker.java:52)
at org.testng.SuiteRunnerWorker.run(SuiteRunnerWorker.java:84)
at org.testng.TestNG.runSuitesSequentially(TestNG.java:1208)
at org.testng.TestNG.runSuitesLocally(TestNG.java:1137)
at org.testng.TestNG.runSuites(TestNG.java:1049)
at org.testng.TestNG.run(TestNG.java:1017)
at org.testng.remote.AbstractRemoteTestNG.run(AbstractRemoteTestNG.java:114)
at org.testng.remote.RemoteTestNG.initAndRun(RemoteTestNG.java:251)
at org.testng.remote.RemoteTestNG.main(RemoteTestNG.java:77)
]]>
    </failure>
  </testcase> <!-- @BeforeMethod ViewTicket -->
  <testcase name="@AfterMethod writeResult" time="0.0" classname="com.uno.test.technician.Technician_EditIncidentTest">
    <skipped/>
  </testcase> <!-- @AfterMethod writeResult -->
  <testcase name="@AfterMethod writeResult" time="0.0" classname="com.uno.test.technician.Technician_EditIncidentTest">
    <skipped/>
  </testcase> <!-- @AfterMethod writeResult -->
  <testcase name="@BeforeMethod ViewTicket" time="122.451" classname="com.uno.test.technician.Technician_EditIncidentTest">
    <failure type="org.openqa.selenium.TimeoutException" message="Expected condition failed: waiting for visibility of element located by By.xpath: //div[@id=&amp;apos;main&amp;apos;]/div[2]/div[2]/div/ul/li[2]/div/div/ul/li/a/span (tried for 120 second(s) with 500 milliseconds interval)">
      <![CDATA[org.openqa.selenium.TimeoutException: Expected condition failed: waiting for visibility of element located by By.xpath: //div[@id='main']/div[2]/div[2]/div/ul/li[2]/div/div/ul/li/a/span (tried for 120 second(s) with 500 milliseconds interval)
at org.openqa.selenium.support.ui.WebDriverWait.timeoutException(WebDriverWait.java:95)
at org.openqa.selenium.support.ui.FluentWait.until(FluentWait.java:272)
at com.uno.pages.technician.Technician_IncidentPage.EditIncidentTab(Technician_IncidentPage.java:48)
at com.uno.test.technician.Technician_EditIncidentTest.ViewTicket(Technician_EditIncidentTest.java:92)
at sun.reflect.NativeMethodAccessorImpl.invoke0(Native Method)
at sun.reflect.NativeMethodAccessorImpl.invoke(Unknown Source)
at sun.reflect.DelegatingMethodAccessorImpl.invoke(Unknown Source)
at java.lang.reflect.Method.invoke(Unknown Source)
at org.testng.internal.MethodInvocationHelper.invokeMethod(MethodInvocationHelper.java:124)
at org.testng.internal.MethodInvocationHelper.invokeMethodConsideringTimeout(MethodInvocationHelper.java:59)
at org.testng.internal.Invoker.invokeConfigurationMethod(Invoker.java:458)
at org.testng.internal.Invoker.invokeConfigurations(Invoker.java:222)
at org.testng.internal.Invoker.invokeMethod(Invoker.java:523)
at org.testng.internal.Invoker.invokeTestMethod(Invoker.java:719)
at org.testng.internal.Invoker.invokeTestMethods(Invoker.java:989)
at org.testng.internal.TestMethodWorker.invokeTestMethods(TestMethodWorker.java:125)
at org.testng.internal.TestMethodWorker.run(TestMethodWorker.java:109)
at org.testng.TestRunner.privateRun(TestRunner.java:648)
at org.testng.TestRunner.run(TestRunner.java:505)
at org.testng.SuiteRunner.runTest(SuiteRunner.java:455)
at org.testng.SuiteRunner.runSequentially(SuiteRunner.java:450)
at org.testng.SuiteRunner.privateRun(SuiteRunner.java:415)
at org.testng.SuiteRunner.run(SuiteRunner.java:364)
at org.testng.SuiteRunnerWorker.runSuite(SuiteRunnerWorker.java:52)
at org.testng.SuiteRunnerWorker.run(SuiteRunnerWorker.java:84)
at org.testng.TestNG.runSuitesSequentially(TestNG.java:1208)
at org.testng.TestNG.runSuitesLocally(TestNG.java:1137)
at org.testng.TestNG.runSuites(TestNG.java:1049)
at org.testng.TestNG.run(TestNG.java:1017)
at org.testng.remote.AbstractRemoteTestNG.run(AbstractRemoteTestNG.java:114)
at org.testng.remote.RemoteTestNG.initAndRun(RemoteTestNG.java:251)
at org.testng.remote.RemoteTestNG.main(RemoteTestNG.java:77)
Caused by: org.openqa.selenium.NoSuchElementException: Unable to locate element: //div[@id='main']/div[2]/div[2]/div/ul/li[2]/div/div/ul/li/a/span
For documentation on this error, please visit: https://www.seleniumhq.org/exceptions/no_such_element.html
Build info: version: '3.141.59', revision: 'e82be7d358', time: '2018-11-14T08:17:03'
System info: host: 'ADMIN-PC', ip: '192.168.1.16', os.name: 'Windows 7', os.arch: 'amd64', os.version: '6.1', java.version: '1.8.0_161'
Driver info: org.openqa.selenium.firefox.FirefoxDriver
Capabilities {acceptInsecureCerts: true, browserName: firefox, browserVersion: 64.0.2, capabilities: {desiredCapabilities: {acceptInsecureCerts: true, browserName: firefox}}, javascriptEnabled: true, moz:accessibilityChecks: false, moz:headless: false, moz:processID: 10608, moz:profile: C:\Users\Admin\AppData\Loca..., moz:shutdownTimeout: 60000, moz:useNonSpecCompliantPointerOrigin: false, moz:webdriverClick: true, pageLoadStrategy: normal, platform: WINDOWS, platformName: WINDOWS, platformVersion: 6.1, rotatable: false, setWindowRect: true, timeouts: {implicit: 0, pageLoad: 300000, script: 30000}, unhandledPromptBehavior: dismiss and notify}
Session ID: dbdb67d7-a0b7-40f3-887b-55916b75633a
*** Element info: {Using=xpath, value=//div[@id='main']/div[2]/div[2]/div/ul/li[2]/div/div/ul/li/a/span}
at sun.reflect.NativeConstructorAccessorImpl.newInstance0(Native Method)
at sun.reflect.NativeConstructorAccessorImpl.newInstance(Unknown Source)
at sun.reflect.DelegatingConstructorAccessorImpl.newInstance(Unknown Source)
at java.lang.reflect.Constructor.newInstance(Unknown Source)
at org.openqa.selenium.remote.http.W3CHttpResponseCodec.createException(W3CHttpResponseCodec.java:187)
at org.openqa.selenium.remote.http.W3CHttpResponseCodec.decode(W3CHttpResponseCodec.java:122)
at org.openqa.selenium.remote.http.W3CHttpResponseCodec.decode(W3CHttpResponseCodec.java:49)
at org.openqa.selenium.remote.HttpCommandExecutor.execute(HttpCommandExecutor.java:158)
at org.openqa.selenium.remote.service.DriverCommandExecutor.execute(DriverCommandExecutor.java:83)
at org.openqa.selenium.remote.RemoteWebDriver.execute(RemoteWebDriver.java:552)
at org.openqa.selenium.remote.RemoteWebDriver.findElement(RemoteWebDriver.java:323)
at org.openqa.selenium.remote.RemoteWebDriver.findElementByXPath(RemoteWebDriver.java:428)
at org.openqa.selenium.By$ByXPath.findElement(By.java:353)
at org.openqa.selenium.remote.RemoteWebDriver.findElement(RemoteWebDriver.java:315)
at org.openqa.selenium.support.ui.ExpectedConditions$7.apply(ExpectedConditions.java:205)
at org.openqa.selenium.support.ui.ExpectedConditions$7.apply(ExpectedConditions.java:201)
at org.openqa.selenium.support.ui.FluentWait.until(FluentWait.java:249)
... 30 more
]]>
    </failure>
  </testcase> <!-- @BeforeMethod ViewTicket -->
  <testcase name="@AfterMethod writeResult" time="0.0" classname="com.uno.test.technician.Technician_EditIncidentTest">
    <skipped/>
  </testcase> <!-- @AfterMethod writeResult -->
  <testcase name="@AfterClass TearDown" time="0.0" classname="com.uno.test.technician.Technician_EditIncidentTest">
    <skipped/>
  </testcase> <!-- @AfterClass TearDown -->
  <testcase name="CheckNotificationAfterUploadFile" time="32.639" classname="com.uno.test.technician.Technician_EditIncidentTest"/>
  <testcase name="CheckNotificationAfterUploadFile" time="0.0" classname="com.uno.test.technician.Technician_EditIncidentTest">
    <skipped/>
  </testcase> <!-- CheckNotificationAfterUploadFile -->
  <testcase name="CheckNotificationAfterUploadFile" time="0.0" classname="com.uno.test.technician.Technician_EditIncidentTest">
    <skipped/>
  </testcase> <!-- CheckNotificationAfterUploadFile -->
  <testcase name="CheckNotificationAfterUploadFile" time="0.0" classname="com.uno.test.technician.Technician_EditIncidentTest">
    <skipped/>
  </testcase> <!-- CheckNotificationAfterUploadFile -->
  <testcase name="CheckNotificationAfterUploadFile" time="0.0" classname="com.uno.test.technician.Technician_EditIncidentTest">
    <skipped/>
  </testcase> <!-- CheckNotificationAfterUploadFile -->
  <testcase name="verifyTechniciansInTSDAsPerSuper" time="0.0" classname="com.uno.test.technician.Technician_EditIncidentTest">
    <ignored/>
  </testcase> <!-- verifyTechniciansInTSDAsPerSuper -->
  <testcase name="CheckAlertPopupAfterCancel" time="0.0" classname="com.uno.test.technician.Technician_EditIncidentTest">
    <ignored/>
  </testcase> <!-- CheckAlertPopupAfterCancel -->
  <testcase name="CheckUpdateDetailsButtonOfPauseTab" time="0.0" classname="com.uno.test.technician.Technician_EditIncidentTest">
    <ignored/>
  </testcase> <!-- CheckUpdateDetailsButtonOfPauseTab -->
  <testcase name="CheckUpdateButtonWithEnteringData" time="0.0" classname="com.uno.test.technician.Technician_EditIncidentTest">
    <ignored/>
  </testcase> <!-- CheckUpdateButtonWithEnteringData -->
  <testcase name="VerifyIncidentDetailsAsPerSuper" time="0.0" classname="com.uno.test.technician.Technician_EditIncidentTest">
    <ignored/>
  </testcase> <!-- VerifyIncidentDetailsAsPerSuper -->
  <testcase name="CheckUpdateDetailsButtonOfPreliminaryAnalysis" time="0.0" classname="com.uno.test.technician.Technician_EditIncidentTest">
    <ignored/>
  </testcase> <!-- CheckUpdateDetailsButtonOfPreliminaryAnalysis -->
  <testcase name="CheckNotificationWithSelectionInSpareTab" time="0.0" classname="com.uno.test.technician.Technician_EditIncidentTest">
    <ignored/>
  </testcase> <!-- CheckNotificationWithSelectionInSpareTab -->
  <testcase name="OpenPauseDetailsPage" time="0.0" classname="com.uno.test.technician.Technician_EditIncidentTest">
    <ignored/>
  </testcase> <!-- OpenPauseDetailsPage -->
  <testcase name="checkReplaceSpareWithTab" time="0.0" classname="com.uno.test.technician.Technician_EditIncidentTest">
    <ignored/>
  </testcase> <!-- checkReplaceSpareWithTab -->
  <testcase name="CheckRemoveDetailsInRequiredSpareTab" time="0.0" classname="com.uno.test.technician.Technician_EditIncidentTest">
    <ignored/>
  </testcase> <!-- CheckRemoveDetailsInRequiredSpareTab -->
  <testcase name="CheckSpareTabWithYesSelect" time="0.0" classname="com.uno.test.technician.Technician_EditIncidentTest">
    <ignored/>
  </testcase> <!-- CheckSpareTabWithYesSelect -->
  <testcase name="overrideCustomerAddress" time="0.0" classname="com.uno.test.technician.Technician_EditIncidentTest">
    <ignored/>
  </testcase> <!-- overrideCustomerAddress -->
  <testcase name="CheckUpdatedTicketDetails" time="0.0" classname="com.uno.test.technician.Technician_EditIncidentTest">
    <ignored/>
  </testcase> <!-- CheckUpdatedTicketDetails -->
  <testcase name="CheckUpdateDetailsButtonOfETAAndTechnician" time="0.0" classname="com.uno.test.technician.Technician_EditIncidentTest">
    <ignored/>
  </testcase> <!-- CheckUpdateDetailsButtonOfETAAndTechnician -->
  <testcase name="CheckIncidentHistoryOfCustomerPage" time="0.0" classname="com.uno.test.technician.Technician_EditIncidentTest">
    <ignored/>
  </testcase> <!-- CheckIncidentHistoryOfCustomerPage -->
  <testcase name="CheckUpdateDetailsButtonOfATATab" time="0.0" classname="com.uno.test.technician.Technician_EditIncidentTest">
    <ignored/>
  </testcase> <!-- CheckUpdateDetailsButtonOfATATab -->
  <testcase name="CheckNotificationWithoutFileType" time="0.0" classname="com.uno.test.technician.Technician_EditIncidentTest">
    <ignored/>
  </testcase> <!-- CheckNotificationWithoutFileType -->
  <testcase name="verifyPauseReasonAsPerSuper" time="0.0" classname="com.uno.test.technician.Technician_EditIncidentTest">
    <ignored/>
  </testcase> <!-- verifyPauseReasonAsPerSuper -->
  <testcase name="CheckAlertPopupWithoutData" time="0.0" classname="com.uno.test.technician.Technician_EditIncidentTest">
    <ignored/>
  </testcase> <!-- CheckAlertPopupWithoutData -->
  <testcase name="DisplayNotificationWhenTicketPause" time="0.0" classname="com.uno.test.technician.Technician_EditIncidentTest">
    <ignored/>
  </testcase> <!-- DisplayNotificationWhenTicketPause -->
  <testcase name="CheckUpdatedSpareRemarkInSpareTab" time="0.0" classname="com.uno.test.technician.Technician_EditIncidentTest">
    <ignored/>
  </testcase> <!-- CheckUpdatedSpareRemarkInSpareTab -->
  <testcase name="CheckNotificationWithoutSelectionInSpareDetailsPage" time="0.0" classname="com.uno.test.technician.Technician_EditIncidentTest">
    <ignored/>
  </testcase> <!-- CheckNotificationWithoutSelectionInSpareDetailsPage -->
  <testcase name="DisplayTotalPauseTimeWhenTicketOpen" time="0.0" classname="com.uno.test.technician.Technician_EditIncidentTest">
    <ignored/>
  </testcase> <!-- DisplayTotalPauseTimeWhenTicketOpen -->
  <testcase name="checkETAAndTechnicianTab" time="0.0" classname="com.uno.test.technician.Technician_EditIncidentTest">
    <ignored/>
  </testcase> <!-- checkETAAndTechnicianTab -->
  <testcase name="checkPreliminaryAnalysisTab" time="0.0" classname="com.uno.test.technician.Technician_EditIncidentTest">
    <ignored/>
  </testcase> <!-- checkPreliminaryAnalysisTab -->
  <testcase name="DisplayNotificationWithoutETAinATATab" time="0.0" classname="com.uno.test.technician.Technician_EditIncidentTest">
    <ignored/>
  </testcase> <!-- DisplayNotificationWithoutETAinATATab -->
  <testcase name="CheckRemarkInRemarkTab" time="0.0" classname="com.uno.test.technician.Technician_EditIncidentTest">
    <ignored/>
  </testcase> <!-- CheckRemarkInRemarkTab -->
  <testcase name="CheckATATab" time="0.0" classname="com.uno.test.technician.Technician_EditIncidentTest">
    <ignored/>
  </testcase> <!-- CheckATATab -->
  <testcase name="VerifyRequestorOrIncidentTab" time="0.0" classname="com.uno.test.technician.Technician_EditIncidentTest">
    <ignored/>
  </testcase> <!-- VerifyRequestorOrIncidentTab -->
  <testcase name="CountTotalPauseTimeInPauseTab" time="0.0" classname="com.uno.test.technician.Technician_EditIncidentTest">
    <ignored/>
  </testcase> <!-- CountTotalPauseTimeInPauseTab -->
  <testcase name="MatchNotificationAfterSelectInTransitSpare" time="0.0" classname="com.uno.test.technician.Technician_EditIncidentTest">
    <ignored/>
  </testcase> <!-- MatchNotificationAfterSelectInTransitSpare -->
</testsuite> <!-- Default test -->
