<html>
<head>
<title>TestNG:  SD_CreateNewTest</title>
<link href="../testng.css" rel="stylesheet" type="text/css" />
<link href="../my-testng.css" rel="stylesheet" type="text/css" />

<style type="text/css">
.log { display: none;} 
.stack-trace { display: none;} 
</style>
<script type="text/javascript">
<!--
function flip(e) {
  current = e.style.display;
  if (current == 'block') {
    e.style.display = 'none';
    return 0;
  }
  else {
    e.style.display = 'block';
    return 1;
  }
}

function toggleBox(szDivId, elem, msg1, msg2)
{
  var res = -1;  if (document.getElementById) {
    res = flip(document.getElementById(szDivId));
  }
  else if (document.all) {
    // this is the way old msie versions work
    res = flip(document.all[szDivId]);
  }
  if(elem) {
    if(res == 0) elem.innerHTML = msg1; else elem.innerHTML = msg2;
  }

}

function toggleAllBoxes() {
  if (document.getElementsByTagName) {
    d = document.getElementsByTagName('div');
    for (i = 0; i < d.length; i++) {
      if (d[i].className == 'log') {
        flip(d[i]);
      }
    }
  }
}

// -->
</script>

</head>
<body>
<h2 align='center'>SD_CreateNewTest</h2><table border='1' align="center">
<tr>
<td>Tests passed/Failed/Skipped:</td><td>0/0/15</td>
</tr><tr>
<td>Started on:</td><td>Mon Nov 12 10:20:40 IST 2018</td>
</tr>
<tr><td>Total time:</td><td>17 seconds (17120 ms)</td>
</tr><tr>
<td>Included groups:</td><td>all Smoke Testing Regression Testing Testing With Super </td>
</tr><tr>
<td>Excluded groups:</td><td></td>
</tr>
</table><p/>
<small><i>(Hover the method name to see the test class name)</i></small><p/>
<table width='100%' border='1' class='invocation-failed'>
<tr><td colspan='4' align='center'><b>FAILED CONFIGURATIONS</b></td></tr>
<tr><td><b>Test method</b></td>
<td width="30%"><b>Exception</b></td>
<td width="10%"><b>Time (seconds)</b></td>
<td><b>Instance</b></td>
</tr>
<tr>
<td title='com.uno.test.sd.SD_CreateNewTest.Login()'><b>Login</b><br>Test class: com.uno.test.sd.SD_CreateNewTest</td>
<td><div><pre>java.lang.RuntimeException: java.lang.IllegalAccessException: Can not set static final org.openqa.selenium.WebElement field com.uno.pages.sd.SD_CreateNewPage.textbox_IncidenID to com.sun.proxy.$Proxy17
	at org.openqa.selenium.support.PageFactory.proxyFields(PageFactory.java:119)
	at org.openqa.selenium.support.PageFactory.initElements(PageFactory.java:105)
	at org.openqa.selenium.support.PageFactory.initElements(PageFactory.java:92)
	at org.openqa.selenium.support.PageFactory.initElements(PageFactory.java:79)
	at com.uno.pages.sd.SD_TicketPage.&lt;init&gt;(SD_TicketPage.java:54)
	at com.uno.pages.sd.SD_CreateNewPage.&lt;init&gt;(SD_CreateNewPage.java:165)
	at com.uno.pages.sd.SD_TicketPage.createNewTab(SD_TicketPage.java:61)
	at com.uno.test.sd.SD_CreateNewTest.Login(SD_CreateNewTest.java:53)
Caused by: java.lang.IllegalAccessException: Can not set static final org.openqa.selenium.WebElement field com.uno.pages.sd.SD_CreateNewPage.textbox_IncidenID to com.sun.proxy.$Proxy17
	at org.openqa.selenium.support.PageFactory.proxyFields(PageFactory.java:117)
	... 33 more
... Removed 30 stack frames</pre></div><a href='#' onClick='toggleBox("stack-trace1466413743", this, "Click to show all stack frames", "Click to hide stack frames")'>Click to show all stack frames</a>
<div class='stack-trace' id='stack-trace1466413743'><pre>java.lang.RuntimeException: java.lang.IllegalAccessException: Can not set static final org.openqa.selenium.WebElement field com.uno.pages.sd.SD_CreateNewPage.textbox_IncidenID to com.sun.proxy.$Proxy17
	at org.openqa.selenium.support.PageFactory.proxyFields(PageFactory.java:119)
	at org.openqa.selenium.support.PageFactory.initElements(PageFactory.java:105)
	at org.openqa.selenium.support.PageFactory.initElements(PageFactory.java:92)
	at org.openqa.selenium.support.PageFactory.initElements(PageFactory.java:79)
	at com.uno.pages.sd.SD_TicketPage.&lt;init&gt;(SD_TicketPage.java:54)
	at com.uno.pages.sd.SD_CreateNewPage.&lt;init&gt;(SD_CreateNewPage.java:165)
	at com.uno.pages.sd.SD_TicketPage.createNewTab(SD_TicketPage.java:61)
	at com.uno.test.sd.SD_CreateNewTest.Login(SD_CreateNewTest.java:53)
	at sun.reflect.NativeMethodAccessorImpl.invoke0(Native Method)
	at sun.reflect.NativeMethodAccessorImpl.invoke(Unknown Source)
	at sun.reflect.DelegatingMethodAccessorImpl.invoke(Unknown Source)
	at java.lang.reflect.Method.invoke(Unknown Source)
	at org.testng.internal.MethodInvocationHelper.invokeMethod(MethodInvocationHelper.java:124)
	at org.testng.internal.MethodInvocationHelper.invokeMethodConsideringTimeout(MethodInvocationHelper.java:59)
	at org.testng.internal.Invoker.invokeConfigurationMethod(Invoker.java:458)
	at org.testng.internal.Invoker.invokeConfigurations(Invoker.java:222)
	at org.testng.internal.Invoker.invokeConfigurations(Invoker.java:142)
	at org.testng.internal.TestMethodWorker.invokeBeforeClassMethods(TestMethodWorker.java:168)
	at org.testng.internal.TestMethodWorker.run(TestMethodWorker.java:105)
	at org.testng.TestRunner.privateRun(TestRunner.java:648)
	at org.testng.TestRunner.run(TestRunner.java:505)
	at org.testng.SuiteRunner.runTest(SuiteRunner.java:455)
	at org.testng.SuiteRunner.runSequentially(SuiteRunner.java:450)
	at org.testng.SuiteRunner.privateRun(SuiteRunner.java:415)
	at org.testng.SuiteRunner.run(SuiteRunner.java:364)
	at org.testng.SuiteRunnerWorker.runSuite(SuiteRunnerWorker.java:52)
	at org.testng.SuiteRunnerWorker.run(SuiteRunnerWorker.java:84)
	at org.testng.TestNG.runSuitesSequentially(TestNG.java:1208)
	at org.testng.TestNG.runSuitesLocally(TestNG.java:1137)
	at org.testng.TestNG.runSuites(TestNG.java:1049)
	at org.testng.TestNG.run(TestNG.java:1017)
	at org.testng.remote.AbstractRemoteTestNG.run(AbstractRemoteTestNG.java:114)
	at org.testng.remote.RemoteTestNG.initAndRun(RemoteTestNG.java:251)
	at org.testng.remote.RemoteTestNG.main(RemoteTestNG.java:77)
Caused by: java.lang.IllegalAccessException: Can not set static final org.openqa.selenium.WebElement field com.uno.pages.sd.SD_CreateNewPage.textbox_IncidenID to com.sun.proxy.$Proxy17
	at sun.reflect.UnsafeFieldAccessorImpl.throwFinalFieldIllegalAccessException(Unknown Source)
	at sun.reflect.UnsafeFieldAccessorImpl.throwFinalFieldIllegalAccessException(Unknown Source)
	at sun.reflect.UnsafeQualifiedStaticObjectFieldAccessorImpl.set(Unknown Source)
	at java.lang.reflect.Field.set(Unknown Source)
	at org.openqa.selenium.support.PageFactory.proxyFields(PageFactory.java:117)
	... 33 more
</pre></div></td>
<td>17</td>
<td>com.uno.test.sd.SD_CreateNewTest@4278a03f</td></tr>
</table><p>
<table width='100%' border='1' class='invocation-skipped'>
<tr><td colspan='4' align='center'><b>SKIPPED TESTS</b></td></tr>
<tr><td><b>Test method</b></td>
<td width="30%"><b>Exception</b></td>
<td width="10%"><b>Time (seconds)</b></td>
<td><b>Instance</b></td>
</tr>
<tr>
<td title='com.uno.test.sd.SD_CreateNewTest.CheckAssetIdRelatedToSiteCode()'><b>CheckAssetIdRelatedToSiteCode</b><br>Test class: com.uno.test.sd.SD_CreateNewTest<br>Test method: If user select the serial number then asset id value should be matched with requestor detail asset id</td>
<td><div><pre>java.lang.RuntimeException: java.lang.IllegalAccessException: Can not set static final org.openqa.selenium.WebElement field com.uno.pages.sd.SD_CreateNewPage.textbox_IncidenID to com.sun.proxy.$Proxy17
	at org.openqa.selenium.support.PageFactory.proxyFields(PageFactory.java:119)
	at org.openqa.selenium.support.PageFactory.initElements(PageFactory.java:105)
	at org.openqa.selenium.support.PageFactory.initElements(PageFactory.java:92)
	at org.openqa.selenium.support.PageFactory.initElements(PageFactory.java:79)
	at com.uno.pages.sd.SD_TicketPage.&lt;init&gt;(SD_TicketPage.java:54)
	at com.uno.pages.sd.SD_CreateNewPage.&lt;init&gt;(SD_CreateNewPage.java:165)
	at com.uno.pages.sd.SD_TicketPage.createNewTab(SD_TicketPage.java:61)
	at com.uno.test.sd.SD_CreateNewTest.Login(SD_CreateNewTest.java:53)
Caused by: java.lang.IllegalAccessException: Can not set static final org.openqa.selenium.WebElement field com.uno.pages.sd.SD_CreateNewPage.textbox_IncidenID to com.sun.proxy.$Proxy17
	at org.openqa.selenium.support.PageFactory.proxyFields(PageFactory.java:117)
	... 33 more
... Removed 30 stack frames</pre></div><a href='#' onClick='toggleBox("stack-trace1274225913", this, "Click to show all stack frames", "Click to hide stack frames")'>Click to show all stack frames</a>
<div class='stack-trace' id='stack-trace1274225913'><pre>java.lang.RuntimeException: java.lang.IllegalAccessException: Can not set static final org.openqa.selenium.WebElement field com.uno.pages.sd.SD_CreateNewPage.textbox_IncidenID to com.sun.proxy.$Proxy17
	at org.openqa.selenium.support.PageFactory.proxyFields(PageFactory.java:119)
	at org.openqa.selenium.support.PageFactory.initElements(PageFactory.java:105)
	at org.openqa.selenium.support.PageFactory.initElements(PageFactory.java:92)
	at org.openqa.selenium.support.PageFactory.initElements(PageFactory.java:79)
	at com.uno.pages.sd.SD_TicketPage.&lt;init&gt;(SD_TicketPage.java:54)
	at com.uno.pages.sd.SD_CreateNewPage.&lt;init&gt;(SD_CreateNewPage.java:165)
	at com.uno.pages.sd.SD_TicketPage.createNewTab(SD_TicketPage.java:61)
	at com.uno.test.sd.SD_CreateNewTest.Login(SD_CreateNewTest.java:53)
	at sun.reflect.NativeMethodAccessorImpl.invoke0(Native Method)
	at sun.reflect.NativeMethodAccessorImpl.invoke(Unknown Source)
	at sun.reflect.DelegatingMethodAccessorImpl.invoke(Unknown Source)
	at java.lang.reflect.Method.invoke(Unknown Source)
	at org.testng.internal.MethodInvocationHelper.invokeMethod(MethodInvocationHelper.java:124)
	at org.testng.internal.MethodInvocationHelper.invokeMethodConsideringTimeout(MethodInvocationHelper.java:59)
	at org.testng.internal.Invoker.invokeConfigurationMethod(Invoker.java:458)
	at org.testng.internal.Invoker.invokeConfigurations(Invoker.java:222)
	at org.testng.internal.Invoker.invokeConfigurations(Invoker.java:142)
	at org.testng.internal.TestMethodWorker.invokeBeforeClassMethods(TestMethodWorker.java:168)
	at org.testng.internal.TestMethodWorker.run(TestMethodWorker.java:105)
	at org.testng.TestRunner.privateRun(TestRunner.java:648)
	at org.testng.TestRunner.run(TestRunner.java:505)
	at org.testng.SuiteRunner.runTest(SuiteRunner.java:455)
	at org.testng.SuiteRunner.runSequentially(SuiteRunner.java:450)
	at org.testng.SuiteRunner.privateRun(SuiteRunner.java:415)
	at org.testng.SuiteRunner.run(SuiteRunner.java:364)
	at org.testng.SuiteRunnerWorker.runSuite(SuiteRunnerWorker.java:52)
	at org.testng.SuiteRunnerWorker.run(SuiteRunnerWorker.java:84)
	at org.testng.TestNG.runSuitesSequentially(TestNG.java:1208)
	at org.testng.TestNG.runSuitesLocally(TestNG.java:1137)
	at org.testng.TestNG.runSuites(TestNG.java:1049)
	at org.testng.TestNG.run(TestNG.java:1017)
	at org.testng.remote.AbstractRemoteTestNG.run(AbstractRemoteTestNG.java:114)
	at org.testng.remote.RemoteTestNG.initAndRun(RemoteTestNG.java:251)
	at org.testng.remote.RemoteTestNG.main(RemoteTestNG.java:77)
Caused by: java.lang.IllegalAccessException: Can not set static final org.openqa.selenium.WebElement field com.uno.pages.sd.SD_CreateNewPage.textbox_IncidenID to com.sun.proxy.$Proxy17
	at sun.reflect.UnsafeFieldAccessorImpl.throwFinalFieldIllegalAccessException(Unknown Source)
	at sun.reflect.UnsafeFieldAccessorImpl.throwFinalFieldIllegalAccessException(Unknown Source)
	at sun.reflect.UnsafeQualifiedStaticObjectFieldAccessorImpl.set(Unknown Source)
	at java.lang.reflect.Field.set(Unknown Source)
	at org.openqa.selenium.support.PageFactory.proxyFields(PageFactory.java:117)
	... 33 more
</pre></div></td>
<td>0</td>
<td>com.uno.test.sd.SD_CreateNewTest@4278a03f</td></tr>
<tr>
<td title='com.uno.test.sd.SD_CreateNewTest.CheckCustomerInSuperLogin()'><b>CheckCustomerInSuperLogin</b><br>Test class: com.uno.test.sd.SD_CreateNewTest<br>Test method: If user select the perticular principal customer then that related customer should display compare with the super login</td>
<td><div><pre>java.lang.RuntimeException: java.lang.IllegalAccessException: Can not set static final org.openqa.selenium.WebElement field com.uno.pages.sd.SD_CreateNewPage.textbox_IncidenID to com.sun.proxy.$Proxy17
	at org.openqa.selenium.support.PageFactory.proxyFields(PageFactory.java:119)
	at org.openqa.selenium.support.PageFactory.initElements(PageFactory.java:105)
	at org.openqa.selenium.support.PageFactory.initElements(PageFactory.java:92)
	at org.openqa.selenium.support.PageFactory.initElements(PageFactory.java:79)
	at com.uno.pages.sd.SD_TicketPage.&lt;init&gt;(SD_TicketPage.java:54)
	at com.uno.pages.sd.SD_CreateNewPage.&lt;init&gt;(SD_CreateNewPage.java:165)
	at com.uno.pages.sd.SD_TicketPage.createNewTab(SD_TicketPage.java:61)
	at com.uno.test.sd.SD_CreateNewTest.Login(SD_CreateNewTest.java:53)
Caused by: java.lang.IllegalAccessException: Can not set static final org.openqa.selenium.WebElement field com.uno.pages.sd.SD_CreateNewPage.textbox_IncidenID to com.sun.proxy.$Proxy17
	at org.openqa.selenium.support.PageFactory.proxyFields(PageFactory.java:117)
	... 33 more
... Removed 30 stack frames</pre></div><a href='#' onClick='toggleBox("stack-trace489047267", this, "Click to show all stack frames", "Click to hide stack frames")'>Click to show all stack frames</a>
<div class='stack-trace' id='stack-trace489047267'><pre>java.lang.RuntimeException: java.lang.IllegalAccessException: Can not set static final org.openqa.selenium.WebElement field com.uno.pages.sd.SD_CreateNewPage.textbox_IncidenID to com.sun.proxy.$Proxy17
	at org.openqa.selenium.support.PageFactory.proxyFields(PageFactory.java:119)
	at org.openqa.selenium.support.PageFactory.initElements(PageFactory.java:105)
	at org.openqa.selenium.support.PageFactory.initElements(PageFactory.java:92)
	at org.openqa.selenium.support.PageFactory.initElements(PageFactory.java:79)
	at com.uno.pages.sd.SD_TicketPage.&lt;init&gt;(SD_TicketPage.java:54)
	at com.uno.pages.sd.SD_CreateNewPage.&lt;init&gt;(SD_CreateNewPage.java:165)
	at com.uno.pages.sd.SD_TicketPage.createNewTab(SD_TicketPage.java:61)
	at com.uno.test.sd.SD_CreateNewTest.Login(SD_CreateNewTest.java:53)
	at sun.reflect.NativeMethodAccessorImpl.invoke0(Native Method)
	at sun.reflect.NativeMethodAccessorImpl.invoke(Unknown Source)
	at sun.reflect.DelegatingMethodAccessorImpl.invoke(Unknown Source)
	at java.lang.reflect.Method.invoke(Unknown Source)
	at org.testng.internal.MethodInvocationHelper.invokeMethod(MethodInvocationHelper.java:124)
	at org.testng.internal.MethodInvocationHelper.invokeMethodConsideringTimeout(MethodInvocationHelper.java:59)
	at org.testng.internal.Invoker.invokeConfigurationMethod(Invoker.java:458)
	at org.testng.internal.Invoker.invokeConfigurations(Invoker.java:222)
	at org.testng.internal.Invoker.invokeConfigurations(Invoker.java:142)
	at org.testng.internal.TestMethodWorker.invokeBeforeClassMethods(TestMethodWorker.java:168)
	at org.testng.internal.TestMethodWorker.run(TestMethodWorker.java:105)
	at org.testng.TestRunner.privateRun(TestRunner.java:648)
	at org.testng.TestRunner.run(TestRunner.java:505)
	at org.testng.SuiteRunner.runTest(SuiteRunner.java:455)
	at org.testng.SuiteRunner.runSequentially(SuiteRunner.java:450)
	at org.testng.SuiteRunner.privateRun(SuiteRunner.java:415)
	at org.testng.SuiteRunner.run(SuiteRunner.java:364)
	at org.testng.SuiteRunnerWorker.runSuite(SuiteRunnerWorker.java:52)
	at org.testng.SuiteRunnerWorker.run(SuiteRunnerWorker.java:84)
	at org.testng.TestNG.runSuitesSequentially(TestNG.java:1208)
	at org.testng.TestNG.runSuitesLocally(TestNG.java:1137)
	at org.testng.TestNG.runSuites(TestNG.java:1049)
	at org.testng.TestNG.run(TestNG.java:1017)
	at org.testng.remote.AbstractRemoteTestNG.run(AbstractRemoteTestNG.java:114)
	at org.testng.remote.RemoteTestNG.initAndRun(RemoteTestNG.java:251)
	at org.testng.remote.RemoteTestNG.main(RemoteTestNG.java:77)
Caused by: java.lang.IllegalAccessException: Can not set static final org.openqa.selenium.WebElement field com.uno.pages.sd.SD_CreateNewPage.textbox_IncidenID to com.sun.proxy.$Proxy17
	at sun.reflect.UnsafeFieldAccessorImpl.throwFinalFieldIllegalAccessException(Unknown Source)
	at sun.reflect.UnsafeFieldAccessorImpl.throwFinalFieldIllegalAccessException(Unknown Source)
	at sun.reflect.UnsafeQualifiedStaticObjectFieldAccessorImpl.set(Unknown Source)
	at java.lang.reflect.Field.set(Unknown Source)
	at org.openqa.selenium.support.PageFactory.proxyFields(PageFactory.java:117)
	... 33 more
</pre></div></td>
<td>0</td>
<td>com.uno.test.sd.SD_CreateNewTest@4278a03f</td></tr>
<tr>
<td title='com.uno.test.sd.SD_CreateNewTest.CheckDefaultBusinessUnit()'><b>CheckDefaultBusinessUnit</b><br>Test class: com.uno.test.sd.SD_CreateNewTest<br>Test method: If user select the My default business unit then, the same business unit is appere in Requestor Details</td>
<td><div><pre>java.lang.RuntimeException: java.lang.IllegalAccessException: Can not set static final org.openqa.selenium.WebElement field com.uno.pages.sd.SD_CreateNewPage.textbox_IncidenID to com.sun.proxy.$Proxy17
	at org.openqa.selenium.support.PageFactory.proxyFields(PageFactory.java:119)
	at org.openqa.selenium.support.PageFactory.initElements(PageFactory.java:105)
	at org.openqa.selenium.support.PageFactory.initElements(PageFactory.java:92)
	at org.openqa.selenium.support.PageFactory.initElements(PageFactory.java:79)
	at com.uno.pages.sd.SD_TicketPage.&lt;init&gt;(SD_TicketPage.java:54)
	at com.uno.pages.sd.SD_CreateNewPage.&lt;init&gt;(SD_CreateNewPage.java:165)
	at com.uno.pages.sd.SD_TicketPage.createNewTab(SD_TicketPage.java:61)
	at com.uno.test.sd.SD_CreateNewTest.Login(SD_CreateNewTest.java:53)
Caused by: java.lang.IllegalAccessException: Can not set static final org.openqa.selenium.WebElement field com.uno.pages.sd.SD_CreateNewPage.textbox_IncidenID to com.sun.proxy.$Proxy17
	at org.openqa.selenium.support.PageFactory.proxyFields(PageFactory.java:117)
	... 33 more
... Removed 30 stack frames</pre></div><a href='#' onClick='toggleBox("stack-trace820587705", this, "Click to show all stack frames", "Click to hide stack frames")'>Click to show all stack frames</a>
<div class='stack-trace' id='stack-trace820587705'><pre>java.lang.RuntimeException: java.lang.IllegalAccessException: Can not set static final org.openqa.selenium.WebElement field com.uno.pages.sd.SD_CreateNewPage.textbox_IncidenID to com.sun.proxy.$Proxy17
	at org.openqa.selenium.support.PageFactory.proxyFields(PageFactory.java:119)
	at org.openqa.selenium.support.PageFactory.initElements(PageFactory.java:105)
	at org.openqa.selenium.support.PageFactory.initElements(PageFactory.java:92)
	at org.openqa.selenium.support.PageFactory.initElements(PageFactory.java:79)
	at com.uno.pages.sd.SD_TicketPage.&lt;init&gt;(SD_TicketPage.java:54)
	at com.uno.pages.sd.SD_CreateNewPage.&lt;init&gt;(SD_CreateNewPage.java:165)
	at com.uno.pages.sd.SD_TicketPage.createNewTab(SD_TicketPage.java:61)
	at com.uno.test.sd.SD_CreateNewTest.Login(SD_CreateNewTest.java:53)
	at sun.reflect.NativeMethodAccessorImpl.invoke0(Native Method)
	at sun.reflect.NativeMethodAccessorImpl.invoke(Unknown Source)
	at sun.reflect.DelegatingMethodAccessorImpl.invoke(Unknown Source)
	at java.lang.reflect.Method.invoke(Unknown Source)
	at org.testng.internal.MethodInvocationHelper.invokeMethod(MethodInvocationHelper.java:124)
	at org.testng.internal.MethodInvocationHelper.invokeMethodConsideringTimeout(MethodInvocationHelper.java:59)
	at org.testng.internal.Invoker.invokeConfigurationMethod(Invoker.java:458)
	at org.testng.internal.Invoker.invokeConfigurations(Invoker.java:222)
	at org.testng.internal.Invoker.invokeConfigurations(Invoker.java:142)
	at org.testng.internal.TestMethodWorker.invokeBeforeClassMethods(TestMethodWorker.java:168)
	at org.testng.internal.TestMethodWorker.run(TestMethodWorker.java:105)
	at org.testng.TestRunner.privateRun(TestRunner.java:648)
	at org.testng.TestRunner.run(TestRunner.java:505)
	at org.testng.SuiteRunner.runTest(SuiteRunner.java:455)
	at org.testng.SuiteRunner.runSequentially(SuiteRunner.java:450)
	at org.testng.SuiteRunner.privateRun(SuiteRunner.java:415)
	at org.testng.SuiteRunner.run(SuiteRunner.java:364)
	at org.testng.SuiteRunnerWorker.runSuite(SuiteRunnerWorker.java:52)
	at org.testng.SuiteRunnerWorker.run(SuiteRunnerWorker.java:84)
	at org.testng.TestNG.runSuitesSequentially(TestNG.java:1208)
	at org.testng.TestNG.runSuitesLocally(TestNG.java:1137)
	at org.testng.TestNG.runSuites(TestNG.java:1049)
	at org.testng.TestNG.run(TestNG.java:1017)
	at org.testng.remote.AbstractRemoteTestNG.run(AbstractRemoteTestNG.java:114)
	at org.testng.remote.RemoteTestNG.initAndRun(RemoteTestNG.java:251)
	at org.testng.remote.RemoteTestNG.main(RemoteTestNG.java:77)
Caused by: java.lang.IllegalAccessException: Can not set static final org.openqa.selenium.WebElement field com.uno.pages.sd.SD_CreateNewPage.textbox_IncidenID to com.sun.proxy.$Proxy17
	at sun.reflect.UnsafeFieldAccessorImpl.throwFinalFieldIllegalAccessException(Unknown Source)
	at sun.reflect.UnsafeFieldAccessorImpl.throwFinalFieldIllegalAccessException(Unknown Source)
	at sun.reflect.UnsafeQualifiedStaticObjectFieldAccessorImpl.set(Unknown Source)
	at java.lang.reflect.Field.set(Unknown Source)
	at org.openqa.selenium.support.PageFactory.proxyFields(PageFactory.java:117)
	... 33 more
</pre></div></td>
<td>0</td>
<td>com.uno.test.sd.SD_CreateNewTest@4278a03f</td></tr>
<tr>
<td title='com.uno.test.sd.SD_CreateNewTest.CheckDefaultCreateByRoleElement()'><b>CheckDefaultCreateByRoleElement</b><br>Test class: com.uno.test.sd.SD_CreateNewTest<br>Test method: Check the default value of create By ,is should be sd</td>
<td><div><pre>java.lang.RuntimeException: java.lang.IllegalAccessException: Can not set static final org.openqa.selenium.WebElement field com.uno.pages.sd.SD_CreateNewPage.textbox_IncidenID to com.sun.proxy.$Proxy17
	at org.openqa.selenium.support.PageFactory.proxyFields(PageFactory.java:119)
	at org.openqa.selenium.support.PageFactory.initElements(PageFactory.java:105)
	at org.openqa.selenium.support.PageFactory.initElements(PageFactory.java:92)
	at org.openqa.selenium.support.PageFactory.initElements(PageFactory.java:79)
	at com.uno.pages.sd.SD_TicketPage.&lt;init&gt;(SD_TicketPage.java:54)
	at com.uno.pages.sd.SD_CreateNewPage.&lt;init&gt;(SD_CreateNewPage.java:165)
	at com.uno.pages.sd.SD_TicketPage.createNewTab(SD_TicketPage.java:61)
	at com.uno.test.sd.SD_CreateNewTest.Login(SD_CreateNewTest.java:53)
Caused by: java.lang.IllegalAccessException: Can not set static final org.openqa.selenium.WebElement field com.uno.pages.sd.SD_CreateNewPage.textbox_IncidenID to com.sun.proxy.$Proxy17
	at org.openqa.selenium.support.PageFactory.proxyFields(PageFactory.java:117)
	... 33 more
... Removed 30 stack frames</pre></div><a href='#' onClick='toggleBox("stack-trace1219553025", this, "Click to show all stack frames", "Click to hide stack frames")'>Click to show all stack frames</a>
<div class='stack-trace' id='stack-trace1219553025'><pre>java.lang.RuntimeException: java.lang.IllegalAccessException: Can not set static final org.openqa.selenium.WebElement field com.uno.pages.sd.SD_CreateNewPage.textbox_IncidenID to com.sun.proxy.$Proxy17
	at org.openqa.selenium.support.PageFactory.proxyFields(PageFactory.java:119)
	at org.openqa.selenium.support.PageFactory.initElements(PageFactory.java:105)
	at org.openqa.selenium.support.PageFactory.initElements(PageFactory.java:92)
	at org.openqa.selenium.support.PageFactory.initElements(PageFactory.java:79)
	at com.uno.pages.sd.SD_TicketPage.&lt;init&gt;(SD_TicketPage.java:54)
	at com.uno.pages.sd.SD_CreateNewPage.&lt;init&gt;(SD_CreateNewPage.java:165)
	at com.uno.pages.sd.SD_TicketPage.createNewTab(SD_TicketPage.java:61)
	at com.uno.test.sd.SD_CreateNewTest.Login(SD_CreateNewTest.java:53)
	at sun.reflect.NativeMethodAccessorImpl.invoke0(Native Method)
	at sun.reflect.NativeMethodAccessorImpl.invoke(Unknown Source)
	at sun.reflect.DelegatingMethodAccessorImpl.invoke(Unknown Source)
	at java.lang.reflect.Method.invoke(Unknown Source)
	at org.testng.internal.MethodInvocationHelper.invokeMethod(MethodInvocationHelper.java:124)
	at org.testng.internal.MethodInvocationHelper.invokeMethodConsideringTimeout(MethodInvocationHelper.java:59)
	at org.testng.internal.Invoker.invokeConfigurationMethod(Invoker.java:458)
	at org.testng.internal.Invoker.invokeConfigurations(Invoker.java:222)
	at org.testng.internal.Invoker.invokeConfigurations(Invoker.java:142)
	at org.testng.internal.TestMethodWorker.invokeBeforeClassMethods(TestMethodWorker.java:168)
	at org.testng.internal.TestMethodWorker.run(TestMethodWorker.java:105)
	at org.testng.TestRunner.privateRun(TestRunner.java:648)
	at org.testng.TestRunner.run(TestRunner.java:505)
	at org.testng.SuiteRunner.runTest(SuiteRunner.java:455)
	at org.testng.SuiteRunner.runSequentially(SuiteRunner.java:450)
	at org.testng.SuiteRunner.privateRun(SuiteRunner.java:415)
	at org.testng.SuiteRunner.run(SuiteRunner.java:364)
	at org.testng.SuiteRunnerWorker.runSuite(SuiteRunnerWorker.java:52)
	at org.testng.SuiteRunnerWorker.run(SuiteRunnerWorker.java:84)
	at org.testng.TestNG.runSuitesSequentially(TestNG.java:1208)
	at org.testng.TestNG.runSuitesLocally(TestNG.java:1137)
	at org.testng.TestNG.runSuites(TestNG.java:1049)
	at org.testng.TestNG.run(TestNG.java:1017)
	at org.testng.remote.AbstractRemoteTestNG.run(AbstractRemoteTestNG.java:114)
	at org.testng.remote.RemoteTestNG.initAndRun(RemoteTestNG.java:251)
	at org.testng.remote.RemoteTestNG.main(RemoteTestNG.java:77)
Caused by: java.lang.IllegalAccessException: Can not set static final org.openqa.selenium.WebElement field com.uno.pages.sd.SD_CreateNewPage.textbox_IncidenID to com.sun.proxy.$Proxy17
	at sun.reflect.UnsafeFieldAccessorImpl.throwFinalFieldIllegalAccessException(Unknown Source)
	at sun.reflect.UnsafeFieldAccessorImpl.throwFinalFieldIllegalAccessException(Unknown Source)
	at sun.reflect.UnsafeQualifiedStaticObjectFieldAccessorImpl.set(Unknown Source)
	at java.lang.reflect.Field.set(Unknown Source)
	at org.openqa.selenium.support.PageFactory.proxyFields(PageFactory.java:117)
	... 33 more
</pre></div></td>
<td>0</td>
<td>com.uno.test.sd.SD_CreateNewTest@4278a03f</td></tr>
<tr>
<td title='com.uno.test.sd.SD_CreateNewTest.CheckDefaultIncidentDateTime()'><b>CheckDefaultIncidentDateTime</b><br>Test class: com.uno.test.sd.SD_CreateNewTest<br>Test method: verify incident date and time is equal to system date and time or not</td>
<td><div><pre>java.lang.RuntimeException: java.lang.IllegalAccessException: Can not set static final org.openqa.selenium.WebElement field com.uno.pages.sd.SD_CreateNewPage.textbox_IncidenID to com.sun.proxy.$Proxy17
	at org.openqa.selenium.support.PageFactory.proxyFields(PageFactory.java:119)
	at org.openqa.selenium.support.PageFactory.initElements(PageFactory.java:105)
	at org.openqa.selenium.support.PageFactory.initElements(PageFactory.java:92)
	at org.openqa.selenium.support.PageFactory.initElements(PageFactory.java:79)
	at com.uno.pages.sd.SD_TicketPage.&lt;init&gt;(SD_TicketPage.java:54)
	at com.uno.pages.sd.SD_CreateNewPage.&lt;init&gt;(SD_CreateNewPage.java:165)
	at com.uno.pages.sd.SD_TicketPage.createNewTab(SD_TicketPage.java:61)
	at com.uno.test.sd.SD_CreateNewTest.Login(SD_CreateNewTest.java:53)
Caused by: java.lang.IllegalAccessException: Can not set static final org.openqa.selenium.WebElement field com.uno.pages.sd.SD_CreateNewPage.textbox_IncidenID to com.sun.proxy.$Proxy17
	at org.openqa.selenium.support.PageFactory.proxyFields(PageFactory.java:117)
	... 33 more
... Removed 30 stack frames</pre></div><a href='#' onClick='toggleBox("stack-trace573102881", this, "Click to show all stack frames", "Click to hide stack frames")'>Click to show all stack frames</a>
<div class='stack-trace' id='stack-trace573102881'><pre>java.lang.RuntimeException: java.lang.IllegalAccessException: Can not set static final org.openqa.selenium.WebElement field com.uno.pages.sd.SD_CreateNewPage.textbox_IncidenID to com.sun.proxy.$Proxy17
	at org.openqa.selenium.support.PageFactory.proxyFields(PageFactory.java:119)
	at org.openqa.selenium.support.PageFactory.initElements(PageFactory.java:105)
	at org.openqa.selenium.support.PageFactory.initElements(PageFactory.java:92)
	at org.openqa.selenium.support.PageFactory.initElements(PageFactory.java:79)
	at com.uno.pages.sd.SD_TicketPage.&lt;init&gt;(SD_TicketPage.java:54)
	at com.uno.pages.sd.SD_CreateNewPage.&lt;init&gt;(SD_CreateNewPage.java:165)
	at com.uno.pages.sd.SD_TicketPage.createNewTab(SD_TicketPage.java:61)
	at com.uno.test.sd.SD_CreateNewTest.Login(SD_CreateNewTest.java:53)
	at sun.reflect.NativeMethodAccessorImpl.invoke0(Native Method)
	at sun.reflect.NativeMethodAccessorImpl.invoke(Unknown Source)
	at sun.reflect.DelegatingMethodAccessorImpl.invoke(Unknown Source)
	at java.lang.reflect.Method.invoke(Unknown Source)
	at org.testng.internal.MethodInvocationHelper.invokeMethod(MethodInvocationHelper.java:124)
	at org.testng.internal.MethodInvocationHelper.invokeMethodConsideringTimeout(MethodInvocationHelper.java:59)
	at org.testng.internal.Invoker.invokeConfigurationMethod(Invoker.java:458)
	at org.testng.internal.Invoker.invokeConfigurations(Invoker.java:222)
	at org.testng.internal.Invoker.invokeConfigurations(Invoker.java:142)
	at org.testng.internal.TestMethodWorker.invokeBeforeClassMethods(TestMethodWorker.java:168)
	at org.testng.internal.TestMethodWorker.run(TestMethodWorker.java:105)
	at org.testng.TestRunner.privateRun(TestRunner.java:648)
	at org.testng.TestRunner.run(TestRunner.java:505)
	at org.testng.SuiteRunner.runTest(SuiteRunner.java:455)
	at org.testng.SuiteRunner.runSequentially(SuiteRunner.java:450)
	at org.testng.SuiteRunner.privateRun(SuiteRunner.java:415)
	at org.testng.SuiteRunner.run(SuiteRunner.java:364)
	at org.testng.SuiteRunnerWorker.runSuite(SuiteRunnerWorker.java:52)
	at org.testng.SuiteRunnerWorker.run(SuiteRunnerWorker.java:84)
	at org.testng.TestNG.runSuitesSequentially(TestNG.java:1208)
	at org.testng.TestNG.runSuitesLocally(TestNG.java:1137)
	at org.testng.TestNG.runSuites(TestNG.java:1049)
	at org.testng.TestNG.run(TestNG.java:1017)
	at org.testng.remote.AbstractRemoteTestNG.run(AbstractRemoteTestNG.java:114)
	at org.testng.remote.RemoteTestNG.initAndRun(RemoteTestNG.java:251)
	at org.testng.remote.RemoteTestNG.main(RemoteTestNG.java:77)
Caused by: java.lang.IllegalAccessException: Can not set static final org.openqa.selenium.WebElement field com.uno.pages.sd.SD_CreateNewPage.textbox_IncidenID to com.sun.proxy.$Proxy17
	at sun.reflect.UnsafeFieldAccessorImpl.throwFinalFieldIllegalAccessException(Unknown Source)
	at sun.reflect.UnsafeFieldAccessorImpl.throwFinalFieldIllegalAccessException(Unknown Source)
	at sun.reflect.UnsafeQualifiedStaticObjectFieldAccessorImpl.set(Unknown Source)
	at java.lang.reflect.Field.set(Unknown Source)
	at org.openqa.selenium.support.PageFactory.proxyFields(PageFactory.java:117)
	... 33 more
</pre></div></td>
<td>0</td>
<td>com.uno.test.sd.SD_CreateNewTest@4278a03f</td></tr>
<tr>
<td title='com.uno.test.sd.SD_CreateNewTest.CheckDefaultIncidentNo()'><b>CheckDefaultIncidentNo</b><br>Test class: com.uno.test.sd.SD_CreateNewTest<br>Test method: Display Default Incident No</td>
<td><div><pre>java.lang.RuntimeException: java.lang.IllegalAccessException: Can not set static final org.openqa.selenium.WebElement field com.uno.pages.sd.SD_CreateNewPage.textbox_IncidenID to com.sun.proxy.$Proxy17
	at org.openqa.selenium.support.PageFactory.proxyFields(PageFactory.java:119)
	at org.openqa.selenium.support.PageFactory.initElements(PageFactory.java:105)
	at org.openqa.selenium.support.PageFactory.initElements(PageFactory.java:92)
	at org.openqa.selenium.support.PageFactory.initElements(PageFactory.java:79)
	at com.uno.pages.sd.SD_TicketPage.&lt;init&gt;(SD_TicketPage.java:54)
	at com.uno.pages.sd.SD_CreateNewPage.&lt;init&gt;(SD_CreateNewPage.java:165)
	at com.uno.pages.sd.SD_TicketPage.createNewTab(SD_TicketPage.java:61)
	at com.uno.test.sd.SD_CreateNewTest.Login(SD_CreateNewTest.java:53)
Caused by: java.lang.IllegalAccessException: Can not set static final org.openqa.selenium.WebElement field com.uno.pages.sd.SD_CreateNewPage.textbox_IncidenID to com.sun.proxy.$Proxy17
	at org.openqa.selenium.support.PageFactory.proxyFields(PageFactory.java:117)
	... 33 more
... Removed 30 stack frames</pre></div><a href='#' onClick='toggleBox("stack-trace2030121719", this, "Click to show all stack frames", "Click to hide stack frames")'>Click to show all stack frames</a>
<div class='stack-trace' id='stack-trace2030121719'><pre>java.lang.RuntimeException: java.lang.IllegalAccessException: Can not set static final org.openqa.selenium.WebElement field com.uno.pages.sd.SD_CreateNewPage.textbox_IncidenID to com.sun.proxy.$Proxy17
	at org.openqa.selenium.support.PageFactory.proxyFields(PageFactory.java:119)
	at org.openqa.selenium.support.PageFactory.initElements(PageFactory.java:105)
	at org.openqa.selenium.support.PageFactory.initElements(PageFactory.java:92)
	at org.openqa.selenium.support.PageFactory.initElements(PageFactory.java:79)
	at com.uno.pages.sd.SD_TicketPage.&lt;init&gt;(SD_TicketPage.java:54)
	at com.uno.pages.sd.SD_CreateNewPage.&lt;init&gt;(SD_CreateNewPage.java:165)
	at com.uno.pages.sd.SD_TicketPage.createNewTab(SD_TicketPage.java:61)
	at com.uno.test.sd.SD_CreateNewTest.Login(SD_CreateNewTest.java:53)
	at sun.reflect.NativeMethodAccessorImpl.invoke0(Native Method)
	at sun.reflect.NativeMethodAccessorImpl.invoke(Unknown Source)
	at sun.reflect.DelegatingMethodAccessorImpl.invoke(Unknown Source)
	at java.lang.reflect.Method.invoke(Unknown Source)
	at org.testng.internal.MethodInvocationHelper.invokeMethod(MethodInvocationHelper.java:124)
	at org.testng.internal.MethodInvocationHelper.invokeMethodConsideringTimeout(MethodInvocationHelper.java:59)
	at org.testng.internal.Invoker.invokeConfigurationMethod(Invoker.java:458)
	at org.testng.internal.Invoker.invokeConfigurations(Invoker.java:222)
	at org.testng.internal.Invoker.invokeConfigurations(Invoker.java:142)
	at org.testng.internal.TestMethodWorker.invokeBeforeClassMethods(TestMethodWorker.java:168)
	at org.testng.internal.TestMethodWorker.run(TestMethodWorker.java:105)
	at org.testng.TestRunner.privateRun(TestRunner.java:648)
	at org.testng.TestRunner.run(TestRunner.java:505)
	at org.testng.SuiteRunner.runTest(SuiteRunner.java:455)
	at org.testng.SuiteRunner.runSequentially(SuiteRunner.java:450)
	at org.testng.SuiteRunner.privateRun(SuiteRunner.java:415)
	at org.testng.SuiteRunner.run(SuiteRunner.java:364)
	at org.testng.SuiteRunnerWorker.runSuite(SuiteRunnerWorker.java:52)
	at org.testng.SuiteRunnerWorker.run(SuiteRunnerWorker.java:84)
	at org.testng.TestNG.runSuitesSequentially(TestNG.java:1208)
	at org.testng.TestNG.runSuitesLocally(TestNG.java:1137)
	at org.testng.TestNG.runSuites(TestNG.java:1049)
	at org.testng.TestNG.run(TestNG.java:1017)
	at org.testng.remote.AbstractRemoteTestNG.run(AbstractRemoteTestNG.java:114)
	at org.testng.remote.RemoteTestNG.initAndRun(RemoteTestNG.java:251)
	at org.testng.remote.RemoteTestNG.main(RemoteTestNG.java:77)
Caused by: java.lang.IllegalAccessException: Can not set static final org.openqa.selenium.WebElement field com.uno.pages.sd.SD_CreateNewPage.textbox_IncidenID to com.sun.proxy.$Proxy17
	at sun.reflect.UnsafeFieldAccessorImpl.throwFinalFieldIllegalAccessException(Unknown Source)
	at sun.reflect.UnsafeFieldAccessorImpl.throwFinalFieldIllegalAccessException(Unknown Source)
	at sun.reflect.UnsafeQualifiedStaticObjectFieldAccessorImpl.set(Unknown Source)
	at java.lang.reflect.Field.set(Unknown Source)
	at org.openqa.selenium.support.PageFactory.proxyFields(PageFactory.java:117)
	... 33 more
</pre></div></td>
<td>0</td>
<td>com.uno.test.sd.SD_CreateNewTest@4278a03f</td></tr>
<tr>
<td title='com.uno.test.sd.SD_CreateNewTest.CheckDefaultcloseDateTime()'><b>CheckDefaultcloseDateTime</b><br>Test class: com.uno.test.sd.SD_CreateNewTest<br>Test method: Check the default value of close Date Time ,is should be blank</td>
<td><div><pre>java.lang.RuntimeException: java.lang.IllegalAccessException: Can not set static final org.openqa.selenium.WebElement field com.uno.pages.sd.SD_CreateNewPage.textbox_IncidenID to com.sun.proxy.$Proxy17
	at org.openqa.selenium.support.PageFactory.proxyFields(PageFactory.java:119)
	at org.openqa.selenium.support.PageFactory.initElements(PageFactory.java:105)
	at org.openqa.selenium.support.PageFactory.initElements(PageFactory.java:92)
	at org.openqa.selenium.support.PageFactory.initElements(PageFactory.java:79)
	at com.uno.pages.sd.SD_TicketPage.&lt;init&gt;(SD_TicketPage.java:54)
	at com.uno.pages.sd.SD_CreateNewPage.&lt;init&gt;(SD_CreateNewPage.java:165)
	at com.uno.pages.sd.SD_TicketPage.createNewTab(SD_TicketPage.java:61)
	at com.uno.test.sd.SD_CreateNewTest.Login(SD_CreateNewTest.java:53)
Caused by: java.lang.IllegalAccessException: Can not set static final org.openqa.selenium.WebElement field com.uno.pages.sd.SD_CreateNewPage.textbox_IncidenID to com.sun.proxy.$Proxy17
	at org.openqa.selenium.support.PageFactory.proxyFields(PageFactory.java:117)
	... 33 more
... Removed 30 stack frames</pre></div><a href='#' onClick='toggleBox("stack-trace605686842", this, "Click to show all stack frames", "Click to hide stack frames")'>Click to show all stack frames</a>
<div class='stack-trace' id='stack-trace605686842'><pre>java.lang.RuntimeException: java.lang.IllegalAccessException: Can not set static final org.openqa.selenium.WebElement field com.uno.pages.sd.SD_CreateNewPage.textbox_IncidenID to com.sun.proxy.$Proxy17
	at org.openqa.selenium.support.PageFactory.proxyFields(PageFactory.java:119)
	at org.openqa.selenium.support.PageFactory.initElements(PageFactory.java:105)
	at org.openqa.selenium.support.PageFactory.initElements(PageFactory.java:92)
	at org.openqa.selenium.support.PageFactory.initElements(PageFactory.java:79)
	at com.uno.pages.sd.SD_TicketPage.&lt;init&gt;(SD_TicketPage.java:54)
	at com.uno.pages.sd.SD_CreateNewPage.&lt;init&gt;(SD_CreateNewPage.java:165)
	at com.uno.pages.sd.SD_TicketPage.createNewTab(SD_TicketPage.java:61)
	at com.uno.test.sd.SD_CreateNewTest.Login(SD_CreateNewTest.java:53)
	at sun.reflect.NativeMethodAccessorImpl.invoke0(Native Method)
	at sun.reflect.NativeMethodAccessorImpl.invoke(Unknown Source)
	at sun.reflect.DelegatingMethodAccessorImpl.invoke(Unknown Source)
	at java.lang.reflect.Method.invoke(Unknown Source)
	at org.testng.internal.MethodInvocationHelper.invokeMethod(MethodInvocationHelper.java:124)
	at org.testng.internal.MethodInvocationHelper.invokeMethodConsideringTimeout(MethodInvocationHelper.java:59)
	at org.testng.internal.Invoker.invokeConfigurationMethod(Invoker.java:458)
	at org.testng.internal.Invoker.invokeConfigurations(Invoker.java:222)
	at org.testng.internal.Invoker.invokeConfigurations(Invoker.java:142)
	at org.testng.internal.TestMethodWorker.invokeBeforeClassMethods(TestMethodWorker.java:168)
	at org.testng.internal.TestMethodWorker.run(TestMethodWorker.java:105)
	at org.testng.TestRunner.privateRun(TestRunner.java:648)
	at org.testng.TestRunner.run(TestRunner.java:505)
	at org.testng.SuiteRunner.runTest(SuiteRunner.java:455)
	at org.testng.SuiteRunner.runSequentially(SuiteRunner.java:450)
	at org.testng.SuiteRunner.privateRun(SuiteRunner.java:415)
	at org.testng.SuiteRunner.run(SuiteRunner.java:364)
	at org.testng.SuiteRunnerWorker.runSuite(SuiteRunnerWorker.java:52)
	at org.testng.SuiteRunnerWorker.run(SuiteRunnerWorker.java:84)
	at org.testng.TestNG.runSuitesSequentially(TestNG.java:1208)
	at org.testng.TestNG.runSuitesLocally(TestNG.java:1137)
	at org.testng.TestNG.runSuites(TestNG.java:1049)
	at org.testng.TestNG.run(TestNG.java:1017)
	at org.testng.remote.AbstractRemoteTestNG.run(AbstractRemoteTestNG.java:114)
	at org.testng.remote.RemoteTestNG.initAndRun(RemoteTestNG.java:251)
	at org.testng.remote.RemoteTestNG.main(RemoteTestNG.java:77)
Caused by: java.lang.IllegalAccessException: Can not set static final org.openqa.selenium.WebElement field com.uno.pages.sd.SD_CreateNewPage.textbox_IncidenID to com.sun.proxy.$Proxy17
	at sun.reflect.UnsafeFieldAccessorImpl.throwFinalFieldIllegalAccessException(Unknown Source)
	at sun.reflect.UnsafeFieldAccessorImpl.throwFinalFieldIllegalAccessException(Unknown Source)
	at sun.reflect.UnsafeQualifiedStaticObjectFieldAccessorImpl.set(Unknown Source)
	at java.lang.reflect.Field.set(Unknown Source)
	at org.openqa.selenium.support.PageFactory.proxyFields(PageFactory.java:117)
	... 33 more
</pre></div></td>
<td>0</td>
<td>com.uno.test.sd.SD_CreateNewTest@4278a03f</td></tr>
<tr>
<td title='com.uno.test.sd.SD_CreateNewTest.CheckPrincipalCustomerInSuperLogin()'><b>CheckPrincipalCustomerInSuperLogin</b><br>Test class: com.uno.test.sd.SD_CreateNewTest<br>Test method: If user select the perticular business unit then that related principal customer should display compare with the super login</td>
<td><div><pre>java.lang.RuntimeException: java.lang.IllegalAccessException: Can not set static final org.openqa.selenium.WebElement field com.uno.pages.sd.SD_CreateNewPage.textbox_IncidenID to com.sun.proxy.$Proxy17
	at org.openqa.selenium.support.PageFactory.proxyFields(PageFactory.java:119)
	at org.openqa.selenium.support.PageFactory.initElements(PageFactory.java:105)
	at org.openqa.selenium.support.PageFactory.initElements(PageFactory.java:92)
	at org.openqa.selenium.support.PageFactory.initElements(PageFactory.java:79)
	at com.uno.pages.sd.SD_TicketPage.&lt;init&gt;(SD_TicketPage.java:54)
	at com.uno.pages.sd.SD_CreateNewPage.&lt;init&gt;(SD_CreateNewPage.java:165)
	at com.uno.pages.sd.SD_TicketPage.createNewTab(SD_TicketPage.java:61)
	at com.uno.test.sd.SD_CreateNewTest.Login(SD_CreateNewTest.java:53)
Caused by: java.lang.IllegalAccessException: Can not set static final org.openqa.selenium.WebElement field com.uno.pages.sd.SD_CreateNewPage.textbox_IncidenID to com.sun.proxy.$Proxy17
	at org.openqa.selenium.support.PageFactory.proxyFields(PageFactory.java:117)
	... 33 more
... Removed 30 stack frames</pre></div><a href='#' onClick='toggleBox("stack-trace212232499", this, "Click to show all stack frames", "Click to hide stack frames")'>Click to show all stack frames</a>
<div class='stack-trace' id='stack-trace212232499'><pre>java.lang.RuntimeException: java.lang.IllegalAccessException: Can not set static final org.openqa.selenium.WebElement field com.uno.pages.sd.SD_CreateNewPage.textbox_IncidenID to com.sun.proxy.$Proxy17
	at org.openqa.selenium.support.PageFactory.proxyFields(PageFactory.java:119)
	at org.openqa.selenium.support.PageFactory.initElements(PageFactory.java:105)
	at org.openqa.selenium.support.PageFactory.initElements(PageFactory.java:92)
	at org.openqa.selenium.support.PageFactory.initElements(PageFactory.java:79)
	at com.uno.pages.sd.SD_TicketPage.&lt;init&gt;(SD_TicketPage.java:54)
	at com.uno.pages.sd.SD_CreateNewPage.&lt;init&gt;(SD_CreateNewPage.java:165)
	at com.uno.pages.sd.SD_TicketPage.createNewTab(SD_TicketPage.java:61)
	at com.uno.test.sd.SD_CreateNewTest.Login(SD_CreateNewTest.java:53)
	at sun.reflect.NativeMethodAccessorImpl.invoke0(Native Method)
	at sun.reflect.NativeMethodAccessorImpl.invoke(Unknown Source)
	at sun.reflect.DelegatingMethodAccessorImpl.invoke(Unknown Source)
	at java.lang.reflect.Method.invoke(Unknown Source)
	at org.testng.internal.MethodInvocationHelper.invokeMethod(MethodInvocationHelper.java:124)
	at org.testng.internal.MethodInvocationHelper.invokeMethodConsideringTimeout(MethodInvocationHelper.java:59)
	at org.testng.internal.Invoker.invokeConfigurationMethod(Invoker.java:458)
	at org.testng.internal.Invoker.invokeConfigurations(Invoker.java:222)
	at org.testng.internal.Invoker.invokeConfigurations(Invoker.java:142)
	at org.testng.internal.TestMethodWorker.invokeBeforeClassMethods(TestMethodWorker.java:168)
	at org.testng.internal.TestMethodWorker.run(TestMethodWorker.java:105)
	at org.testng.TestRunner.privateRun(TestRunner.java:648)
	at org.testng.TestRunner.run(TestRunner.java:505)
	at org.testng.SuiteRunner.runTest(SuiteRunner.java:455)
	at org.testng.SuiteRunner.runSequentially(SuiteRunner.java:450)
	at org.testng.SuiteRunner.privateRun(SuiteRunner.java:415)
	at org.testng.SuiteRunner.run(SuiteRunner.java:364)
	at org.testng.SuiteRunnerWorker.runSuite(SuiteRunnerWorker.java:52)
	at org.testng.SuiteRunnerWorker.run(SuiteRunnerWorker.java:84)
	at org.testng.TestNG.runSuitesSequentially(TestNG.java:1208)
	at org.testng.TestNG.runSuitesLocally(TestNG.java:1137)
	at org.testng.TestNG.runSuites(TestNG.java:1049)
	at org.testng.TestNG.run(TestNG.java:1017)
	at org.testng.remote.AbstractRemoteTestNG.run(AbstractRemoteTestNG.java:114)
	at org.testng.remote.RemoteTestNG.initAndRun(RemoteTestNG.java:251)
	at org.testng.remote.RemoteTestNG.main(RemoteTestNG.java:77)
Caused by: java.lang.IllegalAccessException: Can not set static final org.openqa.selenium.WebElement field com.uno.pages.sd.SD_CreateNewPage.textbox_IncidenID to com.sun.proxy.$Proxy17
	at sun.reflect.UnsafeFieldAccessorImpl.throwFinalFieldIllegalAccessException(Unknown Source)
	at sun.reflect.UnsafeFieldAccessorImpl.throwFinalFieldIllegalAccessException(Unknown Source)
	at sun.reflect.UnsafeQualifiedStaticObjectFieldAccessorImpl.set(Unknown Source)
	at java.lang.reflect.Field.set(Unknown Source)
	at org.openqa.selenium.support.PageFactory.proxyFields(PageFactory.java:117)
	... 33 more
</pre></div></td>
<td>0</td>
<td>com.uno.test.sd.SD_CreateNewTest@4278a03f</td></tr>
<tr>
<td title='com.uno.test.sd.SD_CreateNewTest.CheckSearchIdTextBox()'><b>CheckSearchIdTextBox</b><br>Test class: com.uno.test.sd.SD_CreateNewTest<br>Test method: 1.If User enter the ID in Serch Ticket and click on go button then it will reflect the View Ticket page2.if you enter the perticular id then in view page it display only selected ID </td>
<td><div><pre>java.lang.RuntimeException: java.lang.IllegalAccessException: Can not set static final org.openqa.selenium.WebElement field com.uno.pages.sd.SD_CreateNewPage.textbox_IncidenID to com.sun.proxy.$Proxy17
	at org.openqa.selenium.support.PageFactory.proxyFields(PageFactory.java:119)
	at org.openqa.selenium.support.PageFactory.initElements(PageFactory.java:105)
	at org.openqa.selenium.support.PageFactory.initElements(PageFactory.java:92)
	at org.openqa.selenium.support.PageFactory.initElements(PageFactory.java:79)
	at com.uno.pages.sd.SD_TicketPage.&lt;init&gt;(SD_TicketPage.java:54)
	at com.uno.pages.sd.SD_CreateNewPage.&lt;init&gt;(SD_CreateNewPage.java:165)
	at com.uno.pages.sd.SD_TicketPage.createNewTab(SD_TicketPage.java:61)
	at com.uno.test.sd.SD_CreateNewTest.Login(SD_CreateNewTest.java:53)
Caused by: java.lang.IllegalAccessException: Can not set static final org.openqa.selenium.WebElement field com.uno.pages.sd.SD_CreateNewPage.textbox_IncidenID to com.sun.proxy.$Proxy17
	at org.openqa.selenium.support.PageFactory.proxyFields(PageFactory.java:117)
	... 33 more
... Removed 30 stack frames</pre></div><a href='#' onClick='toggleBox("stack-trace195163481", this, "Click to show all stack frames", "Click to hide stack frames")'>Click to show all stack frames</a>
<div class='stack-trace' id='stack-trace195163481'><pre>java.lang.RuntimeException: java.lang.IllegalAccessException: Can not set static final org.openqa.selenium.WebElement field com.uno.pages.sd.SD_CreateNewPage.textbox_IncidenID to com.sun.proxy.$Proxy17
	at org.openqa.selenium.support.PageFactory.proxyFields(PageFactory.java:119)
	at org.openqa.selenium.support.PageFactory.initElements(PageFactory.java:105)
	at org.openqa.selenium.support.PageFactory.initElements(PageFactory.java:92)
	at org.openqa.selenium.support.PageFactory.initElements(PageFactory.java:79)
	at com.uno.pages.sd.SD_TicketPage.&lt;init&gt;(SD_TicketPage.java:54)
	at com.uno.pages.sd.SD_CreateNewPage.&lt;init&gt;(SD_CreateNewPage.java:165)
	at com.uno.pages.sd.SD_TicketPage.createNewTab(SD_TicketPage.java:61)
	at com.uno.test.sd.SD_CreateNewTest.Login(SD_CreateNewTest.java:53)
	at sun.reflect.NativeMethodAccessorImpl.invoke0(Native Method)
	at sun.reflect.NativeMethodAccessorImpl.invoke(Unknown Source)
	at sun.reflect.DelegatingMethodAccessorImpl.invoke(Unknown Source)
	at java.lang.reflect.Method.invoke(Unknown Source)
	at org.testng.internal.MethodInvocationHelper.invokeMethod(MethodInvocationHelper.java:124)
	at org.testng.internal.MethodInvocationHelper.invokeMethodConsideringTimeout(MethodInvocationHelper.java:59)
	at org.testng.internal.Invoker.invokeConfigurationMethod(Invoker.java:458)
	at org.testng.internal.Invoker.invokeConfigurations(Invoker.java:222)
	at org.testng.internal.Invoker.invokeConfigurations(Invoker.java:142)
	at org.testng.internal.TestMethodWorker.invokeBeforeClassMethods(TestMethodWorker.java:168)
	at org.testng.internal.TestMethodWorker.run(TestMethodWorker.java:105)
	at org.testng.TestRunner.privateRun(TestRunner.java:648)
	at org.testng.TestRunner.run(TestRunner.java:505)
	at org.testng.SuiteRunner.runTest(SuiteRunner.java:455)
	at org.testng.SuiteRunner.runSequentially(SuiteRunner.java:450)
	at org.testng.SuiteRunner.privateRun(SuiteRunner.java:415)
	at org.testng.SuiteRunner.run(SuiteRunner.java:364)
	at org.testng.SuiteRunnerWorker.runSuite(SuiteRunnerWorker.java:52)
	at org.testng.SuiteRunnerWorker.run(SuiteRunnerWorker.java:84)
	at org.testng.TestNG.runSuitesSequentially(TestNG.java:1208)
	at org.testng.TestNG.runSuitesLocally(TestNG.java:1137)
	at org.testng.TestNG.runSuites(TestNG.java:1049)
	at org.testng.TestNG.run(TestNG.java:1017)
	at org.testng.remote.AbstractRemoteTestNG.run(AbstractRemoteTestNG.java:114)
	at org.testng.remote.RemoteTestNG.initAndRun(RemoteTestNG.java:251)
	at org.testng.remote.RemoteTestNG.main(RemoteTestNG.java:77)
Caused by: java.lang.IllegalAccessException: Can not set static final org.openqa.selenium.WebElement field com.uno.pages.sd.SD_CreateNewPage.textbox_IncidenID to com.sun.proxy.$Proxy17
	at sun.reflect.UnsafeFieldAccessorImpl.throwFinalFieldIllegalAccessException(Unknown Source)
	at sun.reflect.UnsafeFieldAccessorImpl.throwFinalFieldIllegalAccessException(Unknown Source)
	at sun.reflect.UnsafeQualifiedStaticObjectFieldAccessorImpl.set(Unknown Source)
	at java.lang.reflect.Field.set(Unknown Source)
	at org.openqa.selenium.support.PageFactory.proxyFields(PageFactory.java:117)
	... 33 more
</pre></div></td>
<td>0</td>
<td>com.uno.test.sd.SD_CreateNewTest@4278a03f</td></tr>
<tr>
<td title='com.uno.test.sd.SD_CreateNewTest.CreateTicket()'><b>CreateTicket</b><br>Test class: com.uno.test.sd.SD_CreateNewTest<br>Test method: check that ticket is log or not</td>
<td><div><pre>java.lang.RuntimeException: java.lang.IllegalAccessException: Can not set static final org.openqa.selenium.WebElement field com.uno.pages.sd.SD_CreateNewPage.textbox_IncidenID to com.sun.proxy.$Proxy17
	at org.openqa.selenium.support.PageFactory.proxyFields(PageFactory.java:119)
	at org.openqa.selenium.support.PageFactory.initElements(PageFactory.java:105)
	at org.openqa.selenium.support.PageFactory.initElements(PageFactory.java:92)
	at org.openqa.selenium.support.PageFactory.initElements(PageFactory.java:79)
	at com.uno.pages.sd.SD_TicketPage.&lt;init&gt;(SD_TicketPage.java:54)
	at com.uno.pages.sd.SD_CreateNewPage.&lt;init&gt;(SD_CreateNewPage.java:165)
	at com.uno.pages.sd.SD_TicketPage.createNewTab(SD_TicketPage.java:61)
	at com.uno.test.sd.SD_CreateNewTest.Login(SD_CreateNewTest.java:53)
Caused by: java.lang.IllegalAccessException: Can not set static final org.openqa.selenium.WebElement field com.uno.pages.sd.SD_CreateNewPage.textbox_IncidenID to com.sun.proxy.$Proxy17
	at org.openqa.selenium.support.PageFactory.proxyFields(PageFactory.java:117)
	... 33 more
... Removed 30 stack frames</pre></div><a href='#' onClick='toggleBox("stack-trace2142129482", this, "Click to show all stack frames", "Click to hide stack frames")'>Click to show all stack frames</a>
<div class='stack-trace' id='stack-trace2142129482'><pre>java.lang.RuntimeException: java.lang.IllegalAccessException: Can not set static final org.openqa.selenium.WebElement field com.uno.pages.sd.SD_CreateNewPage.textbox_IncidenID to com.sun.proxy.$Proxy17
	at org.openqa.selenium.support.PageFactory.proxyFields(PageFactory.java:119)
	at org.openqa.selenium.support.PageFactory.initElements(PageFactory.java:105)
	at org.openqa.selenium.support.PageFactory.initElements(PageFactory.java:92)
	at org.openqa.selenium.support.PageFactory.initElements(PageFactory.java:79)
	at com.uno.pages.sd.SD_TicketPage.&lt;init&gt;(SD_TicketPage.java:54)
	at com.uno.pages.sd.SD_CreateNewPage.&lt;init&gt;(SD_CreateNewPage.java:165)
	at com.uno.pages.sd.SD_TicketPage.createNewTab(SD_TicketPage.java:61)
	at com.uno.test.sd.SD_CreateNewTest.Login(SD_CreateNewTest.java:53)
	at sun.reflect.NativeMethodAccessorImpl.invoke0(Native Method)
	at sun.reflect.NativeMethodAccessorImpl.invoke(Unknown Source)
	at sun.reflect.DelegatingMethodAccessorImpl.invoke(Unknown Source)
	at java.lang.reflect.Method.invoke(Unknown Source)
	at org.testng.internal.MethodInvocationHelper.invokeMethod(MethodInvocationHelper.java:124)
	at org.testng.internal.MethodInvocationHelper.invokeMethodConsideringTimeout(MethodInvocationHelper.java:59)
	at org.testng.internal.Invoker.invokeConfigurationMethod(Invoker.java:458)
	at org.testng.internal.Invoker.invokeConfigurations(Invoker.java:222)
	at org.testng.internal.Invoker.invokeConfigurations(Invoker.java:142)
	at org.testng.internal.TestMethodWorker.invokeBeforeClassMethods(TestMethodWorker.java:168)
	at org.testng.internal.TestMethodWorker.run(TestMethodWorker.java:105)
	at org.testng.TestRunner.privateRun(TestRunner.java:648)
	at org.testng.TestRunner.run(TestRunner.java:505)
	at org.testng.SuiteRunner.runTest(SuiteRunner.java:455)
	at org.testng.SuiteRunner.runSequentially(SuiteRunner.java:450)
	at org.testng.SuiteRunner.privateRun(SuiteRunner.java:415)
	at org.testng.SuiteRunner.run(SuiteRunner.java:364)
	at org.testng.SuiteRunnerWorker.runSuite(SuiteRunnerWorker.java:52)
	at org.testng.SuiteRunnerWorker.run(SuiteRunnerWorker.java:84)
	at org.testng.TestNG.runSuitesSequentially(TestNG.java:1208)
	at org.testng.TestNG.runSuitesLocally(TestNG.java:1137)
	at org.testng.TestNG.runSuites(TestNG.java:1049)
	at org.testng.TestNG.run(TestNG.java:1017)
	at org.testng.remote.AbstractRemoteTestNG.run(AbstractRemoteTestNG.java:114)
	at org.testng.remote.RemoteTestNG.initAndRun(RemoteTestNG.java:251)
	at org.testng.remote.RemoteTestNG.main(RemoteTestNG.java:77)
Caused by: java.lang.IllegalAccessException: Can not set static final org.openqa.selenium.WebElement field com.uno.pages.sd.SD_CreateNewPage.textbox_IncidenID to com.sun.proxy.$Proxy17
	at sun.reflect.UnsafeFieldAccessorImpl.throwFinalFieldIllegalAccessException(Unknown Source)
	at sun.reflect.UnsafeFieldAccessorImpl.throwFinalFieldIllegalAccessException(Unknown Source)
	at sun.reflect.UnsafeQualifiedStaticObjectFieldAccessorImpl.set(Unknown Source)
	at java.lang.reflect.Field.set(Unknown Source)
	at org.openqa.selenium.support.PageFactory.proxyFields(PageFactory.java:117)
	... 33 more
</pre></div></td>
<td>0</td>
<td>com.uno.test.sd.SD_CreateNewTest@4278a03f</td></tr>
<tr>
<td title='com.uno.test.sd.SD_CreateNewTest.LogBySerialNumber()'><b>LogBySerialNumber</b><br>Test class: com.uno.test.sd.SD_CreateNewTest<br>Test method: If user enter the serial number in log by serial number then the detail is dispaly in requestor tab</td>
<td><div><pre>java.lang.RuntimeException: java.lang.IllegalAccessException: Can not set static final org.openqa.selenium.WebElement field com.uno.pages.sd.SD_CreateNewPage.textbox_IncidenID to com.sun.proxy.$Proxy17
	at org.openqa.selenium.support.PageFactory.proxyFields(PageFactory.java:119)
	at org.openqa.selenium.support.PageFactory.initElements(PageFactory.java:105)
	at org.openqa.selenium.support.PageFactory.initElements(PageFactory.java:92)
	at org.openqa.selenium.support.PageFactory.initElements(PageFactory.java:79)
	at com.uno.pages.sd.SD_TicketPage.&lt;init&gt;(SD_TicketPage.java:54)
	at com.uno.pages.sd.SD_CreateNewPage.&lt;init&gt;(SD_CreateNewPage.java:165)
	at com.uno.pages.sd.SD_TicketPage.createNewTab(SD_TicketPage.java:61)
	at com.uno.test.sd.SD_CreateNewTest.Login(SD_CreateNewTest.java:53)
Caused by: java.lang.IllegalAccessException: Can not set static final org.openqa.selenium.WebElement field com.uno.pages.sd.SD_CreateNewPage.textbox_IncidenID to com.sun.proxy.$Proxy17
	at org.openqa.selenium.support.PageFactory.proxyFields(PageFactory.java:117)
	... 33 more
... Removed 30 stack frames</pre></div><a href='#' onClick='toggleBox("stack-trace1333529571", this, "Click to show all stack frames", "Click to hide stack frames")'>Click to show all stack frames</a>
<div class='stack-trace' id='stack-trace1333529571'><pre>java.lang.RuntimeException: java.lang.IllegalAccessException: Can not set static final org.openqa.selenium.WebElement field com.uno.pages.sd.SD_CreateNewPage.textbox_IncidenID to com.sun.proxy.$Proxy17
	at org.openqa.selenium.support.PageFactory.proxyFields(PageFactory.java:119)
	at org.openqa.selenium.support.PageFactory.initElements(PageFactory.java:105)
	at org.openqa.selenium.support.PageFactory.initElements(PageFactory.java:92)
	at org.openqa.selenium.support.PageFactory.initElements(PageFactory.java:79)
	at com.uno.pages.sd.SD_TicketPage.&lt;init&gt;(SD_TicketPage.java:54)
	at com.uno.pages.sd.SD_CreateNewPage.&lt;init&gt;(SD_CreateNewPage.java:165)
	at com.uno.pages.sd.SD_TicketPage.createNewTab(SD_TicketPage.java:61)
	at com.uno.test.sd.SD_CreateNewTest.Login(SD_CreateNewTest.java:53)
	at sun.reflect.NativeMethodAccessorImpl.invoke0(Native Method)
	at sun.reflect.NativeMethodAccessorImpl.invoke(Unknown Source)
	at sun.reflect.DelegatingMethodAccessorImpl.invoke(Unknown Source)
	at java.lang.reflect.Method.invoke(Unknown Source)
	at org.testng.internal.MethodInvocationHelper.invokeMethod(MethodInvocationHelper.java:124)
	at org.testng.internal.MethodInvocationHelper.invokeMethodConsideringTimeout(MethodInvocationHelper.java:59)
	at org.testng.internal.Invoker.invokeConfigurationMethod(Invoker.java:458)
	at org.testng.internal.Invoker.invokeConfigurations(Invoker.java:222)
	at org.testng.internal.Invoker.invokeConfigurations(Invoker.java:142)
	at org.testng.internal.TestMethodWorker.invokeBeforeClassMethods(TestMethodWorker.java:168)
	at org.testng.internal.TestMethodWorker.run(TestMethodWorker.java:105)
	at org.testng.TestRunner.privateRun(TestRunner.java:648)
	at org.testng.TestRunner.run(TestRunner.java:505)
	at org.testng.SuiteRunner.runTest(SuiteRunner.java:455)
	at org.testng.SuiteRunner.runSequentially(SuiteRunner.java:450)
	at org.testng.SuiteRunner.privateRun(SuiteRunner.java:415)
	at org.testng.SuiteRunner.run(SuiteRunner.java:364)
	at org.testng.SuiteRunnerWorker.runSuite(SuiteRunnerWorker.java:52)
	at org.testng.SuiteRunnerWorker.run(SuiteRunnerWorker.java:84)
	at org.testng.TestNG.runSuitesSequentially(TestNG.java:1208)
	at org.testng.TestNG.runSuitesLocally(TestNG.java:1137)
	at org.testng.TestNG.runSuites(TestNG.java:1049)
	at org.testng.TestNG.run(TestNG.java:1017)
	at org.testng.remote.AbstractRemoteTestNG.run(AbstractRemoteTestNG.java:114)
	at org.testng.remote.RemoteTestNG.initAndRun(RemoteTestNG.java:251)
	at org.testng.remote.RemoteTestNG.main(RemoteTestNG.java:77)
Caused by: java.lang.IllegalAccessException: Can not set static final org.openqa.selenium.WebElement field com.uno.pages.sd.SD_CreateNewPage.textbox_IncidenID to com.sun.proxy.$Proxy17
	at sun.reflect.UnsafeFieldAccessorImpl.throwFinalFieldIllegalAccessException(Unknown Source)
	at sun.reflect.UnsafeFieldAccessorImpl.throwFinalFieldIllegalAccessException(Unknown Source)
	at sun.reflect.UnsafeQualifiedStaticObjectFieldAccessorImpl.set(Unknown Source)
	at java.lang.reflect.Field.set(Unknown Source)
	at org.openqa.selenium.support.PageFactory.proxyFields(PageFactory.java:117)
	... 33 more
</pre></div></td>
<td>0</td>
<td>com.uno.test.sd.SD_CreateNewTest@4278a03f</td></tr>
<tr>
<td title='com.uno.test.sd.SD_CreateNewTest.VerifyAssetIDTextBox()'><b>VerifyAssetIDTextBox</b><br>Test class: com.uno.test.sd.SD_CreateNewTest<br>Test method: 1.If User enter the Assert ID in Serch Ticket and click on go button then it will reflect the View Ticket page2.if you enter the perticular Assert Id then in view page it display only selected ID</td>
<td><div><pre>java.lang.RuntimeException: java.lang.IllegalAccessException: Can not set static final org.openqa.selenium.WebElement field com.uno.pages.sd.SD_CreateNewPage.textbox_IncidenID to com.sun.proxy.$Proxy17
	at org.openqa.selenium.support.PageFactory.proxyFields(PageFactory.java:119)
	at org.openqa.selenium.support.PageFactory.initElements(PageFactory.java:105)
	at org.openqa.selenium.support.PageFactory.initElements(PageFactory.java:92)
	at org.openqa.selenium.support.PageFactory.initElements(PageFactory.java:79)
	at com.uno.pages.sd.SD_TicketPage.&lt;init&gt;(SD_TicketPage.java:54)
	at com.uno.pages.sd.SD_CreateNewPage.&lt;init&gt;(SD_CreateNewPage.java:165)
	at com.uno.pages.sd.SD_TicketPage.createNewTab(SD_TicketPage.java:61)
	at com.uno.test.sd.SD_CreateNewTest.Login(SD_CreateNewTest.java:53)
Caused by: java.lang.IllegalAccessException: Can not set static final org.openqa.selenium.WebElement field com.uno.pages.sd.SD_CreateNewPage.textbox_IncidenID to com.sun.proxy.$Proxy17
	at org.openqa.selenium.support.PageFactory.proxyFields(PageFactory.java:117)
	... 33 more
... Removed 30 stack frames</pre></div><a href='#' onClick='toggleBox("stack-trace1062181581", this, "Click to show all stack frames", "Click to hide stack frames")'>Click to show all stack frames</a>
<div class='stack-trace' id='stack-trace1062181581'><pre>java.lang.RuntimeException: java.lang.IllegalAccessException: Can not set static final org.openqa.selenium.WebElement field com.uno.pages.sd.SD_CreateNewPage.textbox_IncidenID to com.sun.proxy.$Proxy17
	at org.openqa.selenium.support.PageFactory.proxyFields(PageFactory.java:119)
	at org.openqa.selenium.support.PageFactory.initElements(PageFactory.java:105)
	at org.openqa.selenium.support.PageFactory.initElements(PageFactory.java:92)
	at org.openqa.selenium.support.PageFactory.initElements(PageFactory.java:79)
	at com.uno.pages.sd.SD_TicketPage.&lt;init&gt;(SD_TicketPage.java:54)
	at com.uno.pages.sd.SD_CreateNewPage.&lt;init&gt;(SD_CreateNewPage.java:165)
	at com.uno.pages.sd.SD_TicketPage.createNewTab(SD_TicketPage.java:61)
	at com.uno.test.sd.SD_CreateNewTest.Login(SD_CreateNewTest.java:53)
	at sun.reflect.NativeMethodAccessorImpl.invoke0(Native Method)
	at sun.reflect.NativeMethodAccessorImpl.invoke(Unknown Source)
	at sun.reflect.DelegatingMethodAccessorImpl.invoke(Unknown Source)
	at java.lang.reflect.Method.invoke(Unknown Source)
	at org.testng.internal.MethodInvocationHelper.invokeMethod(MethodInvocationHelper.java:124)
	at org.testng.internal.MethodInvocationHelper.invokeMethodConsideringTimeout(MethodInvocationHelper.java:59)
	at org.testng.internal.Invoker.invokeConfigurationMethod(Invoker.java:458)
	at org.testng.internal.Invoker.invokeConfigurations(Invoker.java:222)
	at org.testng.internal.Invoker.invokeConfigurations(Invoker.java:142)
	at org.testng.internal.TestMethodWorker.invokeBeforeClassMethods(TestMethodWorker.java:168)
	at org.testng.internal.TestMethodWorker.run(TestMethodWorker.java:105)
	at org.testng.TestRunner.privateRun(TestRunner.java:648)
	at org.testng.TestRunner.run(TestRunner.java:505)
	at org.testng.SuiteRunner.runTest(SuiteRunner.java:455)
	at org.testng.SuiteRunner.runSequentially(SuiteRunner.java:450)
	at org.testng.SuiteRunner.privateRun(SuiteRunner.java:415)
	at org.testng.SuiteRunner.run(SuiteRunner.java:364)
	at org.testng.SuiteRunnerWorker.runSuite(SuiteRunnerWorker.java:52)
	at org.testng.SuiteRunnerWorker.run(SuiteRunnerWorker.java:84)
	at org.testng.TestNG.runSuitesSequentially(TestNG.java:1208)
	at org.testng.TestNG.runSuitesLocally(TestNG.java:1137)
	at org.testng.TestNG.runSuites(TestNG.java:1049)
	at org.testng.TestNG.run(TestNG.java:1017)
	at org.testng.remote.AbstractRemoteTestNG.run(AbstractRemoteTestNG.java:114)
	at org.testng.remote.RemoteTestNG.initAndRun(RemoteTestNG.java:251)
	at org.testng.remote.RemoteTestNG.main(RemoteTestNG.java:77)
Caused by: java.lang.IllegalAccessException: Can not set static final org.openqa.selenium.WebElement field com.uno.pages.sd.SD_CreateNewPage.textbox_IncidenID to com.sun.proxy.$Proxy17
	at sun.reflect.UnsafeFieldAccessorImpl.throwFinalFieldIllegalAccessException(Unknown Source)
	at sun.reflect.UnsafeFieldAccessorImpl.throwFinalFieldIllegalAccessException(Unknown Source)
	at sun.reflect.UnsafeQualifiedStaticObjectFieldAccessorImpl.set(Unknown Source)
	at java.lang.reflect.Field.set(Unknown Source)
	at org.openqa.selenium.support.PageFactory.proxyFields(PageFactory.java:117)
	... 33 more
</pre></div></td>
<td>0</td>
<td>com.uno.test.sd.SD_CreateNewTest@4278a03f</td></tr>
<tr>
<td title='com.uno.test.sd.SD_CreateNewTest.VerifyTicketDateTime()'><b>VerifyTicketDateTime</b><br>Test class: com.uno.test.sd.SD_CreateNewTest<br>Test method: Check that the Ticket date time is equal to the system date and time</td>
<td><div><pre>java.lang.RuntimeException: java.lang.IllegalAccessException: Can not set static final org.openqa.selenium.WebElement field com.uno.pages.sd.SD_CreateNewPage.textbox_IncidenID to com.sun.proxy.$Proxy17
	at org.openqa.selenium.support.PageFactory.proxyFields(PageFactory.java:119)
	at org.openqa.selenium.support.PageFactory.initElements(PageFactory.java:105)
	at org.openqa.selenium.support.PageFactory.initElements(PageFactory.java:92)
	at org.openqa.selenium.support.PageFactory.initElements(PageFactory.java:79)
	at com.uno.pages.sd.SD_TicketPage.&lt;init&gt;(SD_TicketPage.java:54)
	at com.uno.pages.sd.SD_CreateNewPage.&lt;init&gt;(SD_CreateNewPage.java:165)
	at com.uno.pages.sd.SD_TicketPage.createNewTab(SD_TicketPage.java:61)
	at com.uno.test.sd.SD_CreateNewTest.Login(SD_CreateNewTest.java:53)
Caused by: java.lang.IllegalAccessException: Can not set static final org.openqa.selenium.WebElement field com.uno.pages.sd.SD_CreateNewPage.textbox_IncidenID to com.sun.proxy.$Proxy17
	at org.openqa.selenium.support.PageFactory.proxyFields(PageFactory.java:117)
	... 33 more
... Removed 30 stack frames</pre></div><a href='#' onClick='toggleBox("stack-trace1417413828", this, "Click to show all stack frames", "Click to hide stack frames")'>Click to show all stack frames</a>
<div class='stack-trace' id='stack-trace1417413828'><pre>java.lang.RuntimeException: java.lang.IllegalAccessException: Can not set static final org.openqa.selenium.WebElement field com.uno.pages.sd.SD_CreateNewPage.textbox_IncidenID to com.sun.proxy.$Proxy17
	at org.openqa.selenium.support.PageFactory.proxyFields(PageFactory.java:119)
	at org.openqa.selenium.support.PageFactory.initElements(PageFactory.java:105)
	at org.openqa.selenium.support.PageFactory.initElements(PageFactory.java:92)
	at org.openqa.selenium.support.PageFactory.initElements(PageFactory.java:79)
	at com.uno.pages.sd.SD_TicketPage.&lt;init&gt;(SD_TicketPage.java:54)
	at com.uno.pages.sd.SD_CreateNewPage.&lt;init&gt;(SD_CreateNewPage.java:165)
	at com.uno.pages.sd.SD_TicketPage.createNewTab(SD_TicketPage.java:61)
	at com.uno.test.sd.SD_CreateNewTest.Login(SD_CreateNewTest.java:53)
	at sun.reflect.NativeMethodAccessorImpl.invoke0(Native Method)
	at sun.reflect.NativeMethodAccessorImpl.invoke(Unknown Source)
	at sun.reflect.DelegatingMethodAccessorImpl.invoke(Unknown Source)
	at java.lang.reflect.Method.invoke(Unknown Source)
	at org.testng.internal.MethodInvocationHelper.invokeMethod(MethodInvocationHelper.java:124)
	at org.testng.internal.MethodInvocationHelper.invokeMethodConsideringTimeout(MethodInvocationHelper.java:59)
	at org.testng.internal.Invoker.invokeConfigurationMethod(Invoker.java:458)
	at org.testng.internal.Invoker.invokeConfigurations(Invoker.java:222)
	at org.testng.internal.Invoker.invokeConfigurations(Invoker.java:142)
	at org.testng.internal.TestMethodWorker.invokeBeforeClassMethods(TestMethodWorker.java:168)
	at org.testng.internal.TestMethodWorker.run(TestMethodWorker.java:105)
	at org.testng.TestRunner.privateRun(TestRunner.java:648)
	at org.testng.TestRunner.run(TestRunner.java:505)
	at org.testng.SuiteRunner.runTest(SuiteRunner.java:455)
	at org.testng.SuiteRunner.runSequentially(SuiteRunner.java:450)
	at org.testng.SuiteRunner.privateRun(SuiteRunner.java:415)
	at org.testng.SuiteRunner.run(SuiteRunner.java:364)
	at org.testng.SuiteRunnerWorker.runSuite(SuiteRunnerWorker.java:52)
	at org.testng.SuiteRunnerWorker.run(SuiteRunnerWorker.java:84)
	at org.testng.TestNG.runSuitesSequentially(TestNG.java:1208)
	at org.testng.TestNG.runSuitesLocally(TestNG.java:1137)
	at org.testng.TestNG.runSuites(TestNG.java:1049)
	at org.testng.TestNG.run(TestNG.java:1017)
	at org.testng.remote.AbstractRemoteTestNG.run(AbstractRemoteTestNG.java:114)
	at org.testng.remote.RemoteTestNG.initAndRun(RemoteTestNG.java:251)
	at org.testng.remote.RemoteTestNG.main(RemoteTestNG.java:77)
Caused by: java.lang.IllegalAccessException: Can not set static final org.openqa.selenium.WebElement field com.uno.pages.sd.SD_CreateNewPage.textbox_IncidenID to com.sun.proxy.$Proxy17
	at sun.reflect.UnsafeFieldAccessorImpl.throwFinalFieldIllegalAccessException(Unknown Source)
	at sun.reflect.UnsafeFieldAccessorImpl.throwFinalFieldIllegalAccessException(Unknown Source)
	at sun.reflect.UnsafeQualifiedStaticObjectFieldAccessorImpl.set(Unknown Source)
	at java.lang.reflect.Field.set(Unknown Source)
	at org.openqa.selenium.support.PageFactory.proxyFields(PageFactory.java:117)
	... 33 more
</pre></div></td>
<td>0</td>
<td>com.uno.test.sd.SD_CreateNewTest@4278a03f</td></tr>
<tr>
<td title='com.uno.test.sd.SD_CreateNewTest.VerifyTicketIdTextBox()'><b>VerifyTicketIdTextBox</b><br>Test class: com.uno.test.sd.SD_CreateNewTest<br>Test method: 1.If User enter the Ticket ID in Serch Ticket and click on go button then it will reflect the View Ticket page2.if you enter the particular Ticket Id then in view page it display only selected ID</td>
<td><div><pre>java.lang.RuntimeException: java.lang.IllegalAccessException: Can not set static final org.openqa.selenium.WebElement field com.uno.pages.sd.SD_CreateNewPage.textbox_IncidenID to com.sun.proxy.$Proxy17
	at org.openqa.selenium.support.PageFactory.proxyFields(PageFactory.java:119)
	at org.openqa.selenium.support.PageFactory.initElements(PageFactory.java:105)
	at org.openqa.selenium.support.PageFactory.initElements(PageFactory.java:92)
	at org.openqa.selenium.support.PageFactory.initElements(PageFactory.java:79)
	at com.uno.pages.sd.SD_TicketPage.&lt;init&gt;(SD_TicketPage.java:54)
	at com.uno.pages.sd.SD_CreateNewPage.&lt;init&gt;(SD_CreateNewPage.java:165)
	at com.uno.pages.sd.SD_TicketPage.createNewTab(SD_TicketPage.java:61)
	at com.uno.test.sd.SD_CreateNewTest.Login(SD_CreateNewTest.java:53)
Caused by: java.lang.IllegalAccessException: Can not set static final org.openqa.selenium.WebElement field com.uno.pages.sd.SD_CreateNewPage.textbox_IncidenID to com.sun.proxy.$Proxy17
	at org.openqa.selenium.support.PageFactory.proxyFields(PageFactory.java:117)
	... 33 more
... Removed 30 stack frames</pre></div><a href='#' onClick='toggleBox("stack-trace1186657657", this, "Click to show all stack frames", "Click to hide stack frames")'>Click to show all stack frames</a>
<div class='stack-trace' id='stack-trace1186657657'><pre>java.lang.RuntimeException: java.lang.IllegalAccessException: Can not set static final org.openqa.selenium.WebElement field com.uno.pages.sd.SD_CreateNewPage.textbox_IncidenID to com.sun.proxy.$Proxy17
	at org.openqa.selenium.support.PageFactory.proxyFields(PageFactory.java:119)
	at org.openqa.selenium.support.PageFactory.initElements(PageFactory.java:105)
	at org.openqa.selenium.support.PageFactory.initElements(PageFactory.java:92)
	at org.openqa.selenium.support.PageFactory.initElements(PageFactory.java:79)
	at com.uno.pages.sd.SD_TicketPage.&lt;init&gt;(SD_TicketPage.java:54)
	at com.uno.pages.sd.SD_CreateNewPage.&lt;init&gt;(SD_CreateNewPage.java:165)
	at com.uno.pages.sd.SD_TicketPage.createNewTab(SD_TicketPage.java:61)
	at com.uno.test.sd.SD_CreateNewTest.Login(SD_CreateNewTest.java:53)
	at sun.reflect.NativeMethodAccessorImpl.invoke0(Native Method)
	at sun.reflect.NativeMethodAccessorImpl.invoke(Unknown Source)
	at sun.reflect.DelegatingMethodAccessorImpl.invoke(Unknown Source)
	at java.lang.reflect.Method.invoke(Unknown Source)
	at org.testng.internal.MethodInvocationHelper.invokeMethod(MethodInvocationHelper.java:124)
	at org.testng.internal.MethodInvocationHelper.invokeMethodConsideringTimeout(MethodInvocationHelper.java:59)
	at org.testng.internal.Invoker.invokeConfigurationMethod(Invoker.java:458)
	at org.testng.internal.Invoker.invokeConfigurations(Invoker.java:222)
	at org.testng.internal.Invoker.invokeConfigurations(Invoker.java:142)
	at org.testng.internal.TestMethodWorker.invokeBeforeClassMethods(TestMethodWorker.java:168)
	at org.testng.internal.TestMethodWorker.run(TestMethodWorker.java:105)
	at org.testng.TestRunner.privateRun(TestRunner.java:648)
	at org.testng.TestRunner.run(TestRunner.java:505)
	at org.testng.SuiteRunner.runTest(SuiteRunner.java:455)
	at org.testng.SuiteRunner.runSequentially(SuiteRunner.java:450)
	at org.testng.SuiteRunner.privateRun(SuiteRunner.java:415)
	at org.testng.SuiteRunner.run(SuiteRunner.java:364)
	at org.testng.SuiteRunnerWorker.runSuite(SuiteRunnerWorker.java:52)
	at org.testng.SuiteRunnerWorker.run(SuiteRunnerWorker.java:84)
	at org.testng.TestNG.runSuitesSequentially(TestNG.java:1208)
	at org.testng.TestNG.runSuitesLocally(TestNG.java:1137)
	at org.testng.TestNG.runSuites(TestNG.java:1049)
	at org.testng.TestNG.run(TestNG.java:1017)
	at org.testng.remote.AbstractRemoteTestNG.run(AbstractRemoteTestNG.java:114)
	at org.testng.remote.RemoteTestNG.initAndRun(RemoteTestNG.java:251)
	at org.testng.remote.RemoteTestNG.main(RemoteTestNG.java:77)
Caused by: java.lang.IllegalAccessException: Can not set static final org.openqa.selenium.WebElement field com.uno.pages.sd.SD_CreateNewPage.textbox_IncidenID to com.sun.proxy.$Proxy17
	at sun.reflect.UnsafeFieldAccessorImpl.throwFinalFieldIllegalAccessException(Unknown Source)
	at sun.reflect.UnsafeFieldAccessorImpl.throwFinalFieldIllegalAccessException(Unknown Source)
	at sun.reflect.UnsafeQualifiedStaticObjectFieldAccessorImpl.set(Unknown Source)
	at java.lang.reflect.Field.set(Unknown Source)
	at org.openqa.selenium.support.PageFactory.proxyFields(PageFactory.java:117)
	... 33 more
</pre></div></td>
<td>0</td>
<td>com.uno.test.sd.SD_CreateNewTest@4278a03f</td></tr>
<tr>
<td title='com.uno.test.sd.SD_CreateNewTest.VerifyTitleOfCreateNewPage()'><b>VerifyTitleOfCreateNewPage</b><br>Test class: com.uno.test.sd.SD_CreateNewTest<br>Test method: Check  title of page</td>
<td><div><pre>java.lang.RuntimeException: java.lang.IllegalAccessException: Can not set static final org.openqa.selenium.WebElement field com.uno.pages.sd.SD_CreateNewPage.textbox_IncidenID to com.sun.proxy.$Proxy17
	at org.openqa.selenium.support.PageFactory.proxyFields(PageFactory.java:119)
	at org.openqa.selenium.support.PageFactory.initElements(PageFactory.java:105)
	at org.openqa.selenium.support.PageFactory.initElements(PageFactory.java:92)
	at org.openqa.selenium.support.PageFactory.initElements(PageFactory.java:79)
	at com.uno.pages.sd.SD_TicketPage.&lt;init&gt;(SD_TicketPage.java:54)
	at com.uno.pages.sd.SD_CreateNewPage.&lt;init&gt;(SD_CreateNewPage.java:165)
	at com.uno.pages.sd.SD_TicketPage.createNewTab(SD_TicketPage.java:61)
	at com.uno.test.sd.SD_CreateNewTest.Login(SD_CreateNewTest.java:53)
Caused by: java.lang.IllegalAccessException: Can not set static final org.openqa.selenium.WebElement field com.uno.pages.sd.SD_CreateNewPage.textbox_IncidenID to com.sun.proxy.$Proxy17
	at org.openqa.selenium.support.PageFactory.proxyFields(PageFactory.java:117)
	... 33 more
... Removed 30 stack frames</pre></div><a href='#' onClick='toggleBox("stack-trace2065886345", this, "Click to show all stack frames", "Click to hide stack frames")'>Click to show all stack frames</a>
<div class='stack-trace' id='stack-trace2065886345'><pre>java.lang.RuntimeException: java.lang.IllegalAccessException: Can not set static final org.openqa.selenium.WebElement field com.uno.pages.sd.SD_CreateNewPage.textbox_IncidenID to com.sun.proxy.$Proxy17
	at org.openqa.selenium.support.PageFactory.proxyFields(PageFactory.java:119)
	at org.openqa.selenium.support.PageFactory.initElements(PageFactory.java:105)
	at org.openqa.selenium.support.PageFactory.initElements(PageFactory.java:92)
	at org.openqa.selenium.support.PageFactory.initElements(PageFactory.java:79)
	at com.uno.pages.sd.SD_TicketPage.&lt;init&gt;(SD_TicketPage.java:54)
	at com.uno.pages.sd.SD_CreateNewPage.&lt;init&gt;(SD_CreateNewPage.java:165)
	at com.uno.pages.sd.SD_TicketPage.createNewTab(SD_TicketPage.java:61)
	at com.uno.test.sd.SD_CreateNewTest.Login(SD_CreateNewTest.java:53)
	at sun.reflect.NativeMethodAccessorImpl.invoke0(Native Method)
	at sun.reflect.NativeMethodAccessorImpl.invoke(Unknown Source)
	at sun.reflect.DelegatingMethodAccessorImpl.invoke(Unknown Source)
	at java.lang.reflect.Method.invoke(Unknown Source)
	at org.testng.internal.MethodInvocationHelper.invokeMethod(MethodInvocationHelper.java:124)
	at org.testng.internal.MethodInvocationHelper.invokeMethodConsideringTimeout(MethodInvocationHelper.java:59)
	at org.testng.internal.Invoker.invokeConfigurationMethod(Invoker.java:458)
	at org.testng.internal.Invoker.invokeConfigurations(Invoker.java:222)
	at org.testng.internal.Invoker.invokeConfigurations(Invoker.java:142)
	at org.testng.internal.TestMethodWorker.invokeBeforeClassMethods(TestMethodWorker.java:168)
	at org.testng.internal.TestMethodWorker.run(TestMethodWorker.java:105)
	at org.testng.TestRunner.privateRun(TestRunner.java:648)
	at org.testng.TestRunner.run(TestRunner.java:505)
	at org.testng.SuiteRunner.runTest(SuiteRunner.java:455)
	at org.testng.SuiteRunner.runSequentially(SuiteRunner.java:450)
	at org.testng.SuiteRunner.privateRun(SuiteRunner.java:415)
	at org.testng.SuiteRunner.run(SuiteRunner.java:364)
	at org.testng.SuiteRunnerWorker.runSuite(SuiteRunnerWorker.java:52)
	at org.testng.SuiteRunnerWorker.run(SuiteRunnerWorker.java:84)
	at org.testng.TestNG.runSuitesSequentially(TestNG.java:1208)
	at org.testng.TestNG.runSuitesLocally(TestNG.java:1137)
	at org.testng.TestNG.runSuites(TestNG.java:1049)
	at org.testng.TestNG.run(TestNG.java:1017)
	at org.testng.remote.AbstractRemoteTestNG.run(AbstractRemoteTestNG.java:114)
	at org.testng.remote.RemoteTestNG.initAndRun(RemoteTestNG.java:251)
	at org.testng.remote.RemoteTestNG.main(RemoteTestNG.java:77)
Caused by: java.lang.IllegalAccessException: Can not set static final org.openqa.selenium.WebElement field com.uno.pages.sd.SD_CreateNewPage.textbox_IncidenID to com.sun.proxy.$Proxy17
	at sun.reflect.UnsafeFieldAccessorImpl.throwFinalFieldIllegalAccessException(Unknown Source)
	at sun.reflect.UnsafeFieldAccessorImpl.throwFinalFieldIllegalAccessException(Unknown Source)
	at sun.reflect.UnsafeQualifiedStaticObjectFieldAccessorImpl.set(Unknown Source)
	at java.lang.reflect.Field.set(Unknown Source)
	at org.openqa.selenium.support.PageFactory.proxyFields(PageFactory.java:117)
	... 33 more
</pre></div></td>
<td>0</td>
<td>com.uno.test.sd.SD_CreateNewTest@4278a03f</td></tr>
</table><p>
</body>
</html>