<?xml version="1.0" encoding="UTF-8"?>
<!-- Generated by org.testng.reporters.JUnitXMLReporter -->
<testsuite hostname="Admin-PC" ignored="5" name="SD_EditTicketTest" tests="4" failures="0" timestamp="04 Dec 2018 09:17:58 GMT" time="83.038" errors="0">
  <testcase name="@BeforeMethod ViewTicket" time="21.277" classname="com.uno.test.sd.SD_ViewTicket2Test">
    <failure type="org.openqa.selenium.ElementNotVisibleException" message="Element is not currently visible and so may not be interacted with
Command duration or timeout: 20.05 seconds
Build info: version: &amp;apos;2.53.0&amp;apos;, revision: &amp;apos;35ae25b1534ae328c771e0856c93e187490ca824&amp;apos;, time: &amp;apos;2016-03-15 10:43:46&amp;apos;
System info: host: &amp;apos;Admin-PC&amp;apos;, ip: &amp;apos;192.168.3.12&amp;apos;, os.name: &amp;apos;Windows 7&amp;apos;, os.arch: &amp;apos;amd64&amp;apos;, os.version: &amp;apos;6.1&amp;apos;, java.version: &amp;apos;1.8.0_161&amp;apos;
Driver info: org.openqa.selenium.firefox.FirefoxDriver
Capabilities [{applicationCacheEnabled=true, rotatable=false, handlesAlerts=true, databaseEnabled=true, version=45.0.1, platform=WINDOWS, nativeEvents=false, acceptSslCerts=true, webStorageEnabled=true, locationContextEnabled=true, browserName=firefox, takesScreenshot=true, javascriptEnabled=true, cssSelectorsEnabled=true}]
Session ID: 6998fdec-7b47-4cda-b0b0-2019564d037f">
      <![CDATA[org.openqa.selenium.ElementNotVisibleException: Element is not currently visible and so may not be interacted with
Command duration or timeout: 20.05 seconds
Build info: version: '2.53.0', revision: '35ae25b1534ae328c771e0856c93e187490ca824', time: '2016-03-15 10:43:46'
System info: host: 'Admin-PC', ip: '192.168.3.12', os.name: 'Windows 7', os.arch: 'amd64', os.version: '6.1', java.version: '1.8.0_161'
Driver info: org.openqa.selenium.firefox.FirefoxDriver
Capabilities [{applicationCacheEnabled=true, rotatable=false, handlesAlerts=true, databaseEnabled=true, version=45.0.1, platform=WINDOWS, nativeEvents=false, acceptSslCerts=true, webStorageEnabled=true, locationContextEnabled=true, browserName=firefox, takesScreenshot=true, javascriptEnabled=true, cssSelectorsEnabled=true}]
Session ID: 6998fdec-7b47-4cda-b0b0-2019564d037f
at org.openqa.selenium.remote.ErrorHandler.createThrowable(ErrorHandler.java:206)
at org.openqa.selenium.remote.ErrorHandler.throwIfResponseFailed(ErrorHandler.java:158)
at org.openqa.selenium.remote.RemoteWebDriver.execute(RemoteWebDriver.java:678)
at org.openqa.selenium.remote.RemoteWebElement.execute(RemoteWebElement.java:327)
at org.openqa.selenium.remote.RemoteWebElement.click(RemoteWebElement.java:85)
at org.openqa.selenium.support.pagefactory.internal.LocatingElementHandler.invoke(LocatingElementHandler.java:51)
at com.sun.proxy.$Proxy13.click(Unknown Source)
at com.uno.pages.sd.SD_TicketPage.ViewTicket_2(SD_TicketPage.java:109)
at com.uno.test.sd.SD_ViewTicket2Test.ViewTicket(SD_ViewTicket2Test.java:82)
Caused by: org.openqa.selenium.ElementNotVisibleException: Element is not currently visible and so may not be interacted with
Build info: version: '2.53.0', revision: '35ae25b1534ae328c771e0856c93e187490ca824', time: '2016-03-15 10:43:46'
System info: host: 'Admin-PC', ip: '192.168.3.12', os.name: 'Windows 7', os.arch: 'amd64', os.version: '6.1', java.version: '1.8.0_161'
Driver info: driver.version: unknown
at <anonymous class>.fxdriver.preconditions.visible(file:///C:/Users/Admin/AppData/Local/Temp/anonymous5302213640367078851webdriver-profile/extensions/fxdriver@googlecode.com/components/command-processor.js:10092)
at <anonymous class>.DelayedCommand.prototype.checkPreconditions_(file:///C:/Users/Admin/AppData/Local/Temp/anonymous5302213640367078851webdriver-profile/extensions/fxdriver@googlecode.com/components/command-processor.js:12644)
at <anonymous class>.DelayedCommand.prototype.executeInternal_/h(file:///C:/Users/Admin/AppData/Local/Temp/anonymous5302213640367078851webdriver-profile/extensions/fxdriver@googlecode.com/components/command-processor.js:12661)
at <anonymous class>.fxdriver.Timer.prototype.setTimeout/<.notify(file:///C:/Users/Admin/AppData/Local/Temp/anonymous5302213640367078851webdriver-profile/extensions/fxdriver@googlecode.com/components/command-processor.js:625)
... Removed 36 stack frames]]>
    </failure>
  </testcase> <!-- @BeforeMethod ViewTicket -->
  <testcase name="@AfterMethod writeResult" time="0.0" classname="com.uno.test.sd.SD_ViewTicket2Test">
    <skipped/>
  </testcase> <!-- @AfterMethod writeResult -->
  <testcase name="@AfterClass TearDown" time="0.0" classname="com.uno.test.sd.SD_ViewTicket2Test">
    <skipped/>
  </testcase> <!-- @AfterClass TearDown -->
  <testcase name="VerifyTicketIdTextBox" time="26.432" classname="com.uno.test.sd.SD_ViewTicket2Test"/>
  <testcase name="VerifyTicketIdTextBox" time="3.977" classname="com.uno.test.sd.SD_ViewTicket2Test"/>
  <testcase name="VerifyTicketIdTextBox" time="4.164" classname="com.uno.test.sd.SD_ViewTicket2Test"/>
  <testcase name="VerifyTicketIdTextBox" time="0.0" classname="com.uno.test.sd.SD_ViewTicket2Test">
    <skipped/>
  </testcase> <!-- VerifyTicketIdTextBox -->
  <testcase name="checkDataFilterByCustomer" time="0.0" classname="com.uno.test.sd.SD_ViewTicket2Test">
    <ignored/>
  </testcase> <!-- checkDataFilterByCustomer -->
  <testcase name="VerifyIDTextBox" time="0.0" classname="com.uno.test.sd.SD_ViewTicket2Test">
    <ignored/>
  </testcase> <!-- VerifyIDTextBox -->
  <testcase name="VerifyAssetIdTextBox" time="0.0" classname="com.uno.test.sd.SD_ViewTicket2Test">
    <ignored/>
  </testcase> <!-- VerifyAssetIdTextBox -->
  <testcase name="checkDataFilterByState" time="0.0" classname="com.uno.test.sd.SD_ViewTicket2Test">
    <ignored/>
  </testcase> <!-- checkDataFilterByState -->
  <testcase name="checkDataFilterByStatus" time="0.0" classname="com.uno.test.sd.SD_ViewTicket2Test">
    <ignored/>
  </testcase> <!-- checkDataFilterByStatus -->
</testsuite> <!-- SD_EditTicketTest -->
