<?xml version="1.0" encoding="UTF-8"?>
<!-- Generated by org.testng.reporters.JUnitXMLReporter -->
<testsuite hostname="Admin-PC" ignored="0" name="SD_TicketSummaryTest" tests="41" failures="3" timestamp="12 Nov 2018 05:15:52 GMT" time="822.279" errors="0">
  <testcase name="@BeforeMethod ViewTicket" time="61.518" classname="com.uno.test.sd.SD_TicketSummaryTest">
    <failure type="org.openqa.selenium.NoSuchElementException" message="Unable to locate element: {&amp;quot;method&amp;quot;:&amp;quot;css selector&amp;quot;,&amp;quot;selector&amp;quot;:&amp;quot;a[href=&amp;apos;/erprmwise/SDHomeScreen.do&amp;apos;]&amp;quot;}
Command duration or timeout: 20.05 seconds
For documentation on this error, please visit: http://seleniumhq.org/exceptions/no_such_element.html
Build info: version: &amp;apos;2.53.0&amp;apos;, revision: &amp;apos;35ae25b1534ae328c771e0856c93e187490ca824&amp;apos;, time: &amp;apos;2016-03-15 10:43:46&amp;apos;
System info: host: &amp;apos;Admin-PC&amp;apos;, ip: &amp;apos;192.168.6.5&amp;apos;, os.name: &amp;apos;Windows 7&amp;apos;, os.arch: &amp;apos;amd64&amp;apos;, os.version: &amp;apos;6.1&amp;apos;, java.version: &amp;apos;1.8.0_161&amp;apos;
Driver info: org.openqa.selenium.firefox.FirefoxDriver
Capabilities [{applicationCacheEnabled=true, rotatable=false, handlesAlerts=true, databaseEnabled=true, version=45.0.1, platform=WINDOWS, nativeEvents=false, acceptSslCerts=true, webStorageEnabled=true, locationContextEnabled=true, browserName=firefox, takesScreenshot=true, javascriptEnabled=true, cssSelectorsEnabled=true}]
Session ID: c41bb21f-e848-4965-af47-b4126f708f1d
*** Element info: {Using=css selector, value=a[href=&amp;apos;/erprmwise/SDHomeScreen.do&amp;apos;]}">
      <![CDATA[org.openqa.selenium.NoSuchElementException: Unable to locate element: {"method":"css selector","selector":"a[href='/erprmwise/SDHomeScreen.do']"}
Command duration or timeout: 20.05 seconds
For documentation on this error, please visit: http://seleniumhq.org/exceptions/no_such_element.html
Build info: version: '2.53.0', revision: '35ae25b1534ae328c771e0856c93e187490ca824', time: '2016-03-15 10:43:46'
System info: host: 'Admin-PC', ip: '192.168.6.5', os.name: 'Windows 7', os.arch: 'amd64', os.version: '6.1', java.version: '1.8.0_161'
Driver info: org.openqa.selenium.firefox.FirefoxDriver
Capabilities [{applicationCacheEnabled=true, rotatable=false, handlesAlerts=true, databaseEnabled=true, version=45.0.1, platform=WINDOWS, nativeEvents=false, acceptSslCerts=true, webStorageEnabled=true, locationContextEnabled=true, browserName=firefox, takesScreenshot=true, javascriptEnabled=true, cssSelectorsEnabled=true}]
Session ID: c41bb21f-e848-4965-af47-b4126f708f1d
*** Element info: {Using=css selector, value=a[href='/erprmwise/SDHomeScreen.do']}
at org.openqa.selenium.remote.ErrorHandler.createThrowable(ErrorHandler.java:206)
at org.openqa.selenium.remote.ErrorHandler.throwIfResponseFailed(ErrorHandler.java:158)
at org.openqa.selenium.remote.RemoteWebDriver.execute(RemoteWebDriver.java:678)
at org.openqa.selenium.remote.RemoteWebDriver.findElement(RemoteWebDriver.java:363)
at org.openqa.selenium.remote.RemoteWebDriver.findElementByCssSelector(RemoteWebDriver.java:492)
at org.openqa.selenium.By$ByCssSelector.findElement(By.java:430)
at org.openqa.selenium.remote.RemoteWebDriver.findElement(RemoteWebDriver.java:355)
at com.uno.test.sd.SD_TicketSummaryTest.ViewTicket(SD_TicketSummaryTest.java:86)
Caused by: org.openqa.selenium.NoSuchElementException: Unable to locate element: {"method":"css selector","selector":"a[href='/erprmwise/SDHomeScreen.do']"}
For documentation on this error, please visit: http://seleniumhq.org/exceptions/no_such_element.html
Build info: version: '2.53.0', revision: '35ae25b1534ae328c771e0856c93e187490ca824', time: '2016-03-15 10:43:46'
System info: host: 'Admin-PC', ip: '192.168.6.5', os.name: 'Windows 7', os.arch: 'amd64', os.version: '6.1', java.version: '1.8.0_161'
Driver info: driver.version: unknown
at <anonymous class>.FirefoxDriver.prototype.findElementInternal_(file:///C:/Users/Admin/AppData/Local/Temp/anonymous7504187433064019537webdriver-profile/extensions/fxdriver@googlecode.com/components/driver-component.js:10770)
at <anonymous class>.fxdriver.Timer.prototype.setTimeout/<.notify(file:///C:/Users/Admin/AppData/Local/Temp/anonymous7504187433064019537webdriver-profile/extensions/fxdriver@googlecode.com/components/driver-component.js:625)
... Removed 31 stack frames]]>
    </failure>
  </testcase> <!-- @BeforeMethod ViewTicket -->
  <testcase name="TicketSummaryTab" time="3.813" classname="com.uno.test.sd.SD_TicketSummaryTest"/>
  <testcase name="TotalCountOfRequestsOpenTab" time="8.398" classname="com.uno.test.sd.SD_TicketSummaryTest">
    <skipped/>
  </testcase> <!-- TotalCountOfRequestsOpenTab -->
  <testcase name="TotalCountOfRequestsOpenTab" time="8.611" classname="com.uno.test.sd.SD_TicketSummaryTest">
    <failure type="java.lang.AssertionError" message="Count is not match expected [9120] but found [9119]">
      <![CDATA[java.lang.AssertionError: Count is not match expected [9120] but found [9119]
at com.uno.pages.sd.SD_TicketSummaryPage.totalCountOfRequestsOpenTab(SD_TicketSummaryPage.java:132)
at com.uno.test.sd.SD_TicketSummaryTest.TotalCountOfRequestsOpenTab(SD_TicketSummaryTest.java:114)
... Removed 30 stack frames]]>
    </failure>
  </testcase> <!-- TotalCountOfRequestsOpenTab -->
  <testcase name="StatusOfRequestsOpenTab" time="10.211" classname="com.uno.test.sd.SD_TicketSummaryTest"/>
  <testcase name="TotalCountOfUnAssignedTab" time="7.984" classname="com.uno.test.sd.SD_TicketSummaryTest">
    <skipped/>
  </testcase> <!-- TotalCountOfUnAssignedTab -->
  <testcase name="TotalCountOfUnAssignedTab" time="7.973" classname="com.uno.test.sd.SD_TicketSummaryTest">
    <failure type="java.lang.AssertionError" message="Count is not match expected [8714] but found [8713]">
      <![CDATA[java.lang.AssertionError: Count is not match expected [8714] but found [8713]
at com.uno.pages.sd.SD_TicketSummaryPage.totalCountOfUnAssignedTab(SD_TicketSummaryPage.java:195)
at com.uno.test.sd.SD_TicketSummaryTest.TotalCountOfUnAssignedTab(SD_TicketSummaryTest.java:128)
... Removed 30 stack frames]]>
    </failure>
  </testcase> <!-- TotalCountOfUnAssignedTab -->
  <testcase name="StatusOfUnAssignedTab" time="9.564" classname="com.uno.test.sd.SD_TicketSummaryTest"/>
  <testcase name="EngineerOfUnAssignedTab" time="8.599" classname="com.uno.test.sd.SD_TicketSummaryTest"/>
  <testcase name="TotalCountofAssignedButNoETATab" time="7.761" classname="com.uno.test.sd.SD_TicketSummaryTest"/>
  <testcase name="StatusOfAssignedButNoETATab" time="9.662" classname="com.uno.test.sd.SD_TicketSummaryTest"/>
  <testcase name="EngineerOfAssignedButNoETATab" time="9.488" classname="com.uno.test.sd.SD_TicketSummaryTest"/>
  <testcase name="ETADateOfAssignedButNoETATab" time="10.284" classname="com.uno.test.sd.SD_TicketSummaryTest"/>
  <testcase name="TotalCountOfETAExpiredAndNoATATab" time="6.758" classname="com.uno.test.sd.SD_TicketSummaryTest"/>
  <testcase name="StatusOfETAExpiredAndNoATATab" time="23.927" classname="com.uno.test.sd.SD_TicketSummaryTest"/>
  <testcase name="CompareTimeOfETAInETAExpiredAndNoATATab" time="23.047" classname="com.uno.test.sd.SD_TicketSummaryTest"/>
  <testcase name="ATAOfETAExpiredAndNoATATab" time="22.612" classname="com.uno.test.sd.SD_TicketSummaryTest"/>
  <testcase name="TotalCountOfWorkInProgressTab" time="2.513" classname="com.uno.test.sd.SD_TicketSummaryTest"/>
  <testcase name="StatusOfWorkInProgressTab" time="8.458" classname="com.uno.test.sd.SD_TicketSummaryTest"/>
  <testcase name="ATAOfWorkInProgressTab" time="24.43" classname="com.uno.test.sd.SD_TicketSummaryTest"/>
  <testcase name="TotalCountOfRequestsPausedTab" time="20.933" classname="com.uno.test.sd.SD_TicketSummaryTest">
    <skipped/>
  </testcase> <!-- TotalCountOfRequestsPausedTab -->
  <testcase name="TotalCountOfRequestsPausedTab" time="4.962" classname="com.uno.test.sd.SD_TicketSummaryTest"/>
  <testcase name="StatusOfRequestsPausedTab" time="5.213" classname="com.uno.test.sd.SD_TicketSummaryTest"/>
  <testcase name="TotalCountOfPendingForSparesTab" time="1.163" classname="com.uno.test.sd.SD_TicketSummaryTest"/>
  <testcase name="TotalCountOfRequestSLAColdTab" time="0.053" classname="com.uno.test.sd.SD_TicketSummaryTest">
    <skipped/>
  </testcase> <!-- TotalCountOfRequestSLAColdTab -->
  <testcase name="TotalCountOfRequestSLAColdTab" time="20.877" classname="com.uno.test.sd.SD_TicketSummaryTest">
    <failure type="org.openqa.selenium.NoSuchElementException" message="Unable to locate element: {&amp;quot;method&amp;quot;:&amp;quot;css selector&amp;quot;,&amp;quot;selector&amp;quot;:&amp;quot;div[id=&amp;apos;pagination&amp;apos;]&amp;gt;strong&amp;quot;}
Command duration or timeout: 20.10 seconds
For documentation on this error, please visit: http://seleniumhq.org/exceptions/no_such_element.html
Build info: version: &amp;apos;2.53.0&amp;apos;, revision: &amp;apos;35ae25b1534ae328c771e0856c93e187490ca824&amp;apos;, time: &amp;apos;2016-03-15 10:43:46&amp;apos;
System info: host: &amp;apos;Admin-PC&amp;apos;, ip: &amp;apos;192.168.6.5&amp;apos;, os.name: &amp;apos;Windows 7&amp;apos;, os.arch: &amp;apos;amd64&amp;apos;, os.version: &amp;apos;6.1&amp;apos;, java.version: &amp;apos;1.8.0_161&amp;apos;
Driver info: org.openqa.selenium.firefox.FirefoxDriver
Capabilities [{applicationCacheEnabled=true, rotatable=false, handlesAlerts=true, databaseEnabled=true, version=45.0.1, platform=WINDOWS, nativeEvents=false, acceptSslCerts=true, webStorageEnabled=true, locationContextEnabled=true, browserName=firefox, takesScreenshot=true, javascriptEnabled=true, cssSelectorsEnabled=true}]
Session ID: 720e0524-79f6-4f7e-ae49-8b4582decb39
*** Element info: {Using=css selector, value=div[id=&amp;apos;pagination&amp;apos;]&amp;gt;strong}">
      <![CDATA[org.openqa.selenium.NoSuchElementException: Unable to locate element: {"method":"css selector","selector":"div[id='pagination']>strong"}
Command duration or timeout: 20.10 seconds
For documentation on this error, please visit: http://seleniumhq.org/exceptions/no_such_element.html
Build info: version: '2.53.0', revision: '35ae25b1534ae328c771e0856c93e187490ca824', time: '2016-03-15 10:43:46'
System info: host: 'Admin-PC', ip: '192.168.6.5', os.name: 'Windows 7', os.arch: 'amd64', os.version: '6.1', java.version: '1.8.0_161'
Driver info: org.openqa.selenium.firefox.FirefoxDriver
Capabilities [{applicationCacheEnabled=true, rotatable=false, handlesAlerts=true, databaseEnabled=true, version=45.0.1, platform=WINDOWS, nativeEvents=false, acceptSslCerts=true, webStorageEnabled=true, locationContextEnabled=true, browserName=firefox, takesScreenshot=true, javascriptEnabled=true, cssSelectorsEnabled=true}]
Session ID: 720e0524-79f6-4f7e-ae49-8b4582decb39
*** Element info: {Using=css selector, value=div[id='pagination']>strong}
at org.openqa.selenium.remote.ErrorHandler.createThrowable(ErrorHandler.java:206)
at org.openqa.selenium.remote.ErrorHandler.throwIfResponseFailed(ErrorHandler.java:158)
at org.openqa.selenium.remote.RemoteWebDriver.execute(RemoteWebDriver.java:678)
at org.openqa.selenium.remote.RemoteWebDriver.findElement(RemoteWebDriver.java:363)
at org.openqa.selenium.remote.RemoteWebDriver.findElementByCssSelector(RemoteWebDriver.java:492)
at org.openqa.selenium.By$ByCssSelector.findElement(By.java:430)
at org.openqa.selenium.remote.RemoteWebDriver.findElement(RemoteWebDriver.java:355)
at com.uno.pages.sd.SD_TicketSummaryPage.totalCountOfRequestSLAColdTab(SD_TicketSummaryPage.java:713)
at com.uno.test.sd.SD_TicketSummaryTest.TotalCountOfRequestSLAColdTab(SD_TicketSummaryTest.java:242)
Caused by: org.openqa.selenium.NoSuchElementException: Unable to locate element: {"method":"css selector","selector":"div[id='pagination']>strong"}
For documentation on this error, please visit: http://seleniumhq.org/exceptions/no_such_element.html
Build info: version: '2.53.0', revision: '35ae25b1534ae328c771e0856c93e187490ca824', time: '2016-03-15 10:43:46'
System info: host: 'Admin-PC', ip: '192.168.6.5', os.name: 'Windows 7', os.arch: 'amd64', os.version: '6.1', java.version: '1.8.0_161'
Driver info: driver.version: unknown
at <anonymous class>.FirefoxDriver.prototype.findElementInternal_(file:///C:/Users/Admin/AppData/Local/Temp/anonymous8428153195429728850webdriver-profile/extensions/fxdriver@googlecode.com/components/driver-component.js:10770)
at <anonymous class>.fxdriver.Timer.prototype.setTimeout/<.notify(file:///C:/Users/Admin/AppData/Local/Temp/anonymous8428153195429728850webdriver-profile/extensions/fxdriver@googlecode.com/components/driver-component.js:625)
... Removed 29 stack frames]]>
    </failure>
  </testcase> <!-- TotalCountOfRequestSLAColdTab -->
  <testcase name="CompareColdSLAImageOfRequestSLAColdTab" time="6.203" classname="com.uno.test.sd.SD_TicketSummaryTest"/>
  <testcase name="TotalCountOfRequestSLAHotTab" time="20.899" classname="com.uno.test.sd.SD_TicketSummaryTest">
    <skipped/>
  </testcase> <!-- TotalCountOfRequestSLAHotTab -->
  <testcase name="TotalCountOfRequestSLAHotTab" time="0.0" classname="com.uno.test.sd.SD_TicketSummaryTest">
    <skipped/>
  </testcase> <!-- TotalCountOfRequestSLAHotTab -->
  <testcase name="CompareHotSLAImageOfRequestSLAHotTab" time="0.0" classname="com.uno.test.sd.SD_TicketSummaryTest">
    <skipped/>
  </testcase> <!-- CompareHotSLAImageOfRequestSLAHotTab -->
  <testcase name="TotalCountOfRequestSLAWarmTab" time="0.0" classname="com.uno.test.sd.SD_TicketSummaryTest">
    <skipped/>
  </testcase> <!-- TotalCountOfRequestSLAWarmTab -->
  <testcase name="CompareWarmSLAImageOfRequestSLAWarmTab" time="0.0" classname="com.uno.test.sd.SD_TicketSummaryTest">
    <skipped/>
  </testcase> <!-- CompareWarmSLAImageOfRequestSLAWarmTab -->
  <testcase name="TotalCountOfRequestSLANearToViolationTab" time="0.0" classname="com.uno.test.sd.SD_TicketSummaryTest">
    <skipped/>
  </testcase> <!-- TotalCountOfRequestSLANearToViolationTab -->
  <testcase name="CompareNearToViolationImageOfRequestSLANearToViolationTab" time="0.0" classname="com.uno.test.sd.SD_TicketSummaryTest">
    <skipped/>
  </testcase> <!-- CompareNearToViolationImageOfRequestSLANearToViolationTab -->
  <testcase name="TotalCountOfRequestSLAViolatedTab" time="0.0" classname="com.uno.test.sd.SD_TicketSummaryTest">
    <skipped/>
  </testcase> <!-- TotalCountOfRequestSLAViolatedTab -->
  <testcase name="CompareViolatedSLAImageOfRequestSLAViolatedTab" time="0.0" classname="com.uno.test.sd.SD_TicketSummaryTest">
    <skipped/>
  </testcase> <!-- CompareViolatedSLAImageOfRequestSLAViolatedTab -->
  <testcase name="TotalCountOfConsumedWithSparesTab" time="0.0" classname="com.uno.test.sd.SD_TicketSummaryTest">
    <skipped/>
  </testcase> <!-- TotalCountOfConsumedWithSparesTab -->
  <testcase name="TotalCountOfRequestsCancelTab" time="0.0" classname="com.uno.test.sd.SD_TicketSummaryTest">
    <skipped/>
  </testcase> <!-- TotalCountOfRequestsCancelTab -->
  <testcase name="TotalCountOfRequestsClosedByTechnicianTab" time="0.0" classname="com.uno.test.sd.SD_TicketSummaryTest">
    <skipped/>
  </testcase> <!-- TotalCountOfRequestsClosedByTechnicianTab -->
  <testcase name="TotalCountOfRequestsFinalClosedTab" time="0.0" classname="com.uno.test.sd.SD_TicketSummaryTest">
    <skipped/>
  </testcase> <!-- TotalCountOfRequestsFinalClosedTab -->
  <testcase name="TotalCountOfAllRequestsTab" time="0.0" classname="com.uno.test.sd.SD_TicketSummaryTest">
    <skipped/>
  </testcase> <!-- TotalCountOfAllRequestsTab -->
  <testcase name="SumOfAllRequestTab" time="0.0" classname="com.uno.test.sd.SD_TicketSummaryTest">
    <skipped/>
  </testcase> <!-- SumOfAllRequestTab -->
</testsuite> <!-- SD_TicketSummaryTest -->
