<?xml version="1.0" encoding="UTF-8"?>
<!-- Generated by org.testng.reporters.JUnitXMLReporter -->
<testsuite hostname="Admin-PC" ignored="0" name="Technician_TicketSummaryTest" tests="27" failures="4" timestamp="09 Jan 2019 12:07:23 GMT" time="555.695" errors="0">
  <testcase name="TicketSummaryTab" time="7.409" classname="com.uno.test.technician.Technician_TicketSummaryTest"/>
  <testcase name="VerifyTotalCountAndStatusOfRequestsOpenTab" time="43.23" classname="com.uno.test.technician.Technician_TicketSummaryTest"/>
  <testcase name="TotalCountofAssignedButNoETATab" time="48.447" classname="com.uno.test.technician.Technician_TicketSummaryTest"/>
  <testcase name="TotalCountOfETAExpiredAndNoATATab" time="7.8" classname="com.uno.test.technician.Technician_TicketSummaryTest">
    <failure type="java.lang.AssertionError" message="Count is not match expected [33] but found [37]">
      <![CDATA[java.lang.AssertionError: Count is not match expected [33] but found [37]
at com.uno.pages.technician.Technician_TicketSummaryPage.totalCountOfETAExpiredAndNoATATab(Technician_TicketSummaryPage.java:162)
at com.uno.test.technician.Technician_TicketSummaryTest.TotalCountOfETAExpiredAndNoATATab(Technician_TicketSummaryTest.java:110)
... Removed 30 stack frames]]>
    </failure>
  </testcase> <!-- TotalCountOfETAExpiredAndNoATATab -->
  <testcase name="StatusOfETAExpiredAndNoATATab" time="26.729" classname="com.uno.test.technician.Technician_TicketSummaryTest">
    <failure type="org.openqa.selenium.TimeoutException" message="Timeout loading page after 20000ms
Build info: version: &amp;apos;3.141.59&amp;apos;, revision: &amp;apos;e82be7d358&amp;apos;, time: &amp;apos;2018-11-14T08:17:03&amp;apos;
System info: host: &amp;apos;ADMIN-PC&amp;apos;, ip: &amp;apos;192.168.1.26&amp;apos;, os.name: &amp;apos;Windows 7&amp;apos;, os.arch: &amp;apos;amd64&amp;apos;, os.version: &amp;apos;6.1&amp;apos;, java.version: &amp;apos;1.8.0_161&amp;apos;
Driver info: org.openqa.selenium.firefox.FirefoxDriver
Capabilities {acceptInsecureCerts: true, browserName: firefox, browserVersion: 64.0, capabilities: {desiredCapabilities: {acceptInsecureCerts: true, browserName: firefox}}, javascriptEnabled: true, moz:accessibilityChecks: false, moz:headless: false, moz:processID: 6340, moz:profile: C:\Users\Admin\AppData\Loca..., moz:shutdownTimeout: 60000, moz:useNonSpecCompliantPointerOrigin: false, moz:webdriverClick: true, pageLoadStrategy: normal, platform: WINDOWS, platformName: WINDOWS, platformVersion: 6.1, rotatable: false, setWindowRect: true, timeouts: {implicit: 0, pageLoad: 300000, script: 30000}, unhandledPromptBehavior: dismiss and notify}
Session ID: 77e99574-20ff-4f00-b262-65848c20346b">
      <![CDATA[org.openqa.selenium.TimeoutException: Timeout loading page after 20000ms
Build info: version: '3.141.59', revision: 'e82be7d358', time: '2018-11-14T08:17:03'
System info: host: 'ADMIN-PC', ip: '192.168.1.26', os.name: 'Windows 7', os.arch: 'amd64', os.version: '6.1', java.version: '1.8.0_161'
Driver info: org.openqa.selenium.firefox.FirefoxDriver
Capabilities {acceptInsecureCerts: true, browserName: firefox, browserVersion: 64.0, capabilities: {desiredCapabilities: {acceptInsecureCerts: true, browserName: firefox}}, javascriptEnabled: true, moz:accessibilityChecks: false, moz:headless: false, moz:processID: 6340, moz:profile: C:\Users\Admin\AppData\Loca..., moz:shutdownTimeout: 60000, moz:useNonSpecCompliantPointerOrigin: false, moz:webdriverClick: true, pageLoadStrategy: normal, platform: WINDOWS, platformName: WINDOWS, platformVersion: 6.1, rotatable: false, setWindowRect: true, timeouts: {implicit: 0, pageLoad: 300000, script: 30000}, unhandledPromptBehavior: dismiss and notify}
Session ID: 77e99574-20ff-4f00-b262-65848c20346b
at org.openqa.selenium.remote.http.W3CHttpResponseCodec.createException(W3CHttpResponseCodec.java:187)
at org.openqa.selenium.remote.http.W3CHttpResponseCodec.decode(W3CHttpResponseCodec.java:122)
at org.openqa.selenium.remote.http.W3CHttpResponseCodec.decode(W3CHttpResponseCodec.java:49)
at org.openqa.selenium.remote.HttpCommandExecutor.execute(HttpCommandExecutor.java:158)
at org.openqa.selenium.remote.service.DriverCommandExecutor.execute(DriverCommandExecutor.java:83)
at org.openqa.selenium.remote.RemoteWebDriver.execute(RemoteWebDriver.java:552)
at org.openqa.selenium.remote.RemoteWebElement.execute(RemoteWebElement.java:285)
at org.openqa.selenium.remote.RemoteWebElement.click(RemoteWebElement.java:84)
at org.openqa.selenium.support.pagefactory.internal.LocatingElementHandler.invoke(LocatingElementHandler.java:51)
at com.sun.proxy.$Proxy13.click(Unknown Source)
at com.uno.baseClass.BaseCode.setMyView(BaseCode.java:281)
at com.uno.pages.technician.Technician_TicketSummaryPage.statusOfETAExpiredAndNoATATab(Technician_TicketSummaryPage.java:172)
at com.uno.test.technician.Technician_TicketSummaryTest.StatusOfETAExpiredAndNoATATab(Technician_TicketSummaryTest.java:116)
... Removed 33 stack frames]]>
    </failure>
  </testcase> <!-- StatusOfETAExpiredAndNoATATab -->
  <testcase name="CompareTimeOfETAInETAExpiredAndNoATATab" time="20.084" classname="com.uno.test.technician.Technician_TicketSummaryTest"/>
  <testcase name="ATAOfETAExpiredAndNoATATab" time="20.082" classname="com.uno.test.technician.Technician_TicketSummaryTest"/>
  <testcase name="TotalCountOfWorkInProgressTab" time="7.508" classname="com.uno.test.technician.Technician_TicketSummaryTest"/>
  <testcase name="StatusOfWorkInProgressTab" time="20.058" classname="com.uno.test.technician.Technician_TicketSummaryTest"/>
  <testcase name="ATAOfWorkInProgressTab" time="30.133" classname="com.uno.test.technician.Technician_TicketSummaryTest"/>
  <testcase name="TotalCountOfRequestsPausedTab" time="3.271" classname="com.uno.test.technician.Technician_TicketSummaryTest"/>
  <testcase name="StatusOfRequestsPausedTab" time="16.962" classname="com.uno.test.technician.Technician_TicketSummaryTest"/>
  <testcase name="TotalCountOfPendingForSparesTab" time="12.61" classname="com.uno.test.technician.Technician_TicketSummaryTest"/>
  <testcase name="TotalCountOfRequestSLAColdTab" time="3.043" classname="com.uno.test.technician.Technician_TicketSummaryTest">
    <failure type="java.lang.AssertionError" message="Count is not match expected [11] but found [17]">
      <![CDATA[java.lang.AssertionError: Count is not match expected [11] but found [17]
at com.uno.pages.technician.Technician_TicketSummaryPage.totalCountOfRequestSLAColdTab(Technician_TicketSummaryPage.java:527)
at com.uno.test.technician.Technician_TicketSummaryTest.TotalCountOfRequestSLAColdTab(Technician_TicketSummaryTest.java:180)
... Removed 30 stack frames]]>
    </failure>
  </testcase> <!-- TotalCountOfRequestSLAColdTab -->
  <testcase name="CompareColdSLAImageOfRequestSLAColdTab" time="9.359" classname="com.uno.test.technician.Technician_TicketSummaryTest"/>
  <testcase name="TotalCountOfRequestSLAHotTab" time="1.165" classname="com.uno.test.technician.Technician_TicketSummaryTest"/>
  <testcase name="CompareHotSLAImageOfRequestSLAHotTab" time="20.047" classname="com.uno.test.technician.Technician_TicketSummaryTest"/>
  <testcase name="TotalCountOfRequestSLAWarmTab" time="1.185" classname="com.uno.test.technician.Technician_TicketSummaryTest"/>
  <testcase name="CompareWarmSLAImageOfRequestSLAWarmTab" time="20.086" classname="com.uno.test.technician.Technician_TicketSummaryTest"/>
  <testcase name="TotalCountOfRequestSLANearToViolationTab" time="1.418" classname="com.uno.test.technician.Technician_TicketSummaryTest"/>
  <testcase name="CompareNearToViolationImageOfRequestSLANearToViolationTab" time="20.077" classname="com.uno.test.technician.Technician_TicketSummaryTest"/>
  <testcase name="TotalCountOfRequestSLAViolatedTab" time="4.685" classname="com.uno.test.technician.Technician_TicketSummaryTest">
    <failure type="java.lang.AssertionError" message="Count is not match expected [28] but found [34]">
      <![CDATA[java.lang.AssertionError: Count is not match expected [28] but found [34]
at com.uno.pages.technician.Technician_TicketSummaryPage.totalCountOfRequestSLAViolatedTab(Technician_TicketSummaryPage.java:733)
at com.uno.test.technician.Technician_TicketSummaryTest.TotalCountOfRequestSLAViolatedTab(Technician_TicketSummaryTest.java:232)
... Removed 30 stack frames]]>
    </failure>
  </testcase> <!-- TotalCountOfRequestSLAViolatedTab -->
  <testcase name="CompareViolatedSLAImageOfRequestSLAViolatedTab" time="17.29" classname="com.uno.test.technician.Technician_TicketSummaryTest"/>
  <testcase name="TotalCountOfConsumedWithSparesTab" time="3.751" classname="com.uno.test.technician.Technician_TicketSummaryTest"/>
  <testcase name="TotalCountOfRequestsClosedByTechnicianTab" time="1.07" classname="com.uno.test.technician.Technician_TicketSummaryTest"/>
  <testcase name="TotalCountOfRequestsFinalClosedTab" time="5.786" classname="com.uno.test.technician.Technician_TicketSummaryTest"/>
  <testcase name="TotalCountOfAllRequestsTab" time="5.862" classname="com.uno.test.technician.Technician_TicketSummaryTest"/>
</testsuite> <!-- Technician_TicketSummaryTest -->
