<html>
<head>
<title>TestNG:  Technician_EditIncidentTest</title>
<link href="../testng.css" rel="stylesheet" type="text/css" />
<link href="../my-testng.css" rel="stylesheet" type="text/css" />

<style type="text/css">
.log { display: none;} 
.stack-trace { display: none;} 
</style>
<script type="text/javascript">
<!--
function flip(e) {
  current = e.style.display;
  if (current == 'block') {
    e.style.display = 'none';
    return 0;
  }
  else {
    e.style.display = 'block';
    return 1;
  }
}

function toggleBox(szDivId, elem, msg1, msg2)
{
  var res = -1;  if (document.getElementById) {
    res = flip(document.getElementById(szDivId));
  }
  else if (document.all) {
    // this is the way old msie versions work
    res = flip(document.all[szDivId]);
  }
  if(elem) {
    if(res == 0) elem.innerHTML = msg1; else elem.innerHTML = msg2;
  }

}

function toggleAllBoxes() {
  if (document.getElementsByTagName) {
    d = document.getElementsByTagName('div');
    for (i = 0; i < d.length; i++) {
      if (d[i].className == 'log') {
        flip(d[i]);
      }
    }
  }
}

// -->
</script>

</head>
<body>
<h2 align='center'>Technician_EditIncidentTest</h2><table border='1' align="center">
<tr>
<td>Tests passed/Failed/Skipped:</td><td>23/4/0</td>
</tr><tr>
<td>Started on:</td><td>Wed Jan 16 13:07:21 IST 2019</td>
</tr>
<tr><td>Total time:</td><td>482 seconds (482395 ms)</td>
</tr><tr>
<td>Included groups:</td><td></td>
</tr><tr>
<td>Excluded groups:</td><td></td>
</tr>
</table><p/>
<small><i>(Hover the method name to see the test class name)</i></small><p/>
<table width='100%' border='1' class='invocation-failed'>
<tr><td colspan='4' align='center'><b>FAILED TESTS</b></td></tr>
<tr><td><b>Test method</b></td>
<td width="30%"><b>Exception</b></td>
<td width="10%"><b>Time (seconds)</b></td>
<td><b>Instance</b></td>
</tr>
<tr>
<td title='com.uno.test.technician.Technician_TicketSummaryTest.TotalCountOfETAExpiredAndNoATATab()'><b>TotalCountOfETAExpiredAndNoATATab</b><br>Test class: com.uno.test.technician.Technician_TicketSummaryTest</td>
<td><div><pre>java.lang.AssertionError: Count is not match expected [30] but found [34]
	at com.uno.pages.technician.Technician_TicketSummaryPage.totalCountOfETAExpiredAndNoATATab(Technician_TicketSummaryPage.java:162)
	at com.uno.test.technician.Technician_TicketSummaryTest.TotalCountOfETAExpiredAndNoATATab(Technician_TicketSummaryTest.java:110)
... Removed 30 stack frames</pre></div><a href='#' onClick='toggleBox("stack-trace187990827", this, "Click to show all stack frames", "Click to hide stack frames")'>Click to show all stack frames</a>
<div class='stack-trace' id='stack-trace187990827'><pre>java.lang.AssertionError: Count is not match expected [30] but found [34]
	at org.testng.Assert.fail(Assert.java:96)
	at org.testng.Assert.failNotEquals(Assert.java:776)
	at org.testng.Assert.assertEqualsImpl(Assert.java:137)
	at org.testng.Assert.assertEquals(Assert.java:118)
	at org.testng.Assert.assertEquals(Assert.java:652)
	at com.uno.pages.technician.Technician_TicketSummaryPage.totalCountOfETAExpiredAndNoATATab(Technician_TicketSummaryPage.java:162)
	at com.uno.test.technician.Technician_TicketSummaryTest.TotalCountOfETAExpiredAndNoATATab(Technician_TicketSummaryTest.java:110)
	at sun.reflect.NativeMethodAccessorImpl.invoke0(Native Method)
	at sun.reflect.NativeMethodAccessorImpl.invoke(Unknown Source)
	at sun.reflect.DelegatingMethodAccessorImpl.invoke(Unknown Source)
	at java.lang.reflect.Method.invoke(Unknown Source)
	at org.testng.internal.MethodInvocationHelper.invokeMethod(MethodInvocationHelper.java:124)
	at org.testng.internal.Invoker.invokeMethod(Invoker.java:583)
	at org.testng.internal.Invoker.invokeTestMethod(Invoker.java:719)
	at org.testng.internal.Invoker.invokeTestMethods(Invoker.java:989)
	at org.testng.internal.TestMethodWorker.invokeTestMethods(TestMethodWorker.java:125)
	at org.testng.internal.TestMethodWorker.run(TestMethodWorker.java:109)
	at org.testng.TestRunner.privateRun(TestRunner.java:648)
	at org.testng.TestRunner.run(TestRunner.java:505)
	at org.testng.SuiteRunner.runTest(SuiteRunner.java:455)
	at org.testng.SuiteRunner.runSequentially(SuiteRunner.java:450)
	at org.testng.SuiteRunner.privateRun(SuiteRunner.java:415)
	at org.testng.SuiteRunner.run(SuiteRunner.java:364)
	at org.testng.SuiteRunnerWorker.runSuite(SuiteRunnerWorker.java:52)
	at org.testng.SuiteRunnerWorker.run(SuiteRunnerWorker.java:84)
	at org.testng.TestNG.runSuitesSequentially(TestNG.java:1208)
	at org.testng.TestNG.runSuitesLocally(TestNG.java:1137)
	at org.testng.TestNG.runSuites(TestNG.java:1049)
	at org.testng.TestNG.run(TestNG.java:1017)
	at org.testng.remote.AbstractRemoteTestNG.run(AbstractRemoteTestNG.java:114)
	at org.testng.remote.RemoteTestNG.initAndRun(RemoteTestNG.java:251)
	at org.testng.remote.RemoteTestNG.main(RemoteTestNG.java:77)
</pre></div></td>
<td>7</td>
<td>com.uno.test.technician.Technician_TicketSummaryTest@ef9296d</td></tr>
<tr>
<td title='com.uno.test.technician.Technician_TicketSummaryTest.TotalCountOfRequestSLAColdTab()'><b>TotalCountOfRequestSLAColdTab</b><br>Test class: com.uno.test.technician.Technician_TicketSummaryTest</td>
<td><div><pre>java.lang.AssertionError: Count is not match expected [11] but found [17]
	at com.uno.pages.technician.Technician_TicketSummaryPage.totalCountOfRequestSLAColdTab(Technician_TicketSummaryPage.java:527)
	at com.uno.test.technician.Technician_TicketSummaryTest.TotalCountOfRequestSLAColdTab(Technician_TicketSummaryTest.java:180)
... Removed 30 stack frames</pre></div><a href='#' onClick='toggleBox("stack-trace1483994096", this, "Click to show all stack frames", "Click to hide stack frames")'>Click to show all stack frames</a>
<div class='stack-trace' id='stack-trace1483994096'><pre>java.lang.AssertionError: Count is not match expected [11] but found [17]
	at org.testng.Assert.fail(Assert.java:96)
	at org.testng.Assert.failNotEquals(Assert.java:776)
	at org.testng.Assert.assertEqualsImpl(Assert.java:137)
	at org.testng.Assert.assertEquals(Assert.java:118)
	at org.testng.Assert.assertEquals(Assert.java:652)
	at com.uno.pages.technician.Technician_TicketSummaryPage.totalCountOfRequestSLAColdTab(Technician_TicketSummaryPage.java:527)
	at com.uno.test.technician.Technician_TicketSummaryTest.TotalCountOfRequestSLAColdTab(Technician_TicketSummaryTest.java:180)
	at sun.reflect.NativeMethodAccessorImpl.invoke0(Native Method)
	at sun.reflect.NativeMethodAccessorImpl.invoke(Unknown Source)
	at sun.reflect.DelegatingMethodAccessorImpl.invoke(Unknown Source)
	at java.lang.reflect.Method.invoke(Unknown Source)
	at org.testng.internal.MethodInvocationHelper.invokeMethod(MethodInvocationHelper.java:124)
	at org.testng.internal.Invoker.invokeMethod(Invoker.java:583)
	at org.testng.internal.Invoker.invokeTestMethod(Invoker.java:719)
	at org.testng.internal.Invoker.invokeTestMethods(Invoker.java:989)
	at org.testng.internal.TestMethodWorker.invokeTestMethods(TestMethodWorker.java:125)
	at org.testng.internal.TestMethodWorker.run(TestMethodWorker.java:109)
	at org.testng.TestRunner.privateRun(TestRunner.java:648)
	at org.testng.TestRunner.run(TestRunner.java:505)
	at org.testng.SuiteRunner.runTest(SuiteRunner.java:455)
	at org.testng.SuiteRunner.runSequentially(SuiteRunner.java:450)
	at org.testng.SuiteRunner.privateRun(SuiteRunner.java:415)
	at org.testng.SuiteRunner.run(SuiteRunner.java:364)
	at org.testng.SuiteRunnerWorker.runSuite(SuiteRunnerWorker.java:52)
	at org.testng.SuiteRunnerWorker.run(SuiteRunnerWorker.java:84)
	at org.testng.TestNG.runSuitesSequentially(TestNG.java:1208)
	at org.testng.TestNG.runSuitesLocally(TestNG.java:1137)
	at org.testng.TestNG.runSuites(TestNG.java:1049)
	at org.testng.TestNG.run(TestNG.java:1017)
	at org.testng.remote.AbstractRemoteTestNG.run(AbstractRemoteTestNG.java:114)
	at org.testng.remote.RemoteTestNG.initAndRun(RemoteTestNG.java:251)
	at org.testng.remote.RemoteTestNG.main(RemoteTestNG.java:77)
</pre></div></td>
<td>2</td>
<td>com.uno.test.technician.Technician_TicketSummaryTest@ef9296d</td></tr>
<tr>
<td title='com.uno.test.technician.Technician_TicketSummaryTest.TotalCountOfRequestSLAViolatedTab()'><b>TotalCountOfRequestSLAViolatedTab</b><br>Test class: com.uno.test.technician.Technician_TicketSummaryTest</td>
<td><div><pre>java.lang.AssertionError: Count is not match expected [31] but found [37]
	at com.uno.pages.technician.Technician_TicketSummaryPage.totalCountOfRequestSLAViolatedTab(Technician_TicketSummaryPage.java:733)
	at com.uno.test.technician.Technician_TicketSummaryTest.TotalCountOfRequestSLAViolatedTab(Technician_TicketSummaryTest.java:232)
... Removed 30 stack frames</pre></div><a href='#' onClick='toggleBox("stack-trace1576422186", this, "Click to show all stack frames", "Click to hide stack frames")'>Click to show all stack frames</a>
<div class='stack-trace' id='stack-trace1576422186'><pre>java.lang.AssertionError: Count is not match expected [31] but found [37]
	at org.testng.Assert.fail(Assert.java:96)
	at org.testng.Assert.failNotEquals(Assert.java:776)
	at org.testng.Assert.assertEqualsImpl(Assert.java:137)
	at org.testng.Assert.assertEquals(Assert.java:118)
	at org.testng.Assert.assertEquals(Assert.java:652)
	at com.uno.pages.technician.Technician_TicketSummaryPage.totalCountOfRequestSLAViolatedTab(Technician_TicketSummaryPage.java:733)
	at com.uno.test.technician.Technician_TicketSummaryTest.TotalCountOfRequestSLAViolatedTab(Technician_TicketSummaryTest.java:232)
	at sun.reflect.NativeMethodAccessorImpl.invoke0(Native Method)
	at sun.reflect.NativeMethodAccessorImpl.invoke(Unknown Source)
	at sun.reflect.DelegatingMethodAccessorImpl.invoke(Unknown Source)
	at java.lang.reflect.Method.invoke(Unknown Source)
	at org.testng.internal.MethodInvocationHelper.invokeMethod(MethodInvocationHelper.java:124)
	at org.testng.internal.Invoker.invokeMethod(Invoker.java:583)
	at org.testng.internal.Invoker.invokeTestMethod(Invoker.java:719)
	at org.testng.internal.Invoker.invokeTestMethods(Invoker.java:989)
	at org.testng.internal.TestMethodWorker.invokeTestMethods(TestMethodWorker.java:125)
	at org.testng.internal.TestMethodWorker.run(TestMethodWorker.java:109)
	at org.testng.TestRunner.privateRun(TestRunner.java:648)
	at org.testng.TestRunner.run(TestRunner.java:505)
	at org.testng.SuiteRunner.runTest(SuiteRunner.java:455)
	at org.testng.SuiteRunner.runSequentially(SuiteRunner.java:450)
	at org.testng.SuiteRunner.privateRun(SuiteRunner.java:415)
	at org.testng.SuiteRunner.run(SuiteRunner.java:364)
	at org.testng.SuiteRunnerWorker.runSuite(SuiteRunnerWorker.java:52)
	at org.testng.SuiteRunnerWorker.run(SuiteRunnerWorker.java:84)
	at org.testng.TestNG.runSuitesSequentially(TestNG.java:1208)
	at org.testng.TestNG.runSuitesLocally(TestNG.java:1137)
	at org.testng.TestNG.runSuites(TestNG.java:1049)
	at org.testng.TestNG.run(TestNG.java:1017)
	at org.testng.remote.AbstractRemoteTestNG.run(AbstractRemoteTestNG.java:114)
	at org.testng.remote.RemoteTestNG.initAndRun(RemoteTestNG.java:251)
	at org.testng.remote.RemoteTestNG.main(RemoteTestNG.java:77)
</pre></div></td>
<td>4</td>
<td>com.uno.test.technician.Technician_TicketSummaryTest@ef9296d</td></tr>
<tr>
<td title='com.uno.test.technician.Technician_TicketSummaryTest.VerifyTotalCountAndStatusOfRequestsOpenTab()'><b>VerifyTotalCountAndStatusOfRequestsOpenTab</b><br>Test class: com.uno.test.technician.Technician_TicketSummaryTest</td>
<td><div><pre>org.openqa.selenium.StaleElementReferenceException: The element reference of &lt;td&gt; is stale; either the element is no longer attached to the DOM, it is not in the current frame context, or the document has been refreshed
For documentation on this error, please visit: https://www.seleniumhq.org/exceptions/stale_element_reference.html
Build info: version: &apos;3.141.59&apos;, revision: &apos;e82be7d358&apos;, time: &apos;2018-11-14T08:17:03&apos;
System info: host: &apos;ADMIN-PC&apos;, ip: &apos;192.168.1.16&apos;, os.name: &apos;Windows 7&apos;, os.arch: &apos;amd64&apos;, os.version: &apos;6.1&apos;, java.version: &apos;1.8.0_161&apos;
Driver info: org.openqa.selenium.firefox.FirefoxDriver
Capabilities {acceptInsecureCerts: true, browserName: firefox, browserVersion: 64.0.2, capabilities: {desiredCapabilities: {acceptInsecureCerts: true, browserName: firefox}}, javascriptEnabled: true, moz:accessibilityChecks: false, moz:headless: false, moz:processID: 6428, moz:profile: C:\Users\Admin\AppData\Loca..., moz:shutdownTimeout: 60000, moz:useNonSpecCompliantPointerOrigin: false, moz:webdriverClick: true, pageLoadStrategy: normal, platform: WINDOWS, platformName: WINDOWS, platformVersion: 6.1, rotatable: false, setWindowRect: true, timeouts: {implicit: 0, pageLoad: 300000, script: 30000}, unhandledPromptBehavior: dismiss and notify}
Session ID: ea4a55b5-0a3b-4200-8f0e-ec79a84eba03
	at org.openqa.selenium.remote.http.W3CHttpResponseCodec.createException(W3CHttpResponseCodec.java:187)
	at org.openqa.selenium.remote.http.W3CHttpResponseCodec.decode(W3CHttpResponseCodec.java:122)
	at org.openqa.selenium.remote.http.W3CHttpResponseCodec.decode(W3CHttpResponseCodec.java:49)
	at org.openqa.selenium.remote.HttpCommandExecutor.execute(HttpCommandExecutor.java:158)
	at org.openqa.selenium.remote.service.DriverCommandExecutor.execute(DriverCommandExecutor.java:83)
	at org.openqa.selenium.remote.RemoteWebDriver.execute(RemoteWebDriver.java:552)
	at org.openqa.selenium.remote.RemoteWebDriver.executeScript(RemoteWebDriver.java:489)
	at com.uno.baseClass.BaseCode.highLight(BaseCode.java:136)
	at com.uno.pages.technician.Technician_TicketSummaryPage.verifyTotalCountAndStatusOfRequestsOpenTab(Technician_TicketSummaryPage.java:78)
	at com.uno.test.technician.Technician_TicketSummaryTest.VerifyTotalCountAndStatusOfRequestsOpenTab(Technician_TicketSummaryTest.java:96)
... Removed 29 stack frames</pre></div><a href='#' onClick='toggleBox("stack-trace259077766", this, "Click to show all stack frames", "Click to hide stack frames")'>Click to show all stack frames</a>
<div class='stack-trace' id='stack-trace259077766'><pre>org.openqa.selenium.StaleElementReferenceException: The element reference of &lt;td&gt; is stale; either the element is no longer attached to the DOM, it is not in the current frame context, or the document has been refreshed
For documentation on this error, please visit: https://www.seleniumhq.org/exceptions/stale_element_reference.html
Build info: version: &apos;3.141.59&apos;, revision: &apos;e82be7d358&apos;, time: &apos;2018-11-14T08:17:03&apos;
System info: host: &apos;ADMIN-PC&apos;, ip: &apos;192.168.1.16&apos;, os.name: &apos;Windows 7&apos;, os.arch: &apos;amd64&apos;, os.version: &apos;6.1&apos;, java.version: &apos;1.8.0_161&apos;
Driver info: org.openqa.selenium.firefox.FirefoxDriver
Capabilities {acceptInsecureCerts: true, browserName: firefox, browserVersion: 64.0.2, capabilities: {desiredCapabilities: {acceptInsecureCerts: true, browserName: firefox}}, javascriptEnabled: true, moz:accessibilityChecks: false, moz:headless: false, moz:processID: 6428, moz:profile: C:\Users\Admin\AppData\Loca..., moz:shutdownTimeout: 60000, moz:useNonSpecCompliantPointerOrigin: false, moz:webdriverClick: true, pageLoadStrategy: normal, platform: WINDOWS, platformName: WINDOWS, platformVersion: 6.1, rotatable: false, setWindowRect: true, timeouts: {implicit: 0, pageLoad: 300000, script: 30000}, unhandledPromptBehavior: dismiss and notify}
Session ID: ea4a55b5-0a3b-4200-8f0e-ec79a84eba03
	at sun.reflect.NativeConstructorAccessorImpl.newInstance0(Native Method)
	at sun.reflect.NativeConstructorAccessorImpl.newInstance(Unknown Source)
	at sun.reflect.DelegatingConstructorAccessorImpl.newInstance(Unknown Source)
	at java.lang.reflect.Constructor.newInstance(Unknown Source)
	at org.openqa.selenium.remote.http.W3CHttpResponseCodec.createException(W3CHttpResponseCodec.java:187)
	at org.openqa.selenium.remote.http.W3CHttpResponseCodec.decode(W3CHttpResponseCodec.java:122)
	at org.openqa.selenium.remote.http.W3CHttpResponseCodec.decode(W3CHttpResponseCodec.java:49)
	at org.openqa.selenium.remote.HttpCommandExecutor.execute(HttpCommandExecutor.java:158)
	at org.openqa.selenium.remote.service.DriverCommandExecutor.execute(DriverCommandExecutor.java:83)
	at org.openqa.selenium.remote.RemoteWebDriver.execute(RemoteWebDriver.java:552)
	at org.openqa.selenium.remote.RemoteWebDriver.executeScript(RemoteWebDriver.java:489)
	at com.uno.baseClass.BaseCode.highLight(BaseCode.java:136)
	at com.uno.pages.technician.Technician_TicketSummaryPage.verifyTotalCountAndStatusOfRequestsOpenTab(Technician_TicketSummaryPage.java:78)
	at com.uno.test.technician.Technician_TicketSummaryTest.VerifyTotalCountAndStatusOfRequestsOpenTab(Technician_TicketSummaryTest.java:96)
	at sun.reflect.NativeMethodAccessorImpl.invoke0(Native Method)
	at sun.reflect.NativeMethodAccessorImpl.invoke(Unknown Source)
	at sun.reflect.DelegatingMethodAccessorImpl.invoke(Unknown Source)
	at java.lang.reflect.Method.invoke(Unknown Source)
	at org.testng.internal.MethodInvocationHelper.invokeMethod(MethodInvocationHelper.java:124)
	at org.testng.internal.Invoker.invokeMethod(Invoker.java:583)
	at org.testng.internal.Invoker.invokeTestMethod(Invoker.java:719)
	at org.testng.internal.Invoker.invokeTestMethods(Invoker.java:989)
	at org.testng.internal.TestMethodWorker.invokeTestMethods(TestMethodWorker.java:125)
	at org.testng.internal.TestMethodWorker.run(TestMethodWorker.java:109)
	at org.testng.TestRunner.privateRun(TestRunner.java:648)
	at org.testng.TestRunner.run(TestRunner.java:505)
	at org.testng.SuiteRunner.runTest(SuiteRunner.java:455)
	at org.testng.SuiteRunner.runSequentially(SuiteRunner.java:450)
	at org.testng.SuiteRunner.privateRun(SuiteRunner.java:415)
	at org.testng.SuiteRunner.run(SuiteRunner.java:364)
	at org.testng.SuiteRunnerWorker.runSuite(SuiteRunnerWorker.java:52)
	at org.testng.SuiteRunnerWorker.run(SuiteRunnerWorker.java:84)
	at org.testng.TestNG.runSuitesSequentially(TestNG.java:1208)
	at org.testng.TestNG.runSuitesLocally(TestNG.java:1137)
	at org.testng.TestNG.runSuites(TestNG.java:1049)
	at org.testng.TestNG.run(TestNG.java:1017)
	at org.testng.remote.AbstractRemoteTestNG.run(AbstractRemoteTestNG.java:114)
	at org.testng.remote.RemoteTestNG.initAndRun(RemoteTestNG.java:251)
	at org.testng.remote.RemoteTestNG.main(RemoteTestNG.java:77)
</pre></div></td>
<td>15</td>
<td>com.uno.test.technician.Technician_TicketSummaryTest@ef9296d</td></tr>
</table><p>
<table width='100%' border='1' class='invocation-passed'>
<tr><td colspan='4' align='center'><b>PASSED TESTS</b></td></tr>
<tr><td><b>Test method</b></td>
<td width="30%"><b>Exception</b></td>
<td width="10%"><b>Time (seconds)</b></td>
<td><b>Instance</b></td>
</tr>
<tr>
<td title='com.uno.test.technician.Technician_TicketSummaryTest.ATAOfETAExpiredAndNoATATab()'><b>ATAOfETAExpiredAndNoATATab</b><br>Test class: com.uno.test.technician.Technician_TicketSummaryTest</td>
<td></td>
<td>7</td>
<td>com.uno.test.technician.Technician_TicketSummaryTest@ef9296d</td></tr>
<tr>
<td title='com.uno.test.technician.Technician_TicketSummaryTest.ATAOfWorkInProgressTab()'><b>ATAOfWorkInProgressTab</b><br>Test class: com.uno.test.technician.Technician_TicketSummaryTest</td>
<td></td>
<td>16</td>
<td>com.uno.test.technician.Technician_TicketSummaryTest@ef9296d</td></tr>
<tr>
<td title='com.uno.test.technician.Technician_TicketSummaryTest.CompareColdSLAImageOfRequestSLAColdTab()'><b>CompareColdSLAImageOfRequestSLAColdTab</b><br>Test class: com.uno.test.technician.Technician_TicketSummaryTest</td>
<td></td>
<td>2</td>
<td>com.uno.test.technician.Technician_TicketSummaryTest@ef9296d</td></tr>
<tr>
<td title='com.uno.test.technician.Technician_TicketSummaryTest.CompareHotSLAImageOfRequestSLAHotTab()'><b>CompareHotSLAImageOfRequestSLAHotTab</b><br>Test class: com.uno.test.technician.Technician_TicketSummaryTest</td>
<td></td>
<td>60</td>
<td>com.uno.test.technician.Technician_TicketSummaryTest@ef9296d</td></tr>
<tr>
<td title='com.uno.test.technician.Technician_TicketSummaryTest.CompareNearToViolationImageOfRequestSLANearToViolationTab()'><b>CompareNearToViolationImageOfRequestSLANearToViolationTab</b><br>Test class: com.uno.test.technician.Technician_TicketSummaryTest</td>
<td></td>
<td>60</td>
<td>com.uno.test.technician.Technician_TicketSummaryTest@ef9296d</td></tr>
<tr>
<td title='com.uno.test.technician.Technician_TicketSummaryTest.CompareTimeOfETAInETAExpiredAndNoATATab()'><b>CompareTimeOfETAInETAExpiredAndNoATATab</b><br>Test class: com.uno.test.technician.Technician_TicketSummaryTest</td>
<td></td>
<td>9</td>
<td>com.uno.test.technician.Technician_TicketSummaryTest@ef9296d</td></tr>
<tr>
<td title='com.uno.test.technician.Technician_TicketSummaryTest.CompareViolatedSLAImageOfRequestSLAViolatedTab()'><b>CompareViolatedSLAImageOfRequestSLAViolatedTab</b><br>Test class: com.uno.test.technician.Technician_TicketSummaryTest</td>
<td></td>
<td>5</td>
<td>com.uno.test.technician.Technician_TicketSummaryTest@ef9296d</td></tr>
<tr>
<td title='com.uno.test.technician.Technician_TicketSummaryTest.CompareWarmSLAImageOfRequestSLAWarmTab()'><b>CompareWarmSLAImageOfRequestSLAWarmTab</b><br>Test class: com.uno.test.technician.Technician_TicketSummaryTest</td>
<td></td>
<td>60</td>
<td>com.uno.test.technician.Technician_TicketSummaryTest@ef9296d</td></tr>
<tr>
<td title='com.uno.test.technician.Technician_TicketSummaryTest.StatusOfETAExpiredAndNoATATab()'><b>StatusOfETAExpiredAndNoATATab</b><br>Test class: com.uno.test.technician.Technician_TicketSummaryTest</td>
<td></td>
<td>28</td>
<td>com.uno.test.technician.Technician_TicketSummaryTest@ef9296d</td></tr>
<tr>
<td title='com.uno.test.technician.Technician_TicketSummaryTest.StatusOfRequestsPausedTab()'><b>StatusOfRequestsPausedTab</b><br>Test class: com.uno.test.technician.Technician_TicketSummaryTest</td>
<td></td>
<td>1</td>
<td>com.uno.test.technician.Technician_TicketSummaryTest@ef9296d</td></tr>
<tr>
<td title='com.uno.test.technician.Technician_TicketSummaryTest.StatusOfWorkInProgressTab()'><b>StatusOfWorkInProgressTab</b><br>Test class: com.uno.test.technician.Technician_TicketSummaryTest</td>
<td></td>
<td>8</td>
<td>com.uno.test.technician.Technician_TicketSummaryTest@ef9296d</td></tr>
<tr>
<td title='com.uno.test.technician.Technician_TicketSummaryTest.TicketSummaryTab()'><b>TicketSummaryTab</b><br>Test class: com.uno.test.technician.Technician_TicketSummaryTest<br>Test method: Check Title of View Ticket Page.</td>
<td></td>
<td>7</td>
<td>com.uno.test.technician.Technician_TicketSummaryTest@ef9296d</td></tr>
<tr>
<td title='com.uno.test.technician.Technician_TicketSummaryTest.TotalCountOfAllRequestsTab()'><b>TotalCountOfAllRequestsTab</b><br>Test class: com.uno.test.technician.Technician_TicketSummaryTest</td>
<td></td>
<td>6</td>
<td>com.uno.test.technician.Technician_TicketSummaryTest@ef9296d</td></tr>
<tr>
<td title='com.uno.test.technician.Technician_TicketSummaryTest.TotalCountOfConsumedWithSparesTab()'><b>TotalCountOfConsumedWithSparesTab</b><br>Test class: com.uno.test.technician.Technician_TicketSummaryTest</td>
<td></td>
<td>4</td>
<td>com.uno.test.technician.Technician_TicketSummaryTest@ef9296d</td></tr>
<tr>
<td title='com.uno.test.technician.Technician_TicketSummaryTest.TotalCountOfPendingForSparesTab()'><b>TotalCountOfPendingForSparesTab</b><br>Test class: com.uno.test.technician.Technician_TicketSummaryTest</td>
<td></td>
<td>0</td>
<td>com.uno.test.technician.Technician_TicketSummaryTest@ef9296d</td></tr>
<tr>
<td title='com.uno.test.technician.Technician_TicketSummaryTest.TotalCountOfRequestSLAHotTab()'><b>TotalCountOfRequestSLAHotTab</b><br>Test class: com.uno.test.technician.Technician_TicketSummaryTest</td>
<td></td>
<td>0</td>
<td>com.uno.test.technician.Technician_TicketSummaryTest@ef9296d</td></tr>
<tr>
<td title='com.uno.test.technician.Technician_TicketSummaryTest.TotalCountOfRequestSLANearToViolationTab()'><b>TotalCountOfRequestSLANearToViolationTab</b><br>Test class: com.uno.test.technician.Technician_TicketSummaryTest</td>
<td></td>
<td>0</td>
<td>com.uno.test.technician.Technician_TicketSummaryTest@ef9296d</td></tr>
<tr>
<td title='com.uno.test.technician.Technician_TicketSummaryTest.TotalCountOfRequestSLAWarmTab()'><b>TotalCountOfRequestSLAWarmTab</b><br>Test class: com.uno.test.technician.Technician_TicketSummaryTest</td>
<td></td>
<td>0</td>
<td>com.uno.test.technician.Technician_TicketSummaryTest@ef9296d</td></tr>
<tr>
<td title='com.uno.test.technician.Technician_TicketSummaryTest.TotalCountOfRequestsClosedByTechnicianTab()'><b>TotalCountOfRequestsClosedByTechnicianTab</b><br>Test class: com.uno.test.technician.Technician_TicketSummaryTest</td>
<td></td>
<td>1</td>
<td>com.uno.test.technician.Technician_TicketSummaryTest@ef9296d</td></tr>
<tr>
<td title='com.uno.test.technician.Technician_TicketSummaryTest.TotalCountOfRequestsFinalClosedTab()'><b>TotalCountOfRequestsFinalClosedTab</b><br>Test class: com.uno.test.technician.Technician_TicketSummaryTest</td>
<td></td>
<td>6</td>
<td>com.uno.test.technician.Technician_TicketSummaryTest@ef9296d</td></tr>
<tr>
<td title='com.uno.test.technician.Technician_TicketSummaryTest.TotalCountOfRequestsPausedTab()'><b>TotalCountOfRequestsPausedTab</b><br>Test class: com.uno.test.technician.Technician_TicketSummaryTest</td>
<td></td>
<td>1</td>
<td>com.uno.test.technician.Technician_TicketSummaryTest@ef9296d</td></tr>
<tr>
<td title='com.uno.test.technician.Technician_TicketSummaryTest.TotalCountOfWorkInProgressTab()'><b>TotalCountOfWorkInProgressTab</b><br>Test class: com.uno.test.technician.Technician_TicketSummaryTest</td>
<td></td>
<td>5</td>
<td>com.uno.test.technician.Technician_TicketSummaryTest@ef9296d</td></tr>
<tr>
<td title='com.uno.test.technician.Technician_TicketSummaryTest.TotalCountofAssignedButNoETATab()'><b>TotalCountofAssignedButNoETATab</b><br>Test class: com.uno.test.technician.Technician_TicketSummaryTest</td>
<td></td>
<td>42</td>
<td>com.uno.test.technician.Technician_TicketSummaryTest@ef9296d</td></tr>
</table><p>
</body>
</html>