<?xml version="1.0" encoding="UTF-8"?>
<!-- Generated by org.testng.reporters.JUnitXMLReporter -->
<testsuite hostname="Admin-PC" ignored="0" name="Technician_EditIncidentTest" tests="27" failures="4" timestamp="16 Jan 2019 07:45:24 GMT" time="482.395" errors="0">
  <testcase name="TicketSummaryTab" time="7.659" classname="com.uno.test.technician.Technician_TicketSummaryTest"/>
  <testcase name="VerifyTotalCountAndStatusOfRequestsOpenTab" time="15.465" classname="com.uno.test.technician.Technician_TicketSummaryTest">
    <failure type="org.openqa.selenium.StaleElementReferenceException" message="The element reference of &amp;lt;td&amp;gt; is stale; either the element is no longer attached to the DOM, it is not in the current frame context, or the document has been refreshed
For documentation on this error, please visit: https://www.seleniumhq.org/exceptions/stale_element_reference.html
Build info: version: &amp;apos;3.141.59&amp;apos;, revision: &amp;apos;e82be7d358&amp;apos;, time: &amp;apos;2018-11-14T08:17:03&amp;apos;
System info: host: &amp;apos;ADMIN-PC&amp;apos;, ip: &amp;apos;192.168.1.16&amp;apos;, os.name: &amp;apos;Windows 7&amp;apos;, os.arch: &amp;apos;amd64&amp;apos;, os.version: &amp;apos;6.1&amp;apos;, java.version: &amp;apos;1.8.0_161&amp;apos;
Driver info: org.openqa.selenium.firefox.FirefoxDriver
Capabilities {acceptInsecureCerts: true, browserName: firefox, browserVersion: 64.0.2, capabilities: {desiredCapabilities: {acceptInsecureCerts: true, browserName: firefox}}, javascriptEnabled: true, moz:accessibilityChecks: false, moz:headless: false, moz:processID: 6428, moz:profile: C:\Users\Admin\AppData\Loca..., moz:shutdownTimeout: 60000, moz:useNonSpecCompliantPointerOrigin: false, moz:webdriverClick: true, pageLoadStrategy: normal, platform: WINDOWS, platformName: WINDOWS, platformVersion: 6.1, rotatable: false, setWindowRect: true, timeouts: {implicit: 0, pageLoad: 300000, script: 30000}, unhandledPromptBehavior: dismiss and notify}
Session ID: ea4a55b5-0a3b-4200-8f0e-ec79a84eba03">
      <![CDATA[org.openqa.selenium.StaleElementReferenceException: The element reference of <td> is stale; either the element is no longer attached to the DOM, it is not in the current frame context, or the document has been refreshed
For documentation on this error, please visit: https://www.seleniumhq.org/exceptions/stale_element_reference.html
Build info: version: '3.141.59', revision: 'e82be7d358', time: '2018-11-14T08:17:03'
System info: host: 'ADMIN-PC', ip: '192.168.1.16', os.name: 'Windows 7', os.arch: 'amd64', os.version: '6.1', java.version: '1.8.0_161'
Driver info: org.openqa.selenium.firefox.FirefoxDriver
Capabilities {acceptInsecureCerts: true, browserName: firefox, browserVersion: 64.0.2, capabilities: {desiredCapabilities: {acceptInsecureCerts: true, browserName: firefox}}, javascriptEnabled: true, moz:accessibilityChecks: false, moz:headless: false, moz:processID: 6428, moz:profile: C:\Users\Admin\AppData\Loca..., moz:shutdownTimeout: 60000, moz:useNonSpecCompliantPointerOrigin: false, moz:webdriverClick: true, pageLoadStrategy: normal, platform: WINDOWS, platformName: WINDOWS, platformVersion: 6.1, rotatable: false, setWindowRect: true, timeouts: {implicit: 0, pageLoad: 300000, script: 30000}, unhandledPromptBehavior: dismiss and notify}
Session ID: ea4a55b5-0a3b-4200-8f0e-ec79a84eba03
at org.openqa.selenium.remote.http.W3CHttpResponseCodec.createException(W3CHttpResponseCodec.java:187)
at org.openqa.selenium.remote.http.W3CHttpResponseCodec.decode(W3CHttpResponseCodec.java:122)
at org.openqa.selenium.remote.http.W3CHttpResponseCodec.decode(W3CHttpResponseCodec.java:49)
at org.openqa.selenium.remote.HttpCommandExecutor.execute(HttpCommandExecutor.java:158)
at org.openqa.selenium.remote.service.DriverCommandExecutor.execute(DriverCommandExecutor.java:83)
at org.openqa.selenium.remote.RemoteWebDriver.execute(RemoteWebDriver.java:552)
at org.openqa.selenium.remote.RemoteWebDriver.executeScript(RemoteWebDriver.java:489)
at com.uno.baseClass.BaseCode.highLight(BaseCode.java:136)
at com.uno.pages.technician.Technician_TicketSummaryPage.verifyTotalCountAndStatusOfRequestsOpenTab(Technician_TicketSummaryPage.java:78)
at com.uno.test.technician.Technician_TicketSummaryTest.VerifyTotalCountAndStatusOfRequestsOpenTab(Technician_TicketSummaryTest.java:96)
... Removed 29 stack frames]]>
    </failure>
  </testcase> <!-- VerifyTotalCountAndStatusOfRequestsOpenTab -->
  <testcase name="TotalCountofAssignedButNoETATab" time="42.475" classname="com.uno.test.technician.Technician_TicketSummaryTest"/>
  <testcase name="TotalCountOfETAExpiredAndNoATATab" time="7.977" classname="com.uno.test.technician.Technician_TicketSummaryTest">
    <failure type="java.lang.AssertionError" message="Count is not match expected [30] but found [34]">
      <![CDATA[java.lang.AssertionError: Count is not match expected [30] but found [34]
at com.uno.pages.technician.Technician_TicketSummaryPage.totalCountOfETAExpiredAndNoATATab(Technician_TicketSummaryPage.java:162)
at com.uno.test.technician.Technician_TicketSummaryTest.TotalCountOfETAExpiredAndNoATATab(Technician_TicketSummaryTest.java:110)
... Removed 30 stack frames]]>
    </failure>
  </testcase> <!-- TotalCountOfETAExpiredAndNoATATab -->
  <testcase name="StatusOfETAExpiredAndNoATATab" time="28.795" classname="com.uno.test.technician.Technician_TicketSummaryTest"/>
  <testcase name="CompareTimeOfETAInETAExpiredAndNoATATab" time="9.06" classname="com.uno.test.technician.Technician_TicketSummaryTest"/>
  <testcase name="ATAOfETAExpiredAndNoATATab" time="7.156" classname="com.uno.test.technician.Technician_TicketSummaryTest"/>
  <testcase name="TotalCountOfWorkInProgressTab" time="5.106" classname="com.uno.test.technician.Technician_TicketSummaryTest"/>
  <testcase name="StatusOfWorkInProgressTab" time="8.149" classname="com.uno.test.technician.Technician_TicketSummaryTest"/>
  <testcase name="ATAOfWorkInProgressTab" time="16.172" classname="com.uno.test.technician.Technician_TicketSummaryTest"/>
  <testcase name="TotalCountOfRequestsPausedTab" time="1.516" classname="com.uno.test.technician.Technician_TicketSummaryTest"/>
  <testcase name="StatusOfRequestsPausedTab" time="1.616" classname="com.uno.test.technician.Technician_TicketSummaryTest"/>
  <testcase name="TotalCountOfPendingForSparesTab" time="0.703" classname="com.uno.test.technician.Technician_TicketSummaryTest"/>
  <testcase name="TotalCountOfRequestSLAColdTab" time="2.385" classname="com.uno.test.technician.Technician_TicketSummaryTest">
    <failure type="java.lang.AssertionError" message="Count is not match expected [11] but found [17]">
      <![CDATA[java.lang.AssertionError: Count is not match expected [11] but found [17]
at com.uno.pages.technician.Technician_TicketSummaryPage.totalCountOfRequestSLAColdTab(Technician_TicketSummaryPage.java:527)
at com.uno.test.technician.Technician_TicketSummaryTest.TotalCountOfRequestSLAColdTab(Technician_TicketSummaryTest.java:180)
... Removed 30 stack frames]]>
    </failure>
  </testcase> <!-- TotalCountOfRequestSLAColdTab -->
  <testcase name="CompareColdSLAImageOfRequestSLAColdTab" time="2.501" classname="com.uno.test.technician.Technician_TicketSummaryTest"/>
  <testcase name="TotalCountOfRequestSLAHotTab" time="0.604" classname="com.uno.test.technician.Technician_TicketSummaryTest"/>
  <testcase name="CompareHotSLAImageOfRequestSLAHotTab" time="60.083" classname="com.uno.test.technician.Technician_TicketSummaryTest"/>
  <testcase name="TotalCountOfRequestSLAWarmTab" time="0.586" classname="com.uno.test.technician.Technician_TicketSummaryTest"/>
  <testcase name="CompareWarmSLAImageOfRequestSLAWarmTab" time="60.074" classname="com.uno.test.technician.Technician_TicketSummaryTest"/>
  <testcase name="TotalCountOfRequestSLANearToViolationTab" time="0.827" classname="com.uno.test.technician.Technician_TicketSummaryTest"/>
  <testcase name="CompareNearToViolationImageOfRequestSLANearToViolationTab" time="60.108" classname="com.uno.test.technician.Technician_TicketSummaryTest"/>
  <testcase name="TotalCountOfRequestSLAViolatedTab" time="4.749" classname="com.uno.test.technician.Technician_TicketSummaryTest">
    <failure type="java.lang.AssertionError" message="Count is not match expected [31] but found [37]">
      <![CDATA[java.lang.AssertionError: Count is not match expected [31] but found [37]
at com.uno.pages.technician.Technician_TicketSummaryPage.totalCountOfRequestSLAViolatedTab(Technician_TicketSummaryPage.java:733)
at com.uno.test.technician.Technician_TicketSummaryTest.TotalCountOfRequestSLAViolatedTab(Technician_TicketSummaryTest.java:232)
... Removed 30 stack frames]]>
    </failure>
  </testcase> <!-- TotalCountOfRequestSLAViolatedTab -->
  <testcase name="CompareViolatedSLAImageOfRequestSLAViolatedTab" time="5.618" classname="com.uno.test.technician.Technician_TicketSummaryTest"/>
  <testcase name="TotalCountOfConsumedWithSparesTab" time="4.218" classname="com.uno.test.technician.Technician_TicketSummaryTest"/>
  <testcase name="TotalCountOfRequestsClosedByTechnicianTab" time="1.451" classname="com.uno.test.technician.Technician_TicketSummaryTest"/>
  <testcase name="TotalCountOfRequestsFinalClosedTab" time="6.015" classname="com.uno.test.technician.Technician_TicketSummaryTest"/>
  <testcase name="TotalCountOfAllRequestsTab" time="6.766" classname="com.uno.test.technician.Technician_TicketSummaryTest"/>
</testsuite> <!-- Technician_EditIncidentTest -->
