<?xml version="1.0" encoding="UTF-8"?>
<!-- Generated by org.testng.reporters.JUnitXMLReporter -->
<testsuite hostname="Admin-PC" ignored="0" name="Technician_ViewIncidentTest" tests="23" failures="2" timestamp="03 Jan 2019 12:13:53 GMT" time="2232.647" errors="0">
  <testcase name="CheckNotificationAfterUploadFile" time="50.155" classname="com.uno.test.technician.Technician_EditIncidentTest"/>
  <testcase name="CheckNotificationAfterUploadFile" time="46.322" classname="com.uno.test.technician.Technician_EditIncidentTest"/>
  <testcase name="CheckNotificationAfterUploadFile" time="44.606" classname="com.uno.test.technician.Technician_EditIncidentTest"/>
  <testcase name="CheckNotificationAfterUploadFile" time="42.51" classname="com.uno.test.technician.Technician_EditIncidentTest"/>
  <testcase name="CheckNotificationAfterUploadFile" time="35.603" classname="com.uno.test.technician.Technician_EditIncidentTest"/>
  <testcase name="CheckUpdatedTicketDetails" time="42.242" classname="com.uno.test.technician.Technician_EditIncidentTest"/>
  <testcase name="CheckUpdatedTicketDetails" time="37.035" classname="com.uno.test.technician.Technician_EditIncidentTest"/>
  <testcase name="CheckUpdatedTicketDetails" time="41.479" classname="com.uno.test.technician.Technician_EditIncidentTest"/>
  <testcase name="overrideCustomerAddress" time="19.995" classname="com.uno.test.technician.Technician_EditIncidentTest">
    <failure type="java.lang.AssertionError" message="The following asserts failed:
	Override Address is not same expected [Marol, Mumbai] but found [Andheri(w)]">
      <![CDATA[java.lang.AssertionError: The following asserts failed:
Override Address is not same expected [Marol, Mumbai] but found [Andheri(w)]
at com.uno.pages.technician.Technician_EditIncidentPage.overrideCustomerAddress(Technician_EditIncidentPage.java:504)
at com.uno.test.technician.Technician_EditIncidentTest.overrideCustomerAddress(Technician_EditIncidentTest.java:166)
... Removed 26 stack frames]]>
    </failure>
  </testcase> <!-- overrideCustomerAddress -->
  <testcase name="overrideCustomerAddress" time="21.269" classname="com.uno.test.technician.Technician_EditIncidentTest">
    <failure type="java.lang.AssertionError" message="The following asserts failed:
	Override Address is not same expected [Andheri, Mumbai] but found [Bangalore1]">
      <![CDATA[java.lang.AssertionError: The following asserts failed:
Override Address is not same expected [Andheri, Mumbai] but found [Bangalore1]
at com.uno.pages.technician.Technician_EditIncidentPage.overrideCustomerAddress(Technician_EditIncidentPage.java:504)
at com.uno.test.technician.Technician_EditIncidentTest.overrideCustomerAddress(Technician_EditIncidentTest.java:166)
... Removed 26 stack frames]]>
    </failure>
  </testcase> <!-- overrideCustomerAddress -->
  <testcase name="VerifyIncidentDetailsAsPerSuper" time="68.467" classname="com.uno.test.technician.Technician_EditIncidentTest"/>
  <testcase name="VerifyRequestorOrIncidentTab" time="24.654" classname="com.uno.test.technician.Technician_EditIncidentTest"/>
  <testcase name="CheckIncidentHistoryOfCustomerPage" time="55.219" classname="com.uno.test.technician.Technician_EditIncidentTest"/>
  <testcase name="CheckNotificationWithoutFileType" time="34.966" classname="com.uno.test.technician.Technician_EditIncidentTest"/>
  <testcase name="CheckUpdateDetailsButtonOfPreliminaryAnalysis" time="59.431" classname="com.uno.test.technician.Technician_EditIncidentTest"/>
  <testcase name="CheckUpdateDetailsButtonOfPreliminaryAnalysis" time="71.762" classname="com.uno.test.technician.Technician_EditIncidentTest"/>
  <testcase name="verifyTechniciansInTSDAsPerSuper" time="137.48" classname="com.uno.test.technician.Technician_EditIncidentTest"/>
  <testcase name="checkPreliminaryAnalysisTab" time="110.791" classname="com.uno.test.technician.Technician_EditIncidentTest"/>
  <testcase name="CheckUpdateDetailsButtonOfETAAndTechnician" time="166.492" classname="com.uno.test.technician.Technician_EditIncidentTest"/>
  <testcase name="checkETAAndTechnicianTab" time="256.498" classname="com.uno.test.technician.Technician_EditIncidentTest"/>
  <testcase name="DisplayNotificationWithoutETAinATATab" time="116.68" classname="com.uno.test.technician.Technician_EditIncidentTest"/>
  <testcase name="CheckUpdateDetailsButtonOfATATab" time="255.711" classname="com.uno.test.technician.Technician_EditIncidentTest"/>
  <testcase name="CheckATATab" time="360.686" classname="com.uno.test.technician.Technician_EditIncidentTest"/>
</testsuite> <!-- Technician_ViewIncidentTest -->
