<?xml version="1.0" encoding="UTF-8"?>
<!-- Generated by org.testng.reporters.JUnitReportReporter -->
<testsuite skipped="0" hostname="Admin-PC" name="testCases.ViewTicketPageTestCaseOfSdRole" tests="28" failures="0" timestamp="01 Sep 2018 05:13:53 GMT" time="303.791" errors="2">
  <testcase name="TitleOfViewTicketPage" time="2.638" classname="testCases.ViewTicketPageTestCaseOfSdRole"/>
  <testcase name="DisplayDescendingOrderOfIncidentID" time="3.383" classname="testCases.ViewTicketPageTestCaseOfSdRole"/>
  <testcase name="CheckHyperlinkOfID" time="20.465" classname="testCases.ViewTicketPageTestCaseOfSdRole"/>
  <testcase name="CheckHyperlinkOfCustomer" time="19.774" classname="testCases.ViewTicketPageTestCaseOfSdRole"/>
  <testcase name="CheckHyperlinkOfAssetId" time="20.562" classname="testCases.ViewTicketPageTestCaseOfSdRole"/>
  <testcase name="CheckBlinkingNotification" time="2.156" classname="testCases.ViewTicketPageTestCaseOfSdRole"/>
  <testcase name="checkCustomer" time="9.417" classname="testCases.ViewTicketPageTestCaseOfSdRole"/>
  <testcase name="checkAssetID" time="4.811" classname="testCases.ViewTicketPageTestCaseOfSdRole"/>
  <testcase name="CheckHiddenMessageOfAddress" time="1.068" classname="testCases.ViewTicketPageTestCaseOfSdRole"/>
  <testcase name="CountOfPagination" time="3.491" classname="testCases.ViewTicketPageTestCaseOfSdRole"/>
  <testcase name="DisplayAsPerArrowsOfPagination" time="14.782" classname="testCases.ViewTicketPageTestCaseOfSdRole"/>
  <testcase name="CheckSearchTicketTab" time="0.870" classname="testCases.ViewTicketPageTestCaseOfSdRole"/>
  <testcase name="CheckSearchIdTextBox" time="2.074" classname="testCases.ViewTicketPageTestCaseOfSdRole"/>
  <testcase name="CheckInvalidIdTextBox" time="3.693" classname="testCases.ViewTicketPageTestCaseOfSdRole"/>
  <testcase name="CheckInvalidAssetId" time="2.169" classname="testCases.ViewTicketPageTestCaseOfSdRole"/>
  <testcase name="CheckInvalidTicketId" time="2.158" classname="testCases.ViewTicketPageTestCaseOfSdRole"/>
  <testcase name="CheckValidTicketId" time="2.433" classname="testCases.ViewTicketPageTestCaseOfSdRole"/>
  <testcase name="SearchIdTextBoxBlankData" time="3.461" classname="testCases.ViewTicketPageTestCaseOfSdRole"/>
  <testcase name="SearchAssertIdTextBoxBlankData" time="1.529" classname="testCases.ViewTicketPageTestCaseOfSdRole"/>
  <testcase name="SearchTicketIdTextBoxBlankData" time="1.528" classname="testCases.ViewTicketPageTestCaseOfSdRole"/>
  <testcase name="DisplayColumnHeader" time="45.267" classname="testCases.ViewTicketPageTestCaseOfSdRole">
    <error type="java.lang.IndexOutOfBoundsException" message="Index: 1, Size: 0">
      <![CDATA[java.lang.IndexOutOfBoundsException: Index: 1, Size: 0
at java.util.ArrayList.rangeCheck(Unknown Source)
at java.util.ArrayList.get(Unknown Source)
at pages.ViewTicketPageOfSdRole.displayColumnHeader(ViewTicketPageOfSdRole.java:1744)
at testCases.ViewTicketPageTestCaseOfSdRole.DisplayColumnHeader(ViewTicketPageTestCaseOfSdRole.java:302)
at sun.reflect.NativeMethodAccessorImpl.invoke0(Native Method)
at sun.reflect.NativeMethodAccessorImpl.invoke(Unknown Source)
at sun.reflect.DelegatingMethodAccessorImpl.invoke(Unknown Source)
at java.lang.reflect.Method.invoke(Unknown Source)
at org.testng.internal.MethodInvocationHelper.invokeMethod(MethodInvocationHelper.java:124)
at org.testng.internal.Invoker.invokeMethod(Invoker.java:583)
at org.testng.internal.Invoker.invokeTestMethod(Invoker.java:719)
at org.testng.internal.Invoker.invokeTestMethods(Invoker.java:989)
at org.testng.internal.TestMethodWorker.invokeTestMethods(TestMethodWorker.java:125)
at org.testng.internal.TestMethodWorker.run(TestMethodWorker.java:109)
at org.testng.TestRunner.privateRun(TestRunner.java:648)
at org.testng.TestRunner.run(TestRunner.java:505)
at org.testng.SuiteRunner.runTest(SuiteRunner.java:455)
at org.testng.SuiteRunner.runSequentially(SuiteRunner.java:450)
at org.testng.SuiteRunner.privateRun(SuiteRunner.java:415)
at org.testng.SuiteRunner.run(SuiteRunner.java:364)
at org.testng.SuiteRunnerWorker.runSuite(SuiteRunnerWorker.java:52)
at org.testng.SuiteRunnerWorker.run(SuiteRunnerWorker.java:84)
at org.testng.TestNG.runSuitesSequentially(TestNG.java:1208)
at org.testng.TestNG.runSuitesLocally(TestNG.java:1137)
at org.testng.TestNG.runSuites(TestNG.java:1049)
at org.testng.TestNG.run(TestNG.java:1017)
at org.testng.remote.AbstractRemoteTestNG.run(AbstractRemoteTestNG.java:114)
at org.testng.remote.RemoteTestNG.initAndRun(RemoteTestNG.java:251)
at org.testng.remote.RemoteTestNG.main(RemoteTestNG.java:77)
]]>
    </error>
  </testcase> <!-- DisplayColumnHeader -->
  <testcase name="FilterTab" time="7.423" classname="testCases.ViewTicketPageTestCaseOfSdRole"/>
  <testcase name="SelectStateFilter" time="21.951" classname="testCases.ViewTicketPageTestCaseOfSdRole">
    <error type="org.openqa.selenium.ElementNotVisibleException" message="Element is not currently visible and so may not be interacted with
Command duration or timeout: 20.02 seconds
Build info: version: &#039;2.53.0&#039;, revision: &#039;35ae25b1534ae328c771e0856c93e187490ca824&#039;, time: &#039;2016-03-15 10:43:46&#039;
System info: host: &#039;Admin-PC&#039;, ip: &#039;192.168.3.11&#039;, os.name: &#039;Windows 7&#039;, os.arch: &#039;amd64&#039;, os.version: &#039;6.1&#039;, java.version: &#039;1.8.0_161&#039;
Driver info: org.openqa.selenium.firefox.FirefoxDriver
Capabilities [{applicationCacheEnabled=true, rotatable=false, handlesAlerts=true, databaseEnabled=true, version=45.0.1, platform=WINDOWS, nativeEvents=false, acceptSslCerts=true, webStorageEnabled=true, locationContextEnabled=true, browserName=firefox, takesScreenshot=true, javascriptEnabled=true, cssSelectorsEnabled=true}]
Session ID: c6bf617e-497b-430b-ae5d-0a815eba519b">
      <![CDATA[org.openqa.selenium.ElementNotVisibleException: Element is not currently visible and so may not be interacted with
Command duration or timeout: 20.02 seconds
Build info: version: '2.53.0', revision: '35ae25b1534ae328c771e0856c93e187490ca824', time: '2016-03-15 10:43:46'
System info: host: 'Admin-PC', ip: '192.168.3.11', os.name: 'Windows 7', os.arch: 'amd64', os.version: '6.1', java.version: '1.8.0_161'
Driver info: org.openqa.selenium.firefox.FirefoxDriver
Capabilities [{applicationCacheEnabled=true, rotatable=false, handlesAlerts=true, databaseEnabled=true, version=45.0.1, platform=WINDOWS, nativeEvents=false, acceptSslCerts=true, webStorageEnabled=true, locationContextEnabled=true, browserName=firefox, takesScreenshot=true, javascriptEnabled=true, cssSelectorsEnabled=true}]
Session ID: c6bf617e-497b-430b-ae5d-0a815eba519b
at sun.reflect.NativeConstructorAccessorImpl.newInstance0(Native Method)
at sun.reflect.NativeConstructorAccessorImpl.newInstance(Unknown Source)
at sun.reflect.DelegatingConstructorAccessorImpl.newInstance(Unknown Source)
at java.lang.reflect.Constructor.newInstance(Unknown Source)
at org.openqa.selenium.remote.ErrorHandler.createThrowable(ErrorHandler.java:206)
at org.openqa.selenium.remote.ErrorHandler.throwIfResponseFailed(ErrorHandler.java:158)
at org.openqa.selenium.remote.RemoteWebDriver.execute(RemoteWebDriver.java:678)
at org.openqa.selenium.remote.RemoteWebElement.execute(RemoteWebElement.java:327)
at org.openqa.selenium.remote.RemoteWebElement.click(RemoteWebElement.java:85)
at org.openqa.selenium.support.ui.Select.setSelected(Select.java:323)
at org.openqa.selenium.support.ui.Select.selectByVisibleText(Select.java:119)
at pages.ViewTicketPageOfSdRole.selectStateFilter(ViewTicketPageOfSdRole.java:2884)
at testCases.ViewTicketPageTestCaseOfSdRole.SelectStateFilter(ViewTicketPageTestCaseOfSdRole.java:324)
at sun.reflect.NativeMethodAccessorImpl.invoke0(Native Method)
at sun.reflect.NativeMethodAccessorImpl.invoke(Unknown Source)
at sun.reflect.DelegatingMethodAccessorImpl.invoke(Unknown Source)
at java.lang.reflect.Method.invoke(Unknown Source)
at org.testng.internal.MethodInvocationHelper.invokeMethod(MethodInvocationHelper.java:124)
at org.testng.internal.Invoker.invokeMethod(Invoker.java:583)
at org.testng.internal.Invoker.invokeTestMethod(Invoker.java:719)
at org.testng.internal.Invoker.invokeTestMethods(Invoker.java:989)
at org.testng.internal.TestMethodWorker.invokeTestMethods(TestMethodWorker.java:125)
at org.testng.internal.TestMethodWorker.run(TestMethodWorker.java:109)
at org.testng.TestRunner.privateRun(TestRunner.java:648)
at org.testng.TestRunner.run(TestRunner.java:505)
at org.testng.SuiteRunner.runTest(SuiteRunner.java:455)
at org.testng.SuiteRunner.runSequentially(SuiteRunner.java:450)
at org.testng.SuiteRunner.privateRun(SuiteRunner.java:415)
at org.testng.SuiteRunner.run(SuiteRunner.java:364)
at org.testng.SuiteRunnerWorker.runSuite(SuiteRunnerWorker.java:52)
at org.testng.SuiteRunnerWorker.run(SuiteRunnerWorker.java:84)
at org.testng.TestNG.runSuitesSequentially(TestNG.java:1208)
at org.testng.TestNG.runSuitesLocally(TestNG.java:1137)
at org.testng.TestNG.runSuites(TestNG.java:1049)
at org.testng.TestNG.run(TestNG.java:1017)
at org.testng.remote.AbstractRemoteTestNG.run(AbstractRemoteTestNG.java:114)
at org.testng.remote.RemoteTestNG.initAndRun(RemoteTestNG.java:251)
at org.testng.remote.RemoteTestNG.main(RemoteTestNG.java:77)
Caused by: org.openqa.selenium.ElementNotVisibleException: Element is not currently visible and so may not be interacted with
Build info: version: '2.53.0', revision: '35ae25b1534ae328c771e0856c93e187490ca824', time: '2016-03-15 10:43:46'
System info: host: 'Admin-PC', ip: '192.168.3.11', os.name: 'Windows 7', os.arch: 'amd64', os.version: '6.1', java.version: '1.8.0_161'
Driver info: driver.version: unknown
at <anonymous class>.fxdriver.preconditions.visible(file:///C:/Users/Admin/AppData/Local/Temp/anonymous8293248893626080326webdriver-profile/extensions/fxdriver@googlecode.com/components/command-processor.js:10092)
at <anonymous class>.DelayedCommand.prototype.checkPreconditions_(file:///C:/Users/Admin/AppData/Local/Temp/anonymous8293248893626080326webdriver-profile/extensions/fxdriver@googlecode.com/components/command-processor.js:12644)
at <anonymous class>.DelayedCommand.prototype.executeInternal_/h(file:///C:/Users/Admin/AppData/Local/Temp/anonymous8293248893626080326webdriver-profile/extensions/fxdriver@googlecode.com/components/command-processor.js:12661)
at <anonymous class>.fxdriver.Timer.prototype.setTimeout/<.notify(file:///C:/Users/Admin/AppData/Local/Temp/anonymous8293248893626080326webdriver-profile/extensions/fxdriver@googlecode.com/components/command-processor.js:625)
]]>
    </error>
  </testcase> <!-- SelectStateFilter -->
  <testcase name="SelectStatusFilter" time="7.645" classname="testCases.ViewTicketPageTestCaseOfSdRole"/>
  <testcase name="SelectOpenCTSFilterTextBox" time="5.762" classname="testCases.ViewTicketPageTestCaseOfSdRole"/>
  <testcase name="selectCloseCTSFilterTextBox" time="22.605" classname="testCases.ViewTicketPageTestCaseOfSdRole"/>
  <testcase name="CompareTicketTypeFilter" time="28.974" classname="testCases.ViewTicketPageTestCaseOfSdRole"/>
  <testcase name="CompareStateFilter" time="41.702" classname="testCases.ViewTicketPageTestCaseOfSdRole"/>
</testsuite> <!-- testCases.ViewTicketPageTestCaseOfSdRole -->
