<?xml version="1.0" encoding="UTF-8"?>
<!-- Generated by org.testng.reporters.JUnitReportReporter -->
<testsuite skipped="0" hostname="Admin-PC" name="testCases.ToDoPageTestCaseOfSdRole" tests="5" failures="1" timestamp="16 Aug 2018 05:19:26 GMT" time="70.827" errors="0">
  <testcase name="checkToDoPopup" time="17.717" classname="testCases.ToDoPageTestCaseOfSdRole"/>
  <testcase name="checkSLAFlagWithLessTime" time="3.857" classname="testCases.ToDoPageTestCaseOfSdRole"/>
  <testcase name="checkAssignByAndTo" time="3.443" classname="testCases.ToDoPageTestCaseOfSdRole"/>
  <testcase name="checkStatusWhenAssignToSelf" time="16.880" classname="testCases.ToDoPageTestCaseOfSdRole">
    <failure type="java.lang.AssertionError" message="Closed Status not get update. expected [Closed] but found [Tested]">
      <![CDATA[java.lang.AssertionError: Closed Status not get update. expected [Closed] but found [Tested]
at org.testng.Assert.fail(Assert.java:96)
at org.testng.Assert.failNotEquals(Assert.java:776)
at org.testng.Assert.assertEqualsImpl(Assert.java:137)
at org.testng.Assert.assertEquals(Assert.java:118)
at org.testng.Assert.assertEquals(Assert.java:453)
at pages.ToDoPageOfSdRole.checkStatusWhenAssignToSelf(ToDoPageOfSdRole.java:292)
at testCases.ToDoPageTestCaseOfSdRole.checkStatusWhenAssignToSelf(ToDoPageTestCaseOfSdRole.java:133)
at sun.reflect.NativeMethodAccessorImpl.invoke0(Native Method)
at sun.reflect.NativeMethodAccessorImpl.invoke(Unknown Source)
at sun.reflect.DelegatingMethodAccessorImpl.invoke(Unknown Source)
at java.lang.reflect.Method.invoke(Unknown Source)
at org.testng.internal.MethodInvocationHelper.invokeMethod(MethodInvocationHelper.java:124)
at org.testng.internal.Invoker.invokeMethod(Invoker.java:583)
at org.testng.internal.Invoker.invokeTestMethod(Invoker.java:719)
at org.testng.internal.Invoker.invokeTestMethods(Invoker.java:989)
at org.testng.internal.TestMethodWorker.invokeTestMethods(TestMethodWorker.java:125)
at org.testng.internal.TestMethodWorker.run(TestMethodWorker.java:109)
at org.testng.TestRunner.privateRun(TestRunner.java:648)
at org.testng.TestRunner.run(TestRunner.java:505)
at org.testng.SuiteRunner.runTest(SuiteRunner.java:455)
at org.testng.SuiteRunner.runSequentially(SuiteRunner.java:450)
at org.testng.SuiteRunner.privateRun(SuiteRunner.java:415)
at org.testng.SuiteRunner.run(SuiteRunner.java:364)
at org.testng.SuiteRunnerWorker.runSuite(SuiteRunnerWorker.java:52)
at org.testng.SuiteRunnerWorker.run(SuiteRunnerWorker.java:84)
at org.testng.TestNG.runSuitesSequentially(TestNG.java:1208)
at org.testng.TestNG.runSuitesLocally(TestNG.java:1137)
at org.testng.TestNG.runSuites(TestNG.java:1049)
at org.testng.TestNG.run(TestNG.java:1017)
at org.testng.remote.AbstractRemoteTestNG.run(AbstractRemoteTestNG.java:114)
at org.testng.remote.RemoteTestNG.initAndRun(RemoteTestNG.java:251)
at org.testng.remote.RemoteTestNG.main(RemoteTestNG.java:77)
]]>
    </failure>
  </testcase> <!-- checkStatusWhenAssignToSelf -->
  <testcase name="checkSLAFlagWithGreaterTime" time="28.930" classname="testCases.ToDoPageTestCaseOfSdRole"/>
</testsuite> <!-- testCases.ToDoPageTestCaseOfSdRole -->
