<?xml version="1.0" encoding="UTF-8"?>
<!-- Generated by org.testng.reporters.JUnitReportReporter -->
<testsuite skipped="81" hostname="Admin-PC" name="com.UnoPoint.TestCases.ViewTicketPageTestCaseOfSdRole" tests="241" failures="29" timestamp="16 Jul 2018 08:29:36 GMT" time="15210.929" errors="17">
  <testcase name="ViewTicket" time="250.409" classname="com.UnoPoint.TestCases.ViewTicketPageTestCaseOfSdRole">
    <error type="org.openqa.selenium.remote.SessionNotFoundException" message="Session ID is null. Using WebDriver after calling quit()?
Build info: version: &#039;2.53.0&#039;, revision: &#039;35ae25b1534ae328c771e0856c93e187490ca824&#039;, time: &#039;2016-03-15 10:43:46&#039;
System info: host: &#039;Admin-PC&#039;, ip: &#039;192.168.3.8&#039;, os.name: &#039;Windows 7&#039;, os.arch: &#039;amd64&#039;, os.version: &#039;6.1&#039;, java.version: &#039;1.8.0_161&#039;
Driver info: driver.version: EventFiringWebDriver">
      <![CDATA[org.openqa.selenium.remote.SessionNotFoundException: Session ID is null. Using WebDriver after calling quit()?
Build info: version: '2.53.0', revision: '35ae25b1534ae328c771e0856c93e187490ca824', time: '2016-03-15 10:43:46'
System info: host: 'Admin-PC', ip: '192.168.3.8', os.name: 'Windows 7', os.arch: 'amd64', os.version: '6.1', java.version: '1.8.0_161'
Driver info: driver.version: EventFiringWebDriver
at org.openqa.selenium.remote.HttpCommandExecutor.execute(HttpCommandExecutor.java:134)
at org.openqa.selenium.firefox.internal.NewProfileExtensionConnection.execute(NewProfileExtensionConnection.java:160)
at org.openqa.selenium.firefox.FirefoxDriver$LazyCommandExecutor.execute(FirefoxDriver.java:380)
at org.openqa.selenium.remote.RemoteWebDriver.execute(RemoteWebDriver.java:644)
at org.openqa.selenium.remote.RemoteWebDriver.findElement(RemoteWebDriver.java:363)
at org.openqa.selenium.remote.RemoteWebDriver.findElementByLinkText(RemoteWebDriver.java:428)
at org.openqa.selenium.By$ByLinkText.findElement(By.java:246)
at org.openqa.selenium.remote.RemoteWebDriver.findElement(RemoteWebDriver.java:355)
at sun.reflect.GeneratedMethodAccessor8.invoke(Unknown Source)
at sun.reflect.DelegatingMethodAccessorImpl.invoke(Unknown Source)
at java.lang.reflect.Method.invoke(Unknown Source)
at org.openqa.selenium.support.events.EventFiringWebDriver$2.invoke(EventFiringWebDriver.java:103)
at com.sun.proxy.$Proxy14.findElement(Unknown Source)
at org.openqa.selenium.support.events.EventFiringWebDriver.findElement(EventFiringWebDriver.java:188)
at org.openqa.selenium.support.pagefactory.DefaultElementLocator.findElement(DefaultElementLocator.java:69)
at org.openqa.selenium.support.pagefactory.internal.LocatingElementHandler.invoke(LocatingElementHandler.java:38)
at com.sun.proxy.$Proxy16.click(Unknown Source)
at com.UnoPoint.Pages.HomePageOfSdRole.ticketTab(HomePageOfSdRole.java:37)
at com.UnoPoint.TestCases.ViewTicketPageTestCaseOfSdRole.ViewTicket(ViewTicketPageTestCaseOfSdRole.java:97)
at sun.reflect.GeneratedMethodAccessor19.invoke(Unknown Source)
at sun.reflect.DelegatingMethodAccessorImpl.invoke(Unknown Source)
at java.lang.reflect.Method.invoke(Unknown Source)
at org.testng.internal.MethodInvocationHelper.invokeMethod(MethodInvocationHelper.java:124)
at org.testng.internal.MethodInvocationHelper.invokeMethodConsideringTimeout(MethodInvocationHelper.java:59)
at org.testng.internal.Invoker.invokeConfigurationMethod(Invoker.java:458)
at org.testng.internal.Invoker.invokeConfigurations(Invoker.java:222)
at org.testng.internal.Invoker.invokeMethod(Invoker.java:523)
at org.testng.internal.Invoker.invokeTestMethod(Invoker.java:719)
at org.testng.internal.Invoker.invokeTestMethods(Invoker.java:989)
at org.testng.internal.TestMethodWorker.invokeTestMethods(TestMethodWorker.java:125)
at org.testng.internal.TestMethodWorker.run(TestMethodWorker.java:109)
at java.util.concurrent.ThreadPoolExecutor.runWorker(Unknown Source)
at java.util.concurrent.ThreadPoolExecutor$Worker.run(Unknown Source)
at java.lang.Thread.run(Unknown Source)
]]>
    </error>
  </testcase> <!-- ViewTicket -->
  <testcase name="ViewTicket" time="216.270" classname="com.UnoPoint.TestCases.ViewTicketPageTestCaseOfSdRole">
    <error type="org.openqa.selenium.ElementNotVisibleException" message="Element is not currently visible and so may not be interacted with
Command duration or timeout: 40.04 seconds
Build info: version: &#039;2.53.0&#039;, revision: &#039;35ae25b1534ae328c771e0856c93e187490ca824&#039;, time: &#039;2016-03-15 10:43:46&#039;
System info: host: &#039;Admin-PC&#039;, ip: &#039;192.168.3.8&#039;, os.name: &#039;Windows 7&#039;, os.arch: &#039;amd64&#039;, os.version: &#039;6.1&#039;, java.version: &#039;1.8.0_161&#039;
Driver info: org.openqa.selenium.firefox.FirefoxDriver
Capabilities [{applicationCacheEnabled=true, rotatable=false, handlesAlerts=true, databaseEnabled=true, version=45.0.1, platform=WINDOWS, nativeEvents=false, acceptSslCerts=true, webStorageEnabled=true, locationContextEnabled=true, browserName=firefox, takesScreenshot=true, javascriptEnabled=true, cssSelectorsEnabled=true}]
Session ID: 6412c6af-08b6-4342-a1bf-07425e2b8598">
      <![CDATA[org.openqa.selenium.ElementNotVisibleException: Element is not currently visible and so may not be interacted with
Command duration or timeout: 40.04 seconds
Build info: version: '2.53.0', revision: '35ae25b1534ae328c771e0856c93e187490ca824', time: '2016-03-15 10:43:46'
System info: host: 'Admin-PC', ip: '192.168.3.8', os.name: 'Windows 7', os.arch: 'amd64', os.version: '6.1', java.version: '1.8.0_161'
Driver info: org.openqa.selenium.firefox.FirefoxDriver
Capabilities [{applicationCacheEnabled=true, rotatable=false, handlesAlerts=true, databaseEnabled=true, version=45.0.1, platform=WINDOWS, nativeEvents=false, acceptSslCerts=true, webStorageEnabled=true, locationContextEnabled=true, browserName=firefox, takesScreenshot=true, javascriptEnabled=true, cssSelectorsEnabled=true}]
Session ID: 6412c6af-08b6-4342-a1bf-07425e2b8598
at sun.reflect.NativeConstructorAccessorImpl.newInstance0(Native Method)
at sun.reflect.NativeConstructorAccessorImpl.newInstance(Unknown Source)
at sun.reflect.DelegatingConstructorAccessorImpl.newInstance(Unknown Source)
at java.lang.reflect.Constructor.newInstance(Unknown Source)
at org.openqa.selenium.remote.ErrorHandler.createThrowable(ErrorHandler.java:206)
at org.openqa.selenium.remote.ErrorHandler.throwIfResponseFailed(ErrorHandler.java:158)
at org.openqa.selenium.remote.RemoteWebDriver.execute(RemoteWebDriver.java:678)
at org.openqa.selenium.remote.RemoteWebElement.execute(RemoteWebElement.java:327)
at org.openqa.selenium.remote.RemoteWebElement.click(RemoteWebElement.java:85)
at sun.reflect.GeneratedMethodAccessor5.invoke(Unknown Source)
at sun.reflect.DelegatingMethodAccessorImpl.invoke(Unknown Source)
at java.lang.reflect.Method.invoke(Unknown Source)
at org.openqa.selenium.support.events.EventFiringWebDriver$EventFiringWebElement$1.invoke(EventFiringWebDriver.java:335)
at com.sun.proxy.$Proxy18.click(Unknown Source)
at org.openqa.selenium.support.events.EventFiringWebDriver$EventFiringWebElement.click(EventFiringWebDriver.java:348)
at com.UnoPoint.Pages.TicketPageOfSdRole.viewTicketTab(TicketPageOfSdRole.java:39)
at com.UnoPoint.TestCases.ViewTicketPageTestCaseOfSdRole.ViewTicket(ViewTicketPageTestCaseOfSdRole.java:99)
at sun.reflect.GeneratedMethodAccessor19.invoke(Unknown Source)
at sun.reflect.DelegatingMethodAccessorImpl.invoke(Unknown Source)
at java.lang.reflect.Method.invoke(Unknown Source)
at org.testng.internal.MethodInvocationHelper.invokeMethod(MethodInvocationHelper.java:124)
at org.testng.internal.MethodInvocationHelper.invokeMethodConsideringTimeout(MethodInvocationHelper.java:59)
at org.testng.internal.Invoker.invokeConfigurationMethod(Invoker.java:458)
at org.testng.internal.Invoker.invokeConfigurations(Invoker.java:222)
at org.testng.internal.Invoker.invokeMethod(Invoker.java:523)
at org.testng.internal.Invoker.invokeTestMethod(Invoker.java:719)
at org.testng.internal.Invoker.invokeTestMethods(Invoker.java:989)
at org.testng.internal.TestMethodWorker.invokeTestMethods(TestMethodWorker.java:125)
at org.testng.internal.TestMethodWorker.run(TestMethodWorker.java:109)
at java.util.concurrent.ThreadPoolExecutor.runWorker(Unknown Source)
at java.util.concurrent.ThreadPoolExecutor$Worker.run(Unknown Source)
at java.lang.Thread.run(Unknown Source)
Caused by: org.openqa.selenium.ElementNotVisibleException: Element is not currently visible and so may not be interacted with
Build info: version: '2.53.0', revision: '35ae25b1534ae328c771e0856c93e187490ca824', time: '2016-03-15 10:43:46'
System info: host: 'Admin-PC', ip: '192.168.3.8', os.name: 'Windows 7', os.arch: 'amd64', os.version: '6.1', java.version: '1.8.0_161'
Driver info: driver.version: unknown
at <anonymous class>.fxdriver.preconditions.visible(file:///C:/Users/Admin/AppData/Local/Temp/anonymous5652984147655020816webdriver-profile/extensions/fxdriver@googlecode.com/components/command-processor.js:10092)
at <anonymous class>.DelayedCommand.prototype.checkPreconditions_(file:///C:/Users/Admin/AppData/Local/Temp/anonymous5652984147655020816webdriver-profile/extensions/fxdriver@googlecode.com/components/command-processor.js:12644)
at <anonymous class>.DelayedCommand.prototype.executeInternal_/h(file:///C:/Users/Admin/AppData/Local/Temp/anonymous5652984147655020816webdriver-profile/extensions/fxdriver@googlecode.com/components/command-processor.js:12661)
at <anonymous class>.fxdriver.Timer.prototype.setTimeout/<.notify(file:///C:/Users/Admin/AppData/Local/Temp/anonymous5652984147655020816webdriver-profile/extensions/fxdriver@googlecode.com/components/command-processor.js:625)
]]>
    </error>
  </testcase> <!-- ViewTicket -->
  <testcase name="TitleOfViewTicketPage" time="3.897" classname="com.UnoPoint.TestCases.ViewTicketPageTestCaseOfSdRole"/>
  <testcase name="DisplayDescendingOrderOfIncidentID" time="6.139" classname="com.UnoPoint.TestCases.ViewTicketPageTestCaseOfSdRole"/>
  <testcase name="DisplayColumnHeader" time="69.456" classname="com.UnoPoint.TestCases.ViewTicketPageTestCaseOfSdRole">
    <skipped/>
  </testcase> <!-- DisplayColumnHeader -->
  <testcase name="DisplayColumnHeader" time="54.615" classname="com.UnoPoint.TestCases.ViewTicketPageTestCaseOfSdRole">
    <failure type="java.lang.AssertionError" message="Column is not Match expected [SLA Flag] but found [Asset ID]">
      <![CDATA[java.lang.AssertionError: Column is not Match expected [SLA Flag] but found [Asset ID]
at org.testng.Assert.fail(Assert.java:96)
at org.testng.Assert.failNotEquals(Assert.java:776)
at org.testng.Assert.assertEqualsImpl(Assert.java:137)
at org.testng.Assert.assertEquals(Assert.java:118)
at org.testng.Assert.assertEquals(Assert.java:453)
at com.UnoPoint.Pages.ViewTicketPageOfSdRole.displayColumnHeader(ViewTicketPageOfSdRole.java:1768)
at com.UnoPoint.TestCases.ViewTicketPageTestCaseOfSdRole.DisplayColumnHeader(ViewTicketPageTestCaseOfSdRole.java:130)
at sun.reflect.NativeMethodAccessorImpl.invoke0(Native Method)
at sun.reflect.NativeMethodAccessorImpl.invoke(Unknown Source)
at sun.reflect.DelegatingMethodAccessorImpl.invoke(Unknown Source)
at java.lang.reflect.Method.invoke(Unknown Source)
at org.testng.internal.MethodInvocationHelper.invokeMethod(MethodInvocationHelper.java:124)
at org.testng.internal.Invoker.invokeMethod(Invoker.java:583)
at org.testng.internal.Invoker.retryFailed(Invoker.java:839)
at org.testng.internal.Invoker.invokeTestMethods(Invoker.java:1010)
at org.testng.internal.TestMethodWorker.invokeTestMethods(TestMethodWorker.java:125)
at org.testng.internal.TestMethodWorker.run(TestMethodWorker.java:109)
at java.util.concurrent.ThreadPoolExecutor.runWorker(Unknown Source)
at java.util.concurrent.ThreadPoolExecutor$Worker.run(Unknown Source)
at java.lang.Thread.run(Unknown Source)
]]>
    </failure>
  </testcase> <!-- DisplayColumnHeader -->
  <testcase name="CheckHyperlinkOfID" time="40.775" classname="com.UnoPoint.TestCases.ViewTicketPageTestCaseOfSdRole"/>
  <testcase name="CheckHyperlinkOfCustomer" time="34.265" classname="com.UnoPoint.TestCases.ViewTicketPageTestCaseOfSdRole"/>
  <testcase name="CheckHyperlinkOfAssetId" time="61.435" classname="com.UnoPoint.TestCases.ViewTicketPageTestCaseOfSdRole"/>
  <testcase name="CheckBlinkingNotification" time="74.657" classname="com.UnoPoint.TestCases.ViewTicketPageTestCaseOfSdRole"/>
  <testcase name="checkCustomer" time="28.364" classname="com.UnoPoint.TestCases.ViewTicketPageTestCaseOfSdRole"/>
  <testcase name="checkAssetID" time="45.259" classname="com.UnoPoint.TestCases.ViewTicketPageTestCaseOfSdRole"/>
  <testcase name="CheckHiddenMessageOfAddress" time="5.037" classname="com.UnoPoint.TestCases.ViewTicketPageTestCaseOfSdRole"/>
  <testcase name="CheckHiddenMessageOfSLAFlag" time="44.345" classname="com.UnoPoint.TestCases.ViewTicketPageTestCaseOfSdRole"/>
  <testcase name="CheckHiddenMessageOfResponseFlag" time="64.863" classname="com.UnoPoint.TestCases.ViewTicketPageTestCaseOfSdRole"/>
  <testcase name="CountOfPagination" time="236.333" classname="com.UnoPoint.TestCases.ViewTicketPageTestCaseOfSdRole"/>
  <testcase name="DisplayAsPerArrowsOfPagination" time="70.913" classname="com.UnoPoint.TestCases.ViewTicketPageTestCaseOfSdRole">
    <skipped/>
  </testcase> <!-- DisplayAsPerArrowsOfPagination -->
  <testcase name="DisplayAsPerArrowsOfPagination" time="21.181" classname="com.UnoPoint.TestCases.ViewTicketPageTestCaseOfSdRole"/>
  <testcase name="CheckSearchTicketTab" time="5.937" classname="com.UnoPoint.TestCases.ViewTicketPageTestCaseOfSdRole"/>
  <testcase name="CheckSearchIdTextBox" time="29.129" classname="com.UnoPoint.TestCases.ViewTicketPageTestCaseOfSdRole"/>
  <testcase name="CheckInvalidIdTextBox" time="7.058" classname="com.UnoPoint.TestCases.ViewTicketPageTestCaseOfSdRole"/>
  <testcase name="CheckInvalidAssetId" time="6.926" classname="com.UnoPoint.TestCases.ViewTicketPageTestCaseOfSdRole"/>
  <testcase name="CheckInvalidTicketId" time="22.954" classname="com.UnoPoint.TestCases.ViewTicketPageTestCaseOfSdRole"/>
  <testcase name="CheckValidTicketId" time="34.856" classname="com.UnoPoint.TestCases.ViewTicketPageTestCaseOfSdRole"/>
  <testcase name="SearchIdTextBoxBlankData" time="28.115" classname="com.UnoPoint.TestCases.ViewTicketPageTestCaseOfSdRole"/>
  <testcase name="SearchAssertIdTextBoxBlankData" time="13.451" classname="com.UnoPoint.TestCases.ViewTicketPageTestCaseOfSdRole"/>
  <testcase name="SearchTicketIdTextBoxBlankData" time="5.607" classname="com.UnoPoint.TestCases.ViewTicketPageTestCaseOfSdRole"/>
  <testcase name="FilterTab" time="6.423" classname="com.UnoPoint.TestCases.ViewTicketPageTestCaseOfSdRole"/>
  <testcase name="SelectStateFilter" time="13.004" classname="com.UnoPoint.TestCases.ViewTicketPageTestCaseOfSdRole"/>
  <testcase name="CompareStateFilter" time="44.479" classname="com.UnoPoint.TestCases.ViewTicketPageTestCaseOfSdRole"/>
  <testcase name="SelectStatusFilter" time="12.938" classname="com.UnoPoint.TestCases.ViewTicketPageTestCaseOfSdRole"/>
  <testcase name="CompareTicketTypeFilter" time="44.803" classname="com.UnoPoint.TestCases.ViewTicketPageTestCaseOfSdRole"/>
  <testcase name="SelectOpenCTSFilterTextBox" time="34.169" classname="com.UnoPoint.TestCases.ViewTicketPageTestCaseOfSdRole"/>
  <testcase name="selectCloseCTSFilterTextBox" time="28.008" classname="com.UnoPoint.TestCases.ViewTicketPageTestCaseOfSdRole"/>
  <testcase name="DisplayRequestOrIncidentTab" time="220.222" classname="com.UnoPoint.TestCases.ViewTicketPageTestCaseOfSdRole"/>
  <testcase name="CompareIdOfRequesterOrIncidentTab" time="57.211" classname="com.UnoPoint.TestCases.ViewTicketPageTestCaseOfSdRole"/>
  <testcase name="DisplayPopupForEnterAddress" time="81.492" classname="com.UnoPoint.TestCases.ViewTicketPageTestCaseOfSdRole">
    <skipped/>
  </testcase> <!-- DisplayPopupForEnterAddress -->
  <testcase name="DisplayPopupForEnterAddress" time="95.969" classname="com.UnoPoint.TestCases.ViewTicketPageTestCaseOfSdRole">
    <failure type="java.lang.AssertionError" message=" Incorrect Address link is not Present. expected [true] but found [false]">
      <![CDATA[java.lang.AssertionError:  Incorrect Address link is not Present. expected [true] but found [false]
at org.testng.Assert.fail(Assert.java:96)
at org.testng.Assert.failNotEquals(Assert.java:776)
at org.testng.Assert.assertTrue(Assert.java:44)
at com.UnoPoint.Pages.ViewTicketPageOfSdRole.displayPopupForEnterAddress(ViewTicketPageOfSdRole.java:3396)
at com.UnoPoint.TestCases.ViewTicketPageTestCaseOfSdRole.DisplayPopupForEnterAddress(ViewTicketPageTestCaseOfSdRole.java:398)
at sun.reflect.NativeMethodAccessorImpl.invoke0(Native Method)
at sun.reflect.NativeMethodAccessorImpl.invoke(Unknown Source)
at sun.reflect.DelegatingMethodAccessorImpl.invoke(Unknown Source)
at java.lang.reflect.Method.invoke(Unknown Source)
at org.testng.internal.MethodInvocationHelper.invokeMethod(MethodInvocationHelper.java:124)
at org.testng.internal.Invoker.invokeMethod(Invoker.java:583)
at org.testng.internal.Invoker.retryFailed(Invoker.java:839)
at org.testng.internal.Invoker.invokeTestMethods(Invoker.java:1010)
at org.testng.internal.TestMethodWorker.invokeTestMethods(TestMethodWorker.java:125)
at org.testng.internal.TestMethodWorker.run(TestMethodWorker.java:109)
at java.util.concurrent.ThreadPoolExecutor.runWorker(Unknown Source)
at java.util.concurrent.ThreadPoolExecutor$Worker.run(Unknown Source)
at java.lang.Thread.run(Unknown Source)
]]>
    </failure>
  </testcase> <!-- DisplayPopupForEnterAddress -->
  <testcase name="OverrideCustomerAddress" time="67.588" classname="com.UnoPoint.TestCases.ViewTicketPageTestCaseOfSdRole">
    <failure type="java.lang.AssertionError" message=" Incorrect Address link is not Present. expected [true] but found [false]">
      <![CDATA[java.lang.AssertionError:  Incorrect Address link is not Present. expected [true] but found [false]
at org.testng.Assert.fail(Assert.java:96)
at org.testng.Assert.failNotEquals(Assert.java:776)
at org.testng.Assert.assertTrue(Assert.java:44)
at com.UnoPoint.Pages.ViewTicketPageOfSdRole.overrideCustomerAddress(ViewTicketPageOfSdRole.java:3475)
at com.UnoPoint.TestCases.ViewTicketPageTestCaseOfSdRole.OverrideCustomerAddress(ViewTicketPageTestCaseOfSdRole.java:408)
at sun.reflect.NativeMethodAccessorImpl.invoke0(Native Method)
at sun.reflect.NativeMethodAccessorImpl.invoke(Unknown Source)
at sun.reflect.DelegatingMethodAccessorImpl.invoke(Unknown Source)
at java.lang.reflect.Method.invoke(Unknown Source)
at org.testng.internal.MethodInvocationHelper.invokeMethod(MethodInvocationHelper.java:124)
at org.testng.internal.Invoker.invokeMethod(Invoker.java:583)
at org.testng.internal.Invoker.retryFailed(Invoker.java:839)
at org.testng.internal.Invoker.invokeTestMethods(Invoker.java:1010)
at org.testng.internal.TestMethodWorker.invokeTestMethods(TestMethodWorker.java:125)
at org.testng.internal.TestMethodWorker.run(TestMethodWorker.java:109)
at java.util.concurrent.ThreadPoolExecutor.runWorker(Unknown Source)
at java.util.concurrent.ThreadPoolExecutor$Worker.run(Unknown Source)
at java.lang.Thread.run(Unknown Source)
]]>
    </failure>
  </testcase> <!-- OverrideCustomerAddress -->
  <testcase name="OverrideCustomerAddress" time="70.680" classname="com.UnoPoint.TestCases.ViewTicketPageTestCaseOfSdRole">
    <skipped/>
  </testcase> <!-- OverrideCustomerAddress -->
  <testcase name="CheckSerialNoHyperlinkInRequesterTab" time="39.340" classname="com.UnoPoint.TestCases.ViewTicketPageTestCaseOfSdRole"/>
  <testcase name="CheckIncidentHistoryOfCustomerPage" time="56.464" classname="com.UnoPoint.TestCases.ViewTicketPageTestCaseOfSdRole"/>
  <testcase name="checkIncidentHistoryOfAssetIdPage" time="48.952" classname="com.UnoPoint.TestCases.ViewTicketPageTestCaseOfSdRole"/>
  <testcase name="DisplayTicketDetailsPopup" time="11.723" classname="com.UnoPoint.TestCases.ViewTicketPageTestCaseOfSdRole"/>
  <testcase name="CheckUpdatedTicketDetails" time="31.569" classname="com.UnoPoint.TestCases.ViewTicketPageTestCaseOfSdRole"/>
  <testcase name="MatchFileType" time="83.414" classname="com.UnoPoint.TestCases.ViewTicketPageTestCaseOfSdRole">
    <skipped/>
  </testcase> <!-- MatchFileType -->
  <testcase name="MatchFileType" time="36.243" classname="com.UnoPoint.TestCases.ViewTicketPageTestCaseOfSdRole"/>
  <testcase name="MatchUploadedFile" time="33.953" classname="com.UnoPoint.TestCases.ViewTicketPageTestCaseOfSdRole"/>
  <testcase name="CheckUploadFileButtonWithoutFile" time="7.900" classname="com.UnoPoint.TestCases.ViewTicketPageTestCaseOfSdRole"/>
  <testcase name="CheckUploadFileButtonWithFile" time="60.332" classname="com.UnoPoint.TestCases.ViewTicketPageTestCaseOfSdRole"/>
  <testcase name="DisplayListOfFilePage" time="6.507" classname="com.UnoPoint.TestCases.ViewTicketPageTestCaseOfSdRole"/>
  <testcase name="DownloadFile" time="17.378" classname="com.UnoPoint.TestCases.ViewTicketPageTestCaseOfSdRole"/>
  <testcase name="DisplayTSDAssignDetail" time="143.630" classname="com.UnoPoint.TestCases.ViewTicketPageTestCaseOfSdRole"/>
  <testcase name="VerifyTsdTextBox" time="35.886" classname="com.UnoPoint.TestCases.ViewTicketPageTestCaseOfSdRole"/>
  <testcase name="CompareTsd" time="40.265" classname="com.UnoPoint.TestCases.ViewTicketPageTestCaseOfSdRole"/>
  <testcase name="VerifyTSDfieldWithBlank" time="14.650" classname="com.UnoPoint.TestCases.ViewTicketPageTestCaseOfSdRole"/>
  <testcase name="MatchTechnician" time="112.271" classname="com.UnoPoint.TestCases.ViewTicketPageTestCaseOfSdRole"/>
  <testcase name="CheckTechnicalStatusField" time="15.284" classname="com.UnoPoint.TestCases.ViewTicketPageTestCaseOfSdRole"/>
  <testcase name="CheckObservationTextBox" time="15.058" classname="com.UnoPoint.TestCases.ViewTicketPageTestCaseOfSdRole"/>
  <testcase name="CheckCustomerNameContactNoTextBox" time="13.924" classname="com.UnoPoint.TestCases.ViewTicketPageTestCaseOfSdRole"/>
  <testcase name="CheckUpdateDetailButton" time="46.939" classname="com.UnoPoint.TestCases.ViewTicketPageTestCaseOfSdRole"/>
  <testcase name="CheckCancelButton" time="19.594" classname="com.UnoPoint.TestCases.ViewTicketPageTestCaseOfSdRole"/>
  <testcase name="CheckETATechnician" time="33.723" classname="com.UnoPoint.TestCases.ViewTicketPageTestCaseOfSdRole"/>
  <testcase name="DisplayTechnicianAssignAndETADetails" time="86.944" classname="com.UnoPoint.TestCases.ViewTicketPageTestCaseOfSdRole"/>
  <testcase name="CheckWithBlankTechnician" time="35.079" classname="com.UnoPoint.TestCases.ViewTicketPageTestCaseOfSdRole"/>
  <testcase name="CheckTechnicianAutoSuggest" time="16.382" classname="com.UnoPoint.TestCases.ViewTicketPageTestCaseOfSdRole"/>
  <testcase name="DisplayListOfYourTechniciansWindow" time="17.480" classname="com.UnoPoint.TestCases.ViewTicketPageTestCaseOfSdRole"/>
  <testcase name="MatchTechnicianName" time="137.102" classname="com.UnoPoint.TestCases.ViewTicketPageTestCaseOfSdRole">
    <skipped/>
  </testcase> <!-- MatchTechnicianName -->
  <testcase name="MatchTechnicianName" time="157.400" classname="com.UnoPoint.TestCases.ViewTicketPageTestCaseOfSdRole">
    <error type="java.lang.IndexOutOfBoundsException" message="Index: 1, Size: 0">
      <![CDATA[java.lang.IndexOutOfBoundsException: Index: 1, Size: 0
at java.util.ArrayList.rangeCheck(Unknown Source)
at java.util.ArrayList.get(Unknown Source)
at sun.reflect.GeneratedMethodAccessor16.invoke(Unknown Source)
at sun.reflect.DelegatingMethodAccessorImpl.invoke(Unknown Source)
at java.lang.reflect.Method.invoke(Unknown Source)
at org.openqa.selenium.support.pagefactory.internal.LocatingElementListHandler.invoke(LocatingElementListHandler.java:39)
at com.sun.proxy.$Proxy19.get(Unknown Source)
at com.UnoPoint.Pages.ViewTicketPageOfSdRole.matchTechnicianName(ViewTicketPageOfSdRole.java:6169)
at com.UnoPoint.TestCases.ViewTicketPageTestCaseOfSdRole.MatchTechnicianName(ViewTicketPageTestCaseOfSdRole.java:678)
at sun.reflect.NativeMethodAccessorImpl.invoke0(Native Method)
at sun.reflect.NativeMethodAccessorImpl.invoke(Unknown Source)
at sun.reflect.DelegatingMethodAccessorImpl.invoke(Unknown Source)
at java.lang.reflect.Method.invoke(Unknown Source)
at org.testng.internal.MethodInvocationHelper.invokeMethod(MethodInvocationHelper.java:124)
at org.testng.internal.Invoker.invokeMethod(Invoker.java:583)
at org.testng.internal.Invoker.retryFailed(Invoker.java:839)
at org.testng.internal.Invoker.invokeTestMethods(Invoker.java:1010)
at org.testng.internal.TestMethodWorker.invokeTestMethods(TestMethodWorker.java:125)
at org.testng.internal.TestMethodWorker.run(TestMethodWorker.java:109)
at java.util.concurrent.ThreadPoolExecutor.runWorker(Unknown Source)
at java.util.concurrent.ThreadPoolExecutor$Worker.run(Unknown Source)
at java.lang.Thread.run(Unknown Source)
]]>
    </error>
  </testcase> <!-- MatchTechnicianName -->
  <testcase name="CheckETADateField" time="110.575" classname="com.UnoPoint.TestCases.ViewTicketPageTestCaseOfSdRole">
    <failure type="java.lang.AssertionError" message=" Ticket is not Available for Punching ETA expected [true] but found [false]">
      <![CDATA[java.lang.AssertionError:  Ticket is not Available for Punching ETA expected [true] but found [false]
at org.testng.Assert.fail(Assert.java:96)
at org.testng.Assert.failNotEquals(Assert.java:776)
at org.testng.Assert.assertTrue(Assert.java:44)
at com.UnoPoint.Pages.ViewTicketPageOfSdRole.checkETADateField(ViewTicketPageOfSdRole.java:6440)
at com.UnoPoint.TestCases.ViewTicketPageTestCaseOfSdRole.CheckETADateField(ViewTicketPageTestCaseOfSdRole.java:686)
at sun.reflect.NativeMethodAccessorImpl.invoke0(Native Method)
at sun.reflect.NativeMethodAccessorImpl.invoke(Unknown Source)
at sun.reflect.DelegatingMethodAccessorImpl.invoke(Unknown Source)
at java.lang.reflect.Method.invoke(Unknown Source)
at org.testng.internal.MethodInvocationHelper.invokeMethod(MethodInvocationHelper.java:124)
at org.testng.internal.Invoker.invokeMethod(Invoker.java:583)
at org.testng.internal.Invoker.retryFailed(Invoker.java:839)
at org.testng.internal.Invoker.invokeTestMethods(Invoker.java:1010)
at org.testng.internal.TestMethodWorker.invokeTestMethods(TestMethodWorker.java:125)
at org.testng.internal.TestMethodWorker.run(TestMethodWorker.java:109)
at java.util.concurrent.ThreadPoolExecutor.runWorker(Unknown Source)
at java.util.concurrent.ThreadPoolExecutor$Worker.run(Unknown Source)
at java.lang.Thread.run(Unknown Source)
]]>
    </failure>
  </testcase> <!-- CheckETADateField -->
  <testcase name="CheckETADateField" time="90.196" classname="com.UnoPoint.TestCases.ViewTicketPageTestCaseOfSdRole">
    <skipped/>
  </testcase> <!-- CheckETADateField -->
  <testcase name="CheckETATime" time="23.432" classname="com.UnoPoint.TestCases.ViewTicketPageTestCaseOfSdRole"/>
  <testcase name="checkAppointmentDateAndTime" time="233.952" classname="com.UnoPoint.TestCases.ViewTicketPageTestCaseOfSdRole">
    <error type="org.openqa.selenium.StaleElementReferenceException" message="Element not found in the cache - perhaps the page has changed since it was looked up
Command duration or timeout: 40.04 seconds
For documentation on this error, please visit: http://seleniumhq.org/exceptions/stale_element_reference.html
Build info: version: &#039;2.53.0&#039;, revision: &#039;35ae25b1534ae328c771e0856c93e187490ca824&#039;, time: &#039;2016-03-15 10:43:46&#039;
System info: host: &#039;Admin-PC&#039;, ip: &#039;192.168.3.8&#039;, os.name: &#039;Windows 7&#039;, os.arch: &#039;amd64&#039;, os.version: &#039;6.1&#039;, java.version: &#039;1.8.0_161&#039;
Driver info: org.openqa.selenium.firefox.FirefoxDriver
Capabilities [{applicationCacheEnabled=true, rotatable=false, handlesAlerts=true, databaseEnabled=true, version=45.0.1, platform=WINDOWS, nativeEvents=false, acceptSslCerts=true, webStorageEnabled=true, locationContextEnabled=true, browserName=firefox, takesScreenshot=true, javascriptEnabled=true, cssSelectorsEnabled=true}]
Session ID: e155df42-78fd-408b-878a-4b64cd000ed1">
      <![CDATA[org.openqa.selenium.StaleElementReferenceException: Element not found in the cache - perhaps the page has changed since it was looked up
Command duration or timeout: 40.04 seconds
For documentation on this error, please visit: http://seleniumhq.org/exceptions/stale_element_reference.html
Build info: version: '2.53.0', revision: '35ae25b1534ae328c771e0856c93e187490ca824', time: '2016-03-15 10:43:46'
System info: host: 'Admin-PC', ip: '192.168.3.8', os.name: 'Windows 7', os.arch: 'amd64', os.version: '6.1', java.version: '1.8.0_161'
Driver info: org.openqa.selenium.firefox.FirefoxDriver
Capabilities [{applicationCacheEnabled=true, rotatable=false, handlesAlerts=true, databaseEnabled=true, version=45.0.1, platform=WINDOWS, nativeEvents=false, acceptSslCerts=true, webStorageEnabled=true, locationContextEnabled=true, browserName=firefox, takesScreenshot=true, javascriptEnabled=true, cssSelectorsEnabled=true}]
Session ID: e155df42-78fd-408b-878a-4b64cd000ed1
at sun.reflect.NativeConstructorAccessorImpl.newInstance0(Native Method)
at sun.reflect.NativeConstructorAccessorImpl.newInstance(Unknown Source)
at sun.reflect.DelegatingConstructorAccessorImpl.newInstance(Unknown Source)
at java.lang.reflect.Constructor.newInstance(Unknown Source)
at org.openqa.selenium.remote.ErrorHandler.createThrowable(ErrorHandler.java:206)
at org.openqa.selenium.remote.ErrorHandler.throwIfResponseFailed(ErrorHandler.java:158)
at org.openqa.selenium.remote.RemoteWebDriver.execute(RemoteWebDriver.java:678)
at org.openqa.selenium.remote.RemoteWebElement.execute(RemoteWebElement.java:327)
at org.openqa.selenium.remote.RemoteWebElement.click(RemoteWebElement.java:85)
at sun.reflect.GeneratedMethodAccessor5.invoke(Unknown Source)
at sun.reflect.DelegatingMethodAccessorImpl.invoke(Unknown Source)
at java.lang.reflect.Method.invoke(Unknown Source)
at org.openqa.selenium.support.events.EventFiringWebDriver$EventFiringWebElement$1.invoke(EventFiringWebDriver.java:335)
at com.sun.proxy.$Proxy18.click(Unknown Source)
at org.openqa.selenium.support.events.EventFiringWebDriver$EventFiringWebElement.click(EventFiringWebDriver.java:348)
at sun.reflect.GeneratedMethodAccessor5.invoke(Unknown Source)
at sun.reflect.DelegatingMethodAccessorImpl.invoke(Unknown Source)
at java.lang.reflect.Method.invoke(Unknown Source)
at org.openqa.selenium.support.pagefactory.internal.LocatingElementHandler.invoke(LocatingElementHandler.java:51)
at com.sun.proxy.$Proxy16.click(Unknown Source)
at com.UnoPoint.Pages.ViewTicketPageOfSdRole.checkAppointmentDateAndTime(ViewTicketPageOfSdRole.java:6930)
at com.UnoPoint.TestCases.ViewTicketPageTestCaseOfSdRole.checkAppointmentDateAndTime(ViewTicketPageTestCaseOfSdRole.java:717)
at sun.reflect.NativeMethodAccessorImpl.invoke0(Native Method)
at sun.reflect.NativeMethodAccessorImpl.invoke(Unknown Source)
at sun.reflect.DelegatingMethodAccessorImpl.invoke(Unknown Source)
at java.lang.reflect.Method.invoke(Unknown Source)
at org.testng.internal.MethodInvocationHelper.invokeMethod(MethodInvocationHelper.java:124)
at org.testng.internal.Invoker.invokeMethod(Invoker.java:583)
at org.testng.internal.Invoker.retryFailed(Invoker.java:839)
at org.testng.internal.Invoker.invokeTestMethods(Invoker.java:1010)
at org.testng.internal.TestMethodWorker.invokeTestMethods(TestMethodWorker.java:125)
at org.testng.internal.TestMethodWorker.run(TestMethodWorker.java:109)
at java.util.concurrent.ThreadPoolExecutor.runWorker(Unknown Source)
at java.util.concurrent.ThreadPoolExecutor$Worker.run(Unknown Source)
at java.lang.Thread.run(Unknown Source)
Caused by: org.openqa.selenium.StaleElementReferenceException: Element not found in the cache - perhaps the page has changed since it was looked up
For documentation on this error, please visit: http://seleniumhq.org/exceptions/stale_element_reference.html
Build info: version: '2.53.0', revision: '35ae25b1534ae328c771e0856c93e187490ca824', time: '2016-03-15 10:43:46'
System info: host: 'Admin-PC', ip: '192.168.3.8', os.name: 'Windows 7', os.arch: 'amd64', os.version: '6.1', java.version: '1.8.0_161'
Driver info: driver.version: unknown
at <anonymous class>.fxdriver.cache.getElementAt(resource://fxdriver/modules/web-element-cache.js:9454)
at <anonymous class>.Utils.getElementAt(file:///C:/Users/Admin/AppData/Local/Temp/anonymous1879146682982830582webdriver-profile/extensions/fxdriver@googlecode.com/components/command-processor.js:9039)
at <anonymous class>.fxdriver.preconditions.visible(file:///C:/Users/Admin/AppData/Local/Temp/anonymous1879146682982830582webdriver-profile/extensions/fxdriver@googlecode.com/components/command-processor.js:10090)
at <anonymous class>.DelayedCommand.prototype.checkPreconditions_(file:///C:/Users/Admin/AppData/Local/Temp/anonymous1879146682982830582webdriver-profile/extensions/fxdriver@googlecode.com/components/command-processor.js:12644)
at <anonymous class>.DelayedCommand.prototype.executeInternal_/h(file:///C:/Users/Admin/AppData/Local/Temp/anonymous1879146682982830582webdriver-profile/extensions/fxdriver@googlecode.com/components/command-processor.js:12661)
at <anonymous class>.fxdriver.Timer.prototype.setTimeout/<.notify(file:///C:/Users/Admin/AppData/Local/Temp/anonymous1879146682982830582webdriver-profile/extensions/fxdriver@googlecode.com/components/command-processor.js:625)
]]>
    </error>
  </testcase> <!-- checkAppointmentDateAndTime -->
  <testcase name="checkAppointmentDateAndTime" time="265.675" classname="com.UnoPoint.TestCases.ViewTicketPageTestCaseOfSdRole">
    <skipped/>
  </testcase> <!-- checkAppointmentDateAndTime -->
  <testcase name="CheckCancelButtonFunctionality" time="99.097" classname="com.UnoPoint.TestCases.ViewTicketPageTestCaseOfSdRole">
    <failure type="java.lang.AssertionError" message=" Ticket is not Available for Punching ETA expected [true] but found [false]">
      <![CDATA[java.lang.AssertionError:  Ticket is not Available for Punching ETA expected [true] but found [false]
at org.testng.Assert.fail(Assert.java:96)
at org.testng.Assert.failNotEquals(Assert.java:776)
at org.testng.Assert.assertTrue(Assert.java:44)
at com.UnoPoint.Pages.ViewTicketPageOfSdRole.checkCancelButtonFunctionality(ViewTicketPageOfSdRole.java:7234)
at com.UnoPoint.TestCases.ViewTicketPageTestCaseOfSdRole.CheckCancelButtonFunctionality(ViewTicketPageTestCaseOfSdRole.java:726)
at sun.reflect.NativeMethodAccessorImpl.invoke0(Native Method)
at sun.reflect.NativeMethodAccessorImpl.invoke(Unknown Source)
at sun.reflect.DelegatingMethodAccessorImpl.invoke(Unknown Source)
at java.lang.reflect.Method.invoke(Unknown Source)
at org.testng.internal.MethodInvocationHelper.invokeMethod(MethodInvocationHelper.java:124)
at org.testng.internal.Invoker.invokeMethod(Invoker.java:583)
at org.testng.internal.Invoker.retryFailed(Invoker.java:839)
at org.testng.internal.Invoker.invokeTestMethods(Invoker.java:1010)
at org.testng.internal.TestMethodWorker.invokeTestMethods(TestMethodWorker.java:125)
at org.testng.internal.TestMethodWorker.run(TestMethodWorker.java:109)
at java.util.concurrent.ThreadPoolExecutor.runWorker(Unknown Source)
at java.util.concurrent.ThreadPoolExecutor$Worker.run(Unknown Source)
at java.lang.Thread.run(Unknown Source)
]]>
    </failure>
  </testcase> <!-- CheckCancelButtonFunctionality -->
  <testcase name="CheckCancelButtonFunctionality" time="82.885" classname="com.UnoPoint.TestCases.ViewTicketPageTestCaseOfSdRole">
    <skipped/>
  </testcase> <!-- CheckCancelButtonFunctionality -->
  <testcase name="DisplayNotificationWithoutETAinATATab" time="53.933" classname="com.UnoPoint.TestCases.ViewTicketPageTestCaseOfSdRole">
    <error type="java.lang.IndexOutOfBoundsException" message="Index: 1, Size: 0">
      <![CDATA[java.lang.IndexOutOfBoundsException: Index: 1, Size: 0
at java.util.ArrayList.rangeCheck(Unknown Source)
at java.util.ArrayList.get(Unknown Source)
at sun.reflect.GeneratedMethodAccessor16.invoke(Unknown Source)
at sun.reflect.DelegatingMethodAccessorImpl.invoke(Unknown Source)
at java.lang.reflect.Method.invoke(Unknown Source)
at org.openqa.selenium.support.pagefactory.internal.LocatingElementListHandler.invoke(LocatingElementListHandler.java:39)
at com.sun.proxy.$Proxy19.get(Unknown Source)
at com.UnoPoint.Pages.ViewTicketPageOfSdRole.displayNotificationWithoutETAInATATab(ViewTicketPageOfSdRole.java:7951)
at com.UnoPoint.TestCases.ViewTicketPageTestCaseOfSdRole.DisplayNotificationWithoutETAinATATab(ViewTicketPageTestCaseOfSdRole.java:785)
at sun.reflect.NativeMethodAccessorImpl.invoke0(Native Method)
at sun.reflect.NativeMethodAccessorImpl.invoke(Unknown Source)
at sun.reflect.DelegatingMethodAccessorImpl.invoke(Unknown Source)
at java.lang.reflect.Method.invoke(Unknown Source)
at org.testng.internal.MethodInvocationHelper.invokeMethod(MethodInvocationHelper.java:124)
at org.testng.internal.Invoker.invokeMethod(Invoker.java:583)
at org.testng.internal.Invoker.retryFailed(Invoker.java:839)
at org.testng.internal.Invoker.invokeTestMethods(Invoker.java:1010)
at org.testng.internal.TestMethodWorker.invokeTestMethods(TestMethodWorker.java:125)
at org.testng.internal.TestMethodWorker.run(TestMethodWorker.java:109)
at java.util.concurrent.ThreadPoolExecutor.runWorker(Unknown Source)
at java.util.concurrent.ThreadPoolExecutor$Worker.run(Unknown Source)
at java.lang.Thread.run(Unknown Source)
]]>
    </error>
  </testcase> <!-- DisplayNotificationWithoutETAinATATab -->
  <testcase name="DisplayNotificationWithoutETAinATATab" time="73.950" classname="com.UnoPoint.TestCases.ViewTicketPageTestCaseOfSdRole">
    <skipped/>
  </testcase> <!-- DisplayNotificationWithoutETAinATATab -->
  <testcase name="CheckATADateAndTimeWithIncidentDateAndTime" time="41.082" classname="com.UnoPoint.TestCases.ViewTicketPageTestCaseOfSdRole">
    <skipped/>
  </testcase> <!-- CheckATADateAndTimeWithIncidentDateAndTime -->
  <testcase name="CheckATADateAndTimeWithIncidentDateAndTime" time="37.629" classname="com.UnoPoint.TestCases.ViewTicketPageTestCaseOfSdRole">
    <failure type="java.lang.AssertionError" message=" Ticket is not Available for Punching ATA expected [true] but found [false]">
      <![CDATA[java.lang.AssertionError:  Ticket is not Available for Punching ATA expected [true] but found [false]
at org.testng.Assert.fail(Assert.java:96)
at org.testng.Assert.failNotEquals(Assert.java:776)
at org.testng.Assert.assertTrue(Assert.java:44)
at com.UnoPoint.Pages.ViewTicketPageOfSdRole.checkATADateAndTimeWithIncidentDateAndTime(ViewTicketPageOfSdRole.java:8216)
at com.UnoPoint.TestCases.ViewTicketPageTestCaseOfSdRole.CheckATADateAndTimeWithIncidentDateAndTime(ViewTicketPageTestCaseOfSdRole.java:796)
at sun.reflect.NativeMethodAccessorImpl.invoke0(Native Method)
at sun.reflect.NativeMethodAccessorImpl.invoke(Unknown Source)
at sun.reflect.DelegatingMethodAccessorImpl.invoke(Unknown Source)
at java.lang.reflect.Method.invoke(Unknown Source)
at org.testng.internal.MethodInvocationHelper.invokeMethod(MethodInvocationHelper.java:124)
at org.testng.internal.Invoker.invokeMethod(Invoker.java:583)
at org.testng.internal.Invoker.retryFailed(Invoker.java:839)
at org.testng.internal.Invoker.invokeTestMethods(Invoker.java:1010)
at org.testng.internal.TestMethodWorker.invokeTestMethods(TestMethodWorker.java:125)
at org.testng.internal.TestMethodWorker.run(TestMethodWorker.java:109)
at java.util.concurrent.ThreadPoolExecutor.runWorker(Unknown Source)
at java.util.concurrent.ThreadPoolExecutor$Worker.run(Unknown Source)
at java.lang.Thread.run(Unknown Source)
]]>
    </failure>
  </testcase> <!-- CheckATADateAndTimeWithIncidentDateAndTime -->
  <testcase name="CheckATADateAndTimeWithETADateAndTime" time="39.233" classname="com.UnoPoint.TestCases.ViewTicketPageTestCaseOfSdRole">
    <failure type="java.lang.AssertionError" message=" Ticket is not Available for Punching ATA expected [true] but found [false]">
      <![CDATA[java.lang.AssertionError:  Ticket is not Available for Punching ATA expected [true] but found [false]
at org.testng.Assert.fail(Assert.java:96)
at org.testng.Assert.failNotEquals(Assert.java:776)
at org.testng.Assert.assertTrue(Assert.java:44)
at com.UnoPoint.Pages.ViewTicketPageOfSdRole.checkATADateAndTimeWithETADateAndTime(ViewTicketPageOfSdRole.java:8419)
at com.UnoPoint.TestCases.ViewTicketPageTestCaseOfSdRole.CheckATADateAndTimeWithETADateAndTime(ViewTicketPageTestCaseOfSdRole.java:809)
at sun.reflect.NativeMethodAccessorImpl.invoke0(Native Method)
at sun.reflect.NativeMethodAccessorImpl.invoke(Unknown Source)
at sun.reflect.DelegatingMethodAccessorImpl.invoke(Unknown Source)
at java.lang.reflect.Method.invoke(Unknown Source)
at org.testng.internal.MethodInvocationHelper.invokeMethod(MethodInvocationHelper.java:124)
at org.testng.internal.Invoker.invokeMethod(Invoker.java:583)
at org.testng.internal.Invoker.retryFailed(Invoker.java:839)
at org.testng.internal.Invoker.invokeTestMethods(Invoker.java:1010)
at org.testng.internal.TestMethodWorker.invokeTestMethods(TestMethodWorker.java:125)
at org.testng.internal.TestMethodWorker.run(TestMethodWorker.java:109)
at java.util.concurrent.ThreadPoolExecutor.runWorker(Unknown Source)
at java.util.concurrent.ThreadPoolExecutor$Worker.run(Unknown Source)
at java.lang.Thread.run(Unknown Source)
]]>
    </failure>
  </testcase> <!-- CheckATADateAndTimeWithETADateAndTime -->
  <testcase name="CheckATADateAndTimeWithETADateAndTime" time="52.628" classname="com.UnoPoint.TestCases.ViewTicketPageTestCaseOfSdRole">
    <skipped/>
  </testcase> <!-- CheckATADateAndTimeWithETADateAndTime -->
  <testcase name="DisplayAlertWithoutSelectMachineAvailable" time="323.929" classname="com.UnoPoint.TestCases.ViewTicketPageTestCaseOfSdRole"/>
  <testcase name="MatchUpdatedDetailesOfATA" time="49.147" classname="com.UnoPoint.TestCases.ViewTicketPageTestCaseOfSdRole">
    <skipped/>
  </testcase> <!-- MatchUpdatedDetailesOfATA -->
  <testcase name="MatchUpdatedDetailesOfATA" time="76.164" classname="com.UnoPoint.TestCases.ViewTicketPageTestCaseOfSdRole">
    <failure type="java.lang.AssertionError" message=" Ticket is not Available for Punching ATA expected [true] but found [false]">
      <![CDATA[java.lang.AssertionError:  Ticket is not Available for Punching ATA expected [true] but found [false]
at org.testng.Assert.fail(Assert.java:96)
at org.testng.Assert.failNotEquals(Assert.java:776)
at org.testng.Assert.assertTrue(Assert.java:44)
at com.UnoPoint.Pages.ViewTicketPageOfSdRole.matchUpdatedDetailesOfATA(ViewTicketPageOfSdRole.java:8660)
at com.UnoPoint.TestCases.ViewTicketPageTestCaseOfSdRole.MatchUpdatedDetailesOfATA(ViewTicketPageTestCaseOfSdRole.java:830)
at sun.reflect.NativeMethodAccessorImpl.invoke0(Native Method)
at sun.reflect.NativeMethodAccessorImpl.invoke(Unknown Source)
at sun.reflect.DelegatingMethodAccessorImpl.invoke(Unknown Source)
at java.lang.reflect.Method.invoke(Unknown Source)
at org.testng.internal.MethodInvocationHelper.invokeMethod(MethodInvocationHelper.java:124)
at org.testng.internal.Invoker.invokeMethod(Invoker.java:583)
at org.testng.internal.Invoker.retryFailed(Invoker.java:839)
at org.testng.internal.Invoker.invokeTestMethods(Invoker.java:1010)
at org.testng.internal.TestMethodWorker.invokeTestMethods(TestMethodWorker.java:125)
at org.testng.internal.TestMethodWorker.run(TestMethodWorker.java:109)
at java.util.concurrent.ThreadPoolExecutor.runWorker(Unknown Source)
at java.util.concurrent.ThreadPoolExecutor$Worker.run(Unknown Source)
at java.lang.Thread.run(Unknown Source)
]]>
    </failure>
  </testcase> <!-- MatchUpdatedDetailesOfATA -->
  <testcase name="DisplayNotificationWithoutETAAndATAinPauseTab" time="60.773" classname="com.UnoPoint.TestCases.ViewTicketPageTestCaseOfSdRole"/>
  <testcase name="OpenPauseDetailsPage" time="16.648" classname="com.UnoPoint.TestCases.ViewTicketPageTestCaseOfSdRole"/>
  <testcase name="DisplayListOfPauseReasonsPopup" time="21.247" classname="com.UnoPoint.TestCases.ViewTicketPageTestCaseOfSdRole"/>
  <testcase name="DisplaySamePauseReason" time="28.612" classname="com.UnoPoint.TestCases.ViewTicketPageTestCaseOfSdRole"/>
  <testcase name="CheckAutoResumeDateField" time="16.075" classname="com.UnoPoint.TestCases.ViewTicketPageTestCaseOfSdRole"/>
  <testcase name="MatchResumeDateAndTimeInPauseTab" time="87.387" classname="com.UnoPoint.TestCases.ViewTicketPageTestCaseOfSdRole">
    <skipped/>
  </testcase> <!-- MatchResumeDateAndTimeInPauseTab -->
  <testcase name="MatchResumeDateAndTimeInPauseTab" time="98.417" classname="com.UnoPoint.TestCases.ViewTicketPageTestCaseOfSdRole">
    <error type="org.openqa.selenium.WebDriverException" message="Element is not clickable at point (538.6666870117188, 345.98333740234375). Other element would receive the click: &lt;tr&gt;&lt;/tr&gt;
Command duration or timeout: 77 milliseconds
Build info: version: &#039;2.53.0&#039;, revision: &#039;35ae25b1534ae328c771e0856c93e187490ca824&#039;, time: &#039;2016-03-15 10:43:46&#039;
System info: host: &#039;Admin-PC&#039;, ip: &#039;192.168.3.8&#039;, os.name: &#039;Windows 7&#039;, os.arch: &#039;amd64&#039;, os.version: &#039;6.1&#039;, java.version: &#039;1.8.0_161&#039;
Driver info: org.openqa.selenium.firefox.FirefoxDriver
Capabilities [{applicationCacheEnabled=true, rotatable=false, handlesAlerts=true, databaseEnabled=true, version=45.0.1, platform=WINDOWS, nativeEvents=false, acceptSslCerts=true, webStorageEnabled=true, locationContextEnabled=true, browserName=firefox, takesScreenshot=true, javascriptEnabled=true, cssSelectorsEnabled=true}]
Session ID: 780c9712-00ff-472b-874e-0dd16837aa2a">
      <![CDATA[org.openqa.selenium.WebDriverException: Element is not clickable at point (538.6666870117188, 345.98333740234375). Other element would receive the click: <tr></tr>
Command duration or timeout: 77 milliseconds
Build info: version: '2.53.0', revision: '35ae25b1534ae328c771e0856c93e187490ca824', time: '2016-03-15 10:43:46'
System info: host: 'Admin-PC', ip: '192.168.3.8', os.name: 'Windows 7', os.arch: 'amd64', os.version: '6.1', java.version: '1.8.0_161'
Driver info: org.openqa.selenium.firefox.FirefoxDriver
Capabilities [{applicationCacheEnabled=true, rotatable=false, handlesAlerts=true, databaseEnabled=true, version=45.0.1, platform=WINDOWS, nativeEvents=false, acceptSslCerts=true, webStorageEnabled=true, locationContextEnabled=true, browserName=firefox, takesScreenshot=true, javascriptEnabled=true, cssSelectorsEnabled=true}]
Session ID: 780c9712-00ff-472b-874e-0dd16837aa2a
at sun.reflect.NativeConstructorAccessorImpl.newInstance0(Native Method)
at sun.reflect.NativeConstructorAccessorImpl.newInstance(Unknown Source)
at sun.reflect.DelegatingConstructorAccessorImpl.newInstance(Unknown Source)
at java.lang.reflect.Constructor.newInstance(Unknown Source)
at org.openqa.selenium.remote.ErrorHandler.createThrowable(ErrorHandler.java:206)
at org.openqa.selenium.remote.ErrorHandler.throwIfResponseFailed(ErrorHandler.java:158)
at org.openqa.selenium.remote.RemoteWebDriver.execute(RemoteWebDriver.java:678)
at org.openqa.selenium.remote.RemoteWebElement.execute(RemoteWebElement.java:327)
at org.openqa.selenium.remote.RemoteWebElement.click(RemoteWebElement.java:85)
at sun.reflect.GeneratedMethodAccessor5.invoke(Unknown Source)
at sun.reflect.DelegatingMethodAccessorImpl.invoke(Unknown Source)
at java.lang.reflect.Method.invoke(Unknown Source)
at org.openqa.selenium.support.events.EventFiringWebDriver$EventFiringWebElement$1.invoke(EventFiringWebDriver.java:335)
at com.sun.proxy.$Proxy18.click(Unknown Source)
at org.openqa.selenium.support.events.EventFiringWebDriver$EventFiringWebElement.click(EventFiringWebDriver.java:348)
at sun.reflect.GeneratedMethodAccessor5.invoke(Unknown Source)
at sun.reflect.DelegatingMethodAccessorImpl.invoke(Unknown Source)
at java.lang.reflect.Method.invoke(Unknown Source)
at org.openqa.selenium.support.pagefactory.internal.LocatingElementHandler.invoke(LocatingElementHandler.java:51)
at com.sun.proxy.$Proxy16.click(Unknown Source)
at com.UnoPoint.Pages.ViewTicketPageOfSdRole.matchResumeDateAndTimeInPauseTab(ViewTicketPageOfSdRole.java:9476)
at com.UnoPoint.TestCases.ViewTicketPageTestCaseOfSdRole.MatchResumeDateAndTimeInPauseTab(ViewTicketPageTestCaseOfSdRole.java:910)
at sun.reflect.NativeMethodAccessorImpl.invoke0(Native Method)
at sun.reflect.NativeMethodAccessorImpl.invoke(Unknown Source)
at sun.reflect.DelegatingMethodAccessorImpl.invoke(Unknown Source)
at java.lang.reflect.Method.invoke(Unknown Source)
at org.testng.internal.MethodInvocationHelper.invokeMethod(MethodInvocationHelper.java:124)
at org.testng.internal.Invoker.invokeMethod(Invoker.java:583)
at org.testng.internal.Invoker.retryFailed(Invoker.java:839)
at org.testng.internal.Invoker.invokeTestMethods(Invoker.java:1010)
at org.testng.internal.TestMethodWorker.invokeTestMethods(TestMethodWorker.java:125)
at org.testng.internal.TestMethodWorker.run(TestMethodWorker.java:109)
at java.util.concurrent.ThreadPoolExecutor.runWorker(Unknown Source)
at java.util.concurrent.ThreadPoolExecutor$Worker.run(Unknown Source)
at java.lang.Thread.run(Unknown Source)
]]>
    </error>
  </testcase> <!-- MatchResumeDateAndTimeInPauseTab -->
  <testcase name="CountTotalPauseTimeInPauseTab" time="37.066" classname="com.UnoPoint.TestCases.ViewTicketPageTestCaseOfSdRole">
    <skipped/>
  </testcase> <!-- CountTotalPauseTimeInPauseTab -->
  <testcase name="CountTotalPauseTimeInPauseTab" time="16.788" classname="com.UnoPoint.TestCases.ViewTicketPageTestCaseOfSdRole">
    <failure type="java.lang.AssertionError" message="expected [1559] but found [1558]">
      <![CDATA[java.lang.AssertionError: expected [1559] but found [1558]
at org.testng.Assert.fail(Assert.java:96)
at org.testng.Assert.failNotEquals(Assert.java:776)
at org.testng.Assert.assertEqualsImpl(Assert.java:137)
at org.testng.Assert.assertEquals(Assert.java:118)
at org.testng.Assert.assertEquals(Assert.java:453)
at org.testng.Assert.assertEquals(Assert.java:463)
at com.UnoPoint.Pages.ViewTicketPageOfSdRole.countTotalPauseTimeInPauseTab(ViewTicketPageOfSdRole.java:9576)
at com.UnoPoint.TestCases.ViewTicketPageTestCaseOfSdRole.CountTotalPauseTimeInPauseTab(ViewTicketPageTestCaseOfSdRole.java:919)
at sun.reflect.NativeMethodAccessorImpl.invoke0(Native Method)
at sun.reflect.NativeMethodAccessorImpl.invoke(Unknown Source)
at sun.reflect.DelegatingMethodAccessorImpl.invoke(Unknown Source)
at java.lang.reflect.Method.invoke(Unknown Source)
at org.testng.internal.MethodInvocationHelper.invokeMethod(MethodInvocationHelper.java:124)
at org.testng.internal.Invoker.invokeMethod(Invoker.java:583)
at org.testng.internal.Invoker.retryFailed(Invoker.java:839)
at org.testng.internal.Invoker.invokeTestMethods(Invoker.java:1010)
at org.testng.internal.TestMethodWorker.invokeTestMethods(TestMethodWorker.java:125)
at org.testng.internal.TestMethodWorker.run(TestMethodWorker.java:109)
at java.util.concurrent.ThreadPoolExecutor.runWorker(Unknown Source)
at java.util.concurrent.ThreadPoolExecutor$Worker.run(Unknown Source)
at java.lang.Thread.run(Unknown Source)
]]>
    </failure>
  </testcase> <!-- CountTotalPauseTimeInPauseTab -->
  <testcase name="DisplayNotificationWhenTicketPause" time="93.575" classname="com.UnoPoint.TestCases.ViewTicketPageTestCaseOfSdRole">
    <skipped/>
  </testcase> <!-- DisplayNotificationWhenTicketPause -->
  <testcase name="DisplayNotificationWhenTicketPause" time="32.276" classname="com.UnoPoint.TestCases.ViewTicketPageTestCaseOfSdRole"/>
  <testcase name="DisplayTotalPauseTimeWhenTicketOpen" time="14.491" classname="com.UnoPoint.TestCases.ViewTicketPageTestCaseOfSdRole"/>
  <testcase name="CheckUpdateButtonWithEnteringData" time="34.521" classname="com.UnoPoint.TestCases.ViewTicketPageTestCaseOfSdRole"/>
  <testcase name="CheckSpareTabWithYesSelect" time="55.268" classname="com.UnoPoint.TestCases.ViewTicketPageTestCaseOfSdRole"/>
  <testcase name="checkListOfAvailableSparesWindow" time="29.130" classname="com.UnoPoint.TestCases.ViewTicketPageTestCaseOfSdRole"/>
  <testcase name="MatchPartname" time="46.718" classname="com.UnoPoint.TestCases.ViewTicketPageTestCaseOfSdRole"/>
  <testcase name="MatchNotification" time="67.602" classname="com.UnoPoint.TestCases.ViewTicketPageTestCaseOfSdRole"/>
  <testcase name="CheckTransactionType" time="73.891" classname="com.UnoPoint.TestCases.ViewTicketPageTestCaseOfSdRole">
    <skipped/>
  </testcase> <!-- CheckTransactionType -->
  <testcase name="CheckTransactionType" time="25.396" classname="com.UnoPoint.TestCases.ViewTicketPageTestCaseOfSdRole">
    <failure type="java.lang.AssertionError" message=" Spare is not Available expected [true] but found [false]">
      <![CDATA[java.lang.AssertionError:  Spare is not Available expected [true] but found [false]
at org.testng.Assert.fail(Assert.java:96)
at org.testng.Assert.failNotEquals(Assert.java:776)
at org.testng.Assert.assertTrue(Assert.java:44)
at com.UnoPoint.Pages.ViewTicketPageOfSdRole.checkTransactionType(ViewTicketPageOfSdRole.java:10417)
at com.UnoPoint.TestCases.ViewTicketPageTestCaseOfSdRole.CheckTransactionType(ViewTicketPageTestCaseOfSdRole.java:1018)
at sun.reflect.NativeMethodAccessorImpl.invoke0(Native Method)
at sun.reflect.NativeMethodAccessorImpl.invoke(Unknown Source)
at sun.reflect.DelegatingMethodAccessorImpl.invoke(Unknown Source)
at java.lang.reflect.Method.invoke(Unknown Source)
at org.testng.internal.MethodInvocationHelper.invokeMethod(MethodInvocationHelper.java:124)
at org.testng.internal.Invoker.invokeMethod(Invoker.java:583)
at org.testng.internal.Invoker.retryFailed(Invoker.java:839)
at org.testng.internal.Invoker.invokeTestMethods(Invoker.java:1010)
at org.testng.internal.TestMethodWorker.invokeTestMethods(TestMethodWorker.java:125)
at org.testng.internal.TestMethodWorker.run(TestMethodWorker.java:109)
at java.util.concurrent.ThreadPoolExecutor.runWorker(Unknown Source)
at java.util.concurrent.ThreadPoolExecutor$Worker.run(Unknown Source)
at java.lang.Thread.run(Unknown Source)
]]>
    </failure>
  </testcase> <!-- CheckTransactionType -->
  <testcase name="checkReplaceSpareWithTab" time="204.948" classname="com.UnoPoint.TestCases.ViewTicketPageTestCaseOfSdRole"/>
  <testcase name="SelectNonConsumableProduct" time="76.955" classname="com.UnoPoint.TestCases.ViewTicketPageTestCaseOfSdRole"/>
  <testcase name="CheckPartCodeField" time="66.736" classname="com.UnoPoint.TestCases.ViewTicketPageTestCaseOfSdRole"/>
  <testcase name="MatchNotificationOfWithoutPartCode" time="65.779" classname="com.UnoPoint.TestCases.ViewTicketPageTestCaseOfSdRole"/>
  <testcase name="CheckWithoutEnteringSerialNumber" time="90.766" classname="com.UnoPoint.TestCases.ViewTicketPageTestCaseOfSdRole"/>
  <testcase name="CheckWithFaultySpare" time="99.476" classname="com.UnoPoint.TestCases.ViewTicketPageTestCaseOfSdRole">
    <error type="org.openqa.selenium.NoSuchElementException" message="Unable to locate element: {&quot;method&quot;:&quot;link text&quot;,&quot;selector&quot;:&quot;Filter&quot;}
Command duration or timeout: 41.07 seconds
For documentation on this error, please visit: http://seleniumhq.org/exceptions/no_such_element.html
Build info: version: &#039;2.53.0&#039;, revision: &#039;35ae25b1534ae328c771e0856c93e187490ca824&#039;, time: &#039;2016-03-15 10:43:46&#039;
System info: host: &#039;Admin-PC&#039;, ip: &#039;192.168.3.8&#039;, os.name: &#039;Windows 7&#039;, os.arch: &#039;amd64&#039;, os.version: &#039;6.1&#039;, java.version: &#039;1.8.0_161&#039;
Driver info: org.openqa.selenium.firefox.FirefoxDriver
Capabilities [{applicationCacheEnabled=true, rotatable=false, handlesAlerts=true, databaseEnabled=true, version=45.0.1, platform=WINDOWS, nativeEvents=false, acceptSslCerts=true, webStorageEnabled=true, locationContextEnabled=true, browserName=firefox, takesScreenshot=true, javascriptEnabled=true, cssSelectorsEnabled=true}]
Session ID: e88fc74c-2e23-4922-abc7-f419baa3567b
*** Element info: {Using=link text, value=Filter}">
      <![CDATA[org.openqa.selenium.NoSuchElementException: Unable to locate element: {"method":"link text","selector":"Filter"}
Command duration or timeout: 41.07 seconds
For documentation on this error, please visit: http://seleniumhq.org/exceptions/no_such_element.html
Build info: version: '2.53.0', revision: '35ae25b1534ae328c771e0856c93e187490ca824', time: '2016-03-15 10:43:46'
System info: host: 'Admin-PC', ip: '192.168.3.8', os.name: 'Windows 7', os.arch: 'amd64', os.version: '6.1', java.version: '1.8.0_161'
Driver info: org.openqa.selenium.firefox.FirefoxDriver
Capabilities [{applicationCacheEnabled=true, rotatable=false, handlesAlerts=true, databaseEnabled=true, version=45.0.1, platform=WINDOWS, nativeEvents=false, acceptSslCerts=true, webStorageEnabled=true, locationContextEnabled=true, browserName=firefox, takesScreenshot=true, javascriptEnabled=true, cssSelectorsEnabled=true}]
Session ID: e88fc74c-2e23-4922-abc7-f419baa3567b
*** Element info: {Using=link text, value=Filter}
at sun.reflect.NativeConstructorAccessorImpl.newInstance0(Native Method)
at sun.reflect.NativeConstructorAccessorImpl.newInstance(Unknown Source)
at sun.reflect.DelegatingConstructorAccessorImpl.newInstance(Unknown Source)
at java.lang.reflect.Constructor.newInstance(Unknown Source)
at org.openqa.selenium.remote.ErrorHandler.createThrowable(ErrorHandler.java:206)
at org.openqa.selenium.remote.ErrorHandler.throwIfResponseFailed(ErrorHandler.java:158)
at org.openqa.selenium.remote.RemoteWebDriver.execute(RemoteWebDriver.java:678)
at org.openqa.selenium.remote.RemoteWebDriver.findElement(RemoteWebDriver.java:363)
at org.openqa.selenium.remote.RemoteWebDriver.findElementByLinkText(RemoteWebDriver.java:428)
at org.openqa.selenium.By$ByLinkText.findElement(By.java:246)
at org.openqa.selenium.remote.RemoteWebDriver.findElement(RemoteWebDriver.java:355)
at sun.reflect.GeneratedMethodAccessor8.invoke(Unknown Source)
at sun.reflect.DelegatingMethodAccessorImpl.invoke(Unknown Source)
at java.lang.reflect.Method.invoke(Unknown Source)
at org.openqa.selenium.support.events.EventFiringWebDriver$2.invoke(EventFiringWebDriver.java:103)
at com.sun.proxy.$Proxy14.findElement(Unknown Source)
at org.openqa.selenium.support.events.EventFiringWebDriver.findElement(EventFiringWebDriver.java:188)
at org.openqa.selenium.support.pagefactory.DefaultElementLocator.findElement(DefaultElementLocator.java:69)
at org.openqa.selenium.support.pagefactory.internal.LocatingElementHandler.invoke(LocatingElementHandler.java:38)
at com.sun.proxy.$Proxy16.click(Unknown Source)
at com.UnoPoint.Pages.ViewTicketPageOfSdRole.checkWithFaultySpare(ViewTicketPageOfSdRole.java:11261)
at com.UnoPoint.TestCases.ViewTicketPageTestCaseOfSdRole.CheckWithFaultySpare(ViewTicketPageTestCaseOfSdRole.java:1085)
at sun.reflect.NativeMethodAccessorImpl.invoke0(Native Method)
at sun.reflect.NativeMethodAccessorImpl.invoke(Unknown Source)
at sun.reflect.DelegatingMethodAccessorImpl.invoke(Unknown Source)
at java.lang.reflect.Method.invoke(Unknown Source)
at org.testng.internal.MethodInvocationHelper.invokeMethod(MethodInvocationHelper.java:124)
at org.testng.internal.Invoker.invokeMethod(Invoker.java:583)
at org.testng.internal.Invoker.retryFailed(Invoker.java:839)
at org.testng.internal.Invoker.invokeTestMethods(Invoker.java:1010)
at org.testng.internal.TestMethodWorker.invokeTestMethods(TestMethodWorker.java:125)
at org.testng.internal.TestMethodWorker.run(TestMethodWorker.java:109)
at java.util.concurrent.ThreadPoolExecutor.runWorker(Unknown Source)
at java.util.concurrent.ThreadPoolExecutor$Worker.run(Unknown Source)
at java.lang.Thread.run(Unknown Source)
Caused by: org.openqa.selenium.NoSuchElementException: Unable to locate element: {"method":"link text","selector":"Filter"}
For documentation on this error, please visit: http://seleniumhq.org/exceptions/no_such_element.html
Build info: version: '2.53.0', revision: '35ae25b1534ae328c771e0856c93e187490ca824', time: '2016-03-15 10:43:46'
System info: host: 'Admin-PC', ip: '192.168.3.8', os.name: 'Windows 7', os.arch: 'amd64', os.version: '6.1', java.version: '1.8.0_161'
Driver info: driver.version: unknown
at <anonymous class>.FirefoxDriver.prototype.findElementInternal_(file:///C:/Users/Admin/AppData/Local/Temp/anonymous4015095429378002269webdriver-profile/extensions/fxdriver@googlecode.com/components/driver-component.js:10770)
at <anonymous class>.fxdriver.Timer.prototype.setTimeout/<.notify(file:///C:/Users/Admin/AppData/Local/Temp/anonymous4015095429378002269webdriver-profile/extensions/fxdriver@googlecode.com/components/driver-component.js:625)
at <anonymous class>.retrieveServiceFlag(https://demo.intelli.uno/erprmwise/js/GetServiceFlag.js:43)
at <anonymous class>.<anonymous method>(https://demo.intelli.uno/erprmwise/Login.do?randomid=0.8026000382319614:2563)
]]>
    </error>
  </testcase> <!-- CheckWithFaultySpare -->
  <testcase name="CheckWithFaultySpare" time="159.138" classname="com.UnoPoint.TestCases.ViewTicketPageTestCaseOfSdRole">
    <skipped/>
  </testcase> <!-- CheckWithFaultySpare -->
  <testcase name="MatchNotificationOfWithoutStatus" time="78.833" classname="com.UnoPoint.TestCases.ViewTicketPageTestCaseOfSdRole"/>
  <testcase name="MatchTechnicianCloseMessageDevice" time="106.586" classname="com.UnoPoint.TestCases.ViewTicketPageTestCaseOfSdRole"/>
  <testcase name="OpenSpareDetailsPage" time="70.677" classname="com.UnoPoint.TestCases.ViewTicketPageTestCaseOfSdRole"/>
  <testcase name="CheckTitleOfSpareDetailsPage" time="39.853" classname="com.UnoPoint.TestCases.ViewTicketPageTestCaseOfSdRole"/>
  <testcase name="CheckPartNameFieldOfSpareDetailsPage" time="75.391" classname="com.UnoPoint.TestCases.ViewTicketPageTestCaseOfSdRole"/>
  <testcase name="CheckPartCodeFieldOfSpareDetailsPage" time="83.183" classname="com.UnoPoint.TestCases.ViewTicketPageTestCaseOfSdRole">
    <skipped/>
  </testcase> <!-- CheckPartCodeFieldOfSpareDetailsPage -->
  <testcase name="CheckPartCodeFieldOfSpareDetailsPage" time="79.997" classname="com.UnoPoint.TestCases.ViewTicketPageTestCaseOfSdRole">
    <failure type="java.lang.AssertionError" message="Part Code Size is not same. expected [1] but found [26]">
      <![CDATA[java.lang.AssertionError: Part Code Size is not same. expected [1] but found [26]
at org.testng.Assert.fail(Assert.java:96)
at org.testng.Assert.failNotEquals(Assert.java:776)
at org.testng.Assert.assertEqualsImpl(Assert.java:137)
at org.testng.Assert.assertEquals(Assert.java:118)
at org.testng.Assert.assertEquals(Assert.java:652)
at com.UnoPoint.Pages.ViewTicketPageOfSdRole.checkPartCodeFieldOfSpareDetailsPage(ViewTicketPageOfSdRole.java:12566)
at com.UnoPoint.TestCases.ViewTicketPageTestCaseOfSdRole.CheckPartCodeFieldOfSpareDetailsPage(ViewTicketPageTestCaseOfSdRole.java:1169)
at sun.reflect.NativeMethodAccessorImpl.invoke0(Native Method)
at sun.reflect.NativeMethodAccessorImpl.invoke(Unknown Source)
at sun.reflect.DelegatingMethodAccessorImpl.invoke(Unknown Source)
at java.lang.reflect.Method.invoke(Unknown Source)
at org.testng.internal.MethodInvocationHelper.invokeMethod(MethodInvocationHelper.java:124)
at org.testng.internal.Invoker.invokeMethod(Invoker.java:583)
at org.testng.internal.Invoker.retryFailed(Invoker.java:839)
at org.testng.internal.Invoker.invokeTestMethods(Invoker.java:1010)
at org.testng.internal.TestMethodWorker.invokeTestMethods(TestMethodWorker.java:125)
at org.testng.internal.TestMethodWorker.run(TestMethodWorker.java:109)
at java.util.concurrent.ThreadPoolExecutor.runWorker(Unknown Source)
at java.util.concurrent.ThreadPoolExecutor$Worker.run(Unknown Source)
at java.lang.Thread.run(Unknown Source)
]]>
    </failure>
  </testcase> <!-- CheckPartCodeFieldOfSpareDetailsPage -->
  <testcase name="CheckSpareDeliveryLocationOfSpareDetailsPage" time="42.294" classname="com.UnoPoint.TestCases.ViewTicketPageTestCaseOfSdRole"/>
  <testcase name="CheckNotificationWithoutSelectionInSpareDetailsPage" time="43.833" classname="com.UnoPoint.TestCases.ViewTicketPageTestCaseOfSdRole">
    <error type="org.openqa.selenium.UnhandledAlertException" message="Unexpected modal dialog (text: 3 com 24 port Switch
): 3 com 24 port Switch

Build info: version: &#039;2.53.0&#039;, revision: &#039;35ae25b1534ae328c771e0856c93e187490ca824&#039;, time: &#039;2016-03-15 10:43:46&#039;
System info: host: &#039;Admin-PC&#039;, ip: &#039;192.168.3.8&#039;, os.name: &#039;Windows 7&#039;, os.arch: &#039;amd64&#039;, os.version: &#039;6.1&#039;, java.version: &#039;1.8.0_161&#039;
Driver info: org.openqa.selenium.firefox.FirefoxDriver
Capabilities [{applicationCacheEnabled=true, rotatable=false, handlesAlerts=true, databaseEnabled=true, version=45.0.1, platform=WINDOWS, nativeEvents=false, acceptSslCerts=true, webStorageEnabled=true, locationContextEnabled=true, browserName=firefox, takesScreenshot=true, javascriptEnabled=true, cssSelectorsEnabled=true}]
Session ID: eb773b5a-1abb-4514-95b7-aad83543d06b">
      <![CDATA[org.openqa.selenium.UnhandledAlertException: Unexpected modal dialog (text: 3 com 24 port Switch
): 3 com 24 port Switch

Build info: version: '2.53.0', revision: '35ae25b1534ae328c771e0856c93e187490ca824', time: '2016-03-15 10:43:46'
System info: host: 'Admin-PC', ip: '192.168.3.8', os.name: 'Windows 7', os.arch: 'amd64', os.version: '6.1', java.version: '1.8.0_161'
Driver info: org.openqa.selenium.firefox.FirefoxDriver
Capabilities [{applicationCacheEnabled=true, rotatable=false, handlesAlerts=true, databaseEnabled=true, version=45.0.1, platform=WINDOWS, nativeEvents=false, acceptSslCerts=true, webStorageEnabled=true, locationContextEnabled=true, browserName=firefox, takesScreenshot=true, javascriptEnabled=true, cssSelectorsEnabled=true}]
Session ID: eb773b5a-1abb-4514-95b7-aad83543d06b
at sun.reflect.NativeConstructorAccessorImpl.newInstance0(Native Method)
at sun.reflect.NativeConstructorAccessorImpl.newInstance(Unknown Source)
at sun.reflect.DelegatingConstructorAccessorImpl.newInstance(Unknown Source)
at java.lang.reflect.Constructor.newInstance(Unknown Source)
at org.openqa.selenium.remote.ErrorHandler.createThrowable(ErrorHandler.java:206)
at org.openqa.selenium.remote.ErrorHandler.createUnhandledAlertException(ErrorHandler.java:187)
at org.openqa.selenium.remote.ErrorHandler.throwIfResponseFailed(ErrorHandler.java:154)
at org.openqa.selenium.remote.RemoteWebDriver.execute(RemoteWebDriver.java:678)
at org.openqa.selenium.remote.RemoteWebElement.execute(RemoteWebElement.java:327)
at org.openqa.selenium.remote.RemoteWebElement.click(RemoteWebElement.java:85)
at sun.reflect.GeneratedMethodAccessor5.invoke(Unknown Source)
at sun.reflect.DelegatingMethodAccessorImpl.invoke(Unknown Source)
at java.lang.reflect.Method.invoke(Unknown Source)
at org.openqa.selenium.support.events.EventFiringWebDriver$EventFiringWebElement$1.invoke(EventFiringWebDriver.java:335)
at com.sun.proxy.$Proxy18.click(Unknown Source)
at org.openqa.selenium.support.events.EventFiringWebDriver$EventFiringWebElement.click(EventFiringWebDriver.java:348)
at sun.reflect.GeneratedMethodAccessor5.invoke(Unknown Source)
at sun.reflect.DelegatingMethodAccessorImpl.invoke(Unknown Source)
at java.lang.reflect.Method.invoke(Unknown Source)
at org.openqa.selenium.support.pagefactory.internal.LocatingElementHandler.invoke(LocatingElementHandler.java:51)
at com.sun.proxy.$Proxy16.click(Unknown Source)
at com.UnoPoint.Pages.ViewTicketPageOfSdRole.checkNotificationWithoutSelectionInSpareDetailsPage(ViewTicketPageOfSdRole.java:12854)
at com.UnoPoint.TestCases.ViewTicketPageTestCaseOfSdRole.CheckNotificationWithoutSelectionInSpareDetailsPage(ViewTicketPageTestCaseOfSdRole.java:1193)
at sun.reflect.NativeMethodAccessorImpl.invoke0(Native Method)
at sun.reflect.NativeMethodAccessorImpl.invoke(Unknown Source)
at sun.reflect.DelegatingMethodAccessorImpl.invoke(Unknown Source)
at java.lang.reflect.Method.invoke(Unknown Source)
at org.testng.internal.MethodInvocationHelper.invokeMethod(MethodInvocationHelper.java:124)
at org.testng.internal.Invoker.invokeMethod(Invoker.java:583)
at org.testng.internal.Invoker.retryFailed(Invoker.java:839)
at org.testng.internal.Invoker.invokeTestMethods(Invoker.java:1010)
at org.testng.internal.TestMethodWorker.invokeTestMethods(TestMethodWorker.java:125)
at org.testng.internal.TestMethodWorker.run(TestMethodWorker.java:109)
at java.util.concurrent.ThreadPoolExecutor.runWorker(Unknown Source)
at java.util.concurrent.ThreadPoolExecutor$Worker.run(Unknown Source)
at java.lang.Thread.run(Unknown Source)
]]>
    </error>
  </testcase> <!-- CheckNotificationWithoutSelectionInSpareDetailsPage -->
  <testcase name="CheckNotificationWithoutSelectionInSpareDetailsPage" time="39.931" classname="com.UnoPoint.TestCases.ViewTicketPageTestCaseOfSdRole">
    <skipped/>
  </testcase> <!-- CheckNotificationWithoutSelectionInSpareDetailsPage -->
  <testcase name="CheckNotificationWithSelectionInSpareTab" time="51.662" classname="com.UnoPoint.TestCases.ViewTicketPageTestCaseOfSdRole"/>
  <testcase name="CheckPopupOfUpdateSymbolInSpareTab" time="78.384" classname="com.UnoPoint.TestCases.ViewTicketPageTestCaseOfSdRole">
    <failure type="java.lang.AssertionError" message=" Spare is not Available expected [true] but found [false]">
      <![CDATA[java.lang.AssertionError:  Spare is not Available expected [true] but found [false]
at org.testng.Assert.fail(Assert.java:96)
at org.testng.Assert.failNotEquals(Assert.java:776)
at org.testng.Assert.assertTrue(Assert.java:44)
at com.UnoPoint.Pages.ViewTicketPageOfSdRole.checkPopupOfUpdateSymbolInSpareTab(ViewTicketPageOfSdRole.java:13094)
at com.UnoPoint.TestCases.ViewTicketPageTestCaseOfSdRole.CheckPopupOfUpdateSymbolInSpareTab(ViewTicketPageTestCaseOfSdRole.java:1221)
at sun.reflect.NativeMethodAccessorImpl.invoke0(Native Method)
at sun.reflect.NativeMethodAccessorImpl.invoke(Unknown Source)
at sun.reflect.DelegatingMethodAccessorImpl.invoke(Unknown Source)
at java.lang.reflect.Method.invoke(Unknown Source)
at org.testng.internal.MethodInvocationHelper.invokeMethod(MethodInvocationHelper.java:124)
at org.testng.internal.Invoker.invokeMethod(Invoker.java:583)
at org.testng.internal.Invoker.retryFailed(Invoker.java:839)
at org.testng.internal.Invoker.invokeTestMethods(Invoker.java:1010)
at org.testng.internal.TestMethodWorker.invokeTestMethods(TestMethodWorker.java:125)
at org.testng.internal.TestMethodWorker.run(TestMethodWorker.java:109)
at java.util.concurrent.ThreadPoolExecutor.runWorker(Unknown Source)
at java.util.concurrent.ThreadPoolExecutor$Worker.run(Unknown Source)
at java.lang.Thread.run(Unknown Source)
]]>
    </failure>
  </testcase> <!-- CheckPopupOfUpdateSymbolInSpareTab -->
  <testcase name="CheckPopupOfUpdateSymbolInSpareTab" time="79.839" classname="com.UnoPoint.TestCases.ViewTicketPageTestCaseOfSdRole">
    <skipped/>
  </testcase> <!-- CheckPopupOfUpdateSymbolInSpareTab -->
  <testcase name="CheckUpdatedSpareRemarkInSpareTab" time="74.221" classname="com.UnoPoint.TestCases.ViewTicketPageTestCaseOfSdRole">
    <failure type="java.lang.AssertionError" message="Spare is not Available expected [true] but found [false]">
      <![CDATA[java.lang.AssertionError: Spare is not Available expected [true] but found [false]
at org.testng.Assert.fail(Assert.java:96)
at org.testng.Assert.failNotEquals(Assert.java:776)
at org.testng.Assert.assertTrue(Assert.java:44)
at com.UnoPoint.Pages.ViewTicketPageOfSdRole.checkUpdatedSpareRemarkInSpareTab(ViewTicketPageOfSdRole.java:13171)
at com.UnoPoint.TestCases.ViewTicketPageTestCaseOfSdRole.CheckUpdatedSpareRemarkInSpareTab(ViewTicketPageTestCaseOfSdRole.java:1233)
at sun.reflect.NativeMethodAccessorImpl.invoke0(Native Method)
at sun.reflect.NativeMethodAccessorImpl.invoke(Unknown Source)
at sun.reflect.DelegatingMethodAccessorImpl.invoke(Unknown Source)
at java.lang.reflect.Method.invoke(Unknown Source)
at org.testng.internal.MethodInvocationHelper.invokeMethod(MethodInvocationHelper.java:124)
at org.testng.internal.Invoker.invokeMethod(Invoker.java:583)
at org.testng.internal.Invoker.retryFailed(Invoker.java:839)
at org.testng.internal.Invoker.invokeTestMethods(Invoker.java:1010)
at org.testng.internal.TestMethodWorker.invokeTestMethods(TestMethodWorker.java:125)
at org.testng.internal.TestMethodWorker.run(TestMethodWorker.java:109)
at java.util.concurrent.ThreadPoolExecutor.runWorker(Unknown Source)
at java.util.concurrent.ThreadPoolExecutor$Worker.run(Unknown Source)
at java.lang.Thread.run(Unknown Source)
]]>
    </failure>
  </testcase> <!-- CheckUpdatedSpareRemarkInSpareTab -->
  <testcase name="CheckUpdatedSpareRemarkInSpareTab" time="77.182" classname="com.UnoPoint.TestCases.ViewTicketPageTestCaseOfSdRole">
    <skipped/>
  </testcase> <!-- CheckUpdatedSpareRemarkInSpareTab -->
  <testcase name="CheckRemoveDetailsInRequiredSpareTab" time="28.519" classname="com.UnoPoint.TestCases.ViewTicketPageTestCaseOfSdRole"/>
  <testcase name="CheckAlertPopup" time="55.531" classname="com.UnoPoint.TestCases.ViewTicketPageTestCaseOfSdRole"/>
  <testcase name="CheckAlertPopupWithoutData" time="52.899" classname="com.UnoPoint.TestCases.ViewTicketPageTestCaseOfSdRole"/>
  <testcase name="CheckAlertPopupAfterCancel" time="24.022" classname="com.UnoPoint.TestCases.ViewTicketPageTestCaseOfSdRole"/>
  <testcase name="MatchAddActivityPopUp" time="23.241" classname="com.UnoPoint.TestCases.ViewTicketPageTestCaseOfSdRole"/>
  <testcase name="CheckWithBlankDate" time="86.504" classname="com.UnoPoint.TestCases.ViewTicketPageTestCaseOfSdRole"/>
  <testcase name="CheckWithoutSelectingActivityStatus" time="56.426" classname="com.UnoPoint.TestCases.ViewTicketPageTestCaseOfSdRole"/>
  <testcase name="CheckWithoutSelectingActivityDetails" time="51.581" classname="com.UnoPoint.TestCases.ViewTicketPageTestCaseOfSdRole"/>
  <testcase name="MatchDateAndTime" time="40.241" classname="com.UnoPoint.TestCases.ViewTicketPageTestCaseOfSdRole"/>
  <testcase name="CheckHeadingOfVCTTab" time="17.816" classname="com.UnoPoint.TestCases.ViewTicketPageTestCaseOfSdRole"/>
  <testcase name="checkHeadingOfVendorCommercialPODetailsPopup" time="47.657" classname="com.UnoPoint.TestCases.ViewTicketPageTestCaseOfSdRole"/>
  <testcase name="CheckNotificationWithoutVendor" time="29.784" classname="com.UnoPoint.TestCases.ViewTicketPageTestCaseOfSdRole"/>
  <testcase name="CheckAmountInVendorCommercialPODetailsPopup" time="40.741" classname="com.UnoPoint.TestCases.ViewTicketPageTestCaseOfSdRole"/>
  <testcase name="CheckAllDetailsInVendorCommercialPODetailsPopup" time="106.287" classname="com.UnoPoint.TestCases.ViewTicketPageTestCaseOfSdRole">
    <skipped/>
  </testcase> <!-- CheckAllDetailsInVendorCommercialPODetailsPopup -->
  <testcase name="CheckAllDetailsInVendorCommercialPODetailsPopup" time="116.453" classname="com.UnoPoint.TestCases.ViewTicketPageTestCaseOfSdRole">
    <failure type="java.lang.AssertionError" message="Category is not Same. expected [Laptopabc] but found [abc]">
      <![CDATA[java.lang.AssertionError: Category is not Same. expected [Laptopabc] but found [abc]
at org.testng.Assert.fail(Assert.java:96)
at org.testng.Assert.failNotEquals(Assert.java:776)
at org.testng.Assert.assertEqualsImpl(Assert.java:137)
at org.testng.Assert.assertEquals(Assert.java:118)
at org.testng.Assert.assertEquals(Assert.java:453)
at com.UnoPoint.Pages.ViewTicketPageOfSdRole.checkAllDetailsInVendorCommercialPODetailsPopup(ViewTicketPageOfSdRole.java:14616)
at com.UnoPoint.TestCases.ViewTicketPageTestCaseOfSdRole.CheckAllDetailsInVendorCommercialPODetailsPopup(ViewTicketPageTestCaseOfSdRole.java:1395)
at sun.reflect.NativeMethodAccessorImpl.invoke0(Native Method)
at sun.reflect.NativeMethodAccessorImpl.invoke(Unknown Source)
at sun.reflect.DelegatingMethodAccessorImpl.invoke(Unknown Source)
at java.lang.reflect.Method.invoke(Unknown Source)
at org.testng.internal.MethodInvocationHelper.invokeMethod(MethodInvocationHelper.java:124)
at org.testng.internal.Invoker.invokeMethod(Invoker.java:583)
at org.testng.internal.Invoker.retryFailed(Invoker.java:839)
at org.testng.internal.Invoker.invokeTestMethods(Invoker.java:1010)
at org.testng.internal.TestMethodWorker.invokeTestMethods(TestMethodWorker.java:125)
at org.testng.internal.TestMethodWorker.run(TestMethodWorker.java:109)
at java.util.concurrent.ThreadPoolExecutor.runWorker(Unknown Source)
at java.util.concurrent.ThreadPoolExecutor$Worker.run(Unknown Source)
at java.lang.Thread.run(Unknown Source)
]]>
    </failure>
  </testcase> <!-- CheckAllDetailsInVendorCommercialPODetailsPopup -->
  <testcase name="checkTotalAmountInPOTab" time="40.983" classname="com.UnoPoint.TestCases.ViewTicketPageTestCaseOfSdRole"/>
  <testcase name="checkEditlinkInPOTab" time="49.547" classname="com.UnoPoint.TestCases.ViewTicketPageTestCaseOfSdRole"/>
  <testcase name="CheckUpdatedDetailsInVCTTab" time="116.440" classname="com.UnoPoint.TestCases.ViewTicketPageTestCaseOfSdRole">
    <failure type="java.lang.AssertionError" message="Purchase Order is not present expected [true] but found [false]">
      <![CDATA[java.lang.AssertionError: Purchase Order is not present expected [true] but found [false]
at org.testng.Assert.fail(Assert.java:96)
at org.testng.Assert.failNotEquals(Assert.java:776)
at org.testng.Assert.assertTrue(Assert.java:44)
at com.UnoPoint.Pages.ViewTicketPageOfSdRole.checkUpdatedDetailsInVCTTab(ViewTicketPageOfSdRole.java:14877)
at com.UnoPoint.TestCases.ViewTicketPageTestCaseOfSdRole.CheckUpdatedDetailsInVCTTab(ViewTicketPageTestCaseOfSdRole.java:1428)
at sun.reflect.NativeMethodAccessorImpl.invoke0(Native Method)
at sun.reflect.NativeMethodAccessorImpl.invoke(Unknown Source)
at sun.reflect.DelegatingMethodAccessorImpl.invoke(Unknown Source)
at java.lang.reflect.Method.invoke(Unknown Source)
at org.testng.internal.MethodInvocationHelper.invokeMethod(MethodInvocationHelper.java:124)
at org.testng.internal.Invoker.invokeMethod(Invoker.java:583)
at org.testng.internal.Invoker.retryFailed(Invoker.java:839)
at org.testng.internal.Invoker.invokeTestMethods(Invoker.java:1010)
at org.testng.internal.TestMethodWorker.invokeTestMethods(TestMethodWorker.java:125)
at org.testng.internal.TestMethodWorker.run(TestMethodWorker.java:109)
at java.util.concurrent.ThreadPoolExecutor.runWorker(Unknown Source)
at java.util.concurrent.ThreadPoolExecutor$Worker.run(Unknown Source)
at java.lang.Thread.run(Unknown Source)
]]>
    </failure>
  </testcase> <!-- CheckUpdatedDetailsInVCTTab -->
  <testcase name="CheckUpdatedDetailsInVCTTab" time="141.836" classname="com.UnoPoint.TestCases.ViewTicketPageTestCaseOfSdRole">
    <skipped/>
  </testcase> <!-- CheckUpdatedDetailsInVCTTab -->
  <testcase name="checkPrintPOlinkInPOTab" time="21.889" classname="com.UnoPoint.TestCases.ViewTicketPageTestCaseOfSdRole"/>
  <testcase name="CheckSendMailLinkInPOTab" time="80.379" classname="com.UnoPoint.TestCases.ViewTicketPageTestCaseOfSdRole">
    <skipped/>
  </testcase> <!-- CheckSendMailLinkInPOTab -->
  <testcase name="CheckSendMailLinkInPOTab" time="86.006" classname="com.UnoPoint.TestCases.ViewTicketPageTestCaseOfSdRole">
    <failure type="java.lang.AssertionError" message="Purchase Order is not present to Send Mail. expected [true] but found [false]">
      <![CDATA[java.lang.AssertionError: Purchase Order is not present to Send Mail. expected [true] but found [false]
at org.testng.Assert.fail(Assert.java:96)
at org.testng.Assert.failNotEquals(Assert.java:776)
at org.testng.Assert.assertTrue(Assert.java:44)
at com.UnoPoint.Pages.ViewTicketPageOfSdRole.checkSendMailLinkInPOTab(ViewTicketPageOfSdRole.java:15044)
at com.UnoPoint.TestCases.ViewTicketPageTestCaseOfSdRole.CheckSendMailLinkInPOTab(ViewTicketPageTestCaseOfSdRole.java:1448)
at sun.reflect.NativeMethodAccessorImpl.invoke0(Native Method)
at sun.reflect.NativeMethodAccessorImpl.invoke(Unknown Source)
at sun.reflect.DelegatingMethodAccessorImpl.invoke(Unknown Source)
at java.lang.reflect.Method.invoke(Unknown Source)
at org.testng.internal.MethodInvocationHelper.invokeMethod(MethodInvocationHelper.java:124)
at org.testng.internal.Invoker.invokeMethod(Invoker.java:583)
at org.testng.internal.Invoker.retryFailed(Invoker.java:839)
at org.testng.internal.Invoker.invokeTestMethods(Invoker.java:1010)
at org.testng.internal.TestMethodWorker.invokeTestMethods(TestMethodWorker.java:125)
at org.testng.internal.TestMethodWorker.run(TestMethodWorker.java:109)
at java.util.concurrent.ThreadPoolExecutor.runWorker(Unknown Source)
at java.util.concurrent.ThreadPoolExecutor$Worker.run(Unknown Source)
at java.lang.Thread.run(Unknown Source)
]]>
    </failure>
  </testcase> <!-- CheckSendMailLinkInPOTab -->
  <testcase name="checkVendorCommercialPaymentDetailsPopUp" time="55.996" classname="com.UnoPoint.TestCases.ViewTicketPageTestCaseOfSdRole"/>
  <testcase name="checkSubmitButtonWithBlankDate" time="32.243" classname="com.UnoPoint.TestCases.ViewTicketPageTestCaseOfSdRole"/>
  <testcase name="CheckSubmitButtonWithoutSelectingStatus" time="38.568" classname="com.UnoPoint.TestCases.ViewTicketPageTestCaseOfSdRole"/>
  <testcase name="CheckSubmitButtonWithAllFieldFill" time="44.261" classname="com.UnoPoint.TestCases.ViewTicketPageTestCaseOfSdRole"/>
  <testcase name="CheckAfterClikOnEditLink" time="51.242" classname="com.UnoPoint.TestCases.ViewTicketPageTestCaseOfSdRole"/>
  <testcase name="CheckUpdateDetailFunctionality" time="72.165" classname="com.UnoPoint.TestCases.ViewTicketPageTestCaseOfSdRole"/>
  <testcase name="CheckFileAttachmentFunctionality" time="119.152" classname="com.UnoPoint.TestCases.ViewTicketPageTestCaseOfSdRole">
    <error type="org.openqa.selenium.TimeoutException" message="Timed out waiting for page load.
Command duration or timeout: 40.03 seconds
Build info: version: &#039;2.53.0&#039;, revision: &#039;35ae25b1534ae328c771e0856c93e187490ca824&#039;, time: &#039;2016-03-15 10:43:46&#039;
System info: host: &#039;Admin-PC&#039;, ip: &#039;192.168.3.8&#039;, os.name: &#039;Windows 7&#039;, os.arch: &#039;amd64&#039;, os.version: &#039;6.1&#039;, java.version: &#039;1.8.0_161&#039;
Driver info: org.openqa.selenium.firefox.FirefoxDriver
Capabilities [{applicationCacheEnabled=true, rotatable=false, handlesAlerts=true, databaseEnabled=true, version=45.0.1, platform=WINDOWS, nativeEvents=false, acceptSslCerts=true, webStorageEnabled=true, locationContextEnabled=true, browserName=firefox, takesScreenshot=true, javascriptEnabled=true, cssSelectorsEnabled=true}]
Session ID: 66bfc854-c056-4785-82a2-59582a5525ca">
      <![CDATA[org.openqa.selenium.TimeoutException: Timed out waiting for page load.
Command duration or timeout: 40.03 seconds
Build info: version: '2.53.0', revision: '35ae25b1534ae328c771e0856c93e187490ca824', time: '2016-03-15 10:43:46'
System info: host: 'Admin-PC', ip: '192.168.3.8', os.name: 'Windows 7', os.arch: 'amd64', os.version: '6.1', java.version: '1.8.0_161'
Driver info: org.openqa.selenium.firefox.FirefoxDriver
Capabilities [{applicationCacheEnabled=true, rotatable=false, handlesAlerts=true, databaseEnabled=true, version=45.0.1, platform=WINDOWS, nativeEvents=false, acceptSslCerts=true, webStorageEnabled=true, locationContextEnabled=true, browserName=firefox, takesScreenshot=true, javascriptEnabled=true, cssSelectorsEnabled=true}]
Session ID: 66bfc854-c056-4785-82a2-59582a5525ca
at sun.reflect.NativeConstructorAccessorImpl.newInstance0(Native Method)
at sun.reflect.NativeConstructorAccessorImpl.newInstance(Unknown Source)
at sun.reflect.DelegatingConstructorAccessorImpl.newInstance(Unknown Source)
at java.lang.reflect.Constructor.newInstance(Unknown Source)
at org.openqa.selenium.remote.ErrorHandler.createThrowable(ErrorHandler.java:206)
at org.openqa.selenium.remote.ErrorHandler.throwIfResponseFailed(ErrorHandler.java:158)
at org.openqa.selenium.remote.RemoteWebDriver.execute(RemoteWebDriver.java:678)
at org.openqa.selenium.remote.RemoteWebElement.execute(RemoteWebElement.java:327)
at org.openqa.selenium.remote.RemoteWebElement.click(RemoteWebElement.java:85)
at sun.reflect.GeneratedMethodAccessor5.invoke(Unknown Source)
at sun.reflect.DelegatingMethodAccessorImpl.invoke(Unknown Source)
at java.lang.reflect.Method.invoke(Unknown Source)
at org.openqa.selenium.support.events.EventFiringWebDriver$EventFiringWebElement$1.invoke(EventFiringWebDriver.java:335)
at com.sun.proxy.$Proxy18.click(Unknown Source)
at org.openqa.selenium.support.events.EventFiringWebDriver$EventFiringWebElement.click(EventFiringWebDriver.java:348)
at sun.reflect.GeneratedMethodAccessor5.invoke(Unknown Source)
at sun.reflect.DelegatingMethodAccessorImpl.invoke(Unknown Source)
at java.lang.reflect.Method.invoke(Unknown Source)
at org.openqa.selenium.support.pagefactory.internal.LocatingElementHandler.invoke(LocatingElementHandler.java:51)
at com.sun.proxy.$Proxy16.click(Unknown Source)
at com.UnoPoint.Pages.ViewTicketPageOfSdRole.checkFileAttachmentFunctionality(ViewTicketPageOfSdRole.java:15852)
at com.UnoPoint.TestCases.ViewTicketPageTestCaseOfSdRole.CheckFileAttachmentFunctionality(ViewTicketPageTestCaseOfSdRole.java:1524)
at sun.reflect.NativeMethodAccessorImpl.invoke0(Native Method)
at sun.reflect.NativeMethodAccessorImpl.invoke(Unknown Source)
at sun.reflect.DelegatingMethodAccessorImpl.invoke(Unknown Source)
at java.lang.reflect.Method.invoke(Unknown Source)
at org.testng.internal.MethodInvocationHelper.invokeMethod(MethodInvocationHelper.java:124)
at org.testng.internal.Invoker.invokeMethod(Invoker.java:583)
at org.testng.internal.Invoker.retryFailed(Invoker.java:839)
at org.testng.internal.Invoker.invokeTestMethods(Invoker.java:1010)
at org.testng.internal.TestMethodWorker.invokeTestMethods(TestMethodWorker.java:125)
at org.testng.internal.TestMethodWorker.run(TestMethodWorker.java:109)
at java.util.concurrent.ThreadPoolExecutor.runWorker(Unknown Source)
at java.util.concurrent.ThreadPoolExecutor$Worker.run(Unknown Source)
at java.lang.Thread.run(Unknown Source)
Caused by: org.openqa.selenium.TimeoutException: Timed out waiting for page load.
Build info: version: '2.53.0', revision: '35ae25b1534ae328c771e0856c93e187490ca824', time: '2016-03-15 10:43:46'
System info: host: 'Admin-PC', ip: '192.168.3.8', os.name: 'Windows 7', os.arch: 'amd64', os.version: '6.1', java.version: '1.8.0_161'
Driver info: driver.version: unknown
at <anonymous class>.Utils.installClickListener/e<(file:///C:/Users/Admin/AppData/Local/Temp/anonymous6659699817231116513webdriver-profile/extensions/fxdriver@googlecode.com/components/command-processor.js:9372)
at <anonymous class>.WebLoadingListener/e(file:///C:/Users/Admin/AppData/Local/Temp/anonymous6659699817231116513webdriver-profile/extensions/fxdriver@googlecode.com/components/command-processor.js:5142)
at <anonymous class>.WebLoadingListener/<(file:///C:/Users/Admin/AppData/Local/Temp/anonymous6659699817231116513webdriver-profile/extensions/fxdriver@googlecode.com/components/command-processor.js:5150)
at <anonymous class>.fxdriver.Timer.prototype.setTimeout/<.notify(file:///C:/Users/Admin/AppData/Local/Temp/anonymous6659699817231116513webdriver-profile/extensions/fxdriver@googlecode.com/components/command-processor.js:625)
]]>
    </error>
  </testcase> <!-- CheckFileAttachmentFunctionality -->
  <testcase name="CheckFileAttachmentFunctionality" time="327.627" classname="com.UnoPoint.TestCases.ViewTicketPageTestCaseOfSdRole">
    <skipped/>
  </testcase> <!-- CheckFileAttachmentFunctionality -->
  <testcase name="CheckNotificationWithoutSelectionInTechnicianCloseTab" time="211.154" classname="com.UnoPoint.TestCases.ViewTicketPageTestCaseOfSdRole">
    <error type="org.openqa.selenium.TimeoutException" message="Timed out waiting for page load.
Command duration or timeout: 10.03 seconds
Build info: version: &#039;2.53.0&#039;, revision: &#039;35ae25b1534ae328c771e0856c93e187490ca824&#039;, time: &#039;2016-03-15 10:43:46&#039;
System info: host: &#039;Admin-PC&#039;, ip: &#039;192.168.3.8&#039;, os.name: &#039;Windows 7&#039;, os.arch: &#039;amd64&#039;, os.version: &#039;6.1&#039;, java.version: &#039;1.8.0_161&#039;
Driver info: org.openqa.selenium.firefox.FirefoxDriver
Capabilities [{applicationCacheEnabled=true, rotatable=false, handlesAlerts=true, databaseEnabled=true, version=45.0.1, platform=WINDOWS, nativeEvents=false, acceptSslCerts=true, webStorageEnabled=true, locationContextEnabled=true, browserName=firefox, takesScreenshot=true, javascriptEnabled=true, cssSelectorsEnabled=true}]
Session ID: f0d13f67-14f2-422c-b532-d9b4c91a81cd">
      <![CDATA[org.openqa.selenium.TimeoutException: Timed out waiting for page load.
Command duration or timeout: 10.03 seconds
Build info: version: '2.53.0', revision: '35ae25b1534ae328c771e0856c93e187490ca824', time: '2016-03-15 10:43:46'
System info: host: 'Admin-PC', ip: '192.168.3.8', os.name: 'Windows 7', os.arch: 'amd64', os.version: '6.1', java.version: '1.8.0_161'
Driver info: org.openqa.selenium.firefox.FirefoxDriver
Capabilities [{applicationCacheEnabled=true, rotatable=false, handlesAlerts=true, databaseEnabled=true, version=45.0.1, platform=WINDOWS, nativeEvents=false, acceptSslCerts=true, webStorageEnabled=true, locationContextEnabled=true, browserName=firefox, takesScreenshot=true, javascriptEnabled=true, cssSelectorsEnabled=true}]
Session ID: f0d13f67-14f2-422c-b532-d9b4c91a81cd
at sun.reflect.NativeConstructorAccessorImpl.newInstance0(Native Method)
at sun.reflect.NativeConstructorAccessorImpl.newInstance(Unknown Source)
at sun.reflect.DelegatingConstructorAccessorImpl.newInstance(Unknown Source)
at java.lang.reflect.Constructor.newInstance(Unknown Source)
at org.openqa.selenium.remote.ErrorHandler.createThrowable(ErrorHandler.java:206)
at org.openqa.selenium.remote.ErrorHandler.throwIfResponseFailed(ErrorHandler.java:158)
at org.openqa.selenium.remote.RemoteWebDriver.execute(RemoteWebDriver.java:678)
at org.openqa.selenium.remote.RemoteWebElement.execute(RemoteWebElement.java:327)
at org.openqa.selenium.remote.RemoteWebElement.click(RemoteWebElement.java:85)
at sun.reflect.GeneratedMethodAccessor5.invoke(Unknown Source)
at sun.reflect.DelegatingMethodAccessorImpl.invoke(Unknown Source)
at java.lang.reflect.Method.invoke(Unknown Source)
at org.openqa.selenium.support.events.EventFiringWebDriver$EventFiringWebElement$1.invoke(EventFiringWebDriver.java:335)
at com.sun.proxy.$Proxy18.click(Unknown Source)
at org.openqa.selenium.support.events.EventFiringWebDriver$EventFiringWebElement.click(EventFiringWebDriver.java:348)
at sun.reflect.GeneratedMethodAccessor5.invoke(Unknown Source)
at sun.reflect.DelegatingMethodAccessorImpl.invoke(Unknown Source)
at java.lang.reflect.Method.invoke(Unknown Source)
at org.openqa.selenium.support.pagefactory.internal.LocatingElementHandler.invoke(LocatingElementHandler.java:51)
at com.sun.proxy.$Proxy16.click(Unknown Source)
at com.UnoPoint.Pages.ViewTicketPageOfSdRole.checkNotificationWithoutSelectionInTechnicianCloseTab(ViewTicketPageOfSdRole.java:16125)
at com.UnoPoint.TestCases.ViewTicketPageTestCaseOfSdRole.CheckNotificationWithoutSelectionInTechnicianCloseTab(ViewTicketPageTestCaseOfSdRole.java:1539)
at sun.reflect.NativeMethodAccessorImpl.invoke0(Native Method)
at sun.reflect.NativeMethodAccessorImpl.invoke(Unknown Source)
at sun.reflect.DelegatingMethodAccessorImpl.invoke(Unknown Source)
at java.lang.reflect.Method.invoke(Unknown Source)
at org.testng.internal.MethodInvocationHelper.invokeMethod(MethodInvocationHelper.java:124)
at org.testng.internal.Invoker.invokeMethod(Invoker.java:583)
at org.testng.internal.Invoker.retryFailed(Invoker.java:839)
at org.testng.internal.Invoker.invokeTestMethods(Invoker.java:1010)
at org.testng.internal.TestMethodWorker.invokeTestMethods(TestMethodWorker.java:125)
at org.testng.internal.TestMethodWorker.run(TestMethodWorker.java:109)
at java.util.concurrent.ThreadPoolExecutor.runWorker(Unknown Source)
at java.util.concurrent.ThreadPoolExecutor$Worker.run(Unknown Source)
at java.lang.Thread.run(Unknown Source)
Caused by: org.openqa.selenium.TimeoutException: Timed out waiting for page load.
Build info: version: '2.53.0', revision: '35ae25b1534ae328c771e0856c93e187490ca824', time: '2016-03-15 10:43:46'
System info: host: 'Admin-PC', ip: '192.168.3.8', os.name: 'Windows 7', os.arch: 'amd64', os.version: '6.1', java.version: '1.8.0_161'
Driver info: driver.version: unknown
at <anonymous class>.Utils.installClickListener/e<(file:///C:/Users/Admin/AppData/Local/Temp/anonymous5071266275006663908webdriver-profile/extensions/fxdriver@googlecode.com/components/command-processor.js:9372)
at <anonymous class>.WebLoadingListener/e(file:///C:/Users/Admin/AppData/Local/Temp/anonymous5071266275006663908webdriver-profile/extensions/fxdriver@googlecode.com/components/command-processor.js:5142)
at <anonymous class>.WebLoadingListener/<(file:///C:/Users/Admin/AppData/Local/Temp/anonymous5071266275006663908webdriver-profile/extensions/fxdriver@googlecode.com/components/command-processor.js:5150)
at <anonymous class>.fxdriver.Timer.prototype.setTimeout/<.notify(file:///C:/Users/Admin/AppData/Local/Temp/anonymous5071266275006663908webdriver-profile/extensions/fxdriver@googlecode.com/components/command-processor.js:625)
]]>
    </error>
  </testcase> <!-- CheckNotificationWithoutSelectionInTechnicianCloseTab -->
  <testcase name="CheckNotificationWithoutSelectionInTechnicianCloseTab" time="73.315" classname="com.UnoPoint.TestCases.ViewTicketPageTestCaseOfSdRole">
    <skipped/>
  </testcase> <!-- CheckNotificationWithoutSelectionInTechnicianCloseTab -->
  <testcase name="CheckNotificationWithSelectionInTechnicianCloseTab" time="109.051" classname="com.UnoPoint.TestCases.ViewTicketPageTestCaseOfSdRole"/>
  <testcase name="checkEditButtonAfterTechnicianClose" time="58.276" classname="com.UnoPoint.TestCases.ViewTicketPageTestCaseOfSdRole">
    <failure type="java.lang.AssertionError" message=" Ticket is not Available expected [true] but found [false]">
      <![CDATA[java.lang.AssertionError:  Ticket is not Available expected [true] but found [false]
at org.testng.Assert.fail(Assert.java:96)
at org.testng.Assert.failNotEquals(Assert.java:776)
at org.testng.Assert.assertTrue(Assert.java:44)
at com.UnoPoint.Pages.ViewTicketPageOfSdRole.checkEditButtonAfterTechnicianClose(ViewTicketPageOfSdRole.java:16466)
at com.UnoPoint.TestCases.ViewTicketPageTestCaseOfSdRole.checkEditButtonAfterTechnicianClose(ViewTicketPageTestCaseOfSdRole.java:1567)
at sun.reflect.NativeMethodAccessorImpl.invoke0(Native Method)
at sun.reflect.NativeMethodAccessorImpl.invoke(Unknown Source)
at sun.reflect.DelegatingMethodAccessorImpl.invoke(Unknown Source)
at java.lang.reflect.Method.invoke(Unknown Source)
at org.testng.internal.MethodInvocationHelper.invokeMethod(MethodInvocationHelper.java:124)
at org.testng.internal.Invoker.invokeMethod(Invoker.java:583)
at org.testng.internal.Invoker.retryFailed(Invoker.java:839)
at org.testng.internal.Invoker.invokeTestMethods(Invoker.java:1010)
at org.testng.internal.TestMethodWorker.invokeTestMethods(TestMethodWorker.java:125)
at org.testng.internal.TestMethodWorker.run(TestMethodWorker.java:109)
at java.util.concurrent.ThreadPoolExecutor.runWorker(Unknown Source)
at java.util.concurrent.ThreadPoolExecutor$Worker.run(Unknown Source)
at java.lang.Thread.run(Unknown Source)
]]>
    </failure>
  </testcase> <!-- checkEditButtonAfterTechnicianClose -->
  <testcase name="checkEditButtonAfterTechnicianClose" time="49.846" classname="com.UnoPoint.TestCases.ViewTicketPageTestCaseOfSdRole">
    <skipped/>
  </testcase> <!-- checkEditButtonAfterTechnicianClose -->
  <testcase name="SelectSpareWithDeviceAndTechClose" time="147.813" classname="com.UnoPoint.TestCases.ViewTicketPageTestCaseOfSdRole">
    <skipped/>
  </testcase> <!-- SelectSpareWithDeviceAndTechClose -->
  <testcase name="SelectSpareWithDeviceAndTechClose" time="90.615" classname="com.UnoPoint.TestCases.ViewTicketPageTestCaseOfSdRole"/>
  <testcase name="SelectTechnicianCloseWithSerialNo" time="76.478" classname="com.UnoPoint.TestCases.ViewTicketPageTestCaseOfSdRole">
    <failure type="java.lang.AssertionError" message=" Ticket is not Available expected [true] but found [false]">
      <![CDATA[java.lang.AssertionError:  Ticket is not Available expected [true] but found [false]
at org.testng.Assert.fail(Assert.java:96)
at org.testng.Assert.failNotEquals(Assert.java:776)
at org.testng.Assert.assertTrue(Assert.java:44)
at com.UnoPoint.Pages.ViewTicketPageOfSdRole.selectTechnicianCloseWithSerialNo(ViewTicketPageOfSdRole.java:16405)
at com.UnoPoint.TestCases.ViewTicketPageTestCaseOfSdRole.SelectTechnicianCloseWithSerialNo(ViewTicketPageTestCaseOfSdRole.java:1584)
at sun.reflect.NativeMethodAccessorImpl.invoke0(Native Method)
at sun.reflect.NativeMethodAccessorImpl.invoke(Unknown Source)
at sun.reflect.DelegatingMethodAccessorImpl.invoke(Unknown Source)
at java.lang.reflect.Method.invoke(Unknown Source)
at org.testng.internal.MethodInvocationHelper.invokeMethod(MethodInvocationHelper.java:124)
at org.testng.internal.Invoker.invokeMethod(Invoker.java:583)
at org.testng.internal.Invoker.retryFailed(Invoker.java:839)
at org.testng.internal.Invoker.invokeTestMethods(Invoker.java:1010)
at org.testng.internal.TestMethodWorker.invokeTestMethods(TestMethodWorker.java:125)
at org.testng.internal.TestMethodWorker.run(TestMethodWorker.java:109)
at java.util.concurrent.ThreadPoolExecutor.runWorker(Unknown Source)
at java.util.concurrent.ThreadPoolExecutor$Worker.run(Unknown Source)
at java.lang.Thread.run(Unknown Source)
]]>
    </failure>
  </testcase> <!-- SelectTechnicianCloseWithSerialNo -->
  <testcase name="SelectTechnicianCloseWithSerialNo" time="298.159" classname="com.UnoPoint.TestCases.ViewTicketPageTestCaseOfSdRole">
    <skipped/>
  </testcase> <!-- SelectTechnicianCloseWithSerialNo -->
  <testcase name="CheckGeneratePDFLink" time="110.011" classname="com.UnoPoint.TestCases.ViewTicketPageTestCaseOfSdRole">
    <skipped/>
  </testcase> <!-- CheckGeneratePDFLink -->
  <testcase name="CheckGeneratePDFLink" time="93.093" classname="com.UnoPoint.TestCases.ViewTicketPageTestCaseOfSdRole">
    <failure type="java.lang.AssertionError" message=" Ticket is not Available expected [true] but found [false]">
      <![CDATA[java.lang.AssertionError:  Ticket is not Available expected [true] but found [false]
at org.testng.Assert.fail(Assert.java:96)
at org.testng.Assert.failNotEquals(Assert.java:776)
at org.testng.Assert.assertTrue(Assert.java:44)
at com.UnoPoint.Pages.ViewTicketPageOfSdRole.checkGeneratePDFLink(ViewTicketPageOfSdRole.java:16599)
at com.UnoPoint.TestCases.ViewTicketPageTestCaseOfSdRole.CheckGeneratePDFLink(ViewTicketPageTestCaseOfSdRole.java:1593)
at sun.reflect.NativeMethodAccessorImpl.invoke0(Native Method)
at sun.reflect.NativeMethodAccessorImpl.invoke(Unknown Source)
at sun.reflect.DelegatingMethodAccessorImpl.invoke(Unknown Source)
at java.lang.reflect.Method.invoke(Unknown Source)
at org.testng.internal.MethodInvocationHelper.invokeMethod(MethodInvocationHelper.java:124)
at org.testng.internal.Invoker.invokeMethod(Invoker.java:583)
at org.testng.internal.Invoker.retryFailed(Invoker.java:839)
at org.testng.internal.Invoker.invokeTestMethods(Invoker.java:1010)
at org.testng.internal.TestMethodWorker.invokeTestMethods(TestMethodWorker.java:125)
at org.testng.internal.TestMethodWorker.run(TestMethodWorker.java:109)
at java.util.concurrent.ThreadPoolExecutor.runWorker(Unknown Source)
at java.util.concurrent.ThreadPoolExecutor$Worker.run(Unknown Source)
at java.lang.Thread.run(Unknown Source)
]]>
    </failure>
  </testcase> <!-- CheckGeneratePDFLink -->
  <testcase name="CheckCancelTicketDetailPOpUp" time="45.682" classname="com.UnoPoint.TestCases.ViewTicketPageTestCaseOfSdRole"/>
  <testcase name="CheckResolutionFieldIsNotEditable" time="17.522" classname="com.UnoPoint.TestCases.ViewTicketPageTestCaseOfSdRole"/>
  <testcase name="CheckWithBlankCancelReasonField" time="33.208" classname="com.UnoPoint.TestCases.ViewTicketPageTestCaseOfSdRole"/>
  <testcase name="CheckCancelButtonCancelTicketDetails" time="26.511" classname="com.UnoPoint.TestCases.ViewTicketPageTestCaseOfSdRole">
    <skipped/>
  </testcase> <!-- CheckCancelButtonCancelTicketDetails -->
  <testcase name="CheckCancelButtonCancelTicketDetails" time="80.152" classname="com.UnoPoint.TestCases.ViewTicketPageTestCaseOfSdRole">
    <failure type="java.lang.AssertionError" message="expected [http://demo.intelli.uno/erprmwise/IncidentUpdateAction.do?action=HideCancelTicket] but found [https://demo.intelli.uno/erprmwise/IncidentUpdateAction.do?action=HideCancelTicket]">
      <![CDATA[java.lang.AssertionError: expected [http://demo.intelli.uno/erprmwise/IncidentUpdateAction.do?action=HideCancelTicket] but found [https://demo.intelli.uno/erprmwise/IncidentUpdateAction.do?action=HideCancelTicket]
at org.testng.Assert.fail(Assert.java:96)
at org.testng.Assert.failNotEquals(Assert.java:776)
at org.testng.Assert.assertEqualsImpl(Assert.java:137)
at org.testng.Assert.assertEquals(Assert.java:118)
at org.testng.Assert.assertEquals(Assert.java:453)
at org.testng.Assert.assertEquals(Assert.java:463)
at com.UnoPoint.Pages.ViewTicketPageOfSdRole.checkCancelButtonCancelTicketDetails(ViewTicketPageOfSdRole.java:17214)
at com.UnoPoint.TestCases.ViewTicketPageTestCaseOfSdRole.CheckCancelButtonCancelTicketDetails(ViewTicketPageTestCaseOfSdRole.java:1635)
at sun.reflect.NativeMethodAccessorImpl.invoke0(Native Method)
at sun.reflect.NativeMethodAccessorImpl.invoke(Unknown Source)
at sun.reflect.DelegatingMethodAccessorImpl.invoke(Unknown Source)
at java.lang.reflect.Method.invoke(Unknown Source)
at org.testng.internal.MethodInvocationHelper.invokeMethod(MethodInvocationHelper.java:124)
at org.testng.internal.Invoker.invokeMethod(Invoker.java:583)
at org.testng.internal.Invoker.retryFailed(Invoker.java:839)
at org.testng.internal.Invoker.invokeTestMethods(Invoker.java:1010)
at org.testng.internal.TestMethodWorker.invokeTestMethods(TestMethodWorker.java:125)
at org.testng.internal.TestMethodWorker.run(TestMethodWorker.java:109)
at java.util.concurrent.ThreadPoolExecutor.runWorker(Unknown Source)
at java.util.concurrent.ThreadPoolExecutor$Worker.run(Unknown Source)
at java.lang.Thread.run(Unknown Source)
]]>
    </failure>
  </testcase> <!-- CheckCancelButtonCancelTicketDetails -->
  <testcase name="CheckCancelButtonWithAllFieldFill" time="45.229" classname="com.UnoPoint.TestCases.ViewTicketPageTestCaseOfSdRole"/>
  <testcase name="checkFinalCloseDetailpopup" time="128.075" classname="com.UnoPoint.TestCases.ViewTicketPageTestCaseOfSdRole">
    <failure type="java.lang.AssertionError" message=" Ticket is not Available expected [true] but found [false]">
      <![CDATA[java.lang.AssertionError:  Ticket is not Available expected [true] but found [false]
at org.testng.Assert.fail(Assert.java:96)
at org.testng.Assert.failNotEquals(Assert.java:776)
at org.testng.Assert.assertTrue(Assert.java:44)
at com.UnoPoint.Pages.ViewTicketPageOfSdRole.checkFinalCloseDetailpopup(ViewTicketPageOfSdRole.java:17380)
at com.UnoPoint.TestCases.ViewTicketPageTestCaseOfSdRole.checkFinalCloseDetailpopup(ViewTicketPageTestCaseOfSdRole.java:1659)
at sun.reflect.NativeMethodAccessorImpl.invoke0(Native Method)
at sun.reflect.NativeMethodAccessorImpl.invoke(Unknown Source)
at sun.reflect.DelegatingMethodAccessorImpl.invoke(Unknown Source)
at java.lang.reflect.Method.invoke(Unknown Source)
at org.testng.internal.MethodInvocationHelper.invokeMethod(MethodInvocationHelper.java:124)
at org.testng.internal.Invoker.invokeMethod(Invoker.java:583)
at org.testng.internal.Invoker.retryFailed(Invoker.java:839)
at org.testng.internal.Invoker.invokeTestMethods(Invoker.java:1010)
at org.testng.internal.TestMethodWorker.invokeTestMethods(TestMethodWorker.java:125)
at org.testng.internal.TestMethodWorker.run(TestMethodWorker.java:109)
at java.util.concurrent.ThreadPoolExecutor.runWorker(Unknown Source)
at java.util.concurrent.ThreadPoolExecutor$Worker.run(Unknown Source)
at java.lang.Thread.run(Unknown Source)
]]>
    </failure>
  </testcase> <!-- checkFinalCloseDetailpopup -->
  <testcase name="checkFinalCloseDetailpopup" time="152.078" classname="com.UnoPoint.TestCases.ViewTicketPageTestCaseOfSdRole">
    <skipped/>
  </testcase> <!-- checkFinalCloseDetailpopup -->
  <testcase name="CheckUpdateDetailsWithBlankData" time="117.807" classname="com.UnoPoint.TestCases.ViewTicketPageTestCaseOfSdRole">
    <failure type="java.lang.AssertionError" message=" Ticket is not Available expected [true] but found [false]">
      <![CDATA[java.lang.AssertionError:  Ticket is not Available expected [true] but found [false]
at org.testng.Assert.fail(Assert.java:96)
at org.testng.Assert.failNotEquals(Assert.java:776)
at org.testng.Assert.assertTrue(Assert.java:44)
at com.UnoPoint.Pages.ViewTicketPageOfSdRole.checkUpdateDetailsWithBlankData(ViewTicketPageOfSdRole.java:17451)
at com.UnoPoint.TestCases.ViewTicketPageTestCaseOfSdRole.CheckUpdateDetailsWithBlankData(ViewTicketPageTestCaseOfSdRole.java:1669)
at sun.reflect.NativeMethodAccessorImpl.invoke0(Native Method)
at sun.reflect.NativeMethodAccessorImpl.invoke(Unknown Source)
at sun.reflect.DelegatingMethodAccessorImpl.invoke(Unknown Source)
at java.lang.reflect.Method.invoke(Unknown Source)
at org.testng.internal.MethodInvocationHelper.invokeMethod(MethodInvocationHelper.java:124)
at org.testng.internal.Invoker.invokeMethod(Invoker.java:583)
at org.testng.internal.Invoker.retryFailed(Invoker.java:839)
at org.testng.internal.Invoker.invokeTestMethods(Invoker.java:1010)
at org.testng.internal.TestMethodWorker.invokeTestMethods(TestMethodWorker.java:125)
at org.testng.internal.TestMethodWorker.run(TestMethodWorker.java:109)
at java.util.concurrent.ThreadPoolExecutor.runWorker(Unknown Source)
at java.util.concurrent.ThreadPoolExecutor$Worker.run(Unknown Source)
at java.lang.Thread.run(Unknown Source)
]]>
    </failure>
  </testcase> <!-- CheckUpdateDetailsWithBlankData -->
  <testcase name="CheckUpdateDetailsWithBlankData" time="73.350" classname="com.UnoPoint.TestCases.ViewTicketPageTestCaseOfSdRole">
    <skipped/>
  </testcase> <!-- CheckUpdateDetailsWithBlankData -->
  <testcase name="CompareCloseDateWithTechnicianDateTime" time="57.356" classname="com.UnoPoint.TestCases.ViewTicketPageTestCaseOfSdRole"/>
  <testcase name="CompareCloseDateWithTechnicianDateTime" time="114.439" classname="com.UnoPoint.TestCases.ViewTicketPageTestCaseOfSdRole">
    <skipped/>
  </testcase> <!-- CompareCloseDateWithTechnicianDateTime -->
  <testcase name="CompareCloseDateTimeWithCurrentDateTime" time="93.198" classname="com.UnoPoint.TestCases.ViewTicketPageTestCaseOfSdRole">
    <skipped/>
  </testcase> <!-- CompareCloseDateTimeWithCurrentDateTime -->
  <testcase name="CompareCloseDateTimeWithCurrentDateTime" time="100.055" classname="com.UnoPoint.TestCases.ViewTicketPageTestCaseOfSdRole">
    <failure type="java.lang.AssertionError" message=" Ticket is not Available expected [true] but found [false]">
      <![CDATA[java.lang.AssertionError:  Ticket is not Available expected [true] but found [false]
at org.testng.Assert.fail(Assert.java:96)
at org.testng.Assert.failNotEquals(Assert.java:776)
at org.testng.Assert.assertTrue(Assert.java:44)
at com.UnoPoint.Pages.ViewTicketPageOfSdRole.compareCloseDateTimeWithCurrentDateTime(ViewTicketPageOfSdRole.java:17691)
at com.UnoPoint.TestCases.ViewTicketPageTestCaseOfSdRole.CompareCloseDateTimeWithCurrentDateTime(ViewTicketPageTestCaseOfSdRole.java:1690)
at sun.reflect.NativeMethodAccessorImpl.invoke0(Native Method)
at sun.reflect.NativeMethodAccessorImpl.invoke(Unknown Source)
at sun.reflect.DelegatingMethodAccessorImpl.invoke(Unknown Source)
at java.lang.reflect.Method.invoke(Unknown Source)
at org.testng.internal.MethodInvocationHelper.invokeMethod(MethodInvocationHelper.java:124)
at org.testng.internal.Invoker.invokeMethod(Invoker.java:583)
at org.testng.internal.Invoker.retryFailed(Invoker.java:839)
at org.testng.internal.Invoker.invokeTestMethods(Invoker.java:1010)
at org.testng.internal.TestMethodWorker.invokeTestMethods(TestMethodWorker.java:125)
at org.testng.internal.TestMethodWorker.run(TestMethodWorker.java:109)
at java.util.concurrent.ThreadPoolExecutor.runWorker(Unknown Source)
at java.util.concurrent.ThreadPoolExecutor$Worker.run(Unknown Source)
at java.lang.Thread.run(Unknown Source)
]]>
    </failure>
  </testcase> <!-- CompareCloseDateTimeWithCurrentDateTime -->
  <testcase name="CompareCloseDateTimeWithTechnicianDateTime" time="120.489" classname="com.UnoPoint.TestCases.ViewTicketPageTestCaseOfSdRole">
    <skipped/>
  </testcase> <!-- CompareCloseDateTimeWithTechnicianDateTime -->
  <testcase name="CompareCloseDateTimeWithTechnicianDateTime" time="126.058" classname="com.UnoPoint.TestCases.ViewTicketPageTestCaseOfSdRole">
    <error type="java.lang.IndexOutOfBoundsException" message="Index: 2, Size: 0">
      <![CDATA[java.lang.IndexOutOfBoundsException: Index: 2, Size: 0
at java.util.ArrayList.rangeCheck(Unknown Source)
at java.util.ArrayList.get(Unknown Source)
at sun.reflect.GeneratedMethodAccessor16.invoke(Unknown Source)
at sun.reflect.DelegatingMethodAccessorImpl.invoke(Unknown Source)
at java.lang.reflect.Method.invoke(Unknown Source)
at org.openqa.selenium.support.pagefactory.internal.LocatingElementListHandler.invoke(LocatingElementListHandler.java:39)
at com.sun.proxy.$Proxy19.get(Unknown Source)
at com.UnoPoint.Pages.ViewTicketPageOfSdRole.compareCloseDateTimeWithTechnicianDateTime(ViewTicketPageOfSdRole.java:17716)
at com.UnoPoint.TestCases.ViewTicketPageTestCaseOfSdRole.CompareCloseDateTimeWithTechnicianDateTime(ViewTicketPageTestCaseOfSdRole.java:1700)
at sun.reflect.NativeMethodAccessorImpl.invoke0(Native Method)
at sun.reflect.NativeMethodAccessorImpl.invoke(Unknown Source)
at sun.reflect.DelegatingMethodAccessorImpl.invoke(Unknown Source)
at java.lang.reflect.Method.invoke(Unknown Source)
at org.testng.internal.MethodInvocationHelper.invokeMethod(MethodInvocationHelper.java:124)
at org.testng.internal.Invoker.invokeMethod(Invoker.java:583)
at org.testng.internal.Invoker.retryFailed(Invoker.java:839)
at org.testng.internal.Invoker.invokeTestMethods(Invoker.java:1010)
at org.testng.internal.TestMethodWorker.invokeTestMethods(TestMethodWorker.java:125)
at org.testng.internal.TestMethodWorker.run(TestMethodWorker.java:109)
at java.util.concurrent.ThreadPoolExecutor.runWorker(Unknown Source)
at java.util.concurrent.ThreadPoolExecutor$Worker.run(Unknown Source)
at java.lang.Thread.run(Unknown Source)
]]>
    </error>
  </testcase> <!-- CompareCloseDateTimeWithTechnicianDateTime -->
  <testcase name="MatchReplacedSerialWithFinalCloseSerialNumber" time="122.287" classname="com.UnoPoint.TestCases.ViewTicketPageTestCaseOfSdRole">
    <failure type="java.lang.AssertionError" message=" Ticket is not Available expected [true] but found [false]">
      <![CDATA[java.lang.AssertionError:  Ticket is not Available expected [true] but found [false]
at org.testng.Assert.fail(Assert.java:96)
at org.testng.Assert.failNotEquals(Assert.java:776)
at org.testng.Assert.assertTrue(Assert.java:44)
at com.UnoPoint.Pages.ViewTicketPageOfSdRole.matchReplacedSerialWithFinalCloseSerialNumber(ViewTicketPageOfSdRole.java:17951)
at com.UnoPoint.TestCases.ViewTicketPageTestCaseOfSdRole.MatchReplacedSerialWithFinalCloseSerialNumber(ViewTicketPageTestCaseOfSdRole.java:1712)
at sun.reflect.NativeMethodAccessorImpl.invoke0(Native Method)
at sun.reflect.NativeMethodAccessorImpl.invoke(Unknown Source)
at sun.reflect.DelegatingMethodAccessorImpl.invoke(Unknown Source)
at java.lang.reflect.Method.invoke(Unknown Source)
at org.testng.internal.MethodInvocationHelper.invokeMethod(MethodInvocationHelper.java:124)
at org.testng.internal.Invoker.invokeMethod(Invoker.java:583)
at org.testng.internal.Invoker.retryFailed(Invoker.java:839)
at org.testng.internal.Invoker.invokeTestMethods(Invoker.java:1010)
at org.testng.internal.TestMethodWorker.invokeTestMethods(TestMethodWorker.java:125)
at org.testng.internal.TestMethodWorker.run(TestMethodWorker.java:109)
at java.util.concurrent.ThreadPoolExecutor.runWorker(Unknown Source)
at java.util.concurrent.ThreadPoolExecutor$Worker.run(Unknown Source)
at java.lang.Thread.run(Unknown Source)
]]>
    </failure>
  </testcase> <!-- MatchReplacedSerialWithFinalCloseSerialNumber -->
  <testcase name="MatchReplacedSerialWithFinalCloseSerialNumber" time="114.850" classname="com.UnoPoint.TestCases.ViewTicketPageTestCaseOfSdRole">
    <skipped/>
  </testcase> <!-- MatchReplacedSerialWithFinalCloseSerialNumber -->
  <testcase name="MatchPopUpWithBlankUpdateSerialNoField" time="124.654" classname="com.UnoPoint.TestCases.ViewTicketPageTestCaseOfSdRole">
    <skipped/>
  </testcase> <!-- MatchPopUpWithBlankUpdateSerialNoField -->
  <testcase name="MatchPopUpWithBlankUpdateSerialNoField" time="117.112" classname="com.UnoPoint.TestCases.ViewTicketPageTestCaseOfSdRole">
    <failure type="java.lang.AssertionError" message=" Ticket is not Available expected [true] but found [false]">
      <![CDATA[java.lang.AssertionError:  Ticket is not Available expected [true] but found [false]
at org.testng.Assert.fail(Assert.java:96)
at org.testng.Assert.failNotEquals(Assert.java:776)
at org.testng.Assert.assertTrue(Assert.java:44)
at com.UnoPoint.Pages.ViewTicketPageOfSdRole.matchPopUpWithBlankUpdateSerialNoField(ViewTicketPageOfSdRole.java:18123)
at com.UnoPoint.TestCases.ViewTicketPageTestCaseOfSdRole.MatchPopUpWithBlankUpdateSerialNoField(ViewTicketPageTestCaseOfSdRole.java:1725)
at sun.reflect.NativeMethodAccessorImpl.invoke0(Native Method)
at sun.reflect.NativeMethodAccessorImpl.invoke(Unknown Source)
at sun.reflect.DelegatingMethodAccessorImpl.invoke(Unknown Source)
at java.lang.reflect.Method.invoke(Unknown Source)
at org.testng.internal.MethodInvocationHelper.invokeMethod(MethodInvocationHelper.java:124)
at org.testng.internal.Invoker.invokeMethod(Invoker.java:583)
at org.testng.internal.Invoker.retryFailed(Invoker.java:839)
at org.testng.internal.Invoker.invokeTestMethods(Invoker.java:1010)
at org.testng.internal.TestMethodWorker.invokeTestMethods(TestMethodWorker.java:125)
at org.testng.internal.TestMethodWorker.run(TestMethodWorker.java:109)
at java.util.concurrent.ThreadPoolExecutor.runWorker(Unknown Source)
at java.util.concurrent.ThreadPoolExecutor$Worker.run(Unknown Source)
at java.lang.Thread.run(Unknown Source)
]]>
    </failure>
  </testcase> <!-- MatchPopUpWithBlankUpdateSerialNoField -->
  <testcase name="MatchPopUpWithUpdateSerialNoFieldFill" time="131.255" classname="com.UnoPoint.TestCases.ViewTicketPageTestCaseOfSdRole">
    <skipped/>
  </testcase> <!-- MatchPopUpWithUpdateSerialNoFieldFill -->
  <testcase name="MatchPopUpWithUpdateSerialNoFieldFill" time="76.323" classname="com.UnoPoint.TestCases.ViewTicketPageTestCaseOfSdRole">
    <failure type="java.lang.AssertionError" message=" Ticket is not Available expected [true] but found [false]">
      <![CDATA[java.lang.AssertionError:  Ticket is not Available expected [true] but found [false]
at org.testng.Assert.fail(Assert.java:96)
at org.testng.Assert.failNotEquals(Assert.java:776)
at org.testng.Assert.assertTrue(Assert.java:44)
at com.UnoPoint.Pages.ViewTicketPageOfSdRole.matchPopUpWithUpdateSerialNoFieldFill(ViewTicketPageOfSdRole.java:18284)
at com.UnoPoint.TestCases.ViewTicketPageTestCaseOfSdRole.MatchPopUpWithUpdateSerialNoFieldFill(ViewTicketPageTestCaseOfSdRole.java:1738)
at sun.reflect.NativeMethodAccessorImpl.invoke0(Native Method)
at sun.reflect.NativeMethodAccessorImpl.invoke(Unknown Source)
at sun.reflect.DelegatingMethodAccessorImpl.invoke(Unknown Source)
at java.lang.reflect.Method.invoke(Unknown Source)
at org.testng.internal.MethodInvocationHelper.invokeMethod(MethodInvocationHelper.java:124)
at org.testng.internal.Invoker.invokeMethod(Invoker.java:583)
at org.testng.internal.Invoker.retryFailed(Invoker.java:839)
at org.testng.internal.Invoker.invokeTestMethods(Invoker.java:1010)
at org.testng.internal.TestMethodWorker.invokeTestMethods(TestMethodWorker.java:125)
at org.testng.internal.TestMethodWorker.run(TestMethodWorker.java:109)
at java.util.concurrent.ThreadPoolExecutor.runWorker(Unknown Source)
at java.util.concurrent.ThreadPoolExecutor$Worker.run(Unknown Source)
at java.lang.Thread.run(Unknown Source)
]]>
    </failure>
  </testcase> <!-- MatchPopUpWithUpdateSerialNoFieldFill -->
  <testcase name="ClosePinkTicket" time="101.962" classname="com.UnoPoint.TestCases.ViewTicketPageTestCaseOfSdRole">
    <skipped/>
  </testcase> <!-- ClosePinkTicket -->
  <testcase name="ClosePinkTicket" time="63.661" classname="com.UnoPoint.TestCases.ViewTicketPageTestCaseOfSdRole">
    <failure type="java.lang.AssertionError" message=" Ticket is not Available expected [true] but found [false]">
      <![CDATA[java.lang.AssertionError:  Ticket is not Available expected [true] but found [false]
at org.testng.Assert.fail(Assert.java:96)
at org.testng.Assert.failNotEquals(Assert.java:776)
at org.testng.Assert.assertTrue(Assert.java:44)
at com.UnoPoint.Pages.ViewTicketPageOfSdRole.closePinkTicket(ViewTicketPageOfSdRole.java:18508)
at com.UnoPoint.TestCases.ViewTicketPageTestCaseOfSdRole.ClosePinkTicket(ViewTicketPageTestCaseOfSdRole.java:1749)
at sun.reflect.NativeMethodAccessorImpl.invoke0(Native Method)
at sun.reflect.NativeMethodAccessorImpl.invoke(Unknown Source)
at sun.reflect.DelegatingMethodAccessorImpl.invoke(Unknown Source)
at java.lang.reflect.Method.invoke(Unknown Source)
at org.testng.internal.MethodInvocationHelper.invokeMethod(MethodInvocationHelper.java:124)
at org.testng.internal.Invoker.invokeMethod(Invoker.java:583)
at org.testng.internal.Invoker.retryFailed(Invoker.java:839)
at org.testng.internal.Invoker.invokeTestMethods(Invoker.java:1010)
at org.testng.internal.TestMethodWorker.invokeTestMethods(TestMethodWorker.java:125)
at org.testng.internal.TestMethodWorker.run(TestMethodWorker.java:109)
at java.util.concurrent.ThreadPoolExecutor.runWorker(Unknown Source)
at java.util.concurrent.ThreadPoolExecutor$Worker.run(Unknown Source)
at java.lang.Thread.run(Unknown Source)
]]>
    </failure>
  </testcase> <!-- ClosePinkTicket -->
  <testcase name="CloseTicket" time="70.228" classname="com.UnoPoint.TestCases.ViewTicketPageTestCaseOfSdRole">
    <failure type="java.lang.AssertionError" message=" Ticket is not Available expected [true] but found [false]">
      <![CDATA[java.lang.AssertionError:  Ticket is not Available expected [true] but found [false]
at org.testng.Assert.fail(Assert.java:96)
at org.testng.Assert.failNotEquals(Assert.java:776)
at org.testng.Assert.assertTrue(Assert.java:44)
at com.UnoPoint.Pages.ViewTicketPageOfSdRole.closeTicket(ViewTicketPageOfSdRole.java:18681)
at com.UnoPoint.TestCases.ViewTicketPageTestCaseOfSdRole.CloseTicket(ViewTicketPageTestCaseOfSdRole.java:1757)
at sun.reflect.NativeMethodAccessorImpl.invoke0(Native Method)
at sun.reflect.NativeMethodAccessorImpl.invoke(Unknown Source)
at sun.reflect.DelegatingMethodAccessorImpl.invoke(Unknown Source)
at java.lang.reflect.Method.invoke(Unknown Source)
at org.testng.internal.MethodInvocationHelper.invokeMethod(MethodInvocationHelper.java:124)
at org.testng.internal.Invoker.invokeMethod(Invoker.java:583)
at org.testng.internal.Invoker.retryFailed(Invoker.java:839)
at org.testng.internal.Invoker.invokeTestMethods(Invoker.java:1010)
at org.testng.internal.TestMethodWorker.invokeTestMethods(TestMethodWorker.java:125)
at org.testng.internal.TestMethodWorker.run(TestMethodWorker.java:109)
at java.util.concurrent.ThreadPoolExecutor.runWorker(Unknown Source)
at java.util.concurrent.ThreadPoolExecutor$Worker.run(Unknown Source)
at java.lang.Thread.run(Unknown Source)
]]>
    </failure>
  </testcase> <!-- CloseTicket -->
  <testcase name="CloseTicket" time="95.970" classname="com.UnoPoint.TestCases.ViewTicketPageTestCaseOfSdRole">
    <skipped/>
  </testcase> <!-- CloseTicket -->
  <testcase name="checkKEDBDetailsPopUp" time="22.714" classname="com.UnoPoint.TestCases.ViewTicketPageTestCaseOfSdRole">
    <skipped/>
  </testcase> <!-- checkKEDBDetailsPopUp -->
  <testcase name="checkKEDBDetailsPopUp" time="89.451" classname="com.UnoPoint.TestCases.ViewTicketPageTestCaseOfSdRole">
    <error type="org.openqa.selenium.ElementNotVisibleException" message="Element is not currently visible and so may not be interacted with
Command duration or timeout: 40.10 seconds
Build info: version: &#039;2.53.0&#039;, revision: &#039;35ae25b1534ae328c771e0856c93e187490ca824&#039;, time: &#039;2016-03-15 10:43:46&#039;
System info: host: &#039;Admin-PC&#039;, ip: &#039;192.168.3.8&#039;, os.name: &#039;Windows 7&#039;, os.arch: &#039;amd64&#039;, os.version: &#039;6.1&#039;, java.version: &#039;1.8.0_161&#039;
Driver info: org.openqa.selenium.firefox.FirefoxDriver
Capabilities [{applicationCacheEnabled=true, rotatable=false, handlesAlerts=true, databaseEnabled=true, version=45.0.1, platform=WINDOWS, nativeEvents=false, acceptSslCerts=true, webStorageEnabled=true, locationContextEnabled=true, browserName=firefox, takesScreenshot=true, javascriptEnabled=true, cssSelectorsEnabled=true}]
Session ID: 9548af9c-5940-4abe-b1f9-a8f39366c499">
      <![CDATA[org.openqa.selenium.ElementNotVisibleException: Element is not currently visible and so may not be interacted with
Command duration or timeout: 40.10 seconds
Build info: version: '2.53.0', revision: '35ae25b1534ae328c771e0856c93e187490ca824', time: '2016-03-15 10:43:46'
System info: host: 'Admin-PC', ip: '192.168.3.8', os.name: 'Windows 7', os.arch: 'amd64', os.version: '6.1', java.version: '1.8.0_161'
Driver info: org.openqa.selenium.firefox.FirefoxDriver
Capabilities [{applicationCacheEnabled=true, rotatable=false, handlesAlerts=true, databaseEnabled=true, version=45.0.1, platform=WINDOWS, nativeEvents=false, acceptSslCerts=true, webStorageEnabled=true, locationContextEnabled=true, browserName=firefox, takesScreenshot=true, javascriptEnabled=true, cssSelectorsEnabled=true}]
Session ID: 9548af9c-5940-4abe-b1f9-a8f39366c499
at sun.reflect.NativeConstructorAccessorImpl.newInstance0(Native Method)
at sun.reflect.NativeConstructorAccessorImpl.newInstance(Unknown Source)
at sun.reflect.DelegatingConstructorAccessorImpl.newInstance(Unknown Source)
at java.lang.reflect.Constructor.newInstance(Unknown Source)
at org.openqa.selenium.remote.ErrorHandler.createThrowable(ErrorHandler.java:206)
at org.openqa.selenium.remote.ErrorHandler.throwIfResponseFailed(ErrorHandler.java:158)
at org.openqa.selenium.remote.RemoteWebDriver.execute(RemoteWebDriver.java:678)
at org.openqa.selenium.remote.RemoteWebElement.execute(RemoteWebElement.java:327)
at org.openqa.selenium.remote.RemoteWebElement.click(RemoteWebElement.java:85)
at sun.reflect.GeneratedMethodAccessor5.invoke(Unknown Source)
at sun.reflect.DelegatingMethodAccessorImpl.invoke(Unknown Source)
at java.lang.reflect.Method.invoke(Unknown Source)
at org.openqa.selenium.support.events.EventFiringWebDriver$EventFiringWebElement$1.invoke(EventFiringWebDriver.java:335)
at com.sun.proxy.$Proxy18.click(Unknown Source)
at org.openqa.selenium.support.events.EventFiringWebDriver$EventFiringWebElement.click(EventFiringWebDriver.java:348)
at org.openqa.selenium.support.ui.Select.setSelected(Select.java:323)
at org.openqa.selenium.support.ui.Select.selectByVisibleText(Select.java:119)
at com.UnoPoint.Pages.ViewTicketPageOfSdRole.checkKEDBDetailsPopUp(ViewTicketPageOfSdRole.java:18695)
at com.UnoPoint.TestCases.ViewTicketPageTestCaseOfSdRole.checkKEDBDetailsPopUp(ViewTicketPageTestCaseOfSdRole.java:1764)
at sun.reflect.NativeMethodAccessorImpl.invoke0(Native Method)
at sun.reflect.NativeMethodAccessorImpl.invoke(Unknown Source)
at sun.reflect.DelegatingMethodAccessorImpl.invoke(Unknown Source)
at java.lang.reflect.Method.invoke(Unknown Source)
at org.testng.internal.MethodInvocationHelper.invokeMethod(MethodInvocationHelper.java:124)
at org.testng.internal.Invoker.invokeMethod(Invoker.java:583)
at org.testng.internal.Invoker.retryFailed(Invoker.java:839)
at org.testng.internal.Invoker.invokeTestMethods(Invoker.java:1010)
at org.testng.internal.TestMethodWorker.invokeTestMethods(TestMethodWorker.java:125)
at org.testng.internal.TestMethodWorker.run(TestMethodWorker.java:109)
at java.util.concurrent.ThreadPoolExecutor.runWorker(Unknown Source)
at java.util.concurrent.ThreadPoolExecutor$Worker.run(Unknown Source)
at java.lang.Thread.run(Unknown Source)
Caused by: org.openqa.selenium.ElementNotVisibleException: Element is not currently visible and so may not be interacted with
Build info: version: '2.53.0', revision: '35ae25b1534ae328c771e0856c93e187490ca824', time: '2016-03-15 10:43:46'
System info: host: 'Admin-PC', ip: '192.168.3.8', os.name: 'Windows 7', os.arch: 'amd64', os.version: '6.1', java.version: '1.8.0_161'
Driver info: driver.version: unknown
at <anonymous class>.fxdriver.preconditions.visible(file:///C:/Users/Admin/AppData/Local/Temp/anonymous101924175231183219webdriver-profile/extensions/fxdriver@googlecode.com/components/command-processor.js:10092)
at <anonymous class>.DelayedCommand.prototype.checkPreconditions_(file:///C:/Users/Admin/AppData/Local/Temp/anonymous101924175231183219webdriver-profile/extensions/fxdriver@googlecode.com/components/command-processor.js:12644)
at <anonymous class>.DelayedCommand.prototype.executeInternal_/h(file:///C:/Users/Admin/AppData/Local/Temp/anonymous101924175231183219webdriver-profile/extensions/fxdriver@googlecode.com/components/command-processor.js:12661)
at <anonymous class>.fxdriver.Timer.prototype.setTimeout/<.notify(file:///C:/Users/Admin/AppData/Local/Temp/anonymous101924175231183219webdriver-profile/extensions/fxdriver@googlecode.com/components/command-processor.js:625)
]]>
    </error>
  </testcase> <!-- checkKEDBDetailsPopUp -->
  <testcase name="CheckCCTtab" time="94.337" classname="com.UnoPoint.TestCases.ViewTicketPageTestCaseOfSdRole">
    <skipped/>
  </testcase> <!-- CheckCCTtab -->
  <testcase name="CheckCCTtab" time="84.159" classname="com.UnoPoint.TestCases.ViewTicketPageTestCaseOfSdRole">
    <error type="org.openqa.selenium.NoSuchElementException" message="Unable to locate element: {&quot;method&quot;:&quot;xpath&quot;,&quot;selector&quot;:&quot;.//*[@id=&#039;Payment-closed&#039;]/div[1]/table/tbody/tr/td[1]/a/span&quot;}
Command duration or timeout: 40.12 seconds
For documentation on this error, please visit: http://seleniumhq.org/exceptions/no_such_element.html
Build info: version: &#039;2.53.0&#039;, revision: &#039;35ae25b1534ae328c771e0856c93e187490ca824&#039;, time: &#039;2016-03-15 10:43:46&#039;
System info: host: &#039;Admin-PC&#039;, ip: &#039;192.168.3.8&#039;, os.name: &#039;Windows 7&#039;, os.arch: &#039;amd64&#039;, os.version: &#039;6.1&#039;, java.version: &#039;1.8.0_161&#039;
Driver info: org.openqa.selenium.firefox.FirefoxDriver
Capabilities [{applicationCacheEnabled=true, rotatable=false, handlesAlerts=true, databaseEnabled=true, version=45.0.1, platform=WINDOWS, nativeEvents=false, acceptSslCerts=true, webStorageEnabled=true, locationContextEnabled=true, browserName=firefox, takesScreenshot=true, javascriptEnabled=true, cssSelectorsEnabled=true}]
Session ID: b3cb0d12-c922-463c-957d-fc783c469854
*** Element info: {Using=xpath, value=.//*[@id=&#039;Payment-closed&#039;]/div[1]/table/tbody/tr/td[1]/a/span}">
      <![CDATA[org.openqa.selenium.NoSuchElementException: Unable to locate element: {"method":"xpath","selector":".//*[@id='Payment-closed']/div[1]/table/tbody/tr/td[1]/a/span"}
Command duration or timeout: 40.12 seconds
For documentation on this error, please visit: http://seleniumhq.org/exceptions/no_such_element.html
Build info: version: '2.53.0', revision: '35ae25b1534ae328c771e0856c93e187490ca824', time: '2016-03-15 10:43:46'
System info: host: 'Admin-PC', ip: '192.168.3.8', os.name: 'Windows 7', os.arch: 'amd64', os.version: '6.1', java.version: '1.8.0_161'
Driver info: org.openqa.selenium.firefox.FirefoxDriver
Capabilities [{applicationCacheEnabled=true, rotatable=false, handlesAlerts=true, databaseEnabled=true, version=45.0.1, platform=WINDOWS, nativeEvents=false, acceptSslCerts=true, webStorageEnabled=true, locationContextEnabled=true, browserName=firefox, takesScreenshot=true, javascriptEnabled=true, cssSelectorsEnabled=true}]
Session ID: b3cb0d12-c922-463c-957d-fc783c469854
*** Element info: {Using=xpath, value=.//*[@id='Payment-closed']/div[1]/table/tbody/tr/td[1]/a/span}
at sun.reflect.NativeConstructorAccessorImpl.newInstance0(Native Method)
at sun.reflect.NativeConstructorAccessorImpl.newInstance(Unknown Source)
at sun.reflect.DelegatingConstructorAccessorImpl.newInstance(Unknown Source)
at java.lang.reflect.Constructor.newInstance(Unknown Source)
at org.openqa.selenium.remote.ErrorHandler.createThrowable(ErrorHandler.java:206)
at org.openqa.selenium.remote.ErrorHandler.throwIfResponseFailed(ErrorHandler.java:158)
at org.openqa.selenium.remote.RemoteWebDriver.execute(RemoteWebDriver.java:678)
at org.openqa.selenium.remote.RemoteWebDriver.findElement(RemoteWebDriver.java:363)
at org.openqa.selenium.remote.RemoteWebDriver.findElementByXPath(RemoteWebDriver.java:500)
at org.openqa.selenium.By$ByXPath.findElement(By.java:361)
at org.openqa.selenium.remote.RemoteWebDriver.findElement(RemoteWebDriver.java:355)
at sun.reflect.GeneratedMethodAccessor8.invoke(Unknown Source)
at sun.reflect.DelegatingMethodAccessorImpl.invoke(Unknown Source)
at java.lang.reflect.Method.invoke(Unknown Source)
at org.openqa.selenium.support.events.EventFiringWebDriver$2.invoke(EventFiringWebDriver.java:103)
at com.sun.proxy.$Proxy14.findElement(Unknown Source)
at org.openqa.selenium.support.events.EventFiringWebDriver.findElement(EventFiringWebDriver.java:188)
at org.openqa.selenium.support.pagefactory.DefaultElementLocator.findElement(DefaultElementLocator.java:69)
at org.openqa.selenium.support.pagefactory.internal.LocatingElementHandler.invoke(LocatingElementHandler.java:38)
at com.sun.proxy.$Proxy16.click(Unknown Source)
at com.UnoPoint.Pages.ViewTicketPageOfSdRole.checkCCTtab(ViewTicketPageOfSdRole.java:18834)
at com.UnoPoint.TestCases.ViewTicketPageTestCaseOfSdRole.CheckCCTtab(ViewTicketPageTestCaseOfSdRole.java:1771)
at sun.reflect.NativeMethodAccessorImpl.invoke0(Native Method)
at sun.reflect.NativeMethodAccessorImpl.invoke(Unknown Source)
at sun.reflect.DelegatingMethodAccessorImpl.invoke(Unknown Source)
at java.lang.reflect.Method.invoke(Unknown Source)
at org.testng.internal.MethodInvocationHelper.invokeMethod(MethodInvocationHelper.java:124)
at org.testng.internal.Invoker.invokeMethod(Invoker.java:583)
at org.testng.internal.Invoker.retryFailed(Invoker.java:839)
at org.testng.internal.Invoker.invokeTestMethods(Invoker.java:1010)
at org.testng.internal.TestMethodWorker.invokeTestMethods(TestMethodWorker.java:125)
at org.testng.internal.TestMethodWorker.run(TestMethodWorker.java:109)
at java.util.concurrent.ThreadPoolExecutor.runWorker(Unknown Source)
at java.util.concurrent.ThreadPoolExecutor$Worker.run(Unknown Source)
at java.lang.Thread.run(Unknown Source)
Caused by: org.openqa.selenium.NoSuchElementException: Unable to locate element: {"method":"xpath","selector":".//*[@id='Payment-closed']/div[1]/table/tbody/tr/td[1]/a/span"}
For documentation on this error, please visit: http://seleniumhq.org/exceptions/no_such_element.html
Build info: version: '2.53.0', revision: '35ae25b1534ae328c771e0856c93e187490ca824', time: '2016-03-15 10:43:46'
System info: host: 'Admin-PC', ip: '192.168.3.8', os.name: 'Windows 7', os.arch: 'amd64', os.version: '6.1', java.version: '1.8.0_161'
Driver info: driver.version: unknown
at <anonymous class>.FirefoxDriver.prototype.findElementInternal_(file:///C:/Users/Admin/AppData/Local/Temp/anonymous8169526564513040221webdriver-profile/extensions/fxdriver@googlecode.com/components/driver-component.js:10770)
at <anonymous class>.fxdriver.Timer.prototype.setTimeout/<.notify(file:///C:/Users/Admin/AppData/Local/Temp/anonymous8169526564513040221webdriver-profile/extensions/fxdriver@googlecode.com/components/driver-component.js:625)
]]>
    </error>
  </testcase> <!-- CheckCCTtab -->
  <testcase name="CheckAlertMessageWithoutETA" time="17.404" classname="com.UnoPoint.TestCases.ViewTicketPageTestCaseOfSdRole">
    <skipped/>
  </testcase> <!-- CheckAlertMessageWithoutETA -->
  <testcase name="CheckAlertMessageWithoutETA" time="14.473" classname="com.UnoPoint.TestCases.ViewTicketPageTestCaseOfSdRole">
    <failure type="java.lang.AssertionError" message=" Ticket is not Available expected [true] but found [false]">
      <![CDATA[java.lang.AssertionError:  Ticket is not Available expected [true] but found [false]
at org.testng.Assert.fail(Assert.java:96)
at org.testng.Assert.failNotEquals(Assert.java:776)
at org.testng.Assert.assertTrue(Assert.java:44)
at com.UnoPoint.Pages.ViewTicketPageOfSdRole.checkAlertMessageWithoutETA(ViewTicketPageOfSdRole.java:18919)
at com.UnoPoint.TestCases.ViewTicketPageTestCaseOfSdRole.CheckAlertMessageWithoutETA(ViewTicketPageTestCaseOfSdRole.java:1783)
at sun.reflect.NativeMethodAccessorImpl.invoke0(Native Method)
at sun.reflect.NativeMethodAccessorImpl.invoke(Unknown Source)
at sun.reflect.DelegatingMethodAccessorImpl.invoke(Unknown Source)
at java.lang.reflect.Method.invoke(Unknown Source)
at org.testng.internal.MethodInvocationHelper.invokeMethod(MethodInvocationHelper.java:124)
at org.testng.internal.Invoker.invokeMethod(Invoker.java:583)
at org.testng.internal.Invoker.retryFailed(Invoker.java:839)
at org.testng.internal.Invoker.invokeTestMethods(Invoker.java:1010)
at org.testng.internal.TestMethodWorker.invokeTestMethods(TestMethodWorker.java:125)
at org.testng.internal.TestMethodWorker.run(TestMethodWorker.java:109)
at java.util.concurrent.ThreadPoolExecutor.runWorker(Unknown Source)
at java.util.concurrent.ThreadPoolExecutor$Worker.run(Unknown Source)
at java.lang.Thread.run(Unknown Source)
]]>
    </failure>
  </testcase> <!-- CheckAlertMessageWithoutETA -->
  <testcase name="CheckAlertMessageWithoutATA" time="40.745" classname="com.UnoPoint.TestCases.ViewTicketPageTestCaseOfSdRole"/>
  <testcase name="checkCreateSubTicketAndViewSubTicketForPause" time="52.058" classname="com.UnoPoint.TestCases.ViewTicketPageTestCaseOfSdRole"/>
  <testcase name="checkCreateSubTicketAndViewSubTicketForPause" time="130.453" classname="com.UnoPoint.TestCases.ViewTicketPageTestCaseOfSdRole">
    <skipped/>
  </testcase> <!-- checkCreateSubTicketAndViewSubTicketForPause -->
  <testcase name="CheckStateFilterInViewSubTicket" time="110.073" classname="com.UnoPoint.TestCases.ViewTicketPageTestCaseOfSdRole">
    <skipped/>
  </testcase> <!-- CheckStateFilterInViewSubTicket -->
  <testcase name="CheckStateFilterInViewSubTicket" time="149.514" classname="com.UnoPoint.TestCases.ViewTicketPageTestCaseOfSdRole">
    <error type="org.openqa.selenium.StaleElementReferenceException" message="Element not found in the cache - perhaps the page has changed since it was looked up
Command duration or timeout: 40.33 seconds
For documentation on this error, please visit: http://seleniumhq.org/exceptions/stale_element_reference.html
Build info: version: &#039;2.53.0&#039;, revision: &#039;35ae25b1534ae328c771e0856c93e187490ca824&#039;, time: &#039;2016-03-15 10:43:46&#039;
System info: host: &#039;Admin-PC&#039;, ip: &#039;192.168.3.8&#039;, os.name: &#039;Windows 7&#039;, os.arch: &#039;amd64&#039;, os.version: &#039;6.1&#039;, java.version: &#039;1.8.0_161&#039;
Driver info: org.openqa.selenium.firefox.FirefoxDriver
Capabilities [{applicationCacheEnabled=true, rotatable=false, handlesAlerts=true, databaseEnabled=true, version=45.0.1, platform=WINDOWS, nativeEvents=false, acceptSslCerts=true, webStorageEnabled=true, locationContextEnabled=true, browserName=firefox, takesScreenshot=true, javascriptEnabled=true, cssSelectorsEnabled=true}]
Session ID: 8944c829-e7ef-488d-a83f-5e6cd4781f63">
      <![CDATA[org.openqa.selenium.StaleElementReferenceException: Element not found in the cache - perhaps the page has changed since it was looked up
Command duration or timeout: 40.33 seconds
For documentation on this error, please visit: http://seleniumhq.org/exceptions/stale_element_reference.html
Build info: version: '2.53.0', revision: '35ae25b1534ae328c771e0856c93e187490ca824', time: '2016-03-15 10:43:46'
System info: host: 'Admin-PC', ip: '192.168.3.8', os.name: 'Windows 7', os.arch: 'amd64', os.version: '6.1', java.version: '1.8.0_161'
Driver info: org.openqa.selenium.firefox.FirefoxDriver
Capabilities [{applicationCacheEnabled=true, rotatable=false, handlesAlerts=true, databaseEnabled=true, version=45.0.1, platform=WINDOWS, nativeEvents=false, acceptSslCerts=true, webStorageEnabled=true, locationContextEnabled=true, browserName=firefox, takesScreenshot=true, javascriptEnabled=true, cssSelectorsEnabled=true}]
Session ID: 8944c829-e7ef-488d-a83f-5e6cd4781f63
at sun.reflect.NativeConstructorAccessorImpl.newInstance0(Native Method)
at sun.reflect.NativeConstructorAccessorImpl.newInstance(Unknown Source)
at sun.reflect.DelegatingConstructorAccessorImpl.newInstance(Unknown Source)
at java.lang.reflect.Constructor.newInstance(Unknown Source)
at org.openqa.selenium.remote.ErrorHandler.createThrowable(ErrorHandler.java:206)
at org.openqa.selenium.remote.ErrorHandler.throwIfResponseFailed(ErrorHandler.java:158)
at org.openqa.selenium.remote.RemoteWebDriver.execute(RemoteWebDriver.java:678)
at org.openqa.selenium.remote.RemoteWebElement.execute(RemoteWebElement.java:327)
at org.openqa.selenium.remote.RemoteWebElement.click(RemoteWebElement.java:85)
at sun.reflect.GeneratedMethodAccessor5.invoke(Unknown Source)
at sun.reflect.DelegatingMethodAccessorImpl.invoke(Unknown Source)
at java.lang.reflect.Method.invoke(Unknown Source)
at org.openqa.selenium.support.events.EventFiringWebDriver$EventFiringWebElement$1.invoke(EventFiringWebDriver.java:335)
at com.sun.proxy.$Proxy18.click(Unknown Source)
at org.openqa.selenium.support.events.EventFiringWebDriver$EventFiringWebElement.click(EventFiringWebDriver.java:348)
at sun.reflect.GeneratedMethodAccessor5.invoke(Unknown Source)
at sun.reflect.DelegatingMethodAccessorImpl.invoke(Unknown Source)
at java.lang.reflect.Method.invoke(Unknown Source)
at org.openqa.selenium.support.pagefactory.internal.LocatingElementHandler.invoke(LocatingElementHandler.java:51)
at com.sun.proxy.$Proxy16.click(Unknown Source)
at com.UnoPoint.Pages.ViewTicketPageOfSdRole.checkStateFilterInViewSubTicket(ViewTicketPageOfSdRole.java:19124)
at com.UnoPoint.TestCases.ViewTicketPageTestCaseOfSdRole.CheckStateFilterInViewSubTicket(ViewTicketPageTestCaseOfSdRole.java:1823)
at sun.reflect.NativeMethodAccessorImpl.invoke0(Native Method)
at sun.reflect.NativeMethodAccessorImpl.invoke(Unknown Source)
at sun.reflect.DelegatingMethodAccessorImpl.invoke(Unknown Source)
at java.lang.reflect.Method.invoke(Unknown Source)
at org.testng.internal.MethodInvocationHelper.invokeMethod(MethodInvocationHelper.java:124)
at org.testng.internal.Invoker.invokeMethod(Invoker.java:583)
at org.testng.internal.Invoker.retryFailed(Invoker.java:839)
at org.testng.internal.Invoker.invokeTestMethods(Invoker.java:1010)
at org.testng.internal.TestMethodWorker.invokeTestMethods(TestMethodWorker.java:125)
at org.testng.internal.TestMethodWorker.run(TestMethodWorker.java:109)
at java.util.concurrent.ThreadPoolExecutor.runWorker(Unknown Source)
at java.util.concurrent.ThreadPoolExecutor$Worker.run(Unknown Source)
at java.lang.Thread.run(Unknown Source)
Caused by: org.openqa.selenium.StaleElementReferenceException: Element not found in the cache - perhaps the page has changed since it was looked up
For documentation on this error, please visit: http://seleniumhq.org/exceptions/stale_element_reference.html
Build info: version: '2.53.0', revision: '35ae25b1534ae328c771e0856c93e187490ca824', time: '2016-03-15 10:43:46'
System info: host: 'Admin-PC', ip: '192.168.3.8', os.name: 'Windows 7', os.arch: 'amd64', os.version: '6.1', java.version: '1.8.0_161'
Driver info: driver.version: unknown
at <anonymous class>.fxdriver.cache.getElementAt(resource://fxdriver/modules/web-element-cache.js:9454)
at <anonymous class>.Utils.getElementAt(file:///C:/Users/Admin/AppData/Local/Temp/anonymous2675941581077095989webdriver-profile/extensions/fxdriver@googlecode.com/components/command-processor.js:9039)
at <anonymous class>.fxdriver.preconditions.visible(file:///C:/Users/Admin/AppData/Local/Temp/anonymous2675941581077095989webdriver-profile/extensions/fxdriver@googlecode.com/components/command-processor.js:10090)
at <anonymous class>.DelayedCommand.prototype.checkPreconditions_(file:///C:/Users/Admin/AppData/Local/Temp/anonymous2675941581077095989webdriver-profile/extensions/fxdriver@googlecode.com/components/command-processor.js:12644)
at <anonymous class>.DelayedCommand.prototype.executeInternal_/h(file:///C:/Users/Admin/AppData/Local/Temp/anonymous2675941581077095989webdriver-profile/extensions/fxdriver@googlecode.com/components/command-processor.js:12661)
at <anonymous class>.fxdriver.Timer.prototype.setTimeout/<.notify(file:///C:/Users/Admin/AppData/Local/Temp/anonymous2675941581077095989webdriver-profile/extensions/fxdriver@googlecode.com/components/command-processor.js:625)
]]>
    </error>
  </testcase> <!-- CheckStateFilterInViewSubTicket -->
  <testcase name="matchColumnHeaders" time="83.569" classname="com.UnoPoint.TestCases.ViewTicketPageTestCaseOfSdRole">
    <skipped/>
  </testcase> <!-- matchColumnHeaders -->
  <testcase name="matchColumnHeaders" time="151.229" classname="com.UnoPoint.TestCases.ViewTicketPageTestCaseOfSdRole">
    <error type="org.openqa.selenium.remote.SessionNotFoundException" message="The FirefoxDriver cannot be used after quit() was called.
Build info: version: &#039;2.53.0&#039;, revision: &#039;35ae25b1534ae328c771e0856c93e187490ca824&#039;, time: &#039;2016-03-15 10:43:46&#039;
System info: host: &#039;Admin-PC&#039;, ip: &#039;192.168.3.8&#039;, os.name: &#039;Windows 7&#039;, os.arch: &#039;amd64&#039;, os.version: &#039;6.1&#039;, java.version: &#039;1.8.0_161&#039;
Driver info: driver.version: EventFiringWebDriver">
      <![CDATA[org.openqa.selenium.remote.SessionNotFoundException: The FirefoxDriver cannot be used after quit() was called.
Build info: version: '2.53.0', revision: '35ae25b1534ae328c771e0856c93e187490ca824', time: '2016-03-15 10:43:46'
System info: host: 'Admin-PC', ip: '192.168.3.8', os.name: 'Windows 7', os.arch: 'amd64', os.version: '6.1', java.version: '1.8.0_161'
Driver info: driver.version: EventFiringWebDriver
at org.openqa.selenium.firefox.FirefoxDriver$LazyCommandExecutor.execute(FirefoxDriver.java:377)
at org.openqa.selenium.remote.RemoteWebDriver.execute(RemoteWebDriver.java:644)
at org.openqa.selenium.remote.RemoteWebDriver.findElement(RemoteWebDriver.java:363)
at org.openqa.selenium.remote.RemoteWebDriver.findElementByLinkText(RemoteWebDriver.java:428)
at org.openqa.selenium.By$ByLinkText.findElement(By.java:246)
at org.openqa.selenium.remote.RemoteWebDriver.findElement(RemoteWebDriver.java:355)
at sun.reflect.GeneratedMethodAccessor8.invoke(Unknown Source)
at sun.reflect.DelegatingMethodAccessorImpl.invoke(Unknown Source)
at java.lang.reflect.Method.invoke(Unknown Source)
at org.openqa.selenium.support.events.EventFiringWebDriver$2.invoke(EventFiringWebDriver.java:103)
at com.sun.proxy.$Proxy14.findElement(Unknown Source)
at org.openqa.selenium.support.events.EventFiringWebDriver.findElement(EventFiringWebDriver.java:188)
at org.openqa.selenium.support.pagefactory.DefaultElementLocator.findElement(DefaultElementLocator.java:69)
at org.openqa.selenium.support.pagefactory.internal.LocatingElementHandler.invoke(LocatingElementHandler.java:38)
at com.sun.proxy.$Proxy16.click(Unknown Source)
at com.UnoPoint.Pages.ViewTicketPageOfSdRole.checkCreateSubTicketAndViewSubTicketForPause(ViewTicketPageOfSdRole.java:19083)
at com.UnoPoint.TestCases.ViewTicketPageTestCaseOfSdRole.matchColumnHeaders(ViewTicketPageTestCaseOfSdRole.java:1836)
at sun.reflect.NativeMethodAccessorImpl.invoke0(Native Method)
at sun.reflect.NativeMethodAccessorImpl.invoke(Unknown Source)
at sun.reflect.DelegatingMethodAccessorImpl.invoke(Unknown Source)
at java.lang.reflect.Method.invoke(Unknown Source)
at org.testng.internal.MethodInvocationHelper.invokeMethod(MethodInvocationHelper.java:124)
at org.testng.internal.Invoker.invokeMethod(Invoker.java:583)
at org.testng.internal.Invoker.retryFailed(Invoker.java:839)
at org.testng.internal.Invoker.invokeTestMethods(Invoker.java:1010)
at org.testng.internal.TestMethodWorker.invokeTestMethods(TestMethodWorker.java:125)
at org.testng.internal.TestMethodWorker.run(TestMethodWorker.java:109)
at java.util.concurrent.ThreadPoolExecutor.runWorker(Unknown Source)
at java.util.concurrent.ThreadPoolExecutor$Worker.run(Unknown Source)
at java.lang.Thread.run(Unknown Source)
]]>
    </error>
  </testcase> <!-- matchColumnHeaders -->
  <testcase name="CheckTheFinalCloseOfSubTicket" time="176.562" classname="com.UnoPoint.TestCases.ViewTicketPageTestCaseOfSdRole">
    <skipped/>
  </testcase> <!-- CheckTheFinalCloseOfSubTicket -->
  <testcase name="CheckTheFinalCloseOfSubTicket" time="167.593" classname="com.UnoPoint.TestCases.ViewTicketPageTestCaseOfSdRole">
    <error type="org.openqa.selenium.NoSuchElementException" message="Unable to locate element: {&quot;method&quot;:&quot;css selector&quot;,&quot;selector&quot;:&quot;div[id=&#039;incidentTypeDetails&#039;]&gt;div&gt;table&gt;tbody&gt;tr:nth-of-type(2)&gt;td&gt;a&quot;}
Command duration or timeout: 40.94 seconds
For documentation on this error, please visit: http://seleniumhq.org/exceptions/no_such_element.html
Build info: version: &#039;2.53.0&#039;, revision: &#039;35ae25b1534ae328c771e0856c93e187490ca824&#039;, time: &#039;2016-03-15 10:43:46&#039;
System info: host: &#039;Admin-PC&#039;, ip: &#039;192.168.3.8&#039;, os.name: &#039;Windows 7&#039;, os.arch: &#039;amd64&#039;, os.version: &#039;6.1&#039;, java.version: &#039;1.8.0_161&#039;
Driver info: org.openqa.selenium.firefox.FirefoxDriver
Capabilities [{applicationCacheEnabled=true, rotatable=false, handlesAlerts=true, databaseEnabled=true, version=45.0.1, platform=WINDOWS, nativeEvents=false, acceptSslCerts=true, webStorageEnabled=true, locationContextEnabled=true, browserName=firefox, takesScreenshot=true, javascriptEnabled=true, cssSelectorsEnabled=true}]
Session ID: 2745004a-0f4b-4a7d-ab27-bfb362af5144
*** Element info: {Using=css selector, value=div[id=&#039;incidentTypeDetails&#039;]&gt;div&gt;table&gt;tbody&gt;tr:nth-of-type(2)&gt;td&gt;a}">
      <![CDATA[org.openqa.selenium.NoSuchElementException: Unable to locate element: {"method":"css selector","selector":"div[id='incidentTypeDetails']>div>table>tbody>tr:nth-of-type(2)>td>a"}
Command duration or timeout: 40.94 seconds
For documentation on this error, please visit: http://seleniumhq.org/exceptions/no_such_element.html
Build info: version: '2.53.0', revision: '35ae25b1534ae328c771e0856c93e187490ca824', time: '2016-03-15 10:43:46'
System info: host: 'Admin-PC', ip: '192.168.3.8', os.name: 'Windows 7', os.arch: 'amd64', os.version: '6.1', java.version: '1.8.0_161'
Driver info: org.openqa.selenium.firefox.FirefoxDriver
Capabilities [{applicationCacheEnabled=true, rotatable=false, handlesAlerts=true, databaseEnabled=true, version=45.0.1, platform=WINDOWS, nativeEvents=false, acceptSslCerts=true, webStorageEnabled=true, locationContextEnabled=true, browserName=firefox, takesScreenshot=true, javascriptEnabled=true, cssSelectorsEnabled=true}]
Session ID: 2745004a-0f4b-4a7d-ab27-bfb362af5144
*** Element info: {Using=css selector, value=div[id='incidentTypeDetails']>div>table>tbody>tr:nth-of-type(2)>td>a}
at sun.reflect.NativeConstructorAccessorImpl.newInstance0(Native Method)
at sun.reflect.NativeConstructorAccessorImpl.newInstance(Unknown Source)
at sun.reflect.DelegatingConstructorAccessorImpl.newInstance(Unknown Source)
at java.lang.reflect.Constructor.newInstance(Unknown Source)
at org.openqa.selenium.remote.ErrorHandler.createThrowable(ErrorHandler.java:206)
at org.openqa.selenium.remote.ErrorHandler.throwIfResponseFailed(ErrorHandler.java:158)
at org.openqa.selenium.remote.RemoteWebDriver.execute(RemoteWebDriver.java:678)
at org.openqa.selenium.remote.RemoteWebDriver.findElement(RemoteWebDriver.java:363)
at org.openqa.selenium.remote.RemoteWebDriver.findElementByCssSelector(RemoteWebDriver.java:492)
at org.openqa.selenium.By$ByCssSelector.findElement(By.java:430)
at org.openqa.selenium.remote.RemoteWebDriver.findElement(RemoteWebDriver.java:355)
at sun.reflect.GeneratedMethodAccessor8.invoke(Unknown Source)
at sun.reflect.DelegatingMethodAccessorImpl.invoke(Unknown Source)
at java.lang.reflect.Method.invoke(Unknown Source)
at org.openqa.selenium.support.events.EventFiringWebDriver$2.invoke(EventFiringWebDriver.java:103)
at com.sun.proxy.$Proxy14.findElement(Unknown Source)
at org.openqa.selenium.support.events.EventFiringWebDriver.findElement(EventFiringWebDriver.java:188)
at org.openqa.selenium.support.pagefactory.DefaultElementLocator.findElement(DefaultElementLocator.java:69)
at org.openqa.selenium.support.pagefactory.internal.LocatingElementHandler.invoke(LocatingElementHandler.java:38)
at com.sun.proxy.$Proxy16.click(Unknown Source)
at com.UnoPoint.Pages.ViewTicketPageOfSdRole.checkTheFinalCloseOfSubTicket(ViewTicketPageOfSdRole.java:19453)
at com.UnoPoint.TestCases.ViewTicketPageTestCaseOfSdRole.CheckTheFinalCloseOfSubTicket(ViewTicketPageTestCaseOfSdRole.java:1850)
at sun.reflect.NativeMethodAccessorImpl.invoke0(Native Method)
at sun.reflect.NativeMethodAccessorImpl.invoke(Unknown Source)
at sun.reflect.DelegatingMethodAccessorImpl.invoke(Unknown Source)
at java.lang.reflect.Method.invoke(Unknown Source)
at org.testng.internal.MethodInvocationHelper.invokeMethod(MethodInvocationHelper.java:124)
at org.testng.internal.Invoker.invokeMethod(Invoker.java:583)
at org.testng.internal.Invoker.retryFailed(Invoker.java:839)
at org.testng.internal.Invoker.invokeTestMethods(Invoker.java:1010)
at org.testng.internal.TestMethodWorker.invokeTestMethods(TestMethodWorker.java:125)
at org.testng.internal.TestMethodWorker.run(TestMethodWorker.java:109)
at java.util.concurrent.ThreadPoolExecutor.runWorker(Unknown Source)
at java.util.concurrent.ThreadPoolExecutor$Worker.run(Unknown Source)
at java.lang.Thread.run(Unknown Source)
Caused by: org.openqa.selenium.NoSuchElementException: Unable to locate element: {"method":"css selector","selector":"div[id='incidentTypeDetails']>div>table>tbody>tr:nth-of-type(2)>td>a"}
For documentation on this error, please visit: http://seleniumhq.org/exceptions/no_such_element.html
Build info: version: '2.53.0', revision: '35ae25b1534ae328c771e0856c93e187490ca824', time: '2016-03-15 10:43:46'
System info: host: 'Admin-PC', ip: '192.168.3.8', os.name: 'Windows 7', os.arch: 'amd64', os.version: '6.1', java.version: '1.8.0_161'
Driver info: driver.version: unknown
at <anonymous class>.FirefoxDriver.prototype.findElementInternal_(file:///C:/Users/Admin/AppData/Local/Temp/anonymous8144869030278881045webdriver-profile/extensions/fxdriver@googlecode.com/components/driver-component.js:10770)
at <anonymous class>.fxdriver.Timer.prototype.setTimeout/<.notify(file:///C:/Users/Admin/AppData/Local/Temp/anonymous8144869030278881045webdriver-profile/extensions/fxdriver@googlecode.com/components/driver-component.js:625)
]]>
    </error>
  </testcase> <!-- CheckTheFinalCloseOfSubTicket -->
  <testcase name="TechnicianClose" time="82.025" classname="com.UnoPoint.TestCases.ViewTicketPageTestCaseOfSdRole">
    <skipped/>
  </testcase> <!-- TechnicianClose -->
  <testcase name="punchTheATA" time="2.347" classname="com.UnoPoint.TestCases.ViewTicketPageTestCaseOfSdRole">
    <skipped/>
  </testcase> <!-- punchTheATA -->
  <testcase name="punchTheETA" time="5.000" classname="com.UnoPoint.TestCases.ViewTicketPageTestCaseOfSdRole">
    <skipped/>
  </testcase> <!-- punchTheETA -->
  <testcase name="TechnicianClose" time="37.849" classname="com.UnoPoint.TestCases.ViewTicketPageTestCaseOfSdRole">
    <error type="org.openqa.selenium.WebDriverException" message="arguments[0] is undefined
Command duration or timeout: 1.49 seconds
Build info: version: &#039;2.53.0&#039;, revision: &#039;35ae25b1534ae328c771e0856c93e187490ca824&#039;, time: &#039;2016-03-15 10:43:46&#039;
System info: host: &#039;Admin-PC&#039;, ip: &#039;192.168.3.8&#039;, os.name: &#039;Windows 7&#039;, os.arch: &#039;amd64&#039;, os.version: &#039;6.1&#039;, java.version: &#039;1.8.0_161&#039;
Driver info: org.openqa.selenium.firefox.FirefoxDriver
Capabilities [{applicationCacheEnabled=true, rotatable=false, handlesAlerts=true, databaseEnabled=true, version=45.0.1, platform=WINDOWS, nativeEvents=false, acceptSslCerts=true, webStorageEnabled=true, locationContextEnabled=true, browserName=firefox, takesScreenshot=true, javascriptEnabled=true, cssSelectorsEnabled=true}]
Session ID: d5ee10e6-71a5-4857-a9b0-e0e7f6f434a5">
      <![CDATA[org.openqa.selenium.WebDriverException: arguments[0] is undefined
Command duration or timeout: 1.49 seconds
Build info: version: '2.53.0', revision: '35ae25b1534ae328c771e0856c93e187490ca824', time: '2016-03-15 10:43:46'
System info: host: 'Admin-PC', ip: '192.168.3.8', os.name: 'Windows 7', os.arch: 'amd64', os.version: '6.1', java.version: '1.8.0_161'
Driver info: org.openqa.selenium.firefox.FirefoxDriver
Capabilities [{applicationCacheEnabled=true, rotatable=false, handlesAlerts=true, databaseEnabled=true, version=45.0.1, platform=WINDOWS, nativeEvents=false, acceptSslCerts=true, webStorageEnabled=true, locationContextEnabled=true, browserName=firefox, takesScreenshot=true, javascriptEnabled=true, cssSelectorsEnabled=true}]
Session ID: d5ee10e6-71a5-4857-a9b0-e0e7f6f434a5
at sun.reflect.NativeConstructorAccessorImpl.newInstance0(Native Method)
at sun.reflect.NativeConstructorAccessorImpl.newInstance(Unknown Source)
at sun.reflect.DelegatingConstructorAccessorImpl.newInstance(Unknown Source)
at java.lang.reflect.Constructor.newInstance(Unknown Source)
at org.openqa.selenium.remote.ErrorHandler.createThrowable(ErrorHandler.java:206)
at org.openqa.selenium.remote.ErrorHandler.throwIfResponseFailed(ErrorHandler.java:158)
at org.openqa.selenium.remote.RemoteWebDriver.execute(RemoteWebDriver.java:678)
at org.openqa.selenium.remote.RemoteWebDriver.executeScript(RemoteWebDriver.java:577)
at sun.reflect.GeneratedMethodAccessor12.invoke(Unknown Source)
at sun.reflect.DelegatingMethodAccessorImpl.invoke(Unknown Source)
at java.lang.reflect.Method.invoke(Unknown Source)
at org.openqa.selenium.support.events.EventFiringWebDriver$2.invoke(EventFiringWebDriver.java:103)
at com.sun.proxy.$Proxy14.executeScript(Unknown Source)
at org.openqa.selenium.support.events.EventFiringWebDriver.executeScript(EventFiringWebDriver.java:217)
at com.UnoPoint.Pages.ViewTicketPageOfSdRole.technicianClose(ViewTicketPageOfSdRole.java:20445)
at com.UnoPoint.TestCases.ViewTicketPageTestCaseOfSdRole.TechnicianClose(ViewTicketPageTestCaseOfSdRole.java:1894)
at sun.reflect.NativeMethodAccessorImpl.invoke0(Native Method)
at sun.reflect.NativeMethodAccessorImpl.invoke(Unknown Source)
at sun.reflect.DelegatingMethodAccessorImpl.invoke(Unknown Source)
at java.lang.reflect.Method.invoke(Unknown Source)
at org.testng.internal.MethodInvocationHelper.invokeMethod(MethodInvocationHelper.java:124)
at org.testng.internal.Invoker.invokeMethod(Invoker.java:583)
at org.testng.internal.Invoker.retryFailed(Invoker.java:839)
at org.testng.internal.Invoker.invokeTestMethods(Invoker.java:1010)
at org.testng.internal.TestMethodWorker.invokeTestMethods(TestMethodWorker.java:125)
at org.testng.internal.TestMethodWorker.run(TestMethodWorker.java:109)
at java.util.concurrent.ThreadPoolExecutor.runWorker(Unknown Source)
at java.util.concurrent.ThreadPoolExecutor$Worker.run(Unknown Source)
at java.lang.Thread.run(Unknown Source)
Caused by: org.openqa.selenium.WebDriverException: arguments[0] is undefined
Build info: version: '2.53.0', revision: '35ae25b1534ae328c771e0856c93e187490ca824', time: '2016-03-15 10:43:46'
System info: host: 'Admin-PC', ip: '192.168.3.8', os.name: 'Windows 7', os.arch: 'amd64', os.version: '6.1', java.version: '1.8.0_161'
Driver info: driver.version: unknown
at <anonymous class>.anonymous(https://demo.intelli.uno/erprmwise/Login.do?randomid=0.31837008546581336 line 69 > Function:1)
at <anonymous class>.handleEvaluateEvent(https://demo.intelli.uno/erprmwise/Login.do?randomid=0.31837008546581336:69)
]]>
    </error>
  </testcase> <!-- TechnicianClose -->
  <testcase name="Ticket" time="2.279" classname="com.UnoPoint.TestCases.ViewTicketPageTestCaseOfSdRole">
    <skipped/>
  </testcase> <!-- Ticket -->
  <testcase name="Ticket" time="2.424" classname="com.UnoPoint.TestCases.ViewTicketPageTestCaseOfSdRole">
    <skipped/>
  </testcase> <!-- Ticket -->
  <testcase name="Ticket" time="2.392" classname="com.UnoPoint.TestCases.ViewTicketPageTestCaseOfSdRole">
    <skipped/>
  </testcase> <!-- Ticket -->
  <testcase name="Ticket1" time="2.358" classname="com.UnoPoint.TestCases.ViewTicketPageTestCaseOfSdRole">
    <skipped/>
  </testcase> <!-- Ticket1 -->
  <testcase name="Ticket" time="2.326" classname="com.UnoPoint.TestCases.ViewTicketPageTestCaseOfSdRole">
    <skipped/>
  </testcase> <!-- Ticket -->
  <testcase name="Ticket1" time="2.349" classname="com.UnoPoint.TestCases.ViewTicketPageTestCaseOfSdRole">
    <skipped/>
  </testcase> <!-- Ticket1 -->
  <testcase name="Ticket" time="2.305" classname="com.UnoPoint.TestCases.ViewTicketPageTestCaseOfSdRole">
    <skipped/>
  </testcase> <!-- Ticket -->
  <testcase name="Ticket1" time="2.380" classname="com.UnoPoint.TestCases.ViewTicketPageTestCaseOfSdRole">
    <skipped/>
  </testcase> <!-- Ticket1 -->
  <testcase name="Ticket" time="2.372" classname="com.UnoPoint.TestCases.ViewTicketPageTestCaseOfSdRole">
    <skipped/>
  </testcase> <!-- Ticket -->
  <testcase name="Ticket" time="3.125" classname="com.UnoPoint.TestCases.ViewTicketPageTestCaseOfSdRole">
    <skipped/>
  </testcase> <!-- Ticket -->
  <testcase name="Ticket1" time="10.032" classname="com.UnoPoint.TestCases.ViewTicketPageTestCaseOfSdRole">
    <skipped/>
  </testcase> <!-- Ticket1 -->
  <testcase name="Ticket1" time="2.414" classname="com.UnoPoint.TestCases.ViewTicketPageTestCaseOfSdRole">
    <skipped/>
  </testcase> <!-- Ticket1 -->
  <testcase name="Ticket1" time="2.402" classname="com.UnoPoint.TestCases.ViewTicketPageTestCaseOfSdRole">
    <skipped/>
  </testcase> <!-- Ticket1 -->
  <testcase name="Ticket1" time="2.268" classname="com.UnoPoint.TestCases.ViewTicketPageTestCaseOfSdRole">
    <skipped/>
  </testcase> <!-- Ticket1 -->
  <testcase name="Ticket" time="2.502" classname="com.UnoPoint.TestCases.ViewTicketPageTestCaseOfSdRole">
    <skipped/>
  </testcase> <!-- Ticket -->
  <testcase name="Ticket" time="2.418" classname="com.UnoPoint.TestCases.ViewTicketPageTestCaseOfSdRole">
    <skipped/>
  </testcase> <!-- Ticket -->
  <testcase name="Ticket1" time="0.000" classname="com.UnoPoint.TestCases.ViewTicketPageTestCaseOfSdRole">
    <skipped/>
  </testcase> <!-- Ticket1 -->
  <testcase name="Ticket" time="0.000" classname="com.UnoPoint.TestCases.ViewTicketPageTestCaseOfSdRole">
    <skipped/>
  </testcase> <!-- Ticket -->
  <testcase name="Ticket1" time="0.000" classname="com.UnoPoint.TestCases.ViewTicketPageTestCaseOfSdRole">
    <skipped/>
  </testcase> <!-- Ticket1 -->
  <testcase name="Ticket1" time="0.000" classname="com.UnoPoint.TestCases.ViewTicketPageTestCaseOfSdRole">
    <skipped/>
  </testcase> <!-- Ticket1 -->
  <testcase name="MatchETADateTime" classname="com.UnoPoint.TestCases.ViewTicketPageTestCaseOfSdRole">
    <skipped/>
  </testcase> <!-- MatchETADateTime -->
  <testcase name="CheckETAAndSLA" classname="com.UnoPoint.TestCases.ViewTicketPageTestCaseOfSdRole">
    <skipped/>
  </testcase> <!-- CheckETAAndSLA -->
  <testcase name="CheckRemarkInRemarkTab" classname="com.UnoPoint.TestCases.ViewTicketPageTestCaseOfSdRole">
    <skipped/>
  </testcase> <!-- CheckRemarkInRemarkTab -->
  <testcase name="SetWithInverorySettingInSuperRole" classname="com.UnoPoint.TestCases.ViewTicketPageTestCaseOfSdRole">
    <skipped/>
  </testcase> <!-- SetWithInverorySettingInSuperRole -->
  <testcase name="PauseTheTicketAutomatically" classname="com.UnoPoint.TestCases.ViewTicketPageTestCaseOfSdRole">
    <skipped/>
  </testcase> <!-- PauseTheTicketAutomatically -->
  <testcase name="CheckOkButtonOfPopUp" classname="com.UnoPoint.TestCases.ViewTicketPageTestCaseOfSdRole">
    <skipped/>
  </testcase> <!-- CheckOkButtonOfPopUp -->
  <testcase name="MatchTechnicianCloseMessageWithComponent" classname="com.UnoPoint.TestCases.ViewTicketPageTestCaseOfSdRole">
    <skipped/>
  </testcase> <!-- MatchTechnicianCloseMessageWithComponent -->
  <testcase name="CheckAlertMessage" classname="com.UnoPoint.TestCases.ViewTicketPageTestCaseOfSdRole">
    <skipped/>
  </testcase> <!-- CheckAlertMessage -->
  <testcase name="CheckResendSMSButton" classname="com.UnoPoint.TestCases.ViewTicketPageTestCaseOfSdRole">
    <skipped/>
  </testcase> <!-- CheckResendSMSButton -->
</testsuite> <!-- com.UnoPoint.TestCases.ViewTicketPageTestCaseOfSdRole -->
