<?xml version="1.0" encoding="UTF-8"?>
<!-- Generated by org.testng.reporters.JUnitReportReporter -->
<testsuite skipped="2" hostname="Admin-PC" name="testCases.TicketFromTestCasesOfViewTicketPage" tests="117" failures="8" timestamp="10 Sep 2018 11:16:04 GMT" time="1272.010" errors="0">
  <testcase name="VerifyRequestorOrIncidentTab" time="9.910" classname="testCases.TicketFromTestCasesOfViewTicketPage"/>
  <testcase name="Ticket" time="56.404" classname="testCases.TicketFromTestCasesOfViewTicketPage"/>
  <testcase name="CompareIdOfRequesterOrIncidentTab" time="1.248" classname="testCases.TicketFromTestCasesOfViewTicketPage"/>
  <testcase name="DisplayTicketDetailsPopup" time="1.621" classname="testCases.TicketFromTestCasesOfViewTicketPage"/>
  <testcase name="CheckUpdatedTicketDetails" time="11.244" classname="testCases.TicketFromTestCasesOfViewTicketPage"/>
  <testcase name="CheckIncidentHistoryOfCustomerPage" time="3.322" classname="testCases.TicketFromTestCasesOfViewTicketPage"/>
  <testcase name="checkIncidentHistoryOfAssetIdPage" time="5.028" classname="testCases.TicketFromTestCasesOfViewTicketPage"/>
  <testcase name="CheckSerialNoHyperlinkInRequesterTab" time="5.224" classname="testCases.TicketFromTestCasesOfViewTicketPage"/>
  <testcase name="DisplayPopupForEnterAddress" time="1.164" classname="testCases.TicketFromTestCasesOfViewTicketPage"/>
  <testcase name="OverrideCustomerAddress" time="5.390" classname="testCases.TicketFromTestCasesOfViewTicketPage"/>
  <testcase name="CheckNotificationWithoutFileType" time="2.340" classname="testCases.TicketFromTestCasesOfViewTicketPage"/>
  <testcase name="CheckNotificationWithoutFile" time="3.664" classname="testCases.TicketFromTestCasesOfViewTicketPage"/>
  <testcase name="CheckNotificationAfterUploadFile" time="17.072" classname="testCases.TicketFromTestCasesOfViewTicketPage"/>
  <testcase name="VerifyListOfFilePage" time="0.664" classname="testCases.TicketFromTestCasesOfViewTicketPage"/>
  <testcase name="VerifyTSDAssignDetailsPopup" time="1.051" classname="testCases.TicketFromTestCasesOfViewTicketPage"/>
  <testcase name="VerifyTSDTextBox" time="0.091" classname="testCases.TicketFromTestCasesOfViewTicketPage"/>
  <testcase name="MatchTechnician" time="4.035" classname="testCases.TicketFromTestCasesOfViewTicketPage"/>
  <testcase name="CheckStatusField" time="0.050" classname="testCases.TicketFromTestCasesOfViewTicketPage"/>
  <testcase name="CheckUpdateDetailButton" time="37.829" classname="testCases.TicketFromTestCasesOfViewTicketPage"/>
  <testcase name="CheckCancelButton" time="3.605" classname="testCases.TicketFromTestCasesOfViewTicketPage"/>
  <testcase name="displayTechnicianAssignAndETADetailsPopup" time="146.925" classname="testCases.TicketFromTestCasesOfViewTicketPage">
    <failure type="java.lang.AssertionError" message="The following asserts failed:
	 Ticket is not Available expected [true] but found [false]">
      <![CDATA[java.lang.AssertionError: The following asserts failed:
 Ticket is not Available expected [true] but found [false]
at org.testng.asserts.SoftAssert.assertAll(SoftAssert.java:43)
at pages.TicketFromOfViewTicketPage.displayTechnicianAssignAndETADetailsPopup(TicketFromOfViewTicketPage.java:2784)
at testCases.TicketFromTestCasesOfViewTicketPage.displayTechnicianAssignAndETADetailsPopup(TicketFromTestCasesOfViewTicketPage.java:288)
at sun.reflect.NativeMethodAccessorImpl.invoke0(Native Method)
at sun.reflect.NativeMethodAccessorImpl.invoke(Unknown Source)
at sun.reflect.DelegatingMethodAccessorImpl.invoke(Unknown Source)
at java.lang.reflect.Method.invoke(Unknown Source)
at org.testng.internal.MethodInvocationHelper.invokeMethod(MethodInvocationHelper.java:124)
at org.testng.internal.Invoker.invokeMethod(Invoker.java:583)
at org.testng.internal.Invoker.invokeTestMethod(Invoker.java:719)
at org.testng.internal.Invoker.invokeTestMethods(Invoker.java:989)
at org.testng.internal.TestMethodWorker.invokeTestMethods(TestMethodWorker.java:125)
at org.testng.internal.TestMethodWorker.run(TestMethodWorker.java:109)
at org.testng.TestRunner.privateRun(TestRunner.java:648)
at org.testng.TestRunner.run(TestRunner.java:505)
at org.testng.SuiteRunner.runTest(SuiteRunner.java:455)
at org.testng.SuiteRunner.runSequentially(SuiteRunner.java:450)
at org.testng.SuiteRunner.privateRun(SuiteRunner.java:415)
at org.testng.SuiteRunner.run(SuiteRunner.java:364)
at org.testng.SuiteRunnerWorker.runSuite(SuiteRunnerWorker.java:52)
at org.testng.SuiteRunnerWorker.run(SuiteRunnerWorker.java:84)
at org.testng.TestNG.runSuitesSequentially(TestNG.java:1208)
at org.testng.TestNG.runSuitesLocally(TestNG.java:1137)
at org.testng.TestNG.runSuites(TestNG.java:1049)
at org.testng.TestNG.run(TestNG.java:1017)
at org.testng.remote.AbstractRemoteTestNG.run(AbstractRemoteTestNG.java:114)
at org.testng.remote.RemoteTestNG.initAndRun(RemoteTestNG.java:251)
at org.testng.remote.RemoteTestNG.main(RemoteTestNG.java:77)
]]>
    </failure>
  </testcase> <!-- displayTechnicianAssignAndETADetailsPopup -->
  <testcase name="CheckWithBlankTechnician" time="1.152" classname="testCases.TicketFromTestCasesOfViewTicketPage"/>
  <testcase name="CheckTechnicianAutoSuggest" time="2.163" classname="testCases.TicketFromTestCasesOfViewTicketPage"/>
  <testcase name="DisplayListOfYourTechniciansWindow" time="1.299" classname="testCases.TicketFromTestCasesOfViewTicketPage"/>
  <testcase name="MatchTechnicianName" time="12.522" classname="testCases.TicketFromTestCasesOfViewTicketPage"/>
  <testcase name="CheckAlertMessage" time="5.950" classname="testCases.TicketFromTestCasesOfViewTicketPage"/>
  <testcase name="CheckETADateField" time="11.003" classname="testCases.TicketFromTestCasesOfViewTicketPage"/>
  <testcase name="CheckETATime" time="5.391" classname="testCases.TicketFromTestCasesOfViewTicketPage"/>
  <testcase name="MatchETADateTime" time="15.045" classname="testCases.TicketFromTestCasesOfViewTicketPage"/>
  <testcase name="checkAppointmentDateAndTime" time="16.099" classname="testCases.TicketFromTestCasesOfViewTicketPage"/>
  <testcase name="CheckCancelButtonFunctionality" time="12.390" classname="testCases.TicketFromTestCasesOfViewTicketPage"/>
  <testcase name="CheckResendSMSButton" time="3.438" classname="testCases.TicketFromTestCasesOfViewTicketPage"/>
  <testcase name="DisplayNotificationWithoutETAinATATab" time="138.360" classname="testCases.TicketFromTestCasesOfViewTicketPage"/>
  <testcase name="CheckATADateAndTimeWithIncidentDateAndTime" time="20.586" classname="testCases.TicketFromTestCasesOfViewTicketPage"/>
  <testcase name="CheckATADateAndTimeWithETADateAndTime" time="11.684" classname="testCases.TicketFromTestCasesOfViewTicketPage"/>
  <testcase name="DisplayAlertWithoutSelectMachineAvailable" time="3.447" classname="testCases.TicketFromTestCasesOfViewTicketPage"/>
  <testcase name="MatchUpdatedDetailesOfATA" time="12.082" classname="testCases.TicketFromTestCasesOfViewTicketPage"/>
  <testcase name="PauseTheTicketAutomatically" time="8.382" classname="testCases.TicketFromTestCasesOfViewTicketPage">
    <failure type="java.lang.AssertionError" message="The following asserts failed:
	Selected Tab is not Same expected [Pause] but found [ATA]">
      <![CDATA[java.lang.AssertionError: The following asserts failed:
Selected Tab is not Same expected [Pause] but found [ATA]
at org.testng.asserts.SoftAssert.assertAll(SoftAssert.java:43)
at pages.TicketFromOfViewTicketPage.pauseTheTicketAutomatically(TicketFromOfViewTicketPage.java:4889)
at testCases.TicketFromTestCasesOfViewTicketPage.PauseTheTicketAutomatically(TicketFromTestCasesOfViewTicketPage.java:484)
at sun.reflect.NativeMethodAccessorImpl.invoke0(Native Method)
at sun.reflect.NativeMethodAccessorImpl.invoke(Unknown Source)
at sun.reflect.DelegatingMethodAccessorImpl.invoke(Unknown Source)
at java.lang.reflect.Method.invoke(Unknown Source)
at org.testng.internal.MethodInvocationHelper.invokeMethod(MethodInvocationHelper.java:124)
at org.testng.internal.Invoker.invokeMethod(Invoker.java:583)
at org.testng.internal.Invoker.invokeTestMethod(Invoker.java:719)
at org.testng.internal.Invoker.invokeTestMethods(Invoker.java:989)
at org.testng.internal.TestMethodWorker.invokeTestMethods(TestMethodWorker.java:125)
at org.testng.internal.TestMethodWorker.run(TestMethodWorker.java:109)
at org.testng.TestRunner.privateRun(TestRunner.java:648)
at org.testng.TestRunner.run(TestRunner.java:505)
at org.testng.SuiteRunner.runTest(SuiteRunner.java:455)
at org.testng.SuiteRunner.runSequentially(SuiteRunner.java:450)
at org.testng.SuiteRunner.privateRun(SuiteRunner.java:415)
at org.testng.SuiteRunner.run(SuiteRunner.java:364)
at org.testng.SuiteRunnerWorker.runSuite(SuiteRunnerWorker.java:52)
at org.testng.SuiteRunnerWorker.run(SuiteRunnerWorker.java:84)
at org.testng.TestNG.runSuitesSequentially(TestNG.java:1208)
at org.testng.TestNG.runSuitesLocally(TestNG.java:1137)
at org.testng.TestNG.runSuites(TestNG.java:1049)
at org.testng.TestNG.run(TestNG.java:1017)
at org.testng.remote.AbstractRemoteTestNG.run(AbstractRemoteTestNG.java:114)
at org.testng.remote.RemoteTestNG.initAndRun(RemoteTestNG.java:251)
at org.testng.remote.RemoteTestNG.main(RemoteTestNG.java:77)
]]>
    </failure>
  </testcase> <!-- PauseTheTicketAutomatically -->
  <testcase name="OpenPauseDetailsPage" time="0.791" classname="testCases.TicketFromTestCasesOfViewTicketPage"/>
  <testcase name="CheckAutoResumeDateField" time="0.089" classname="testCases.TicketFromTestCasesOfViewTicketPage"/>
  <testcase name="DisplayListOfPauseReasonsPopup" time="0.495" classname="testCases.TicketFromTestCasesOfViewTicketPage"/>
  <testcase name="MatchResumeDateAndTimeAndPauseReason" time="13.427" classname="testCases.TicketFromTestCasesOfViewTicketPage"/>
  <testcase name="DisplayNotificationWhenTicketPause" time="1.382" classname="testCases.TicketFromTestCasesOfViewTicketPage"/>
  <testcase name="DisplayTotalPauseTimeWhenTicketOpen" time="51.374" classname="testCases.TicketFromTestCasesOfViewTicketPage"/>
  <testcase name="CountTotalPauseTimeInPauseTab" time="0.103" classname="testCases.TicketFromTestCasesOfViewTicketPage"/>
  <testcase name="displayNotificationWithoutPunchingETAAndATAInPauseTab" time="12.334" classname="testCases.TicketFromTestCasesOfViewTicketPage"/>
  <testcase name="CheckUpdateButtonWithEnteringData" time="44.871" classname="testCases.TicketFromTestCasesOfViewTicketPage"/>
  <testcase name="CheckSpareTabWithYesSelect" time="1.229" classname="testCases.TicketFromTestCasesOfViewTicketPage"/>
  <testcase name="checkListOfAvailableSparesWindow" time="0.644" classname="testCases.TicketFromTestCasesOfViewTicketPage"/>
  <testcase name="MatchPartname" time="1.386" classname="testCases.TicketFromTestCasesOfViewTicketPage"/>
  <testcase name="SelectNonConsumableProduct" time="0.158" classname="testCases.TicketFromTestCasesOfViewTicketPage"/>
  <testcase name="CheckTransactionType" time="9.009" classname="testCases.TicketFromTestCasesOfViewTicketPage"/>
  <testcase name="checkReplaceSpareWithTab" time="4.397" classname="testCases.TicketFromTestCasesOfViewTicketPage"/>
  <testcase name="MatchNotificationOfWithoutPartCode" time="1.138" classname="testCases.TicketFromTestCasesOfViewTicketPage"/>
  <testcase name="CheckPartCodeField" time="1.713" classname="testCases.TicketFromTestCasesOfViewTicketPage"/>
  <testcase name="MatchNotificationOfWithoutStatus" time="1.118" classname="testCases.TicketFromTestCasesOfViewTicketPage"/>
  <testcase name="CheckWithoutEnteringSerialNumber" time="18.841" classname="testCases.TicketFromTestCasesOfViewTicketPage"/>
  <testcase name="CheckWithFaultySpare" time="1.295" classname="testCases.TicketFromTestCasesOfViewTicketPage"/>
  <testcase name="MatchTechnicianCloseMessageDevice" time="3.855" classname="testCases.TicketFromTestCasesOfViewTicketPage"/>
  <testcase name="OpenSpareDetailsPage" time="1.868" classname="testCases.TicketFromTestCasesOfViewTicketPage"/>
  <testcase name="CheckNotificationWithoutSelectionInSpareDetailsPage" time="2.113" classname="testCases.TicketFromTestCasesOfViewTicketPage"/>
  <testcase name="CheckNotificationWithSelectionInSpareTab" time="11.215" classname="testCases.TicketFromTestCasesOfViewTicketPage"/>
  <testcase name="CheckPopupOfUpdateSymbolInSpareTab" time="0.998" classname="testCases.TicketFromTestCasesOfViewTicketPage"/>
  <testcase name="CheckUpdatedSpareRemarkInSpareTab" time="2.979" classname="testCases.TicketFromTestCasesOfViewTicketPage"/>
  <testcase name="CheckRemoveDetailsInRequiredSpareTab" time="4.520" classname="testCases.TicketFromTestCasesOfViewTicketPage"/>
  <testcase name="MatchNotificationAfterSelectInTransitSpare" time="26.055" classname="testCases.TicketFromTestCasesOfViewTicketPage"/>
  <testcase name="CheckAlertPopup" time="41.491" classname="testCases.TicketFromTestCasesOfViewTicketPage"/>
  <testcase name="CheckAlertPopupWithoutData" time="4.060" classname="testCases.TicketFromTestCasesOfViewTicketPage"/>
  <testcase name="CheckRemarkInRemarkTab" time="13.277" classname="testCases.TicketFromTestCasesOfViewTicketPage"/>
  <testcase name="CheckAlertPopupAfterCancel" time="4.886" classname="testCases.TicketFromTestCasesOfViewTicketPage"/>
  <testcase name="MatchAddActivityPopUp" time="0.556" classname="testCases.TicketFromTestCasesOfViewTicketPage"/>
  <testcase name="CheckWithBlankDate" time="1.394" classname="testCases.TicketFromTestCasesOfViewTicketPage"/>
  <testcase name="CheckWithoutSelectingActivityStatus" time="4.610" classname="testCases.TicketFromTestCasesOfViewTicketPage"/>
  <testcase name="CheckWithoutSelectingActivityDetails" time="6.960" classname="testCases.TicketFromTestCasesOfViewTicketPage"/>
  <testcase name="MatchDateAndTime" time="1.233" classname="testCases.TicketFromTestCasesOfViewTicketPage"/>
  <testcase name="CheckHeadingOfVCTTab" time="0.226" classname="testCases.TicketFromTestCasesOfViewTicketPage"/>
  <testcase name="checkHeadingOfVendorCommercialPODetailsPopup" time="0.707" classname="testCases.TicketFromTestCasesOfViewTicketPage"/>
  <testcase name="CheckNotificationWithoutVendor" time="0.891" classname="testCases.TicketFromTestCasesOfViewTicketPage"/>
  <testcase name="CheckAmountInVendorCommercialPODetailsPopup" time="0.271" classname="testCases.TicketFromTestCasesOfViewTicketPage"/>
  <testcase name="CreatePOInVCTTab" time="6.219" classname="testCases.TicketFromTestCasesOfViewTicketPage"/>
  <testcase name="checkTotalAmountInPOTab" time="0.100" classname="testCases.TicketFromTestCasesOfViewTicketPage"/>
  <testcase name="checkEditlinkInPOTab" time="0.955" classname="testCases.TicketFromTestCasesOfViewTicketPage"/>
  <testcase name="CheckUpdatedDetailsInVCTTab" time="3.976" classname="testCases.TicketFromTestCasesOfViewTicketPage"/>
  <testcase name="checkPrintPOlinkInPOTab" time="1.374" classname="testCases.TicketFromTestCasesOfViewTicketPage"/>
  <testcase name="CheckSendMailLinkInPOTab" time="22.504" classname="testCases.TicketFromTestCasesOfViewTicketPage">
    <failure type="java.lang.AssertionError" message="The following asserts failed:
	Table of Sent Mails is not present expected [true] but found [false]">
      <![CDATA[java.lang.AssertionError: The following asserts failed:
Table of Sent Mails is not present expected [true] but found [false]
at org.testng.asserts.SoftAssert.assertAll(SoftAssert.java:43)
at pages.TicketFromOfViewTicketPage.checkSendMailLinkInPOTab(TicketFromOfViewTicketPage.java:7542)
at testCases.TicketFromTestCasesOfViewTicketPage.CheckSendMailLinkInPOTab(TicketFromTestCasesOfViewTicketPage.java:962)
at sun.reflect.NativeMethodAccessorImpl.invoke0(Native Method)
at sun.reflect.NativeMethodAccessorImpl.invoke(Unknown Source)
at sun.reflect.DelegatingMethodAccessorImpl.invoke(Unknown Source)
at java.lang.reflect.Method.invoke(Unknown Source)
at org.testng.internal.MethodInvocationHelper.invokeMethod(MethodInvocationHelper.java:124)
at org.testng.internal.Invoker.invokeMethod(Invoker.java:583)
at org.testng.internal.Invoker.invokeTestMethod(Invoker.java:719)
at org.testng.internal.Invoker.invokeTestMethods(Invoker.java:989)
at org.testng.internal.TestMethodWorker.invokeTestMethods(TestMethodWorker.java:125)
at org.testng.internal.TestMethodWorker.run(TestMethodWorker.java:109)
at org.testng.TestRunner.privateRun(TestRunner.java:648)
at org.testng.TestRunner.run(TestRunner.java:505)
at org.testng.SuiteRunner.runTest(SuiteRunner.java:455)
at org.testng.SuiteRunner.runSequentially(SuiteRunner.java:450)
at org.testng.SuiteRunner.privateRun(SuiteRunner.java:415)
at org.testng.SuiteRunner.run(SuiteRunner.java:364)
at org.testng.SuiteRunnerWorker.runSuite(SuiteRunnerWorker.java:52)
at org.testng.SuiteRunnerWorker.run(SuiteRunnerWorker.java:84)
at org.testng.TestNG.runSuitesSequentially(TestNG.java:1208)
at org.testng.TestNG.runSuitesLocally(TestNG.java:1137)
at org.testng.TestNG.runSuites(TestNG.java:1049)
at org.testng.TestNG.run(TestNG.java:1017)
at org.testng.remote.AbstractRemoteTestNG.run(AbstractRemoteTestNG.java:114)
at org.testng.remote.RemoteTestNG.initAndRun(RemoteTestNG.java:251)
at org.testng.remote.RemoteTestNG.main(RemoteTestNG.java:77)
]]>
    </failure>
  </testcase> <!-- CheckSendMailLinkInPOTab -->
  <testcase name="checkVendorCommercialPaymentDetailsPopUp" time="0.684" classname="testCases.TicketFromTestCasesOfViewTicketPage"/>
  <testcase name="checkSubmitButtonWithBlankDate" time="1.658" classname="testCases.TicketFromTestCasesOfViewTicketPage"/>
  <testcase name="CheckSubmitButtonWithoutSelectingStatus" time="1.922" classname="testCases.TicketFromTestCasesOfViewTicketPage"/>
  <testcase name="CheckSubmitButtonWithAllFieldFill" time="4.366" classname="testCases.TicketFromTestCasesOfViewTicketPage"/>
  <testcase name="CheckUpdateDetailFunctionality" time="13.512" classname="testCases.TicketFromTestCasesOfViewTicketPage">
    <failure type="java.lang.AssertionError" message="The following asserts failed:
	 Status of Payment is not same in VCT Tab. expected [Quote] but found []">
      <![CDATA[java.lang.AssertionError: The following asserts failed:
 Status of Payment is not same in VCT Tab. expected [Quote] but found []
at org.testng.asserts.SoftAssert.assertAll(SoftAssert.java:43)
at pages.TicketFromOfViewTicketPage.checkUpdateDetailFunctionality(TicketFromOfViewTicketPage.java:7786)
at testCases.TicketFromTestCasesOfViewTicketPage.CheckUpdateDetailFunctionality(TicketFromTestCasesOfViewTicketPage.java:1010)
at sun.reflect.NativeMethodAccessorImpl.invoke0(Native Method)
at sun.reflect.NativeMethodAccessorImpl.invoke(Unknown Source)
at sun.reflect.DelegatingMethodAccessorImpl.invoke(Unknown Source)
at java.lang.reflect.Method.invoke(Unknown Source)
at org.testng.internal.MethodInvocationHelper.invokeMethod(MethodInvocationHelper.java:124)
at org.testng.internal.Invoker.invokeMethod(Invoker.java:583)
at org.testng.internal.Invoker.invokeTestMethod(Invoker.java:719)
at org.testng.internal.Invoker.invokeTestMethods(Invoker.java:989)
at org.testng.internal.TestMethodWorker.invokeTestMethods(TestMethodWorker.java:125)
at org.testng.internal.TestMethodWorker.run(TestMethodWorker.java:109)
at org.testng.TestRunner.privateRun(TestRunner.java:648)
at org.testng.TestRunner.run(TestRunner.java:505)
at org.testng.SuiteRunner.runTest(SuiteRunner.java:455)
at org.testng.SuiteRunner.runSequentially(SuiteRunner.java:450)
at org.testng.SuiteRunner.privateRun(SuiteRunner.java:415)
at org.testng.SuiteRunner.run(SuiteRunner.java:364)
at org.testng.SuiteRunnerWorker.runSuite(SuiteRunnerWorker.java:52)
at org.testng.SuiteRunnerWorker.run(SuiteRunnerWorker.java:84)
at org.testng.TestNG.runSuitesSequentially(TestNG.java:1208)
at org.testng.TestNG.runSuitesLocally(TestNG.java:1137)
at org.testng.TestNG.runSuites(TestNG.java:1049)
at org.testng.TestNG.run(TestNG.java:1017)
at org.testng.remote.AbstractRemoteTestNG.run(AbstractRemoteTestNG.java:114)
at org.testng.remote.RemoteTestNG.initAndRun(RemoteTestNG.java:251)
at org.testng.remote.RemoteTestNG.main(RemoteTestNG.java:77)
]]>
    </failure>
  </testcase> <!-- CheckUpdateDetailFunctionality -->
  <testcase name="CheckFileAttachmentFunctionality" time="53.135" classname="testCases.TicketFromTestCasesOfViewTicketPage">
    <failure type="java.lang.AssertionError" message="The following asserts failed:
	Table of File Attachement is not present expected [true] but found [false]">
      <![CDATA[java.lang.AssertionError: The following asserts failed:
Table of File Attachement is not present expected [true] but found [false]
at org.testng.asserts.SoftAssert.assertAll(SoftAssert.java:43)
at pages.TicketFromOfViewTicketPage.checkFileAttachmentFunctionality(TicketFromOfViewTicketPage.java:7878)
at testCases.TicketFromTestCasesOfViewTicketPage.CheckFileAttachmentFunctionality(TicketFromTestCasesOfViewTicketPage.java:1019)
at sun.reflect.NativeMethodAccessorImpl.invoke0(Native Method)
at sun.reflect.NativeMethodAccessorImpl.invoke(Unknown Source)
at sun.reflect.DelegatingMethodAccessorImpl.invoke(Unknown Source)
at java.lang.reflect.Method.invoke(Unknown Source)
at org.testng.internal.MethodInvocationHelper.invokeMethod(MethodInvocationHelper.java:124)
at org.testng.internal.Invoker.invokeMethod(Invoker.java:583)
at org.testng.internal.Invoker.invokeTestMethod(Invoker.java:719)
at org.testng.internal.Invoker.invokeTestMethods(Invoker.java:989)
at org.testng.internal.TestMethodWorker.invokeTestMethods(TestMethodWorker.java:125)
at org.testng.internal.TestMethodWorker.run(TestMethodWorker.java:109)
at org.testng.TestRunner.privateRun(TestRunner.java:648)
at org.testng.TestRunner.run(TestRunner.java:505)
at org.testng.SuiteRunner.runTest(SuiteRunner.java:455)
at org.testng.SuiteRunner.runSequentially(SuiteRunner.java:450)
at org.testng.SuiteRunner.privateRun(SuiteRunner.java:415)
at org.testng.SuiteRunner.run(SuiteRunner.java:364)
at org.testng.SuiteRunnerWorker.runSuite(SuiteRunnerWorker.java:52)
at org.testng.SuiteRunnerWorker.run(SuiteRunnerWorker.java:84)
at org.testng.TestNG.runSuitesSequentially(TestNG.java:1208)
at org.testng.TestNG.runSuitesLocally(TestNG.java:1137)
at org.testng.TestNG.runSuites(TestNG.java:1049)
at org.testng.TestNG.run(TestNG.java:1017)
at org.testng.remote.AbstractRemoteTestNG.run(AbstractRemoteTestNG.java:114)
at org.testng.remote.RemoteTestNG.initAndRun(RemoteTestNG.java:251)
at org.testng.remote.RemoteTestNG.main(RemoteTestNG.java:77)
]]>
    </failure>
  </testcase> <!-- CheckFileAttachmentFunctionality -->
  <testcase name="checkKEDBDetailsPopUp" time="7.072" classname="testCases.TicketFromTestCasesOfViewTicketPage">
    <failure type="java.lang.AssertionError" message="The following asserts failed:
	expected [Please Enter Known Error] but found [Please Enter Work Around Details]">
      <![CDATA[java.lang.AssertionError: The following asserts failed:
expected [Please Enter Known Error] but found [Please Enter Work Around Details]
at org.testng.asserts.SoftAssert.assertAll(SoftAssert.java:43)
at pages.TicketFromOfViewTicketPage.checkKEDBDetailsPopUp(TicketFromOfViewTicketPage.java:7957)
at testCases.TicketFromTestCasesOfViewTicketPage.checkKEDBDetailsPopUp(TicketFromTestCasesOfViewTicketPage.java:1026)
at sun.reflect.NativeMethodAccessorImpl.invoke0(Native Method)
at sun.reflect.NativeMethodAccessorImpl.invoke(Unknown Source)
at sun.reflect.DelegatingMethodAccessorImpl.invoke(Unknown Source)
at java.lang.reflect.Method.invoke(Unknown Source)
at org.testng.internal.MethodInvocationHelper.invokeMethod(MethodInvocationHelper.java:124)
at org.testng.internal.Invoker.invokeMethod(Invoker.java:583)
at org.testng.internal.Invoker.invokeTestMethod(Invoker.java:719)
at org.testng.internal.Invoker.invokeTestMethods(Invoker.java:989)
at org.testng.internal.TestMethodWorker.invokeTestMethods(TestMethodWorker.java:125)
at org.testng.internal.TestMethodWorker.run(TestMethodWorker.java:109)
at org.testng.TestRunner.privateRun(TestRunner.java:648)
at org.testng.TestRunner.run(TestRunner.java:505)
at org.testng.SuiteRunner.runTest(SuiteRunner.java:455)
at org.testng.SuiteRunner.runSequentially(SuiteRunner.java:450)
at org.testng.SuiteRunner.privateRun(SuiteRunner.java:415)
at org.testng.SuiteRunner.run(SuiteRunner.java:364)
at org.testng.SuiteRunnerWorker.runSuite(SuiteRunnerWorker.java:52)
at org.testng.SuiteRunnerWorker.run(SuiteRunnerWorker.java:84)
at org.testng.TestNG.runSuitesSequentially(TestNG.java:1208)
at org.testng.TestNG.runSuitesLocally(TestNG.java:1137)
at org.testng.TestNG.runSuites(TestNG.java:1049)
at org.testng.TestNG.run(TestNG.java:1017)
at org.testng.remote.AbstractRemoteTestNG.run(AbstractRemoteTestNG.java:114)
at org.testng.remote.RemoteTestNG.initAndRun(RemoteTestNG.java:251)
at org.testng.remote.RemoteTestNG.main(RemoteTestNG.java:77)
]]>
    </failure>
  </testcase> <!-- checkKEDBDetailsPopUp -->
  <testcase name="CheckCCTtab" time="4.706" classname="testCases.TicketFromTestCasesOfViewTicketPage"/>
  <testcase name="CheckCancelTicketDetailPOpUp" time="0.795" classname="testCases.TicketFromTestCasesOfViewTicketPage"/>
  <testcase name="CheckResolutionFieldIsNotEditable" time="0.119" classname="testCases.TicketFromTestCasesOfViewTicketPage"/>
  <testcase name="CheckWithBlankCancelReasonField" time="3.439" classname="testCases.TicketFromTestCasesOfViewTicketPage"/>
  <testcase name="CheckCancelButtonWithAllFieldFill" time="4.258" classname="testCases.TicketFromTestCasesOfViewTicketPage"/>
  <testcase name="SelectSpareWithDeviceAndTechClose" time="91.860" classname="testCases.TicketFromTestCasesOfViewTicketPage"/>
  <testcase name="CheckNotificationWithoutSelectionInTechnicianCloseTab" time="13.180" classname="testCases.TicketFromTestCasesOfViewTicketPage"/>
  <testcase name="CheckNotificationWithSelectionInTechnicianCloseTab" time="16.064" classname="testCases.TicketFromTestCasesOfViewTicketPage"/>
  <testcase name="CheckGeneratePDFLink" time="1.314" classname="testCases.TicketFromTestCasesOfViewTicketPage"/>
  <testcase name="checkEditButtonAfterTechnicianClose" time="2.398" classname="testCases.TicketFromTestCasesOfViewTicketPage"/>
  <testcase name="SelectTechnicianCloseWithSerialNo" time="5.257" classname="testCases.TicketFromTestCasesOfViewTicketPage"/>
  <testcase name="checkFinalCloseDetailpopup" time="2.390" classname="testCases.TicketFromTestCasesOfViewTicketPage"/>
  <testcase name="CheckUpdateDetailsWithBlankData" time="1.922" classname="testCases.TicketFromTestCasesOfViewTicketPage"/>
  <testcase name="CompareCloseDateWithTechnicianDateTime" time="4.770" classname="testCases.TicketFromTestCasesOfViewTicketPage"/>
  <testcase name="CompareCloseDateTimeWithCurrentDateTime" time="10.318" classname="testCases.TicketFromTestCasesOfViewTicketPage"/>
  <testcase name="CompareCloseDateTimeWithTechnicianDateTime" time="13.230" classname="testCases.TicketFromTestCasesOfViewTicketPage"/>
  <testcase name="MatchReplacedSerialWithFinalCloseSerialNumber" time="0.066" classname="testCases.TicketFromTestCasesOfViewTicketPage"/>
  <testcase name="MatchPopUpWithBlankUpdateSerialNoField" time="6.562" classname="testCases.TicketFromTestCasesOfViewTicketPage">
    <failure type="java.lang.AssertionError" message="The following asserts failed:
	expected [Serial No. does not match.] but found [Final close date/time should be greater than Tech close date/time.]">
      <![CDATA[java.lang.AssertionError: The following asserts failed:
expected [Serial No. does not match.] but found [Final close date/time should be greater than Tech close date/time.]
at org.testng.asserts.SoftAssert.assertAll(SoftAssert.java:43)
at pages.TicketFromOfViewTicketPage.matchPopUpWithBlankUpdateSerialNoField(TicketFromOfViewTicketPage.java:9097)
at testCases.TicketFromTestCasesOfViewTicketPage.MatchPopUpWithBlankUpdateSerialNoField(TicketFromTestCasesOfViewTicketPage.java:1210)
at sun.reflect.NativeMethodAccessorImpl.invoke0(Native Method)
at sun.reflect.NativeMethodAccessorImpl.invoke(Unknown Source)
at sun.reflect.DelegatingMethodAccessorImpl.invoke(Unknown Source)
at java.lang.reflect.Method.invoke(Unknown Source)
at org.testng.internal.MethodInvocationHelper.invokeMethod(MethodInvocationHelper.java:124)
at org.testng.internal.Invoker.invokeMethod(Invoker.java:583)
at org.testng.internal.Invoker.invokeTestMethod(Invoker.java:719)
at org.testng.internal.Invoker.invokeTestMethods(Invoker.java:989)
at org.testng.internal.TestMethodWorker.invokeTestMethods(TestMethodWorker.java:125)
at org.testng.internal.TestMethodWorker.run(TestMethodWorker.java:109)
at org.testng.TestRunner.privateRun(TestRunner.java:648)
at org.testng.TestRunner.run(TestRunner.java:505)
at org.testng.SuiteRunner.runTest(SuiteRunner.java:455)
at org.testng.SuiteRunner.runSequentially(SuiteRunner.java:450)
at org.testng.SuiteRunner.privateRun(SuiteRunner.java:415)
at org.testng.SuiteRunner.run(SuiteRunner.java:364)
at org.testng.SuiteRunnerWorker.runSuite(SuiteRunnerWorker.java:52)
at org.testng.SuiteRunnerWorker.run(SuiteRunnerWorker.java:84)
at org.testng.TestNG.runSuitesSequentially(TestNG.java:1208)
at org.testng.TestNG.runSuitesLocally(TestNG.java:1137)
at org.testng.TestNG.runSuites(TestNG.java:1049)
at org.testng.TestNG.run(TestNG.java:1017)
at org.testng.remote.AbstractRemoteTestNG.run(AbstractRemoteTestNG.java:114)
at org.testng.remote.RemoteTestNG.initAndRun(RemoteTestNG.java:251)
at org.testng.remote.RemoteTestNG.main(RemoteTestNG.java:77)
]]>
    </failure>
  </testcase> <!-- MatchPopUpWithBlankUpdateSerialNoField -->
  <testcase name="MatchPopUpWithUpdateSerialNoFieldFill" time="1.937" classname="testCases.TicketFromTestCasesOfViewTicketPage">
    <failure type="java.lang.AssertionError" message="The following asserts failed:
	expected [Serial No. does not match.] but found [Final close date/time should be greater than Tech close date/time.]">
      <![CDATA[java.lang.AssertionError: The following asserts failed:
expected [Serial No. does not match.] but found [Final close date/time should be greater than Tech close date/time.]
at org.testng.asserts.SoftAssert.assertAll(SoftAssert.java:43)
at pages.TicketFromOfViewTicketPage.matchPopUpWithUpdateSerialNoFieldFill(TicketFromOfViewTicketPage.java:9209)
at testCases.TicketFromTestCasesOfViewTicketPage.MatchPopUpWithUpdateSerialNoFieldFill(TicketFromTestCasesOfViewTicketPage.java:1219)
at sun.reflect.NativeMethodAccessorImpl.invoke0(Native Method)
at sun.reflect.NativeMethodAccessorImpl.invoke(Unknown Source)
at sun.reflect.DelegatingMethodAccessorImpl.invoke(Unknown Source)
at java.lang.reflect.Method.invoke(Unknown Source)
at org.testng.internal.MethodInvocationHelper.invokeMethod(MethodInvocationHelper.java:124)
at org.testng.internal.Invoker.invokeMethod(Invoker.java:583)
at org.testng.internal.Invoker.invokeTestMethod(Invoker.java:719)
at org.testng.internal.Invoker.invokeTestMethods(Invoker.java:989)
at org.testng.internal.TestMethodWorker.invokeTestMethods(TestMethodWorker.java:125)
at org.testng.internal.TestMethodWorker.run(TestMethodWorker.java:109)
at org.testng.TestRunner.privateRun(TestRunner.java:648)
at org.testng.TestRunner.run(TestRunner.java:505)
at org.testng.SuiteRunner.runTest(SuiteRunner.java:455)
at org.testng.SuiteRunner.runSequentially(SuiteRunner.java:450)
at org.testng.SuiteRunner.privateRun(SuiteRunner.java:415)
at org.testng.SuiteRunner.run(SuiteRunner.java:364)
at org.testng.SuiteRunnerWorker.runSuite(SuiteRunnerWorker.java:52)
at org.testng.SuiteRunnerWorker.run(SuiteRunnerWorker.java:84)
at org.testng.TestNG.runSuitesSequentially(TestNG.java:1208)
at org.testng.TestNG.runSuitesLocally(TestNG.java:1137)
at org.testng.TestNG.runSuites(TestNG.java:1049)
at org.testng.TestNG.run(TestNG.java:1017)
at org.testng.remote.AbstractRemoteTestNG.run(AbstractRemoteTestNG.java:114)
at org.testng.remote.RemoteTestNG.initAndRun(RemoteTestNG.java:251)
at org.testng.remote.RemoteTestNG.main(RemoteTestNG.java:77)
]]>
    </failure>
  </testcase> <!-- MatchPopUpWithUpdateSerialNoFieldFill -->
  <testcase name="ClosePinkTicket" time="5.127" classname="testCases.TicketFromTestCasesOfViewTicketPage"/>
  <testcase name="CheckAlertMessageWithoutETA" time="14.073" classname="testCases.TicketFromTestCasesOfViewTicketPage"/>
  <testcase name="CheckAlertMessageWithoutATA" time="14.389" classname="testCases.TicketFromTestCasesOfViewTicketPage"/>
  <testcase name="checkCreateSubTicketAndViewSubTicketForPause" time="37.526" classname="testCases.TicketFromTestCasesOfViewTicketPage"/>
  <testcase name="CheckOkButtonOfPopUp" classname="testCases.TicketFromTestCasesOfViewTicketPage">
    <skipped/>
  </testcase> <!-- CheckOkButtonOfPopUp -->
  <testcase name="CheckETAAndSLA" classname="testCases.TicketFromTestCasesOfViewTicketPage">
    <skipped/>
  </testcase> <!-- CheckETAAndSLA -->
</testsuite> <!-- testCases.TicketFromTestCasesOfViewTicketPage -->
