<?xml version="1.0" encoding="UTF-8"?>
<!-- Generated by org.testng.reporters.JUnitReportReporter -->
<testsuite skipped="1" hostname="Admin-PC" name="com.UnoPoint.TestCases.ViewSubTicketPageTestCaseOfSdRole" tests="3" failures="1" timestamp="05 Jul 2018 12:19:59 GMT" time="68.133" errors="0">
  <testcase name="checkStatusOfAllParentTickets" time="16.677" classname="com.UnoPoint.TestCases.ViewSubTicketPageTestCaseOfSdRole">
    <skipped/>
  </testcase> <!-- checkStatusOfAllParentTickets -->
  <testcase name="checkStatusOfAllParentTickets" time="3.642" classname="com.UnoPoint.TestCases.ViewSubTicketPageTestCaseOfSdRole">
    <failure type="java.lang.AssertionError" message="Status is not  expected [Paused] but found [Open]">
      <![CDATA[java.lang.AssertionError: Status is not  expected [Paused] but found [Open]
at org.testng.Assert.fail(Assert.java:96)
at org.testng.Assert.failNotEquals(Assert.java:776)
at org.testng.Assert.assertEqualsImpl(Assert.java:137)
at org.testng.Assert.assertEquals(Assert.java:118)
at org.testng.Assert.assertEquals(Assert.java:453)
at com.UnoPoint.Pages.ViewSubTicketPageOfSdRole.checkStatusOfAllParentTickets(ViewSubTicketPageOfSdRole.java:55)
at com.UnoPoint.TestCases.ViewSubTicketPageTestCaseOfSdRole.checkStatusOfAllParentTickets(ViewSubTicketPageTestCaseOfSdRole.java:101)
at sun.reflect.NativeMethodAccessorImpl.invoke0(Native Method)
at sun.reflect.NativeMethodAccessorImpl.invoke(Unknown Source)
at sun.reflect.DelegatingMethodAccessorImpl.invoke(Unknown Source)
at java.lang.reflect.Method.invoke(Unknown Source)
at org.testng.internal.MethodInvocationHelper.invokeMethod(MethodInvocationHelper.java:124)
at org.testng.internal.Invoker.invokeMethod(Invoker.java:583)
at org.testng.internal.Invoker.retryFailed(Invoker.java:839)
at org.testng.internal.Invoker.invokeTestMethods(Invoker.java:1010)
at org.testng.internal.TestMethodWorker.invokeTestMethods(TestMethodWorker.java:125)
at org.testng.internal.TestMethodWorker.run(TestMethodWorker.java:109)
at org.testng.TestRunner.privateRun(TestRunner.java:648)
at org.testng.TestRunner.run(TestRunner.java:505)
at org.testng.SuiteRunner.runTest(SuiteRunner.java:455)
at org.testng.SuiteRunner.runSequentially(SuiteRunner.java:450)
at org.testng.SuiteRunner.privateRun(SuiteRunner.java:415)
at org.testng.SuiteRunner.run(SuiteRunner.java:364)
at org.testng.SuiteRunnerWorker.runSuite(SuiteRunnerWorker.java:52)
at org.testng.SuiteRunnerWorker.run(SuiteRunnerWorker.java:84)
at org.testng.TestNG.runSuitesSequentially(TestNG.java:1208)
at org.testng.TestNG.runSuitesLocally(TestNG.java:1137)
at org.testng.TestNG.runSuites(TestNG.java:1049)
at org.testng.TestNG.run(TestNG.java:1017)
at org.testng.remote.AbstractRemoteTestNG.run(AbstractRemoteTestNG.java:114)
at org.testng.remote.RemoteTestNG.initAndRun(RemoteTestNG.java:251)
at org.testng.remote.RemoteTestNG.main(RemoteTestNG.java:77)
]]>
    </failure>
  </testcase> <!-- checkStatusOfAllParentTickets -->
  <testcase name="checkAllSubTicketEntries" time="47.814" classname="com.UnoPoint.TestCases.ViewSubTicketPageTestCaseOfSdRole"/>
</testsuite> <!-- com.UnoPoint.TestCases.ViewSubTicketPageTestCaseOfSdRole -->
