<?xml version="1.0" encoding="UTF-8"?>
<!-- Generated by org.testng.reporters.JUnitReportReporter -->
<testsuite skipped="0" hostname="Admin-PC" name="com.uno.test.sd.SD_EngineerActivityTest" tests="1" failures="1" timestamp="22 Nov 2018 11:43:07 GMT" time="49.848" errors="0">
  <testcase name="verifyIncTypeCustomerAndBUInSuperRole" time="49.848" classname="com.uno.test.sd.SD_EngineerActivityTest">
    <failure type="java.lang.AssertionError" message="The following asserts failed:
	Business Unit Size is not Same. expected [4] but found [3],
	Customer Size is not Same. expected [138] but found [134]">
      <![CDATA[java.lang.AssertionError: The following asserts failed:
Business Unit Size is not Same. expected [4] but found [3],
Customer Size is not Same. expected [138] but found [134]
at org.testng.asserts.SoftAssert.assertAll(SoftAssert.java:43)
at com.uno.pages.sd.SD_EngineerActivityPage.verifyIncTypeCustomerAndBUInSuperRole(SD_EngineerActivityPage.java:874)
at com.uno.test.sd.SD_EngineerActivityTest.verifyIncTypeCustomerAndBUInSuperRole(SD_EngineerActivityTest.java:125)
at sun.reflect.NativeMethodAccessorImpl.invoke0(Native Method)
at sun.reflect.NativeMethodAccessorImpl.invoke(Unknown Source)
at sun.reflect.DelegatingMethodAccessorImpl.invoke(Unknown Source)
at java.lang.reflect.Method.invoke(Unknown Source)
at org.testng.internal.MethodInvocationHelper.invokeMethod(MethodInvocationHelper.java:124)
at org.testng.internal.Invoker.invokeMethod(Invoker.java:583)
at org.testng.internal.Invoker.invokeTestMethod(Invoker.java:719)
at org.testng.internal.Invoker.invokeTestMethods(Invoker.java:989)
at org.testng.internal.TestMethodWorker.invokeTestMethods(TestMethodWorker.java:125)
at org.testng.internal.TestMethodWorker.run(TestMethodWorker.java:109)
at org.testng.TestRunner.privateRun(TestRunner.java:648)
at org.testng.TestRunner.run(TestRunner.java:505)
at org.testng.SuiteRunner.runTest(SuiteRunner.java:455)
at org.testng.SuiteRunner.runSequentially(SuiteRunner.java:450)
at org.testng.SuiteRunner.privateRun(SuiteRunner.java:415)
at org.testng.SuiteRunner.run(SuiteRunner.java:364)
at org.testng.SuiteRunnerWorker.runSuite(SuiteRunnerWorker.java:52)
at org.testng.SuiteRunnerWorker.run(SuiteRunnerWorker.java:84)
at org.testng.TestNG.runSuitesSequentially(TestNG.java:1208)
at org.testng.TestNG.runSuitesLocally(TestNG.java:1137)
at org.testng.TestNG.runSuites(TestNG.java:1049)
at org.testng.TestNG.run(TestNG.java:1017)
at org.testng.remote.AbstractRemoteTestNG.run(AbstractRemoteTestNG.java:114)
at org.testng.remote.RemoteTestNG.initAndRun(RemoteTestNG.java:251)
at org.testng.remote.RemoteTestNG.main(RemoteTestNG.java:77)
]]>
    </failure>
  </testcase> <!-- verifyIncTypeCustomerAndBUInSuperRole -->
</testsuite> <!-- com.uno.test.sd.SD_EngineerActivityTest -->
